parameters generated
540
parameters loaded
U= [[0.21921735 0.04384347]
 [0.04384347 0.36193115]]
UN0= [[0.20959821 0.04191964]
 [0.04260473 0.35170526]]
gap= [0.29746165 0.70109102] at T=0
gap= [0.29744025 0.70108081] at T= 0.03447324875896304
 finished in 3926.3564002513885s
U= [[0.21921735 0.04384347]
 [0.04384347 0.36193115]]
UN0= [[0.20959821 0.04191964]
 [0.04260473 0.35170526]]
gap= [0.29746165 0.70109102] at T=0
gap= [0.29744025 0.70108081] at T= 0.03447324875896304
 finished in 3306.070869922638s
U= [[0.29819135 0.        ]
 [0.         0.38627143]]
UN0= [[0.28510687 0.        ]
 [0.         0.37535784]]
gap= [0.3        0.69999999] at T=0
gap= [0.29995809 0.69999999] at T= 0.03447324875896304
 finished in 3691.885952234268s
U= [[0.21921735 0.04384347]
 [0.04384347 0.36193115]]
UN0= [[0.20959821 0.04191964]
 [0.04260473 0.35170526]]
gap= [0.29746165 0.70109102] at T=0
gap= [0.29744025 0.70108081] at T= 0.03447324875896304
 finished in 2305.5075964927673s
U= [[0.21921735 0.04384347]
 [0.04384347 0.36193115]]
UN0= [[0.20959821 0.04191964]
 [0.04260473 0.35170526]]
gap= [0.29746165 0.70109102] at T=0
gap= [0.29744025 0.70108081] at T= 0.03447324875896304
 finished in 1065.273187637329s
