120000 parameters generated
parameters loaded
U= [[0.28782242 0.00575645]
 [0.00575645 0.38307567]]
UN0= [[0.27519293 0.00550386]
 [0.00559381 0.37225237]]
gap= [0.3 0.7] at T=0 (computed with new function)
gap= [0.29988717 0.69999401] at T= 0.03917422466529609  (computed with new function)
 finished in 1.4239034136136373s
U= [[0.28782242 0.00575645]
 [0.00575645 0.38307567]]
UN0= [[0.27519293 0.00550386]
 [0.00559381 0.37225237]]
gap= [0.3 0.7] at T=0 (computed with new function)
gap= [0.06451637 0.60599574] at T= 0.2481029632368918  (computed with new function)
 finished in 1.4049539764722188s
U= [[0.28782242 0.00575645]
 [0.00575645 0.38307567]]
UN0= [[0.27519293 0.00550386]
 [0.00559381 0.37225237]]
gap= [0.3 0.7] at T=0 (computed with new function)
gap= [0.29999982 0.69999999] at T= 0.021763496450996452  (computed with new function)
 finished in 1.3277894337972005s
U= [[0.28782242 0.00575645]
 [0.00575645 0.38307567]]
UN0= [[0.27519293 0.00550386]
 [0.00559381 0.37225237]]
gap= [0.3 0.7] at T=0 (computed with new function)
gap= [0.07704693 0.62755534] at T= 0.23069223502259217  (computed with new function)
 finished in 1.3156356414159138s
U= [[0.28782242 0.00575645]
 [0.00575645 0.38307567]]
UN0= [[0.27519293 0.00550386]
 [0.00559381 0.37225237]]
gap= [0.3 0.7] at T=0 (computed with new function)
gap= [0.3 0.7] at T= 0.004352768236696808  (computed with new function)
 finished in 1.27649245262146s
U= [[0.28782242 0.00575645]
 [0.00575645 0.38307567]]
UN0= [[0.27519293 0.00550386]
 [0.00559381 0.37225237]]
gap= [0.3 0.7] at T=0 (computed with new function)
gap= [0.09401578 0.64550273] at T= 0.21328150680829253  (computed with new function)
 finished in 1.2966509461402893s
U= [[0.28782242 0.00575645]
 [0.00575645 0.38307567]]
UN0= [[0.27519293 0.00550386]
 [0.00559381 0.37225237]]
gap= [0.3 0.7] at T=0 (computed with new function)
gap= [1.60055275e-15 2.78620255e-14] at T= 0.42221024537988827  (computed with new function)
 finished in 1.3898430824279786s
U= [[0.28782242 0.00575645]
 [0.00575645 0.38307567]]
UN0= [[0.27519293 0.00550386]
 [0.00559381 0.37225237]]
gap= [0.3 0.7] at T=0 (computed with new function)
gap= [0.11756428 0.66037329] at T= 0.19587077859399288  (computed with new function)
 finished in 1.5518828908602396s
U= [[0.28782242 0.00575645]
 [0.00575645 0.38307567]]
UN0= [[0.27519293 0.00550386]
 [0.00559381 0.37225237]]
gap= [0.3 0.7] at T=0 (computed with new function)
gap= [3.19251490e-15 5.55745081e-14] at T= 0.40479951716558865  (computed with new function)
 finished in 1.7534953713417054s
U= [[0.28782242 0.00575645]
 [0.00575645 0.38307567]]
UN0= [[0.27519293 0.00550386]
 [0.00559381 0.37225237]]
gap= [0.3 0.7] at T=0 (computed with new function)
gap= [0.14884147 0.67257157] at T= 0.17846005037969323  (computed with new function)
 finished in 1.6388087153434754s
U= [[0.28782242 0.00575645]
 [0.00575645 0.38307567]]
UN0= [[0.27519293 0.00550386]
 [0.00559381 0.37225237]]
gap= [0.3 0.7] at T=0 (computed with new function)
gap= [2.16827205e-13 3.77447425e-12] at T= 0.387388788951289  (computed with new function)
 finished in 11.036987054347993s
U= [[0.28782242 0.00575645]
 [0.00575645 0.38307567]]
UN0= [[0.27519293 0.00550386]
 [0.00559381 0.37225237]]
gap= [0.3 0.7] at T=0 (computed with new function)
gap= [0.18478325 0.68224453] at T= 0.1610493221653936  (computed with new function)
 finished in 1.5278563102086384s
U= [[0.28782242 0.00575645]
 [0.00575645 0.38307567]]
UN0= [[0.27519293 0.00550386]
 [0.00559381 0.37225237]]
gap= [0.3 0.7] at T=0 (computed with new function)
gap= [0.01490632 0.24716611] at T= 0.3699780607369893  (computed with new function)
 finished in 1.6850324710210165s
U= [[0.28782242 0.00575645]
 [0.00575645 0.38307567]]
UN0= [[0.27519293 0.00550386]
 [0.00559381 0.37225237]]
gap= [0.3 0.7] at T=0 (computed with new function)
gap= [0.21913444 0.6894132 ] at T= 0.14363859395109393  (computed with new function)
 finished in 1.4880303144454956s
U= [[0.28782242 0.00575645]
 [0.00575645 0.38307567]]
UN0= [[0.27519293 0.00550386]
 [0.00559381 0.37225237]]
gap= [0.3 0.7] at T=0 (computed with new function)
gap= [0.02191514 0.34413674] at T= 0.3525673325226897  (computed with new function)
 finished in 1.5764795859654746s
U= [[0.28782242 0.00575645]
 [0.00575645 0.38307567]]
UN0= [[0.27519293 0.00550386]
 [0.00559381 0.37225237]]
gap= [0.3 0.7] at T=0 (computed with new function)
gap= [0.24774229 0.69428492] at T= 0.1262278657367943  (computed with new function)
 finished in 1.579358192284902s
U= [[0.28782242 0.00575645]
 [0.00575645 0.38307567]]
UN0= [[0.27519293 0.00550386]
 [0.00559381 0.37225237]]
gap= [0.3 0.7] at T=0 (computed with new function)
gap= [0.02798353 0.41365191] at T= 0.33515660430839006  (computed with new function)
 finished in 1.5923752744992574s
U= [[0.28782242 0.00575645]
 [0.00575645 0.38307567]]
UN0= [[0.27519293 0.00550386]
 [0.00559381 0.37225237]]
gap= [0.3 0.7] at T=0 (computed with new function)
gap= [0.26949428 0.69727528] at T= 0.10881713752249465  (computed with new function)
 finished in 1.5145882964134216s
U= [[0.28782242 0.00575645]
 [0.00575645 0.38307567]]
UN0= [[0.27519293 0.00550386]
 [0.00559381 0.37225237]]
gap= [0.3 0.7] at T=0 (computed with new function)
gap= [0.0338916  0.46817339] at T= 0.31774587609409044  (computed with new function)
 finished in 1.4917734146118165s
U= [[0.28782242 0.00575645]
 [0.00575645 0.38307567]]
UN0= [[0.27519293 0.00550386]
 [0.00559381 0.37225237]]
gap= [0.3 0.7] at T=0 (computed with new function)
gap= [0.28466767 0.69889188] at T= 0.09140640930819502  (computed with new function)
 finished in 1.513690439860026s
U= [[0.28782242 0.00575645]
 [0.00575645 0.38307567]]
UN0= [[0.27519293 0.00550386]
 [0.00559381 0.37225237]]
gap= [0.3 0.7] at T=0 (computed with new function)
gap= [0.04006235 0.51257992] at T= 0.30033514787979076  (computed with new function)
 finished in 1.5382603645324706s
U= [[0.28782242 0.00575645]
 [0.00575645 0.38307567]]
UN0= [[0.27519293 0.00550386]
 [0.00559381 0.37225237]]
gap= [0.3 0.7] at T=0 (computed with new function)
gap= [0.29400219 0.69963832] at T= 0.07399568109389537  (computed with new function)
 finished in 1.502908714612325s
U= [[0.27355409 0.0136777 ]
 [0.0136777  0.37867807]]
UN0= [[0.26155068 0.01307753]
 [0.01329126 0.36797903]]
gap= [0.3 0.7] at T=0 (computed with new function)
gap= [0.08704744 0.53013602] at T= 0.2829244196654911  (computed with new function)
 finished in 1.5524029413859048s
U= [[0.27355409 0.0136777 ]
 [0.0136777  0.37867807]]
UN0= [[0.26155068 0.01307753]
 [0.01329126 0.36797903]]
gap= [0.3 0.7] at T=0 (computed with new function)
gap= [0.29875581 0.69983648] at T= 0.05658495287959573  (computed with new function)
 finished in 1.6787466724713644s
U= [[0.27355409 0.0136777 ]
 [0.0136777  0.37867807]]
UN0= [[0.26155068 0.01307753]
 [0.01329126 0.36797903]]
gap= [0.3 0.7] at T=0 (computed with new function)
gap= [0.09949528 0.56370054] at T= 0.26551369145119147  (computed with new function)
 finished in 1.623642627398173s
U= [[0.27355409 0.0136777 ]
 [0.0136777  0.37867807]]
UN0= [[0.26155068 0.01307753]
 [0.01329126 0.36797903]]
gap= [0.3 0.7] at T=0 (computed with new function)
gap= [0.29990283 0.69998738] at T= 0.03917422466529609  (computed with new function)
 finished in 1.6654045581817627s
U= [[0.27355409 0.0136777 ]
 [0.0136777  0.37867807]]
UN0= [[0.26155068 0.01307753]
 [0.01329126 0.36797903]]
gap= [0.3 0.7] at T=0 (computed with new function)
gap= [0.11326348 0.5919411 ] at T= 0.2481029632368918  (computed with new function)
 finished in 1.5515935142834982s
U= [[0.27355409 0.0136777 ]
 [0.0136777  0.37867807]]
UN0= [[0.26155068 0.01307753]
 [0.01329126 0.36797903]]
gap= [0.3 0.7] at T=0 (computed with new function)
gap= [0.29999984 0.69999998] at T= 0.021763496450996452  (computed with new function)
 finished in 1.5665135820706686s
U= [[0.27355409 0.0136777 ]
 [0.0136777  0.37867807]]
UN0= [[0.26155068 0.01307753]
 [0.01329126 0.36797903]]
gap= [0.3 0.7] at T=0 (computed with new function)
gap= [0.12889484 0.61573757] at T= 0.23069223502259217  (computed with new function)
 finished in 1.5138123989105225s
U= [[0.27355409 0.0136777 ]
 [0.0136777  0.37867807]]
UN0= [[0.26155068 0.01307753]
 [0.01329126 0.36797903]]
gap= [0.3 0.7] at T=0 (computed with new function)
gap= [0.3 0.7] at T= 0.004352768236696808  (computed with new function)
 finished in 1.5670926133791605s
U= [[0.27355409 0.0136777 ]
 [0.0136777  0.37867807]]
UN0= [[0.26155068 0.01307753]
 [0.01329126 0.36797903]]
gap= [0.3 0.7] at T=0 (computed with new function)
gap= [0.14690273 0.6357457 ] at T= 0.21328150680829253  (computed with new function)
 finished in 1.5676111618677775s
U= [[0.27355409 0.0136777 ]
 [0.0136777  0.37867807]]
UN0= [[0.26155068 0.01307753]
 [0.01329126 0.36797903]]
gap= [0.3 0.7] at T=0 (computed with new function)
gap= [2.60541414e-15 2.11779542e-14] at T= 0.42221024537988827  (computed with new function)
 finished in 1.7574369510014851s
U= [[0.27355409 0.0136777 ]
 [0.0136777  0.37867807]]
UN0= [[0.26155068 0.01307753]
 [0.01329126 0.36797903]]
gap= [0.3 0.7] at T=0 (computed with new function)
gap= [0.1675613  0.65245687] at T= 0.19587077859399288  (computed with new function)
 finished in 1.7074738343556721s
U= [[0.27355409 0.0136777 ]
 [0.0136777  0.37867807]]
UN0= [[0.26155068 0.01307753]
 [0.01329126 0.36797903]]
gap= [0.3 0.7] at T=0 (computed with new function)
gap= [4.35459623e-15 3.53960771e-14] at T= 0.40479951716558865  (computed with new function)
 finished in 1.8019506335258484s
U= [[0.27355409 0.0136777 ]
 [0.0136777  0.37867807]]
UN0= [[0.26155068 0.01307753]
 [0.01329126 0.36797903]]
gap= [0.3 0.7] at T=0 (computed with new function)
gap= [0.19053204 0.66621181] at T= 0.17846005037969323  (computed with new function)
 finished in 1.6680394212404888s
U= [[0.27355409 0.0136777 ]
 [0.0136777  0.37867807]]
UN0= [[0.26155068 0.01307753]
 [0.01329126 0.36797903]]
gap= [0.3 0.7] at T=0 (computed with new function)
gap= [1.31310171e-14 1.06734693e-13] at T= 0.387388788951289  (computed with new function)
 finished in 2.1043967803319297s
U= [[0.27355409 0.0136777 ]
 [0.0136777  0.37867807]]
UN0= [[0.26155068 0.01307753]
 [0.01329126 0.36797903]]
gap= [0.3 0.7] at T=0 (computed with new function)
gap= [0.21457322 0.67721908] at T= 0.1610493221653936  (computed with new function)
 finished in 1.7425362904866537s
U= [[0.27355409 0.0136777 ]
 [0.0136777  0.37867807]]
UN0= [[0.26155068 0.01307753]
 [0.01329126 0.36797903]]
gap= [0.3 0.7] at T=0 (computed with new function)
gap= [0.02239748 0.17828763] at T= 0.3699780607369893  (computed with new function)
 finished in 1.9642947753270468s
U= [[0.27355409 0.0136777 ]
 [0.0136777  0.37867807]]
UN0= [[0.26155068 0.01307753]
 [0.01329126 0.36797903]]
gap= [0.3 0.7] at T=0 (computed with new function)
gap= [0.23778146 0.68563295] at T= 0.14363859395109393  (computed with new function)
 finished in 1.804721478621165s
U= [[0.27355409 0.0136777 ]
 [0.0136777  0.37867807]]
UN0= [[0.26155068 0.01307753]
 [0.01329126 0.36797903]]
gap= [0.3 0.7] at T=0 (computed with new function)
gap= [0.03953488 0.30119765] at T= 0.3525673325226897  (computed with new function)
 finished in 1.8367572863896688s
U= [[0.27355409 0.0136777 ]
 [0.0136777  0.37867807]]
UN0= [[0.26155068 0.01307753]
 [0.01329126 0.36797903]]
gap= [0.3 0.7] at T=0 (computed with new function)
gap= [0.25831647 0.69166695] at T= 0.1262278657367943  (computed with new function)
 finished in 1.8012807528177897s
U= [[0.27355409 0.0136777 ]
 [0.0136777  0.37867807]]
UN0= [[0.26155068 0.01307753]
 [0.01329126 0.36797903]]
gap= [0.3 0.7] at T=0 (computed with new function)
gap= [0.052445   0.38083112] at T= 0.33515660430839006  (computed with new function)
 finished in 1.7797953486442566s
U= [[0.27355409 0.0136777 ]
 [0.0136777  0.37867807]]
UN0= [[0.26155068 0.01307753]
 [0.01329126 0.36797903]]
gap= [0.3 0.7] at T=0 (computed with new function)
gap= [0.27494929 0.69565646] at T= 0.10881713752249465  (computed with new function)
 finished in 1.676282819112142s
U= [[0.27355409 0.0136777 ]
 [0.0136777  0.37867807]]
UN0= [[0.26155068 0.01307753]
 [0.01329126 0.36797903]]
gap= [0.3 0.7] at T=0 (computed with new function)
gap= [0.06407401 0.44135753] at T= 0.31774587609409044  (computed with new function)
 finished in 1.6937737425168355s
U= [[0.21921735 0.04384347]
 [0.04384347 0.36193115]]
UN0= [[0.20959821 0.04191964]
 [0.04260473 0.35170526]]
gap= [0.3 0.7] at T=0 (computed with new function)
gap= [0.29241402 0.69617973] at T= 0.09140640930819502  (computed with new function)
 finished in 1.7687951485315958s
U= [[0.21921735 0.04384347]
 [0.04384347 0.36193115]]
UN0= [[0.20959821 0.04191964]
 [0.04260473 0.35170526]]
gap= [0.3 0.7] at T=0 (computed with new function)
gap= [0.133119   0.44321163] at T= 0.30033514787979076  (computed with new function)
 finished in 1.8236238757769268s
U= [[0.21921735 0.04384347]
 [0.04384347 0.36193115]]
UN0= [[0.20959821 0.04191964]
 [0.04260473 0.35170526]]
gap= [0.3 0.7] at T=0 (computed with new function)
gap= [0.29691284 0.6985119 ] at T= 0.07399568109389537  (computed with new function)
 finished in 1.781632403532664s
U= [[0.21921735 0.04384347]
 [0.04384347 0.36193115]]
UN0= [[0.20959821 0.04191964]
 [0.04260473 0.35170526]]
gap= [0.3 0.7] at T=0 (computed with new function)
gap= [0.15166829 0.49206134] at T= 0.2829244196654911  (computed with new function)
 finished in 1.8088765780131022s
U= [[0.21921735 0.04384347]
 [0.04384347 0.36193115]]
UN0= [[0.20959821 0.04191964]
 [0.04260473 0.35170526]]
gap= [0.3 0.7] at T=0 (computed with new function)
gap= [0.2992349  0.69963867] at T= 0.05658495287959573  (computed with new function)
 finished in 1.7747523784637451s
U= [[0.21921735 0.04384347]
 [0.04384347 0.36193115]]
UN0= [[0.20959821 0.04191964]
 [0.04260473 0.35170526]]
gap= [0.3 0.7] at T=0 (computed with new function)
gap= [0.16865108 0.53241234] at T= 0.26551369145119147  (computed with new function)
 finished in 1.7648051500320434s
U= [[0.21921735 0.04384347]
 [0.04384347 0.36193115]]
UN0= [[0.20959821 0.04191964]
 [0.04260473 0.35170526]]
gap= [0.3 0.7] at T=0 (computed with new function)
gap= [0.29993981 0.69997171] at T= 0.03917422466529609  (computed with new function)
 finished in 1.749244232972463s
U= [[0.21921735 0.04384347]
 [0.04384347 0.36193115]]
UN0= [[0.20959821 0.04191964]
 [0.04260473 0.35170526]]
gap= [0.3 0.7] at T=0 (computed with new function)
gap= [0.18457058 0.56617047] at T= 0.2481029632368918  (computed with new function)
 finished in 1.6071755727132162s
U= [[0.21921735 0.04384347]
 [0.04384347 0.36193115]]
UN0= [[0.20959821 0.04191964]
 [0.04260473 0.35170526]]
gap= [0.3 0.7] at T=0 (computed with new function)
gap= [0.2999999  0.69999995] at T= 0.021763496450996452  (computed with new function)
 finished in 1.7312296549479167s
U= [[0.21921735 0.04384347]
 [0.04384347 0.36193115]]
UN0= [[0.20959821 0.04191964]
 [0.04260473 0.35170526]]
gap= [0.3 0.7] at T=0 (computed with new function)
gap= [0.19972947 0.59454923] at T= 0.23069223502259217  (computed with new function)
 finished in 1.6473438580830893s
U= [[0.21921735 0.04384347]
 [0.04384347 0.36193115]]
UN0= [[0.20959821 0.04191964]
 [0.04260473 0.35170526]]
gap= [0.3 0.7] at T=0 (computed with new function)
gap= [0.3 0.7] at T= 0.004352768236696808  (computed with new function)
 finished in 1.7256196777025858s
U= [[0.21921735 0.04384347]
 [0.04384347 0.36193115]]
UN0= [[0.20959821 0.04191964]
 [0.04260473 0.35170526]]
gap= [0.3 0.7] at T=0 (computed with new function)
gap= [0.21429989 0.61838277] at T= 0.21328150680829253  (computed with new function)
 finished in 1.7285452961921692s
U= [[0.21921735 0.04384347]
 [0.04384347 0.36193115]]
UN0= [[0.20959821 0.04191964]
 [0.04260473 0.35170526]]
gap= [0.3 0.7] at T=0 (computed with new function)
gap= [3.61405529e-15 1.30401200e-14] at T= 0.42221024537988827  (computed with new function)
 finished in 1.799364415804545s
U= [[0.21921735 0.04384347]
 [0.04384347 0.36193115]]
UN0= [[0.20959821 0.04191964]
 [0.04260473 0.35170526]]
gap= [0.3 0.7] at T=0 (computed with new function)
gap= [0.2283463  0.63827729] at T= 0.19587077859399288  (computed with new function)
 finished in 1.6832552194595336s
U= [[0.21921735 0.04384347]
 [0.04384347 0.36193115]]
UN0= [[0.20959821 0.04191964]
 [0.04260473 0.35170526]]
gap= [0.3 0.7] at T=0 (computed with new function)
gap= [5.02524826e-15 1.81319418e-14] at T= 0.40479951716558865  (computed with new function)
 finished in 1.6094506820042929s
U= [[0.21921735 0.04384347]
 [0.04384347 0.36193115]]
UN0= [[0.20959821 0.04191964]
 [0.04260473 0.35170526]]
gap= [0.3 0.7] at T=0 (computed with new function)
gap= [0.24182769 0.65469381] at T= 0.17846005037969323  (computed with new function)
 finished in 1.6047083179155985s
U= [[0.21921735 0.04384347]
 [0.04384347 0.36193115]]
UN0= [[0.20959821 0.04191964]
 [0.04260473 0.35170526]]
gap= [0.3 0.7] at T=0 (computed with new function)
gap= [8.43600651e-15 3.04385319e-14] at T= 0.387388788951289  (computed with new function)
 finished in 1.8032257278760275s
U= [[0.21921735 0.04384347]
 [0.04384347 0.36193115]]
UN0= [[0.20959821 0.04191964]
 [0.04260473 0.35170526]]
gap= [0.3 0.7] at T=0 (computed with new function)
gap= [0.25459403 0.66799969] at T= 0.1610493221653936  (computed with new function)
 finished in 1.741293450196584s
U= [[0.21921735 0.04384347]
 [0.04384347 0.36193115]]
UN0= [[0.20959821 0.04191964]
 [0.04260473 0.35170526]]
gap= [0.3 0.7] at T=0 (computed with new function)
gap= [2.55683289e-14 9.22548357e-14] at T= 0.3699780607369893  (computed with new function)
 finished in 2.075136963526408s
U= [[0.21921735 0.04384347]
 [0.04384347 0.36193115]]
UN0= [[0.20959821 0.04191964]
 [0.04260473 0.35170526]]
gap= [0.3 0.7] at T=0 (computed with new function)
gap= [0.26638927 0.67850692] at T= 0.14363859395109393  (computed with new function)
 finished in 1.7039363026618957s
U= [[0.21921735 0.04384347]
 [0.04384347 0.36193115]]
UN0= [[0.20959821 0.04191964]
 [0.04260473 0.35170526]]
gap= [0.3 0.7] at T=0 (computed with new function)
gap= [0.05046615 0.1801256 ] at T= 0.3525673325226897  (computed with new function)
 finished in 1.883427047729492s
U= [[0.21921735 0.04384347]
 [0.04384347 0.36193115]]
UN0= [[0.20959821 0.04191964]
 [0.04260473 0.35170526]]
gap= [0.3 0.7] at T=0 (computed with new function)
gap= [0.27687238 0.68650516] at T= 0.1262278657367943  (computed with new function)
 finished in 1.7306138634681703s
U= [[0.21921735 0.04384347]
 [0.04384347 0.36193115]]
UN0= [[0.20959821 0.04191964]
 [0.04260473 0.35170526]]
gap= [0.3 0.7] at T=0 (computed with new function)
gap= [0.08670602 0.3027732 ] at T= 0.33515660430839006  (computed with new function)
 finished in 1.8040419101715088s
U= [[0.1733158  0.06932632]
 [0.06932632 0.347784  ]]
UN0= [[0.1657108  0.06628432]
 [0.0673676  0.33795783]]
gap= [0.3 0.7] at T=0 (computed with new function)
gap= [0.29000258 0.69085662] at T= 0.10881713752249465  (computed with new function)
 finished in 1.7843684713045755s
U= [[0.1733158  0.06932632]
 [0.06932632 0.347784  ]]
UN0= [[0.1657108  0.06628432]
 [0.0673676  0.33795783]]
gap= [0.3 0.7] at T=0 (computed with new function)
gap= [0.12607748 0.35613335] at T= 0.31774587609409044  (computed with new function)
 finished in 1.7798035979270934s
U= [[0.1733158  0.06932632]
 [0.06932632 0.347784  ]]
UN0= [[0.1657108  0.06628432]
 [0.0673676  0.33795783]]
gap= [0.3 0.7] at T=0 (computed with new function)
gap= [0.2946893  0.69535903] at T= 0.09140640930819502  (computed with new function)
 finished in 1.7818357308705648s
U= [[0.1733158  0.06932632]
 [0.06932632 0.347784  ]]
UN0= [[0.1657108  0.06628432]
 [0.0673676  0.33795783]]
gap= [0.3 0.7] at T=0 (computed with new function)
gap= [0.15174456 0.4232605 ] at T= 0.30033514787979076  (computed with new function)
 finished in 1.7976144909858705s
U= [[0.1733158  0.06932632]
 [0.06932632 0.347784  ]]
UN0= [[0.1657108  0.06628432]
 [0.0673676  0.33795783]]
gap= [0.3 0.7] at T=0 (computed with new function)
gap= [0.2978256  0.69815519] at T= 0.07399568109389537  (computed with new function)
 finished in 1.7853490988413492s
U= [[0.1733158  0.06932632]
 [0.06932632 0.347784  ]]
UN0= [[0.1657108  0.06628432]
 [0.0673676  0.33795783]]
gap= [0.3 0.7] at T=0 (computed with new function)
gap= [0.17303654 0.47633759] at T= 0.2829244196654911  (computed with new function)
 finished in 1.818489944934845s
U= [[0.1733158  0.06932632]
 [0.06932632 0.347784  ]]
UN0= [[0.1657108  0.06628432]
 [0.0673676  0.33795783]]
gap= [0.3 0.7] at T=0 (computed with new function)
gap= [0.29945806 0.69954639] at T= 0.05658495287959573  (computed with new function)
 finished in 1.771117615699768s
U= [[0.1733158  0.06932632]
 [0.06932632 0.347784  ]]
UN0= [[0.1657108  0.06628432]
 [0.0673676  0.33795783]]
gap= [0.3 0.7] at T=0 (computed with new function)
gap= [0.19141799 0.51976179] at T= 0.26551369145119147  (computed with new function)
 finished in 1.7829180161158245s
U= [[0.1733158  0.06932632]
 [0.06932632 0.347784  ]]
UN0= [[0.1657108  0.06628432]
 [0.0673676  0.33795783]]
gap= [0.3 0.7] at T=0 (computed with new function)
gap= [0.29995725 0.69996432] at T= 0.03917422466529609  (computed with new function)
 finished in 1.7589817682902018s
U= [[0.1733158  0.06932632]
 [0.06932632 0.347784  ]]
UN0= [[0.1657108  0.06628432]
 [0.0673676  0.33795783]]
gap= [0.3 0.7] at T=0 (computed with new function)
gap= [0.2076566  0.55587933] at T= 0.2481029632368918  (computed with new function)
 finished in 1.7827161351839702s
U= [[0.1733158  0.06932632]
 [0.06932632 0.347784  ]]
UN0= [[0.1657108  0.06628432]
 [0.0673676  0.33795783]]
gap= [0.3 0.7] at T=0 (computed with new function)
gap= [0.29999993 0.69999994] at T= 0.021763496450996452  (computed with new function)
 finished in 1.7986486554145813s
U= [[0.1733158  0.06932632]
 [0.06932632 0.347784  ]]
UN0= [[0.1657108  0.06628432]
 [0.0673676  0.33795783]]
gap= [0.3 0.7] at T=0 (computed with new function)
gap= [0.2222077  0.58612855] at T= 0.23069223502259217  (computed with new function)
 finished in 1.7467696030934652s
U= [[0.1733158  0.06932632]
 [0.06932632 0.347784  ]]
UN0= [[0.1657108  0.06628432]
 [0.0673676  0.33795783]]
gap= [0.3 0.7] at T=0 (computed with new function)
gap= [0.3 0.7] at T= 0.004352768236696808  (computed with new function)
 finished in 1.7926720142364503s
U= [[0.1733158  0.06932632]
 [0.06932632 0.347784  ]]
UN0= [[0.1657108  0.06628432]
 [0.0673676  0.33795783]]
gap= [0.3 0.7] at T=0 (computed with new function)
gap= [0.23535743 0.6114758 ] at T= 0.21328150680829253  (computed with new function)
 finished in 1.7499610662460328s
U= [[0.1733158  0.06932632]
 [0.06932632 0.347784  ]]
UN0= [[0.1657108  0.06628432]
 [0.0673676  0.33795783]]
gap= [0.3 0.7] at T=0 (computed with new function)
gap= [3.67240985e-15 1.06371868e-14] at T= 0.42221024537988827  (computed with new function)
 finished in 1.7954381664594015s
U= [[0.1733158  0.06932632]
 [0.06932632 0.347784  ]]
UN0= [[0.1657108  0.06628432]
 [0.0673676  0.33795783]]
gap= [0.3 0.7] at T=0 (computed with new function)
gap= [0.24728519 0.63261638] at T= 0.19587077859399288  (computed with new function)
 finished in 1.767382029692332s
U= [[0.1733158  0.06932632]
 [0.06932632 0.347784  ]]
UN0= [[0.1657108  0.06628432]
 [0.0673676  0.33795783]]
gap= [0.3 0.7] at T=0 (computed with new function)
gap= [4.99457855e-15 1.44668670e-14] at T= 0.40479951716558865  (computed with new function)
 finished in 1.8577908913294474s
U= [[0.1733158  0.06932632]
 [0.06932632 0.347784  ]]
UN0= [[0.1657108  0.06628432]
 [0.0673676  0.33795783]]
gap= [0.3 0.7] at T=0 (computed with new function)
gap= [0.25809255 0.65008019] at T= 0.17846005037969323  (computed with new function)
 finished in 1.6434782942136128s
U= [[0.1733158  0.06932632]
 [0.06932632 0.347784  ]]
UN0= [[0.1657108  0.06628432]
 [0.0673676  0.33795783]]
gap= [0.3 0.7] at T=0 (computed with new function)
gap= [7.78332647e-15 2.25445146e-14] at T= 0.387388788951289  (computed with new function)
 finished in 1.8638173580169677s
U= [[0.1733158  0.06932632]
 [0.06932632 0.347784  ]]
UN0= [[0.1657108  0.06628432]
 [0.0673676  0.33795783]]
gap= [0.3 0.7] at T=0 (computed with new function)
gap= [0.26781639 0.66429316] at T= 0.1610493221653936  (computed with new function)
 finished in 1.7451639890670776s
U= [[0.1733158  0.06932632]
 [0.06932632 0.347784  ]]
UN0= [[0.1657108  0.06628432]
 [0.0673676  0.33795783]]
gap= [0.3 0.7] at T=0 (computed with new function)
gap= [1.66275885e-14 4.81620439e-14] at T= 0.3699780607369893  (computed with new function)
 finished in 1.9806463837623596s
U= [[0.1733158  0.06932632]
 [0.06932632 0.347784  ]]
UN0= [[0.1657108  0.06628432]
 [0.0673676  0.33795783]]
gap= [0.3 0.7] at T=0 (computed with new function)
gap= [0.27643459 0.67561611] at T= 0.14363859395109393  (computed with new function)
 finished in 1.7589150667190552s
U= [[0.28782242 0.00575645]
 [0.00575645 0.38307567]]
UN0= [[0.27519293 0.00550386]
 [0.00559381 0.37225237]]
gap= [0.3 0.7] at T=0 (computed with new function)
gap= [0.02191514 0.34413674] at T= 0.3525673325226897  (computed with new function)
 finished in 1.8068270802497863s
U= [[0.28782242 0.00575645]
 [0.00575645 0.38307567]]
UN0= [[0.27519293 0.00550386]
 [0.00559381 0.37225237]]
gap= [0.3 0.7] at T=0 (computed with new function)
gap= [0.24774229 0.69428492] at T= 0.1262278657367943  (computed with new function)
 finished in 1.7957727670669557s
U= [[0.28782242 0.00575645]
 [0.00575645 0.38307567]]
UN0= [[0.27519293 0.00550386]
 [0.00559381 0.37225237]]
gap= [0.3 0.7] at T=0 (computed with new function)
gap= [0.02798353 0.41365191] at T= 0.33515660430839006  (computed with new function)
 finished in 1.82187420129776s
U= [[0.28782242 0.00575645]
 [0.00575645 0.38307567]]
UN0= [[0.27519293 0.00550386]
 [0.00559381 0.37225237]]
gap= [0.3 0.7] at T=0 (computed with new function)
gap= [0.26949428 0.69727528] at T= 0.10881713752249465  (computed with new function)
 finished in 1.670831521352132s
U= [[0.28782242 0.00575645]
 [0.00575645 0.38307567]]
UN0= [[0.27519293 0.00550386]
 [0.00559381 0.37225237]]
gap= [0.3 0.7] at T=0 (computed with new function)
gap= [0.0338916  0.46817339] at T= 0.31774587609409044  (computed with new function)
 finished in 1.693458084265391s
U= [[0.28782242 0.00575645]
 [0.00575645 0.38307567]]
UN0= [[0.27519293 0.00550386]
 [0.00559381 0.37225237]]
gap= [0.3 0.7] at T=0 (computed with new function)
gap= [0.28466767 0.69889188] at T= 0.09140640930819502  (computed with new function)
 finished in 1.675785501797994s
U= [[0.28782242 0.00575645]
 [0.00575645 0.38307567]]
UN0= [[0.27519293 0.00550386]
 [0.00559381 0.37225237]]
gap= [0.3 0.7] at T=0 (computed with new function)
gap= [0.04006235 0.51257992] at T= 0.30033514787979076  (computed with new function)
 finished in 1.613527504603068s
U= [[0.28782242 0.00575645]
 [0.00575645 0.38307567]]
UN0= [[0.27519293 0.00550386]
 [0.00559381 0.37225237]]
gap= [0.3 0.7] at T=0 (computed with new function)
gap= [0.29400219 0.69963832] at T= 0.07399568109389537  (computed with new function)
 finished in 1.4900192221005757s
U= [[0.28782242 0.00575645]
 [0.00575645 0.38307567]]
UN0= [[0.27519293 0.00550386]
 [0.00559381 0.37225237]]
gap= [0.3 0.7] at T=0 (computed with new function)
gap= [0.04687837 0.54941003] at T= 0.2829244196654911  (computed with new function)
 finished in 1.4156612475713095s
U= [[0.28782242 0.00575645]
 [0.00575645 0.38307567]]
UN0= [[0.27519293 0.00550386]
 [0.00559381 0.37225237]]
gap= [0.3 0.7] at T=0 (computed with new function)
gap= [0.29855064 0.69992106] at T= 0.05658495287959573  (computed with new function)
 finished in 1.534377360343933s
U= [[0.28782242 0.00575645]
 [0.00575645 0.38307567]]
UN0= [[0.27519293 0.00550386]
 [0.00559381 0.37225237]]
gap= [0.3 0.7] at T=0 (computed with new function)
gap= [0.05480652 0.58020282] at T= 0.26551369145119147  (computed with new function)
 finished in 1.5582160472869873s
U= [[0.28782242 0.00575645]
 [0.00575645 0.38307567]]
UN0= [[0.27519293 0.00550386]
 [0.00559381 0.37225237]]
gap= [0.3 0.7] at T=0 (computed with new function)
gap= [0.29988717 0.69999401] at T= 0.03917422466529609  (computed with new function)
 finished in 1.4526581645011902s
U= [[0.28782242 0.00575645]
 [0.00575645 0.38307567]]
UN0= [[0.27519293 0.00550386]
 [0.00559381 0.37225237]]
gap= [0.3 0.7] at T=0 (computed with new function)
gap= [0.06451637 0.60599574] at T= 0.2481029632368918  (computed with new function)
 finished in 1.4624173442522685s
U= [[0.28782242 0.00575645]
 [0.00575645 0.38307567]]
UN0= [[0.27519293 0.00550386]
 [0.00559381 0.37225237]]
gap= [0.3 0.7] at T=0 (computed with new function)
gap= [0.29999982 0.69999999] at T= 0.021763496450996452  (computed with new function)
 finished in 1.5344035029411316s
U= [[0.28782242 0.00575645]
 [0.00575645 0.38307567]]
UN0= [[0.27519293 0.00550386]
 [0.00559381 0.37225237]]
gap= [0.3 0.7] at T=0 (computed with new function)
gap= [0.07704693 0.62755534] at T= 0.23069223502259217  (computed with new function)
 finished in 1.5186476906140645s
U= [[0.28782242 0.00575645]
 [0.00575645 0.38307567]]
UN0= [[0.27519293 0.00550386]
 [0.00559381 0.37225237]]
gap= [0.3 0.7] at T=0 (computed with new function)
gap= [0.3 0.7] at T= 0.004352768236696808  (computed with new function)
 finished in 1.541627546151479s
U= [[0.28782242 0.00575645]
 [0.00575645 0.38307567]]
UN0= [[0.27519293 0.00550386]
 [0.00559381 0.37225237]]
gap= [0.3 0.7] at T=0 (computed with new function)
gap= [0.09401578 0.64550273] at T= 0.21328150680829253  (computed with new function)
 finished in 1.4061740279197692s
U= [[0.28782242 0.00575645]
 [0.00575645 0.38307567]]
UN0= [[0.27519293 0.00550386]
 [0.00559381 0.37225237]]
gap= [0.3 0.7] at T=0 (computed with new function)
gap= [1.60055275e-15 2.78620255e-14] at T= 0.42221024537988827  (computed with new function)
 finished in 1.6206428368886312s
U= [[0.28782242 0.00575645]
 [0.00575645 0.38307567]]
UN0= [[0.27519293 0.00550386]
 [0.00559381 0.37225237]]
gap= [0.3 0.7] at T=0 (computed with new function)
gap= [0.11756428 0.66037329] at T= 0.19587077859399288  (computed with new function)
 finished in 1.4933416843414307s
U= [[0.28782242 0.00575645]
 [0.00575645 0.38307567]]
UN0= [[0.27519293 0.00550386]
 [0.00559381 0.37225237]]
gap= [0.3 0.7] at T=0 (computed with new function)
gap= [3.19251490e-15 5.55745081e-14] at T= 0.40479951716558865  (computed with new function)
 finished in 1.7189520200093586s
U= [[0.28782242 0.00575645]
 [0.00575645 0.38307567]]
UN0= [[0.27519293 0.00550386]
 [0.00559381 0.37225237]]
gap= [0.3 0.7] at T=0 (computed with new function)
gap= [0.14884147 0.67257157] at T= 0.17846005037969323  (computed with new function)
 finished in 1.4390921711921691s
U= [[0.28782242 0.00575645]
 [0.00575645 0.38307567]]
UN0= [[0.27519293 0.00550386]
 [0.00559381 0.37225237]]
gap= [0.3 0.7] at T=0 (computed with new function)
gap= [2.16827205e-13 3.77447425e-12] at T= 0.387388788951289  (computed with new function)
 finished in 9.711061028639476s
U= [[0.27355409 0.0136777 ]
 [0.0136777  0.37867807]]
UN0= [[0.26155068 0.01307753]
 [0.01329126 0.36797903]]
gap= [0.3 0.7] at T=0 (computed with new function)
gap= [0.21457322 0.67721908] at T= 0.1610493221653936  (computed with new function)
 finished in 1.6915812651316324s
U= [[0.27355409 0.0136777 ]
 [0.0136777  0.37867807]]
UN0= [[0.26155068 0.01307753]
 [0.01329126 0.36797903]]
gap= [0.3 0.7] at T=0 (computed with new function)
gap= [0.02239748 0.17828763] at T= 0.3699780607369893  (computed with new function)
 finished in 1.8747596184412638s
U= [[0.27355409 0.0136777 ]
 [0.0136777  0.37867807]]
UN0= [[0.26155068 0.01307753]
 [0.01329126 0.36797903]]
gap= [0.3 0.7] at T=0 (computed with new function)
gap= [0.23778146 0.68563295] at T= 0.14363859395109393  (computed with new function)
 finished in 1.6444273710250854s
U= [[0.27355409 0.0136777 ]
 [0.0136777  0.37867807]]
UN0= [[0.26155068 0.01307753]
 [0.01329126 0.36797903]]
gap= [0.3 0.7] at T=0 (computed with new function)
gap= [0.03953488 0.30119765] at T= 0.3525673325226897  (computed with new function)
 finished in 1.68213658730189s
U= [[0.27355409 0.0136777 ]
 [0.0136777  0.37867807]]
UN0= [[0.26155068 0.01307753]
 [0.01329126 0.36797903]]
gap= [0.3 0.7] at T=0 (computed with new function)
gap= [0.25831647 0.69166695] at T= 0.1262278657367943  (computed with new function)
 finished in 1.6883858601252237s
U= [[0.27355409 0.0136777 ]
 [0.0136777  0.37867807]]
UN0= [[0.26155068 0.01307753]
 [0.01329126 0.36797903]]
gap= [0.3 0.7] at T=0 (computed with new function)
gap= [0.052445   0.38083112] at T= 0.33515660430839006  (computed with new function)
 finished in 1.7026366233825683s
U= [[0.27355409 0.0136777 ]
 [0.0136777  0.37867807]]
UN0= [[0.26155068 0.01307753]
 [0.01329126 0.36797903]]
gap= [0.3 0.7] at T=0 (computed with new function)
gap= [0.27494929 0.69565646] at T= 0.10881713752249465  (computed with new function)
 finished in 1.7458825985590616s
U= [[0.27355409 0.0136777 ]
 [0.0136777  0.37867807]]
UN0= [[0.26155068 0.01307753]
 [0.01329126 0.36797903]]
gap= [0.3 0.7] at T=0 (computed with new function)
gap= [0.06407401 0.44135753] at T= 0.31774587609409044  (computed with new function)
 finished in 1.8173255602518716s
U= [[0.27355409 0.0136777 ]
 [0.0136777  0.37867807]]
UN0= [[0.26155068 0.01307753]
 [0.01329126 0.36797903]]
gap= [0.3 0.7] at T=0 (computed with new function)
gap= [0.28713719 0.69804109] at T= 0.09140640930819502  (computed with new function)
 finished in 1.7986539721488952s
U= [[0.27355409 0.0136777 ]
 [0.0136777  0.37867807]]
UN0= [[0.26155068 0.01307753]
 [0.01329126 0.36797903]]
gap= [0.3 0.7] at T=0 (computed with new function)
gap= [0.07540867 0.48999902] at T= 0.30033514787979076  (computed with new function)
 finished in 1.8132755200068156s
U= [[0.27355409 0.0136777 ]
 [0.0136777  0.37867807]]
UN0= [[0.26155068 0.01307753]
 [0.01329126 0.36797903]]
gap= [0.3 0.7] at T=0 (computed with new function)
gap= [0.29489463 0.69929474] at T= 0.07399568109389537  (computed with new function)
 finished in 1.724913442134857s
U= [[0.27355409 0.0136777 ]
 [0.0136777  0.37867807]]
UN0= [[0.26155068 0.01307753]
 [0.01329126 0.36797903]]
gap= [0.3 0.7] at T=0 (computed with new function)
gap= [0.08704744 0.53013602] at T= 0.2829244196654911  (computed with new function)
 finished in 1.645843497912089s
U= [[0.27355409 0.0136777 ]
 [0.0136777  0.37867807]]
UN0= [[0.26155068 0.01307753]
 [0.01329126 0.36797903]]
gap= [0.3 0.7] at T=0 (computed with new function)
gap= [0.29875581 0.69983648] at T= 0.05658495287959573  (computed with new function)
 finished in 1.6748505632082622s
U= [[0.27355409 0.0136777 ]
 [0.0136777  0.37867807]]
UN0= [[0.26155068 0.01307753]
 [0.01329126 0.36797903]]
gap= [0.3 0.7] at T=0 (computed with new function)
gap= [0.09949528 0.56370054] at T= 0.26551369145119147  (computed with new function)
 finished in 1.6806096156438193s
U= [[0.27355409 0.0136777 ]
 [0.0136777  0.37867807]]
UN0= [[0.26155068 0.01307753]
 [0.01329126 0.36797903]]
gap= [0.3 0.7] at T=0 (computed with new function)
gap= [0.29990283 0.69998738] at T= 0.03917422466529609  (computed with new function)
 finished in 1.652720602353414s
U= [[0.27355409 0.0136777 ]
 [0.0136777  0.37867807]]
UN0= [[0.26155068 0.01307753]
 [0.01329126 0.36797903]]
gap= [0.3 0.7] at T=0 (computed with new function)
gap= [0.11326348 0.5919411 ] at T= 0.2481029632368918  (computed with new function)
 finished in 1.725442655881246s
U= [[0.27355409 0.0136777 ]
 [0.0136777  0.37867807]]
UN0= [[0.26155068 0.01307753]
 [0.01329126 0.36797903]]
gap= [0.3 0.7] at T=0 (computed with new function)
gap= [0.29999984 0.69999998] at T= 0.021763496450996452  (computed with new function)
 finished in 1.678602143128713s
U= [[0.27355409 0.0136777 ]
 [0.0136777  0.37867807]]
UN0= [[0.26155068 0.01307753]
 [0.01329126 0.36797903]]
gap= [0.3 0.7] at T=0 (computed with new function)
gap= [0.12889484 0.61573757] at T= 0.23069223502259217  (computed with new function)
 finished in 1.4716459314028423s
U= [[0.27355409 0.0136777 ]
 [0.0136777  0.37867807]]
UN0= [[0.26155068 0.01307753]
 [0.01329126 0.36797903]]
gap= [0.3 0.7] at T=0 (computed with new function)
gap= [0.3 0.7] at T= 0.004352768236696808  (computed with new function)
 finished in 1.523241889476776s
U= [[0.27355409 0.0136777 ]
 [0.0136777  0.37867807]]
UN0= [[0.26155068 0.01307753]
 [0.01329126 0.36797903]]
gap= [0.3 0.7] at T=0 (computed with new function)
gap= [0.14690273 0.6357457 ] at T= 0.21328150680829253  (computed with new function)
 finished in 1.5212623993555705s
U= [[0.27355409 0.0136777 ]
 [0.0136777  0.37867807]]
UN0= [[0.26155068 0.01307753]
 [0.01329126 0.36797903]]
gap= [0.3 0.7] at T=0 (computed with new function)
gap= [2.60541414e-15 2.11779542e-14] at T= 0.42221024537988827  (computed with new function)
 finished in 1.683200232187907s
U= [[0.27355409 0.0136777 ]
 [0.0136777  0.37867807]]
UN0= [[0.26155068 0.01307753]
 [0.01329126 0.36797903]]
gap= [0.3 0.7] at T=0 (computed with new function)
gap= [0.1675613  0.65245687] at T= 0.19587077859399288  (computed with new function)
 finished in 1.6752631743748982s
U= [[0.27355409 0.0136777 ]
 [0.0136777  0.37867807]]
UN0= [[0.26155068 0.01307753]
 [0.01329126 0.36797903]]
gap= [0.3 0.7] at T=0 (computed with new function)
gap= [4.35459623e-15 3.53960771e-14] at T= 0.40479951716558865  (computed with new function)
 finished in 1.9757336060206094s
U= [[0.21921735 0.04384347]
 [0.04384347 0.36193115]]
UN0= [[0.20959821 0.04191964]
 [0.04260473 0.35170526]]
gap= [0.3 0.7] at T=0 (computed with new function)
gap= [0.24182769 0.65469381] at T= 0.17846005037969323  (computed with new function)
 finished in 1.7324189066886901s
U= [[0.21921735 0.04384347]
 [0.04384347 0.36193115]]
UN0= [[0.20959821 0.04191964]
 [0.04260473 0.35170526]]
gap= [0.3 0.7] at T=0 (computed with new function)
gap= [8.43600651e-15 3.04385319e-14] at T= 0.387388788951289  (computed with new function)
 finished in 1.7714342633883158s
U= [[0.21921735 0.04384347]
 [0.04384347 0.36193115]]
UN0= [[0.20959821 0.04191964]
 [0.04260473 0.35170526]]
gap= [0.3 0.7] at T=0 (computed with new function)
gap= [0.25459403 0.66799969] at T= 0.1610493221653936  (computed with new function)
 finished in 1.6849266727765402s
U= [[0.21921735 0.04384347]
 [0.04384347 0.36193115]]
UN0= [[0.20959821 0.04191964]
 [0.04260473 0.35170526]]
gap= [0.3 0.7] at T=0 (computed with new function)
gap= [2.55683289e-14 9.22548357e-14] at T= 0.3699780607369893  (computed with new function)
 finished in 2.3040517727533976s
U= [[0.21921735 0.04384347]
 [0.04384347 0.36193115]]
UN0= [[0.20959821 0.04191964]
 [0.04260473 0.35170526]]
gap= [0.3 0.7] at T=0 (computed with new function)
gap= [0.26638927 0.67850692] at T= 0.14363859395109393  (computed with new function)
 finished in 1.7819706479708353s
U= [[0.21921735 0.04384347]
 [0.04384347 0.36193115]]
UN0= [[0.20959821 0.04191964]
 [0.04260473 0.35170526]]
gap= [0.3 0.7] at T=0 (computed with new function)
gap= [0.05046615 0.1801256 ] at T= 0.3525673325226897  (computed with new function)
 finished in 1.9753128091494243s
U= [[0.21921735 0.04384347]
 [0.04384347 0.36193115]]
UN0= [[0.20959821 0.04191964]
 [0.04260473 0.35170526]]
gap= [0.3 0.7] at T=0 (computed with new function)
gap= [0.27687238 0.68650516] at T= 0.1262278657367943  (computed with new function)
 finished in 1.786868929862976s
U= [[0.21921735 0.04384347]
 [0.04384347 0.36193115]]
UN0= [[0.20959821 0.04191964]
 [0.04260473 0.35170526]]
gap= [0.3 0.7] at T=0 (computed with new function)
gap= [0.08670602 0.3027732 ] at T= 0.33515660430839006  (computed with new function)
 finished in 1.778700065612793s
U= [[0.21921735 0.04384347]
 [0.04384347 0.36193115]]
UN0= [[0.20959821 0.04191964]
 [0.04260473 0.35170526]]
gap= [0.3 0.7] at T=0 (computed with new function)
gap= [0.28566312 0.69229009] at T= 0.10881713752249465  (computed with new function)
 finished in 1.7170122861862183s
U= [[0.21921735 0.04384347]
 [0.04384347 0.36193115]]
UN0= [[0.20959821 0.04191964]
 [0.04260473 0.35170526]]
gap= [0.3 0.7] at T=0 (computed with new function)
gap= [0.11210604 0.38250734] at T= 0.31774587609409044  (computed with new function)
 finished in 1.7986578782399496s
U= [[0.21921735 0.04384347]
 [0.04384347 0.36193115]]
UN0= [[0.20959821 0.04191964]
 [0.04260473 0.35170526]]
gap= [0.3 0.7] at T=0 (computed with new function)
gap= [0.29241402 0.69617973] at T= 0.09140640930819502  (computed with new function)
 finished in 1.672396218776703s
U= [[0.21921735 0.04384347]
 [0.04384347 0.36193115]]
UN0= [[0.20959821 0.04191964]
 [0.04260473 0.35170526]]
gap= [0.3 0.7] at T=0 (computed with new function)
gap= [0.133119   0.44321163] at T= 0.30033514787979076  (computed with new function)
 finished in 1.6923843940099081s
U= [[0.21921735 0.04384347]
 [0.04384347 0.36193115]]
UN0= [[0.20959821 0.04191964]
 [0.04260473 0.35170526]]
gap= [0.3 0.7] at T=0 (computed with new function)
gap= [0.29691284 0.6985119 ] at T= 0.07399568109389537  (computed with new function)
 finished in 1.729065199693044s
U= [[0.21921735 0.04384347]
 [0.04384347 0.36193115]]
UN0= [[0.20959821 0.04191964]
 [0.04260473 0.35170526]]
gap= [0.3 0.7] at T=0 (computed with new function)
gap= [0.15166829 0.49206134] at T= 0.2829244196654911  (computed with new function)
 finished in 1.7858071287473043s
U= [[0.21921735 0.04384347]
 [0.04384347 0.36193115]]
UN0= [[0.20959821 0.04191964]
 [0.04260473 0.35170526]]
gap= [0.3 0.7] at T=0 (computed with new function)
gap= [0.2992349  0.69963867] at T= 0.05658495287959573  (computed with new function)
 finished in 1.7794339299201964s
U= [[0.21921735 0.04384347]
 [0.04384347 0.36193115]]
UN0= [[0.20959821 0.04191964]
 [0.04260473 0.35170526]]
gap= [0.3 0.7] at T=0 (computed with new function)
gap= [0.16865108 0.53241234] at T= 0.26551369145119147  (computed with new function)
 finished in 1.787384045124054s
U= [[0.21921735 0.04384347]
 [0.04384347 0.36193115]]
UN0= [[0.20959821 0.04191964]
 [0.04260473 0.35170526]]
gap= [0.3 0.7] at T=0 (computed with new function)
gap= [0.29993981 0.69997171] at T= 0.03917422466529609  (computed with new function)
 finished in 1.8195147236188254s
U= [[0.21921735 0.04384347]
 [0.04384347 0.36193115]]
UN0= [[0.20959821 0.04191964]
 [0.04260473 0.35170526]]
gap= [0.3 0.7] at T=0 (computed with new function)
gap= [0.18457058 0.56617047] at T= 0.2481029632368918  (computed with new function)
 finished in 1.7833646257718405s
U= [[0.21921735 0.04384347]
 [0.04384347 0.36193115]]
UN0= [[0.20959821 0.04191964]
 [0.04260473 0.35170526]]
gap= [0.3 0.7] at T=0 (computed with new function)
gap= [0.2999999  0.69999995] at T= 0.021763496450996452  (computed with new function)
 finished in 1.8264153997103374s
U= [[0.21921735 0.04384347]
 [0.04384347 0.36193115]]
UN0= [[0.20959821 0.04191964]
 [0.04260473 0.35170526]]
gap= [0.3 0.7] at T=0 (computed with new function)
gap= [0.19972947 0.59454923] at T= 0.23069223502259217  (computed with new function)
 finished in 1.67013125816981s
U= [[0.21921735 0.04384347]
 [0.04384347 0.36193115]]
UN0= [[0.20959821 0.04191964]
 [0.04260473 0.35170526]]
gap= [0.3 0.7] at T=0 (computed with new function)
gap= [0.3 0.7] at T= 0.004352768236696808  (computed with new function)
 finished in 1.6628965735435486s
U= [[0.21921735 0.04384347]
 [0.04384347 0.36193115]]
UN0= [[0.20959821 0.04191964]
 [0.04260473 0.35170526]]
gap= [0.3 0.7] at T=0 (computed with new function)
gap= [0.21429989 0.61838277] at T= 0.21328150680829253  (computed with new function)
 finished in 1.744156547387441s
U= [[0.1733158  0.06932632]
 [0.06932632 0.347784  ]]
UN0= [[0.1657108  0.06628432]
 [0.0673676  0.33795783]]
gap= [0.3 0.7] at T=0 (computed with new function)
gap= [3.67240985e-15 1.06371868e-14] at T= 0.42221024537988827  (computed with new function)
 finished in 1.830354881286621s
U= [[0.1733158  0.06932632]
 [0.06932632 0.347784  ]]
UN0= [[0.1657108  0.06628432]
 [0.0673676  0.33795783]]
gap= [0.3 0.7] at T=0 (computed with new function)
gap= [0.24728519 0.63261638] at T= 0.19587077859399288  (computed with new function)
 finished in 1.7253245910008748s
U= [[0.1733158  0.06932632]
 [0.06932632 0.347784  ]]
UN0= [[0.1657108  0.06628432]
 [0.0673676  0.33795783]]
gap= [0.3 0.7] at T=0 (computed with new function)
gap= [4.99457855e-15 1.44668670e-14] at T= 0.40479951716558865  (computed with new function)
 finished in 1.7489425937334697s
U= [[0.1733158  0.06932632]
 [0.06932632 0.347784  ]]
UN0= [[0.1657108  0.06628432]
 [0.0673676  0.33795783]]
gap= [0.3 0.7] at T=0 (computed with new function)
gap= [0.25809255 0.65008019] at T= 0.17846005037969323  (computed with new function)
 finished in 1.7454570293426515s
U= [[0.1733158  0.06932632]
 [0.06932632 0.347784  ]]
UN0= [[0.1657108  0.06628432]
 [0.0673676  0.33795783]]
gap= [0.3 0.7] at T=0 (computed with new function)
gap= [7.78332647e-15 2.25445146e-14] at T= 0.387388788951289  (computed with new function)
 finished in 1.7484063148498534s
U= [[0.1733158  0.06932632]
 [0.06932632 0.347784  ]]
UN0= [[0.1657108  0.06628432]
 [0.0673676  0.33795783]]
gap= [0.3 0.7] at T=0 (computed with new function)
gap= [0.26781639 0.66429316] at T= 0.1610493221653936  (computed with new function)
 finished in 1.7831966002782187s
U= [[0.1733158  0.06932632]
 [0.06932632 0.347784  ]]
UN0= [[0.1657108  0.06628432]
 [0.0673676  0.33795783]]
gap= [0.3 0.7] at T=0 (computed with new function)
gap= [1.66275885e-14 4.81620439e-14] at T= 0.3699780607369893  (computed with new function)
 finished in 1.896528383096059s
U= [[0.1733158  0.06932632]
 [0.06932632 0.347784  ]]
UN0= [[0.1657108  0.06628432]
 [0.0673676  0.33795783]]
gap= [0.3 0.7] at T=0 (computed with new function)
gap= [0.27643459 0.67561611] at T= 0.14363859395109393  (computed with new function)
 finished in 1.4069090207417807s
U= [[0.1733158  0.06932632]
 [0.06932632 0.347784  ]]
UN0= [[0.1657108  0.06628432]
 [0.0673676  0.33795783]]
gap= [0.3 0.7] at T=0 (computed with new function)
gap= [0.03134175 0.09065098] at T= 0.3525673325226897  (computed with new function)
 finished in 2.1435766418774924s
U= [[0.1733158  0.06932632]
 [0.06932632 0.347784  ]]
UN0= [[0.1657108  0.06628432]
 [0.0673676  0.33795783]]
gap= [0.3 0.7] at T=0 (computed with new function)
gap= [0.28387049 0.6843708 ] at T= 0.1262278657367943  (computed with new function)
 finished in 1.755591917037964s
U= [[0.1733158  0.06932632]
 [0.06932632 0.347784  ]]
UN0= [[0.1657108  0.06628432]
 [0.0673676  0.33795783]]
gap= [0.3 0.7] at T=0 (computed with new function)
gap= [0.09245566 0.26433666] at T= 0.33515660430839006  (computed with new function)
 finished in 1.8788533528645834s
U= [[0.1733158  0.06932632]
 [0.06932632 0.347784  ]]
UN0= [[0.1657108  0.06628432]
 [0.0673676  0.33795783]]
gap= [0.3 0.7] at T=0 (computed with new function)
gap= [0.29000258 0.69085662] at T= 0.10881713752249465  (computed with new function)
 finished in 1.7679433941841125s
U= [[0.1733158  0.06932632]
 [0.06932632 0.347784  ]]
UN0= [[0.1657108  0.06628432]
 [0.0673676  0.33795783]]
gap= [0.3 0.7] at T=0 (computed with new function)
gap= [0.12607748 0.35613335] at T= 0.31774587609409044  (computed with new function)
 finished in 1.8165387908617656s
U= [[0.1733158  0.06932632]
 [0.06932632 0.347784  ]]
UN0= [[0.1657108  0.06628432]
 [0.0673676  0.33795783]]
gap= [0.3 0.7] at T=0 (computed with new function)
gap= [0.2946893  0.69535903] at T= 0.09140640930819502  (computed with new function)
 finished in 1.809551465511322s
U= [[0.1733158  0.06932632]
 [0.06932632 0.347784  ]]
UN0= [[0.1657108  0.06628432]
 [0.0673676  0.33795783]]
gap= [0.3 0.7] at T=0 (computed with new function)
gap= [0.15174456 0.4232605 ] at T= 0.30033514787979076  (computed with new function)
 finished in 1.7640548984209696s
U= [[0.1733158  0.06932632]
 [0.06932632 0.347784  ]]
UN0= [[0.1657108  0.06628432]
 [0.0673676  0.33795783]]
gap= [0.3 0.7] at T=0 (computed with new function)
gap= [0.2978256  0.69815519] at T= 0.07399568109389537  (computed with new function)
 finished in 1.794582152366638s
U= [[0.1733158  0.06932632]
 [0.06932632 0.347784  ]]
UN0= [[0.1657108  0.06628432]
 [0.0673676  0.33795783]]
gap= [0.3 0.7] at T=0 (computed with new function)
gap= [0.17303654 0.47633759] at T= 0.2829244196654911  (computed with new function)
 finished in 1.7611545046170554s
U= [[0.1733158  0.06932632]
 [0.06932632 0.347784  ]]
UN0= [[0.1657108  0.06628432]
 [0.0673676  0.33795783]]
gap= [0.3 0.7] at T=0 (computed with new function)
gap= [0.29945806 0.69954639] at T= 0.05658495287959573  (computed with new function)
 finished in 1.7852280497550965s
U= [[0.1733158  0.06932632]
 [0.06932632 0.347784  ]]
UN0= [[0.1657108  0.06628432]
 [0.0673676  0.33795783]]
gap= [0.3 0.7] at T=0 (computed with new function)
gap= [0.19141799 0.51976179] at T= 0.26551369145119147  (computed with new function)
 finished in 1.7834412455558777s
U= [[0.1733158  0.06932632]
 [0.06932632 0.347784  ]]
UN0= [[0.1657108  0.06628432]
 [0.0673676  0.33795783]]
gap= [0.3 0.7] at T=0 (computed with new function)
gap= [0.29995725 0.69996432] at T= 0.03917422466529609  (computed with new function)
 finished in 1.7592800895373026s
U= [[0.1733158  0.06932632]
 [0.06932632 0.347784  ]]
UN0= [[0.1657108  0.06628432]
 [0.0673676  0.33795783]]
gap= [0.3 0.7] at T=0 (computed with new function)
gap= [0.2076566  0.55587933] at T= 0.2481029632368918  (computed with new function)
 finished in 1.7851279060045877s
U= [[0.1733158  0.06932632]
 [0.06932632 0.347784  ]]
UN0= [[0.1657108  0.06628432]
 [0.0673676  0.33795783]]
gap= [0.3 0.7] at T=0 (computed with new function)
gap= [0.29999993 0.69999994] at T= 0.021763496450996452  (computed with new function)
 finished in 1.796201797326406s
U= [[0.28782242 0.00575645]
 [0.00575645 0.38307567]]
UN0= [[0.27519293 0.00550386]
 [0.00559381 0.37225237]]
gap= [0.3 0.7] at T=0 (computed with new function)
gap= [0.07704693 0.62755534] at T= 0.23069223502259217  (computed with new function)
 finished in 1.8200758218765258s
U= [[0.28782242 0.00575645]
 [0.00575645 0.38307567]]
UN0= [[0.27519293 0.00550386]
 [0.00559381 0.37225237]]
gap= [0.3 0.7] at T=0 (computed with new function)
gap= [0.3 0.7] at T= 0.004352768236696808  (computed with new function)
 finished in 1.765571943918864s
U= [[0.28782242 0.00575645]
 [0.00575645 0.38307567]]
UN0= [[0.27519293 0.00550386]
 [0.00559381 0.37225237]]
gap= [0.3 0.7] at T=0 (computed with new function)
gap= [0.09401578 0.64550273] at T= 0.21328150680829253  (computed with new function)
 finished in 1.8199930826822917s
U= [[0.28782242 0.00575645]
 [0.00575645 0.38307567]]
UN0= [[0.27519293 0.00550386]
 [0.00559381 0.37225237]]
gap= [0.3 0.7] at T=0 (computed with new function)
gap= [1.60055275e-15 2.78620255e-14] at T= 0.42221024537988827  (computed with new function)
 finished in 1.7987023750940958s
U= [[0.28782242 0.00575645]
 [0.00575645 0.38307567]]
UN0= [[0.27519293 0.00550386]
 [0.00559381 0.37225237]]
gap= [0.3 0.7] at T=0 (computed with new function)
gap= [0.11756428 0.66037329] at T= 0.19587077859399288  (computed with new function)
 finished in 1.7436296463012695s
U= [[0.28782242 0.00575645]
 [0.00575645 0.38307567]]
UN0= [[0.27519293 0.00550386]
 [0.00559381 0.37225237]]
gap= [0.3 0.7] at T=0 (computed with new function)
gap= [3.19251490e-15 5.55745081e-14] at T= 0.40479951716558865  (computed with new function)
 finished in 1.7531376997629802s
U= [[0.28782242 0.00575645]
 [0.00575645 0.38307567]]
UN0= [[0.27519293 0.00550386]
 [0.00559381 0.37225237]]
gap= [0.3 0.7] at T=0 (computed with new function)
gap= [0.14884147 0.67257157] at T= 0.17846005037969323  (computed with new function)
 finished in 1.4845394531885783s
U= [[0.28782242 0.00575645]
 [0.00575645 0.38307567]]
UN0= [[0.27519293 0.00550386]
 [0.00559381 0.37225237]]
gap= [0.3 0.7] at T=0 (computed with new function)
gap= [2.16827205e-13 3.77447425e-12] at T= 0.387388788951289  (computed with new function)
 finished in 10.7111488421758s
U= [[0.28782242 0.00575645]
 [0.00575645 0.38307567]]
UN0= [[0.27519293 0.00550386]
 [0.00559381 0.37225237]]
gap= [0.3 0.7] at T=0 (computed with new function)
gap= [0.18478325 0.68224453] at T= 0.1610493221653936  (computed with new function)
 finished in 1.7147541960080466s
U= [[0.28782242 0.00575645]
 [0.00575645 0.38307567]]
UN0= [[0.27519293 0.00550386]
 [0.00559381 0.37225237]]
gap= [0.3 0.7] at T=0 (computed with new function)
gap= [0.01490632 0.24716611] at T= 0.3699780607369893  (computed with new function)
 finished in 1.7278534690539042s
U= [[0.28782242 0.00575645]
 [0.00575645 0.38307567]]
UN0= [[0.27519293 0.00550386]
 [0.00559381 0.37225237]]
gap= [0.3 0.7] at T=0 (computed with new function)
gap= [0.21913444 0.6894132 ] at T= 0.14363859395109393  (computed with new function)
 finished in 1.671664837996165s
U= [[0.28782242 0.00575645]
 [0.00575645 0.38307567]]
UN0= [[0.27519293 0.00550386]
 [0.00559381 0.37225237]]
gap= [0.3 0.7] at T=0 (computed with new function)
gap= [0.02191514 0.34413674] at T= 0.3525673325226897  (computed with new function)
 finished in 1.6539954861005148s
U= [[0.28782242 0.00575645]
 [0.00575645 0.38307567]]
UN0= [[0.27519293 0.00550386]
 [0.00559381 0.37225237]]
gap= [0.3 0.7] at T=0 (computed with new function)
gap= [0.24774229 0.69428492] at T= 0.1262278657367943  (computed with new function)
 finished in 1.4222959915796916s
U= [[0.28782242 0.00575645]
 [0.00575645 0.38307567]]
UN0= [[0.27519293 0.00550386]
 [0.00559381 0.37225237]]
gap= [0.3 0.7] at T=0 (computed with new function)
gap= [0.02798353 0.41365191] at T= 0.33515660430839006  (computed with new function)
 finished in 1.464020351568858s
U= [[0.28782242 0.00575645]
 [0.00575645 0.38307567]]
UN0= [[0.27519293 0.00550386]
 [0.00559381 0.37225237]]
gap= [0.3 0.7] at T=0 (computed with new function)
gap= [0.26949428 0.69727528] at T= 0.10881713752249465  (computed with new function)
 finished in 1.4922549684842428s
U= [[0.28782242 0.00575645]
 [0.00575645 0.38307567]]
UN0= [[0.27519293 0.00550386]
 [0.00559381 0.37225237]]
gap= [0.3 0.7] at T=0 (computed with new function)
gap= [0.0338916  0.46817339] at T= 0.31774587609409044  (computed with new function)
 finished in 1.470546007156372s
U= [[0.28782242 0.00575645]
 [0.00575645 0.38307567]]
UN0= [[0.27519293 0.00550386]
 [0.00559381 0.37225237]]
gap= [0.3 0.7] at T=0 (computed with new function)
gap= [0.28466767 0.69889188] at T= 0.09140640930819502  (computed with new function)
 finished in 1.4717772444089254s
U= [[0.28782242 0.00575645]
 [0.00575645 0.38307567]]
UN0= [[0.27519293 0.00550386]
 [0.00559381 0.37225237]]
gap= [0.3 0.7] at T=0 (computed with new function)
gap= [0.04006235 0.51257992] at T= 0.30033514787979076  (computed with new function)
 finished in 1.4988933046658834s
U= [[0.28782242 0.00575645]
 [0.00575645 0.38307567]]
UN0= [[0.27519293 0.00550386]
 [0.00559381 0.37225237]]
gap= [0.3 0.7] at T=0 (computed with new function)
gap= [0.29400219 0.69963832] at T= 0.07399568109389537  (computed with new function)
 finished in 1.6213598529497781s
U= [[0.28782242 0.00575645]
 [0.00575645 0.38307567]]
UN0= [[0.27519293 0.00550386]
 [0.00559381 0.37225237]]
gap= [0.3 0.7] at T=0 (computed with new function)
gap= [0.04687837 0.54941003] at T= 0.2829244196654911  (computed with new function)
 finished in 1.7397661646207174s
U= [[0.28782242 0.00575645]
 [0.00575645 0.38307567]]
UN0= [[0.27519293 0.00550386]
 [0.00559381 0.37225237]]
gap= [0.3 0.7] at T=0 (computed with new function)
gap= [0.29855064 0.69992106] at T= 0.05658495287959573  (computed with new function)
 finished in 1.689512590567271s
U= [[0.28782242 0.00575645]
 [0.00575645 0.38307567]]
UN0= [[0.27519293 0.00550386]
 [0.00559381 0.37225237]]
gap= [0.3 0.7] at T=0 (computed with new function)
gap= [0.05480652 0.58020282] at T= 0.26551369145119147  (computed with new function)
 finished in 1.6980428020159404s
U= [[0.28782242 0.00575645]
 [0.00575645 0.38307567]]
UN0= [[0.27519293 0.00550386]
 [0.00559381 0.37225237]]
gap= [0.3 0.7] at T=0 (computed with new function)
gap= [0.29988717 0.69999401] at T= 0.03917422466529609  (computed with new function)
 finished in 1.7252354741096496s
U= [[0.27355409 0.0136777 ]
 [0.0136777  0.37867807]]
UN0= [[0.26155068 0.01307753]
 [0.01329126 0.36797903]]
gap= [0.3 0.7] at T=0 (computed with new function)
gap= [0.11326348 0.5919411 ] at T= 0.2481029632368918  (computed with new function)
 finished in 1.71761105855306s
U= [[0.27355409 0.0136777 ]
 [0.0136777  0.37867807]]
UN0= [[0.26155068 0.01307753]
 [0.01329126 0.36797903]]
gap= [0.3 0.7] at T=0 (computed with new function)
gap= [0.29999984 0.69999998] at T= 0.021763496450996452  (computed with new function)
 finished in 1.6522193948427837s
U= [[0.27355409 0.0136777 ]
 [0.0136777  0.37867807]]
UN0= [[0.26155068 0.01307753]
 [0.01329126 0.36797903]]
gap= [0.3 0.7] at T=0 (computed with new function)
gap= [0.12889484 0.61573757] at T= 0.23069223502259217  (computed with new function)
 finished in 1.5644366900126139s
U= [[0.27355409 0.0136777 ]
 [0.0136777  0.37867807]]
UN0= [[0.26155068 0.01307753]
 [0.01329126 0.36797903]]
gap= [0.3 0.7] at T=0 (computed with new function)
gap= [0.3 0.7] at T= 0.004352768236696808  (computed with new function)
 finished in 1.5721604386965433s
U= [[0.27355409 0.0136777 ]
 [0.0136777  0.37867807]]
UN0= [[0.26155068 0.01307753]
 [0.01329126 0.36797903]]
gap= [0.3 0.7] at T=0 (computed with new function)
gap= [0.14690273 0.6357457 ] at T= 0.21328150680829253  (computed with new function)
 finished in 1.5643752455711364s
U= [[0.27355409 0.0136777 ]
 [0.0136777  0.37867807]]
UN0= [[0.26155068 0.01307753]
 [0.01329126 0.36797903]]
gap= [0.3 0.7] at T=0 (computed with new function)
gap= [2.60541414e-15 2.11779542e-14] at T= 0.42221024537988827  (computed with new function)
 finished in 1.604655106862386s
U= [[0.27355409 0.0136777 ]
 [0.0136777  0.37867807]]
UN0= [[0.26155068 0.01307753]
 [0.01329126 0.36797903]]
gap= [0.3 0.7] at T=0 (computed with new function)
gap= [0.1675613  0.65245687] at T= 0.19587077859399288  (computed with new function)
 finished in 1.625481661160787s
U= [[0.27355409 0.0136777 ]
 [0.0136777  0.37867807]]
UN0= [[0.26155068 0.01307753]
 [0.01329126 0.36797903]]
gap= [0.3 0.7] at T=0 (computed with new function)
gap= [4.35459623e-15 3.53960771e-14] at T= 0.40479951716558865  (computed with new function)
 finished in 1.8459114869435629s
U= [[0.27355409 0.0136777 ]
 [0.0136777  0.37867807]]
UN0= [[0.26155068 0.01307753]
 [0.01329126 0.36797903]]
gap= [0.3 0.7] at T=0 (computed with new function)
gap= [0.19053204 0.66621181] at T= 0.17846005037969323  (computed with new function)
 finished in 1.7452674945195517s
U= [[0.27355409 0.0136777 ]
 [0.0136777  0.37867807]]
UN0= [[0.26155068 0.01307753]
 [0.01329126 0.36797903]]
gap= [0.3 0.7] at T=0 (computed with new function)
gap= [1.31310171e-14 1.06734693e-13] at T= 0.387388788951289  (computed with new function)
 finished in 2.083822425206502s
U= [[0.27355409 0.0136777 ]
 [0.0136777  0.37867807]]
UN0= [[0.26155068 0.01307753]
 [0.01329126 0.36797903]]
gap= [0.3 0.7] at T=0 (computed with new function)
gap= [0.21457322 0.67721908] at T= 0.1610493221653936  (computed with new function)
 finished in 1.721656616528829s
U= [[0.27355409 0.0136777 ]
 [0.0136777  0.37867807]]
UN0= [[0.26155068 0.01307753]
 [0.01329126 0.36797903]]
gap= [0.3 0.7] at T=0 (computed with new function)
gap= [0.02239748 0.17828763] at T= 0.3699780607369893  (computed with new function)
 finished in 1.876345400015513s
U= [[0.27355409 0.0136777 ]
 [0.0136777  0.37867807]]
UN0= [[0.26155068 0.01307753]
 [0.01329126 0.36797903]]
gap= [0.3 0.7] at T=0 (computed with new function)
gap= [0.23778146 0.68563295] at T= 0.14363859395109393  (computed with new function)
 finished in 1.6333845655123393s
U= [[0.27355409 0.0136777 ]
 [0.0136777  0.37867807]]
UN0= [[0.26155068 0.01307753]
 [0.01329126 0.36797903]]
gap= [0.3 0.7] at T=0 (computed with new function)
gap= [0.03953488 0.30119765] at T= 0.3525673325226897  (computed with new function)
 finished in 1.7458244681358337s
U= [[0.27355409 0.0136777 ]
 [0.0136777  0.37867807]]
UN0= [[0.26155068 0.01307753]
 [0.01329126 0.36797903]]
gap= [0.3 0.7] at T=0 (computed with new function)
gap= [0.25831647 0.69166695] at T= 0.1262278657367943  (computed with new function)
 finished in 1.6928823788960774s
U= [[0.27355409 0.0136777 ]
 [0.0136777  0.37867807]]
UN0= [[0.26155068 0.01307753]
 [0.01329126 0.36797903]]
gap= [0.3 0.7] at T=0 (computed with new function)
gap= [0.052445   0.38083112] at T= 0.33515660430839006  (computed with new function)
 finished in 1.6641666332880656s
U= [[0.27355409 0.0136777 ]
 [0.0136777  0.37867807]]
UN0= [[0.26155068 0.01307753]
 [0.01329126 0.36797903]]
gap= [0.3 0.7] at T=0 (computed with new function)
gap= [0.27494929 0.69565646] at T= 0.10881713752249465  (computed with new function)
 finished in 1.7827301422754924s
U= [[0.27355409 0.0136777 ]
 [0.0136777  0.37867807]]
UN0= [[0.26155068 0.01307753]
 [0.01329126 0.36797903]]
gap= [0.3 0.7] at T=0 (computed with new function)
gap= [0.06407401 0.44135753] at T= 0.31774587609409044  (computed with new function)
 finished in 1.8303584893544516s
U= [[0.27355409 0.0136777 ]
 [0.0136777  0.37867807]]
UN0= [[0.26155068 0.01307753]
 [0.01329126 0.36797903]]
gap= [0.3 0.7] at T=0 (computed with new function)
gap= [0.28713719 0.69804109] at T= 0.09140640930819502  (computed with new function)
 finished in 1.7988614439964294s
U= [[0.27355409 0.0136777 ]
 [0.0136777  0.37867807]]
UN0= [[0.26155068 0.01307753]
 [0.01329126 0.36797903]]
gap= [0.3 0.7] at T=0 (computed with new function)
gap= [0.07540867 0.48999902] at T= 0.30033514787979076  (computed with new function)
 finished in 1.7442648530006408s
U= [[0.27355409 0.0136777 ]
 [0.0136777  0.37867807]]
UN0= [[0.26155068 0.01307753]
 [0.01329126 0.36797903]]
gap= [0.3 0.7] at T=0 (computed with new function)
gap= [0.29489463 0.69929474] at T= 0.07399568109389537  (computed with new function)
 finished in 1.7971080462137858s
U= [[0.27355409 0.0136777 ]
 [0.0136777  0.37867807]]
UN0= [[0.26155068 0.01307753]
 [0.01329126 0.36797903]]
gap= [0.3 0.7] at T=0 (computed with new function)
gap= [0.08704744 0.53013602] at T= 0.2829244196654911  (computed with new function)
 finished in 1.7194060722986857s
U= [[0.21921735 0.04384347]
 [0.04384347 0.36193115]]
UN0= [[0.20959821 0.04191964]
 [0.04260473 0.35170526]]
gap= [0.3 0.7] at T=0 (computed with new function)
gap= [0.2992349  0.69963867] at T= 0.05658495287959573  (computed with new function)
 finished in 1.7259484966595968s
U= [[0.21921735 0.04384347]
 [0.04384347 0.36193115]]
UN0= [[0.20959821 0.04191964]
 [0.04260473 0.35170526]]
gap= [0.3 0.7] at T=0 (computed with new function)
gap= [0.16865108 0.53241234] at T= 0.26551369145119147  (computed with new function)
 finished in 1.7538840452829996s
U= [[0.21921735 0.04384347]
 [0.04384347 0.36193115]]
UN0= [[0.20959821 0.04191964]
 [0.04260473 0.35170526]]
gap= [0.3 0.7] at T=0 (computed with new function)
gap= [0.29993981 0.69997171] at T= 0.03917422466529609  (computed with new function)
 finished in 1.7263561765352884s
U= [[0.21921735 0.04384347]
 [0.04384347 0.36193115]]
UN0= [[0.20959821 0.04191964]
 [0.04260473 0.35170526]]
gap= [0.3 0.7] at T=0 (computed with new function)
gap= [0.18457058 0.56617047] at T= 0.2481029632368918  (computed with new function)
 finished in 1.7291530648867288s
U= [[0.21921735 0.04384347]
 [0.04384347 0.36193115]]
UN0= [[0.20959821 0.04191964]
 [0.04260473 0.35170526]]
gap= [0.3 0.7] at T=0 (computed with new function)
gap= [0.2999999  0.69999995] at T= 0.021763496450996452  (computed with new function)
 finished in 1.7832279801368713s
U= [[0.21921735 0.04384347]
 [0.04384347 0.36193115]]
UN0= [[0.20959821 0.04191964]
 [0.04260473 0.35170526]]
gap= [0.3 0.7] at T=0 (computed with new function)
gap= [0.19972947 0.59454923] at T= 0.23069223502259217  (computed with new function)
 finished in 1.8065986196200052s
U= [[0.21921735 0.04384347]
 [0.04384347 0.36193115]]
UN0= [[0.20959821 0.04191964]
 [0.04260473 0.35170526]]
gap= [0.3 0.7] at T=0 (computed with new function)
gap= [0.3 0.7] at T= 0.004352768236696808  (computed with new function)
 finished in 1.816450329621633s
U= [[0.21921735 0.04384347]
 [0.04384347 0.36193115]]
UN0= [[0.20959821 0.04191964]
 [0.04260473 0.35170526]]
gap= [0.3 0.7] at T=0 (computed with new function)
gap= [0.21429989 0.61838277] at T= 0.21328150680829253  (computed with new function)
 finished in 1.8056272824605306s
U= [[0.21921735 0.04384347]
 [0.04384347 0.36193115]]
UN0= [[0.20959821 0.04191964]
 [0.04260473 0.35170526]]
gap= [0.3 0.7] at T=0 (computed with new function)
gap= [3.61405529e-15 1.30401200e-14] at T= 0.42221024537988827  (computed with new function)
 finished in 1.781773050626119s
U= [[0.21921735 0.04384347]
 [0.04384347 0.36193115]]
UN0= [[0.20959821 0.04191964]
 [0.04260473 0.35170526]]
gap= [0.3 0.7] at T=0 (computed with new function)
gap= [0.2283463  0.63827729] at T= 0.19587077859399288  (computed with new function)
 finished in 1.741559624671936s
U= [[0.21921735 0.04384347]
 [0.04384347 0.36193115]]
UN0= [[0.20959821 0.04191964]
 [0.04260473 0.35170526]]
gap= [0.3 0.7] at T=0 (computed with new function)
gap= [5.02524826e-15 1.81319418e-14] at T= 0.40479951716558865  (computed with new function)
 finished in 1.8663759589195252s
U= [[0.21921735 0.04384347]
 [0.04384347 0.36193115]]
UN0= [[0.20959821 0.04191964]
 [0.04260473 0.35170526]]
gap= [0.3 0.7] at T=0 (computed with new function)
gap= [0.24182769 0.65469381] at T= 0.17846005037969323  (computed with new function)
 finished in 1.6527242541313172s
U= [[0.21921735 0.04384347]
 [0.04384347 0.36193115]]
UN0= [[0.20959821 0.04191964]
 [0.04260473 0.35170526]]
gap= [0.3 0.7] at T=0 (computed with new function)
gap= [8.43600651e-15 3.04385319e-14] at T= 0.387388788951289  (computed with new function)
 finished in 1.6759859681129456s
U= [[0.21921735 0.04384347]
 [0.04384347 0.36193115]]
UN0= [[0.20959821 0.04191964]
 [0.04260473 0.35170526]]
gap= [0.3 0.7] at T=0 (computed with new function)
gap= [0.25459403 0.66799969] at T= 0.1610493221653936  (computed with new function)
 finished in 1.5840151985486348s
U= [[0.21921735 0.04384347]
 [0.04384347 0.36193115]]
UN0= [[0.20959821 0.04191964]
 [0.04260473 0.35170526]]
gap= [0.3 0.7] at T=0 (computed with new function)
gap= [2.55683289e-14 9.22548357e-14] at T= 0.3699780607369893  (computed with new function)
 finished in 2.113695967197418s
U= [[0.21921735 0.04384347]
 [0.04384347 0.36193115]]
UN0= [[0.20959821 0.04191964]
 [0.04260473 0.35170526]]
gap= [0.3 0.7] at T=0 (computed with new function)
gap= [0.26638927 0.67850692] at T= 0.14363859395109393  (computed with new function)
 finished in 1.786045491695404s
U= [[0.21921735 0.04384347]
 [0.04384347 0.36193115]]
UN0= [[0.20959821 0.04191964]
 [0.04260473 0.35170526]]
gap= [0.3 0.7] at T=0 (computed with new function)
gap= [0.05046615 0.1801256 ] at T= 0.3525673325226897  (computed with new function)
 finished in 1.980209732055664s
U= [[0.21921735 0.04384347]
 [0.04384347 0.36193115]]
UN0= [[0.20959821 0.04191964]
 [0.04260473 0.35170526]]
gap= [0.3 0.7] at T=0 (computed with new function)
gap= [0.27687238 0.68650516] at T= 0.1262278657367943  (computed with new function)
 finished in 1.7901177406311035s
U= [[0.21921735 0.04384347]
 [0.04384347 0.36193115]]
UN0= [[0.20959821 0.04191964]
 [0.04260473 0.35170526]]
gap= [0.3 0.7] at T=0 (computed with new function)
gap= [0.08670602 0.3027732 ] at T= 0.33515660430839006  (computed with new function)
 finished in 1.7848740537961325s
U= [[0.21921735 0.04384347]
 [0.04384347 0.36193115]]
UN0= [[0.20959821 0.04191964]
 [0.04260473 0.35170526]]
gap= [0.3 0.7] at T=0 (computed with new function)
gap= [0.28566312 0.69229009] at T= 0.10881713752249465  (computed with new function)
 finished in 1.7496203581492107s
U= [[0.21921735 0.04384347]
 [0.04384347 0.36193115]]
UN0= [[0.20959821 0.04191964]
 [0.04260473 0.35170526]]
gap= [0.3 0.7] at T=0 (computed with new function)
gap= [0.11210604 0.38250734] at T= 0.31774587609409044  (computed with new function)
 finished in 1.7810136159261067s
U= [[0.21921735 0.04384347]
 [0.04384347 0.36193115]]
UN0= [[0.20959821 0.04191964]
 [0.04260473 0.35170526]]
gap= [0.3 0.7] at T=0 (computed with new function)
gap= [0.29241402 0.69617973] at T= 0.09140640930819502  (computed with new function)
 finished in 1.7629204551378885s
U= [[0.1733158  0.06932632]
 [0.06932632 0.347784  ]]
UN0= [[0.1657108  0.06628432]
 [0.0673676  0.33795783]]
gap= [0.3 0.7] at T=0 (computed with new function)
gap= [0.15174456 0.4232605 ] at T= 0.30033514787979076  (computed with new function)
 finished in 1.788700783252716s
U= [[0.1733158  0.06932632]
 [0.06932632 0.347784  ]]
UN0= [[0.1657108  0.06628432]
 [0.0673676  0.33795783]]
gap= [0.3 0.7] at T=0 (computed with new function)
gap= [0.2978256  0.69815519] at T= 0.07399568109389537  (computed with new function)
 finished in 1.776785635948181s
U= [[0.1733158  0.06932632]
 [0.06932632 0.347784  ]]
UN0= [[0.1657108  0.06628432]
 [0.0673676  0.33795783]]
gap= [0.3 0.7] at T=0 (computed with new function)
gap= [0.17303654 0.47633759] at T= 0.2829244196654911  (computed with new function)
 finished in 1.7526870767275493s
U= [[0.1733158  0.06932632]
 [0.06932632 0.347784  ]]
UN0= [[0.1657108  0.06628432]
 [0.0673676  0.33795783]]
gap= [0.3 0.7] at T=0 (computed with new function)
gap= [0.29945806 0.69954639] at T= 0.05658495287959573  (computed with new function)
 finished in 1.7650500098864237s
U= [[0.1733158  0.06932632]
 [0.06932632 0.347784  ]]
UN0= [[0.1657108  0.06628432]
 [0.0673676  0.33795783]]
gap= [0.3 0.7] at T=0 (computed with new function)
gap= [0.19141799 0.51976179] at T= 0.26551369145119147  (computed with new function)
 finished in 1.6074968655904134s
U= [[0.1733158  0.06932632]
 [0.06932632 0.347784  ]]
UN0= [[0.1657108  0.06628432]
 [0.0673676  0.33795783]]
gap= [0.3 0.7] at T=0 (computed with new function)
gap= [0.29995725 0.69996432] at T= 0.03917422466529609  (computed with new function)
 finished in 1.7333031018575034s
U= [[0.1733158  0.06932632]
 [0.06932632 0.347784  ]]
UN0= [[0.1657108  0.06628432]
 [0.0673676  0.33795783]]
gap= [0.3 0.7] at T=0 (computed with new function)
gap= [0.2076566  0.55587933] at T= 0.2481029632368918  (computed with new function)
 finished in 1.7154853582382201s
U= [[0.1733158  0.06932632]
 [0.06932632 0.347784  ]]
UN0= [[0.1657108  0.06628432]
 [0.0673676  0.33795783]]
gap= [0.3 0.7] at T=0 (computed with new function)
gap= [0.29999993 0.69999994] at T= 0.021763496450996452  (computed with new function)
 finished in 1.7352525115013122s
U= [[0.1733158  0.06932632]
 [0.06932632 0.347784  ]]
UN0= [[0.1657108  0.06628432]
 [0.0673676  0.33795783]]
gap= [0.3 0.7] at T=0 (computed with new function)
gap= [0.2222077  0.58612855] at T= 0.23069223502259217  (computed with new function)
 finished in 1.7617991367975872s
U= [[0.1733158  0.06932632]
 [0.06932632 0.347784  ]]
UN0= [[0.1657108  0.06628432]
 [0.0673676  0.33795783]]
gap= [0.3 0.7] at T=0 (computed with new function)
gap= [0.3 0.7] at T= 0.004352768236696808  (computed with new function)
 finished in 1.7082396546999614s
U= [[0.1733158  0.06932632]
 [0.06932632 0.347784  ]]
UN0= [[0.1657108  0.06628432]
 [0.0673676  0.33795783]]
gap= [0.3 0.7] at T=0 (computed with new function)
gap= [0.23535743 0.6114758 ] at T= 0.21328150680829253  (computed with new function)
 finished in 1.6429774324099222s
U= [[0.1733158  0.06932632]
 [0.06932632 0.347784  ]]
UN0= [[0.1657108  0.06628432]
 [0.0673676  0.33795783]]
gap= [0.3 0.7] at T=0 (computed with new function)
gap= [3.67240985e-15 1.06371868e-14] at T= 0.42221024537988827  (computed with new function)
 finished in 1.580516775449117s
U= [[0.1733158  0.06932632]
 [0.06932632 0.347784  ]]
UN0= [[0.1657108  0.06628432]
 [0.0673676  0.33795783]]
gap= [0.3 0.7] at T=0 (computed with new function)
gap= [0.24728519 0.63261638] at T= 0.19587077859399288  (computed with new function)
 finished in 1.1153457522392274s
U= [[0.1733158  0.06932632]
 [0.06932632 0.347784  ]]
UN0= [[0.1657108  0.06628432]
 [0.0673676  0.33795783]]
gap= [0.3 0.7] at T=0 (computed with new function)
gap= [4.99457855e-15 1.44668670e-14] at T= 0.40479951716558865  (computed with new function)
 finished in 0.8902108470598856s
U= [[0.1733158  0.06932632]
 [0.06932632 0.347784  ]]
UN0= [[0.1657108  0.06628432]
 [0.0673676  0.33795783]]
gap= [0.3 0.7] at T=0 (computed with new function)
gap= [0.25809255 0.65008019] at T= 0.17846005037969323  (computed with new function)
 finished in 0.8492334604263305s
U= [[0.1733158  0.06932632]
 [0.06932632 0.347784  ]]
UN0= [[0.1657108  0.06628432]
 [0.0673676  0.33795783]]
gap= [0.3 0.7] at T=0 (computed with new function)
gap= [7.78332647e-15 2.25445146e-14] at T= 0.387388788951289  (computed with new function)
 finished in 0.8390768885612487s
U= [[0.1733158  0.06932632]
 [0.06932632 0.347784  ]]
UN0= [[0.1657108  0.06628432]
 [0.0673676  0.33795783]]
gap= [0.3 0.7] at T=0 (computed with new function)
gap= [0.26781639 0.66429316] at T= 0.1610493221653936  (computed with new function)
 finished in 0.7737406730651856s
U= [[0.1733158  0.06932632]
 [0.06932632 0.347784  ]]
UN0= [[0.1657108  0.06628432]
 [0.0673676  0.33795783]]
gap= [0.3 0.7] at T=0 (computed with new function)
gap= [1.66275885e-14 4.81620439e-14] at T= 0.3699780607369893  (computed with new function)
 finished in 0.7260288834571839s
U= [[0.1733158  0.06932632]
 [0.06932632 0.347784  ]]
UN0= [[0.1657108  0.06628432]
 [0.0673676  0.33795783]]
gap= [0.3 0.7] at T=0 (computed with new function)
gap= [0.27643459 0.67561611] at T= 0.14363859395109393  (computed with new function)
 finished in 0.5638735095659891s
U= [[0.1733158  0.06932632]
 [0.06932632 0.347784  ]]
UN0= [[0.1657108  0.06628432]
 [0.0673676  0.33795783]]
gap= [0.3 0.7] at T=0 (computed with new function)
gap= [0.03134175 0.09065098] at T= 0.3525673325226897  (computed with new function)
 finished in 0.7829880833625793s
U= [[0.1733158  0.06932632]
 [0.06932632 0.347784  ]]
UN0= [[0.1657108  0.06628432]
 [0.0673676  0.33795783]]
gap= [0.3 0.7] at T=0 (computed with new function)
gap= [0.28387049 0.6843708 ] at T= 0.1262278657367943  (computed with new function)
 finished in 0.47837376991907754s
U= [[0.1733158  0.06932632]
 [0.06932632 0.347784  ]]
UN0= [[0.1657108  0.06628432]
 [0.0673676  0.33795783]]
gap= [0.3 0.7] at T=0 (computed with new function)
gap= [0.09245566 0.26433666] at T= 0.33515660430839006  (computed with new function)
 finished in 0.4715326468149821s
U= [[0.1733158  0.06932632]
 [0.06932632 0.347784  ]]
UN0= [[0.1657108  0.06628432]
 [0.0673676  0.33795783]]
gap= [0.3 0.7] at T=0 (computed with new function)
gap= [0.29000258 0.69085662] at T= 0.10881713752249465  (computed with new function)
 finished in 0.4347752610842387s
