120000 parameters generated
parameters loaded
U= [[0.28782242 0.00575645]
 [0.00575645 0.38307567]]
UN0= [[0.27519293 0.00550386]
 [0.00559381 0.37225237]]
gap= [0.3 0.7] at T=0 (computed with new function)
gap= [0.28145529 0.69858804] at T= 0.09575909136176994  (computed with new function)
 finished in 1.7178181966145833s
U= [[0.28782242 0.00575645]
 [0.00575645 0.38307567]]
UN0= [[0.27519293 0.00550386]
 [0.00559381 0.37225237]]
gap= [0.3 0.7] at T=0 (computed with new function)
gap= [0.03847474 0.50226495] at T= 0.30468782993336563  (computed with new function)
 finished in 1.713959316412608s
U= [[0.28782242 0.00575645]
 [0.00575645 0.38307567]]
UN0= [[0.27519293 0.00550386]
 [0.00559381 0.37225237]]
gap= [0.3 0.7] at T=0 (computed with new function)
gap= [0.2921651  0.69950856] at T= 0.07834836314747028  (computed with new function)
 finished in 1.747860026359558s
U= [[0.28782242 0.00575645]
 [0.00575645 0.38307567]]
UN0= [[0.27519293 0.00550386]
 [0.00559381 0.37225237]]
gap= [0.3 0.7] at T=0 (computed with new function)
gap= [0.04509078 0.54081759] at T= 0.287277101719066  (computed with new function)
 finished in 1.7019041816393534s
U= [[0.28782242 0.00575645]
 [0.00575645 0.38307567]]
UN0= [[0.27519293 0.00550386]
 [0.00559381 0.37225237]]
gap= [0.3 0.7] at T=0 (computed with new function)
gap= [0.29778748 0.69987745] at T= 0.06093763493317064  (computed with new function)
 finished in 1.7497664888699849s
U= [[0.28782242 0.00575645]
 [0.00575645 0.38307567]]
UN0= [[0.27519293 0.00550386]
 [0.00559381 0.37225237]]
gap= [0.3 0.7] at T=0 (computed with new function)
gap= [0.0526884  0.57300799] at T= 0.2698663735047664  (computed with new function)
 finished in 1.721243437131246s
U= [[0.28782242 0.00575645]
 [0.00575645 0.38307567]]
UN0= [[0.27519293 0.00550386]
 [0.00559381 0.37225237]]
gap= [0.3 0.7] at T=0 (computed with new function)
gap= [0.29974397 0.69998638] at T= 0.043526906718871  (computed with new function)
 finished in 1.7209996978441875s
U= [[0.28782242 0.00575645]
 [0.00575645 0.38307567]]
UN0= [[0.27519293 0.00550386]
 [0.00559381 0.37225237]]
gap= [0.3 0.7] at T=0 (computed with new function)
gap= [0.06187333 0.59997111] at T= 0.2524556452904667  (computed with new function)
 finished in 1.716901381810506s
U= [[0.28782242 0.00575645]
 [0.00575645 0.38307567]]
UN0= [[0.27519293 0.00550386]
 [0.00559381 0.37225237]]
gap= [0.3 0.7] at T=0 (computed with new function)
gap= [0.29999799 0.69999989] at T= 0.02611617850457136  (computed with new function)
 finished in 1.7286105672518413s
U= [[0.28782242 0.00575645]
 [0.00575645 0.38307567]]
UN0= [[0.27519293 0.00550386]
 [0.00559381 0.37225237]]
gap= [0.3 0.7] at T=0 (computed with new function)
gap= [0.073573   0.62252667] at T= 0.2350449170761671  (computed with new function)
 finished in 1.732936978340149s
U= [[0.28782242 0.00575645]
 [0.00575645 0.38307567]]
UN0= [[0.27519293 0.00550386]
 [0.00559381 0.37225237]]
gap= [0.3 0.7] at T=0 (computed with new function)
gap= [0.3 0.7] at T= 0.00870545029027172  (computed with new function)
 finished in 1.7101701180140176s
U= [[0.28782242 0.00575645]
 [0.00575645 0.38307567]]
UN0= [[0.27519293 0.00550386]
 [0.00559381 0.37225237]]
gap= [0.3 0.7] at T=0 (computed with new function)
gap= [0.08924379 0.64132388] at T= 0.21763418886186742  (computed with new function)
 finished in 1.7289466738700867s
U= [[0.28782242 0.00575645]
 [0.00575645 0.38307567]]
UN0= [[0.27519293 0.00550386]
 [0.00559381 0.37225237]]
gap= [0.3 0.7] at T=0 (computed with new function)
gap= [1.42057240e-15 2.47289722e-14] at T= 0.4265629274334632  (computed with new function)
 finished in 1.7797745267550151s
U= [[0.28782242 0.00575645]
 [0.00575645 0.38307567]]
UN0= [[0.27519293 0.00550386]
 [0.00559381 0.37225237]]
gap= [0.3 0.7] at T=0 (computed with new function)
gap= [0.11095043 0.65691842] at T= 0.2002234606475678  (computed with new function)
 finished in 1.7334036429723103s
U= [[0.28782242 0.00575645]
 [0.00575645 0.38307567]]
UN0= [[0.27519293 0.00550386]
 [0.00559381 0.37225237]]
gap= [0.3 0.7] at T=0 (computed with new function)
gap= [2.55388667e-15 4.44574262e-14] at T= 0.4091521992191635  (computed with new function)
 finished in 1.8471301873524983s
U= [[0.28782242 0.00575645]
 [0.00575645 0.38307567]]
UN0= [[0.27519293 0.00550386]
 [0.00559381 0.37225237]]
gap= [0.3 0.7] at T=0 (computed with new function)
gap= [0.14037211 0.66975966] at T= 0.18281273243326815  (computed with new function)
 finished in 1.7182990948359171s
U= [[0.28782242 0.00575645]
 [0.00575645 0.38307567]]
UN0= [[0.27519293 0.00550386]
 [0.00559381 0.37225237]]
gap= [0.3 0.7] at T=0 (computed with new function)
gap= [1.22475917e-14 2.13203040e-13] at T= 0.3917414710048639  (computed with new function)
 finished in 2.381966551144918s
U= [[0.28782242 0.00575645]
 [0.00575645 0.38307567]]
UN0= [[0.27519293 0.00550386]
 [0.00559381 0.37225237]]
gap= [0.3 0.7] at T=0 (computed with new function)
gap= [0.17570503 0.6800634 ] at T= 0.1654020042189685  (computed with new function)
 finished in 1.705943469206492s
U= [[0.28782242 0.00575645]
 [0.00575645 0.38307567]]
UN0= [[0.27519293 0.00550386]
 [0.00559381 0.37225237]]
gap= [0.3 0.7] at T=0 (computed with new function)
gap= [0.01277358 0.21452643] at T= 0.3743307427905642  (computed with new function)
 finished in 1.7794021566708882s
U= [[0.28782242 0.00575645]
 [0.00575645 0.38307567]]
UN0= [[0.27519293 0.00550386]
 [0.00559381 0.37225237]]
gap= [0.3 0.7] at T=0 (computed with new function)
gap= [0.21098661 0.68784891] at T= 0.14799127600466885  (computed with new function)
 finished in 1.6874507586161296s
U= [[0.28782242 0.00575645]
 [0.00575645 0.38307567]]
UN0= [[0.27519293 0.00550386]
 [0.00559381 0.37225237]]
gap= [0.3 0.7] at T=0 (computed with new function)
gap= [0.02030054 0.32331803] at T= 0.3569200145762646  (computed with new function)
 finished in 1.7138007958730062s
U= [[0.28782242 0.00575645]
 [0.00575645 0.38307567]]
UN0= [[0.27519293 0.00550386]
 [0.00559381 0.37225237]]
gap= [0.3 0.7] at T=0 (computed with new function)
gap= [0.24122504 0.693262  ] at T= 0.13058054779036923  (computed with new function)
 finished in 1.704820450146993s
U= [[0.27355409 0.0136777 ]
 [0.0136777  0.37867807]]
UN0= [[0.26155068 0.01307753]
 [0.01329126 0.36797903]]
gap= [0.3 0.7] at T=0 (computed with new function)
gap= [0.04939395 0.36315798] at T= 0.339509286361965  (computed with new function)
 finished in 1.652671174208323s
U= [[0.27355409 0.0136777 ]
 [0.0136777  0.37867807]]
UN0= [[0.26155068 0.01307753]
 [0.01329126 0.36797903]]
gap= [0.3 0.7] at T=0 (computed with new function)
gap= [0.27119712 0.69482796] at T= 0.11316981957606956  (computed with new function)
 finished in 1.5819793780644735s
U= [[0.27355409 0.0136777 ]
 [0.0136777  0.37867807]]
UN0= [[0.26155068 0.01307753]
 [0.01329126 0.36797903]]
gap= [0.3 0.7] at T=0 (computed with new function)
gap= [0.0612224  0.42752469] at T= 0.32209855814766536  (computed with new function)
 finished in 1.7206955393155416s
U= [[0.27355409 0.0136777 ]
 [0.0136777  0.37867807]]
UN0= [[0.26155068 0.01307753]
 [0.01329126 0.36797903]]
gap= [0.3 0.7] at T=0 (computed with new function)
gap= [0.28451464 0.69756921] at T= 0.09575909136176994  (computed with new function)
 finished in 1.6407878557840982s
U= [[0.27355409 0.0136777 ]
 [0.0136777  0.37867807]]
UN0= [[0.26155068 0.01307753]
 [0.01329126 0.36797903]]
gap= [0.3 0.7] at T=0 (computed with new function)
gap= [0.0725671  0.47873408] at T= 0.30468782993336563  (computed with new function)
 finished in 1.7101841608683268s
U= [[0.27355409 0.0136777 ]
 [0.0136777  0.37867807]]
UN0= [[0.26155068 0.01307753]
 [0.01329126 0.36797903]]
gap= [0.3 0.7] at T=0 (computed with new function)
gap= [0.2933511  0.69906276] at T= 0.07834836314747028  (computed with new function)
 finished in 1.502634052435557s
U= [[0.27355409 0.0136777 ]
 [0.0136777  0.37867807]]
UN0= [[0.26155068 0.01307753]
 [0.01329126 0.36797903]]
gap= [0.3 0.7] at T=0 (computed with new function)
gap= [0.08408127 0.5207782 ] at T= 0.287277101719066  (computed with new function)
 finished in 1.7057414293289184s
U= [[0.27355409 0.0136777 ]
 [0.0136777  0.37867807]]
UN0= [[0.26155068 0.01307753]
 [0.01329126 0.36797903]]
gap= [0.3 0.7] at T=0 (computed with new function)
gap= [0.29810369 0.69974878] at T= 0.06093763493317064  (computed with new function)
 finished in 1.722652264436086s
U= [[0.27355409 0.0136777 ]
 [0.0136777  0.37867807]]
UN0= [[0.26155068 0.01307753]
 [0.01329126 0.36797903]]
gap= [0.3 0.7] at T=0 (computed with new function)
gap= [0.09628009 0.5558494 ] at T= 0.2698663735047664  (computed with new function)
 finished in 1.7024916609128316s
U= [[0.27355409 0.0136777 ]
 [0.0136777  0.37867807]]
UN0= [[0.26155068 0.01307753]
 [0.01329126 0.36797903]]
gap= [0.3 0.7] at T=0 (computed with new function)
gap= [0.29977958 0.69997134] at T= 0.043526906718871  (computed with new function)
 finished in 1.7153448263804119s
U= [[0.27355409 0.0136777 ]
 [0.0136777  0.37867807]]
UN0= [[0.26155068 0.01307753]
 [0.01329126 0.36797903]]
gap= [0.3 0.7] at T=0 (computed with new function)
gap= [0.10966833 0.58532739] at T= 0.2524556452904667  (computed with new function)
 finished in 1.7034738222757975s
U= [[0.27355409 0.0136777 ]
 [0.0136777  0.37867807]]
UN0= [[0.26155068 0.01307753]
 [0.01329126 0.36797903]]
gap= [0.3 0.7] at T=0 (computed with new function)
gap= [0.29999827 0.69999978] at T= 0.02611617850457136  (computed with new function)
 finished in 1.6958246986071268s
U= [[0.27355409 0.0136777 ]
 [0.0136777  0.37867807]]
UN0= [[0.26155068 0.01307753]
 [0.01329126 0.36797903]]
gap= [0.3 0.7] at T=0 (computed with new function)
gap= [0.12478244 0.61016618] at T= 0.2350449170761671  (computed with new function)
 finished in 1.6940780440966288s
U= [[0.27355409 0.0136777 ]
 [0.0136777  0.37867807]]
UN0= [[0.26155068 0.01307753]
 [0.01329126 0.36797903]]
gap= [0.3 0.7] at T=0 (computed with new function)
gap= [0.3 0.7] at T= 0.00870545029027172  (computed with new function)
 finished in 1.7057693203290303s
U= [[0.27355409 0.0136777 ]
 [0.0136777  0.37867807]]
UN0= [[0.26155068 0.01307753]
 [0.01329126 0.36797903]]
gap= [0.3 0.7] at T=0 (computed with new function)
gap= [0.14215578 0.63106936] at T= 0.21763418886186742  (computed with new function)
 finished in 1.7009570717811584s
U= [[0.27355409 0.0136777 ]
 [0.0136777  0.37867807]]
UN0= [[0.26155068 0.01307753]
 [0.01329126 0.36797903]]
gap= [0.3 0.7] at T=0 (computed with new function)
gap= [2.38708799e-15 1.94033031e-14] at T= 0.4265629274334632  (computed with new function)
 finished in 1.756552481651306s
U= [[0.27355409 0.0136777 ]
 [0.0136777  0.37867807]]
UN0= [[0.26155068 0.01307753]
 [0.01329126 0.36797903]]
gap= [0.3 0.7] at T=0 (computed with new function)
gap= [0.16215228 0.64856699] at T= 0.2002234606475678  (computed with new function)
 finished in 1.686562748750051s
U= [[0.27355409 0.0136777 ]
 [0.0136777  0.37867807]]
UN0= [[0.26155068 0.01307753]
 [0.01329126 0.36797903]]
gap= [0.3 0.7] at T=0 (computed with new function)
gap= [3.72693465e-15 3.02941672e-14] at T= 0.4091521992191635  (computed with new function)
 finished in 1.7875934640566509s
U= [[0.27355409 0.0136777 ]
 [0.0136777  0.37867807]]
UN0= [[0.26155068 0.01307753]
 [0.01329126 0.36797903]]
gap= [0.3 0.7] at T=0 (computed with new function)
gap= [0.18462482 0.66303703] at T= 0.18281273243326815  (computed with new function)
 finished in 1.7112919608751933s
U= [[0.27355409 0.0136777 ]
 [0.0136777  0.37867807]]
UN0= [[0.26155068 0.01307753]
 [0.01329126 0.36797903]]
gap= [0.3 0.7] at T=0 (computed with new function)
gap= [8.64386502e-15 7.02611439e-14] at T= 0.3917414710048639  (computed with new function)
 finished in 1.9630771279335022s
U= [[0.27355409 0.0136777 ]
 [0.0136777  0.37867807]]
UN0= [[0.26155068 0.01307753]
 [0.01329126 0.36797903]]
gap= [0.3 0.7] at T=0 (computed with new function)
gap= [0.20856161 0.67471661] at T= 0.1654020042189685  (computed with new function)
 finished in 1.7122356692949932s
U= [[0.27355409 0.0136777 ]
 [0.0136777  0.37867807]]
UN0= [[0.26155068 0.01307753]
 [0.01329126 0.36797903]]
gap= [0.3 0.7] at T=0 (computed with new function)
gap= [0.01588449 0.12776347] at T= 0.3743307427905642  (computed with new function)
 finished in 2.0551435271898906s
U= [[0.21921735 0.04384347]
 [0.04384347 0.36193115]]
UN0= [[0.20959821 0.04191964]
 [0.04260473 0.35170526]]
gap= [0.3 0.7] at T=0 (computed with new function)
gap= [0.26354904 0.67612655] at T= 0.14799127600466885  (computed with new function)
 finished in 1.6998939474423727s
U= [[0.21921735 0.04384347]
 [0.04384347 0.36193115]]
UN0= [[0.20959821 0.04191964]
 [0.04260473 0.35170526]]
gap= [0.3 0.7] at T=0 (computed with new function)
gap= [0.03624595 0.13005573] at T= 0.3569200145762646  (computed with new function)
 finished in 2.008718570073446s
U= [[0.21921735 0.04384347]
 [0.04384347 0.36193115]]
UN0= [[0.20959821 0.04191964]
 [0.04260473 0.35170526]]
gap= [0.3 0.7] at T=0 (computed with new function)
gap= [0.27439532 0.68472497] at T= 0.13058054779036923  (computed with new function)
 finished in 1.6795426209767659s
U= [[0.21921735 0.04384347]
 [0.04384347 0.36193115]]
UN0= [[0.20959821 0.04191964]
 [0.04260473 0.35170526]]
gap= [0.3 0.7] at T=0 (computed with new function)
gap= [0.07917493 0.27802438] at T= 0.339509286361965  (computed with new function)
 finished in 1.773898144563039s
U= [[0.21921735 0.04384347]
 [0.04384347 0.36193115]]
UN0= [[0.20959821 0.04191964]
 [0.04260473 0.35170526]]
gap= [0.3 0.7] at T=0 (computed with new function)
gap= [0.28364449 0.69103439] at T= 0.11316981957606956  (computed with new function)
 finished in 1.7035418470700583s
U= [[0.21921735 0.04384347]
 [0.04384347 0.36193115]]
UN0= [[0.20959821 0.04191964]
 [0.04260473 0.35170526]]
gap= [0.3 0.7] at T=0 (computed with new function)
gap= [0.10628565 0.36479861] at T= 0.32209855814766536  (computed with new function)
 finished in 1.717675507068634s
U= [[0.21921735 0.04384347]
 [0.04384347 0.36193115]]
UN0= [[0.20959821 0.04191964]
 [0.04260473 0.35170526]]
gap= [0.3 0.7] at T=0 (computed with new function)
gap= [0.29093265 0.69536674] at T= 0.09575909136176994  (computed with new function)
 finished in 1.688857916990916s
U= [[0.21921735 0.04384347]
 [0.04384347 0.36193115]]
UN0= [[0.20959821 0.04191964]
 [0.04260473 0.35170526]]
gap= [0.3 0.7] at T=0 (computed with new function)
gap= [0.12814583 0.42933035] at T= 0.30468782993336563  (computed with new function)
 finished in 1.6629615108172098s
U= [[0.21921735 0.04384347]
 [0.04384347 0.36193115]]
UN0= [[0.20959821 0.04191964]
 [0.04260473 0.35170526]]
gap= [0.3 0.7] at T=0 (computed with new function)
gap= [0.2960019 0.698056 ] at T= 0.07834836314747028  (computed with new function)
 finished in 1.6914684812227885s
U= [[0.21921735 0.04384347]
 [0.04384347 0.36193115]]
UN0= [[0.20959821 0.04191964]
 [0.04260473 0.35170526]]
gap= [0.3 0.7] at T=0 (computed with new function)
gap= [0.14720377 0.4807429 ] at T= 0.287277101719066  (computed with new function)
 finished in 1.706172494093577s
U= [[0.21921735 0.04384347]
 [0.04384347 0.36193115]]
UN0= [[0.20959821 0.04191964]
 [0.04260473 0.35170526]]
gap= [0.3 0.7] at T=0 (computed with new function)
gap= [0.29883773 0.69944935] at T= 0.06093763493317064  (computed with new function)
 finished in 1.5292912125587463s
U= [[0.21921735 0.04384347]
 [0.04384347 0.36193115]]
UN0= [[0.20959821 0.04191964]
 [0.04260473 0.35170526]]
gap= [0.3 0.7] at T=0 (computed with new function)
gap= [0.16452045 0.52300179] at T= 0.2698663735047664  (computed with new function)
 finished in 1.7176095287005106s
U= [[0.21921735 0.04384347]
 [0.04384347 0.36193115]]
UN0= [[0.20959821 0.04191964]
 [0.04260473 0.35170526]]
gap= [0.3 0.7] at T=0 (computed with new function)
gap= [0.29986361 0.69993587] at T= 0.043526906718871  (computed with new function)
 finished in 1.692086887359619s
U= [[0.21921735 0.04384347]
 [0.04384347 0.36193115]]
UN0= [[0.20959821 0.04191964]
 [0.04260473 0.35170526]]
gap= [0.3 0.7] at T=0 (computed with new function)
gap= [0.1806713  0.55827456] at T= 0.2524556452904667  (computed with new function)
 finished in 1.707766024271647s
U= [[0.21921735 0.04384347]
 [0.04384347 0.36193115]]
UN0= [[0.20959821 0.04191964]
 [0.04260473 0.35170526]]
gap= [0.3 0.7] at T=0 (computed with new function)
gap= [0.29999893 0.6999995 ] at T= 0.02611617850457136  (computed with new function)
 finished in 1.7072986682256064s
U= [[0.21921735 0.04384347]
 [0.04384347 0.36193115]]
UN0= [[0.20959821 0.04191964]
 [0.04260473 0.35170526]]
gap= [0.3 0.7] at T=0 (computed with new function)
gap= [0.19599973 0.58790851] at T= 0.2350449170761671  (computed with new function)
 finished in 1.715872013568878s
U= [[0.21921735 0.04384347]
 [0.04384347 0.36193115]]
UN0= [[0.20959821 0.04191964]
 [0.04260473 0.35170526]]
gap= [0.3 0.7] at T=0 (computed with new function)
gap= [0.3 0.7] at T= 0.00870545029027172  (computed with new function)
 finished in 1.6960140546162923s
U= [[0.21921735 0.04384347]
 [0.04384347 0.36193115]]
UN0= [[0.20959821 0.04191964]
 [0.04260473 0.35170526]]
gap= [0.3 0.7] at T=0 (computed with new function)
gap= [0.21070716 0.61281438] at T= 0.21763418886186742  (computed with new function)
 finished in 1.7641942818959555s
U= [[0.21921735 0.04384347]
 [0.04384347 0.36193115]]
UN0= [[0.20959821 0.04191964]
 [0.04260473 0.35170526]]
gap= [0.3 0.7] at T=0 (computed with new function)
gap= [3.21641830e-15 1.16053788e-14] at T= 0.4265629274334632  (computed with new function)
 finished in 1.7932295600573223s
U= [[0.21921735 0.04384347]
 [0.04384347 0.36193115]]
UN0= [[0.20959821 0.04191964]
 [0.04260473 0.35170526]]
gap= [0.3 0.7] at T=0 (computed with new function)
gap= [0.22488422 0.6336458 ] at T= 0.2002234606475678  (computed with new function)
 finished in 1.7370787262916565s
U= [[0.21921735 0.04384347]
 [0.04384347 0.36193115]]
UN0= [[0.20959821 0.04191964]
 [0.04260473 0.35170526]]
gap= [0.3 0.7] at T=0 (computed with new function)
gap= [4.41933421e-15 1.59457019e-14] at T= 0.4091521992191635  (computed with new function)
 finished in 1.7920742154121398s
U= [[0.21921735 0.04384347]
 [0.04384347 0.36193115]]
UN0= [[0.20959821 0.04191964]
 [0.04260473 0.35170526]]
gap= [0.3 0.7] at T=0 (computed with new function)
gap= [0.23851664 0.65089444] at T= 0.18281273243326815  (computed with new function)
 finished in 1.7114543596903482s
U= [[0.21921735 0.04384347]
 [0.04384347 0.36193115]]
UN0= [[0.20959821 0.04191964]
 [0.04260473 0.35170526]]
gap= [0.3 0.7] at T=0 (computed with new function)
gap= [7.05366966e-15 2.54508278e-14] at T= 0.3917414710048639  (computed with new function)
 finished in 1.8773390213648478s
U= [[0.1733158  0.06932632]
 [0.06932632 0.347784  ]]
UN0= [[0.1657108  0.06628432]
 [0.0673676  0.33795783]]
gap= [0.3 0.7] at T=0 (computed with new function)
gap= [0.26548725 0.66102412] at T= 0.1654020042189685  (computed with new function)
 finished in 1.7232550819714865s
U= [[0.1733158  0.06932632]
 [0.06932632 0.347784  ]]
UN0= [[0.1657108  0.06628432]
 [0.0673676  0.33795783]]
gap= [0.3 0.7] at T=0 (computed with new function)
gap= [1.28275660e-14 3.71552252e-14] at T= 0.3743307427905642  (computed with new function)
 finished in 1.879156239827474s
U= [[0.1733158  0.06932632]
 [0.06932632 0.347784  ]]
UN0= [[0.1657108  0.06628432]
 [0.0673676  0.33795783]]
gap= [0.3 0.7] at T=0 (computed with new function)
gap= [0.27438702 0.67303824] at T= 0.14799127600466885  (computed with new function)
 finished in 1.7399785081545511s
U= [[0.1733158  0.06932632]
 [0.06932632 0.347784  ]]
UN0= [[0.1657108  0.06628432]
 [0.0673676  0.33795783]]
gap= [0.3 0.7] at T=0 (computed with new function)
gap= [1.18436691e-13 3.43053541e-13] at T= 0.3569200145762646  (computed with new function)
 finished in 2.9951316237449648s
U= [[0.1733158  0.06932632]
 [0.06932632 0.347784  ]]
UN0= [[0.1657108  0.06628432]
 [0.0673676  0.33795783]]
gap= [0.3 0.7] at T=0 (computed with new function)
gap= [0.28212839 0.68240625] at T= 0.13058054779036923  (computed with new function)
 finished in 1.7114325245221456s
U= [[0.1733158  0.06932632]
 [0.06932632 0.347784  ]]
UN0= [[0.1657108  0.06628432]
 [0.0673676  0.33795783]]
gap= [0.3 0.7] at T=0 (computed with new function)
gap= [0.08171382 0.23431296] at T= 0.339509286361965  (computed with new function)
 finished in 1.7511034766832987s
U= [[0.1733158  0.06932632]
 [0.06932632 0.347784  ]]
UN0= [[0.1657108  0.06628432]
 [0.0673676  0.33795783]]
gap= [0.3 0.7] at T=0 (computed with new function)
gap= [0.28859956 0.68943206] at T= 0.11316981957606956  (computed with new function)
 finished in 1.6712451378504436s
U= [[0.1733158  0.06932632]
 [0.06932632 0.347784  ]]
UN0= [[0.1657108  0.06628432]
 [0.0673676  0.33795783]]
gap= [0.3 0.7] at T=0 (computed with new function)
gap= [0.11865506 0.33619792] at T= 0.32209855814766536  (computed with new function)
 finished in 1.7379025141398112s
U= [[0.1733158  0.06932632]
 [0.06932632 0.347784  ]]
UN0= [[0.1657108  0.06628432]
 [0.0673676  0.33795783]]
gap= [0.3 0.7] at T=0 (computed with new function)
gap= [0.29366031 0.69440418] at T= 0.09575909136176994  (computed with new function)
 finished in 1.6837607065836588s
U= [[0.1733158  0.06932632]
 [0.06932632 0.347784  ]]
UN0= [[0.1657108  0.06628432]
 [0.0673676  0.33795783]]
gap= [0.3 0.7] at T=0 (computed with new function)
gap= [0.14582156 0.40804548] at T= 0.30468782993336563  (computed with new function)
 finished in 1.7026000261306762s
U= [[0.1733158  0.06932632]
 [0.06932632 0.347784  ]]
UN0= [[0.1657108  0.06628432]
 [0.0673676  0.33795783]]
gap= [0.3 0.7] at T=0 (computed with new function)
gap= [0.29718846 0.69760074] at T= 0.07834836314747028  (computed with new function)
 finished in 1.6661692182223002s
U= [[0.1733158  0.06932632]
 [0.06932632 0.347784  ]]
UN0= [[0.1657108  0.06628432]
 [0.0673676  0.33795783]]
gap= [0.3 0.7] at T=0 (computed with new function)
gap= [0.16802691 0.4640958 ] at T= 0.287277101719066  (computed with new function)
 finished in 1.6941967129707336s
U= [[0.1733158  0.06932632]
 [0.06932632 0.347784  ]]
UN0= [[0.1657108  0.06628432]
 [0.0673676  0.33795783]]
gap= [0.3 0.7] at T=0 (computed with new function)
gap= [0.29917774 0.69931032] at T= 0.06093763493317064  (computed with new function)
 finished in 1.7014794826507569s
U= [[0.1733158  0.06932632]
 [0.06932632 0.347784  ]]
UN0= [[0.1657108  0.06628432]
 [0.0673676  0.33795783]]
gap= [0.3 0.7] at T=0 (computed with new function)
gap= [0.18704651 0.5096619 ] at T= 0.2698663735047664  (computed with new function)
 finished in 1.6934911529223124s
U= [[0.1733158  0.06932632]
 [0.06932632 0.347784  ]]
UN0= [[0.1657108  0.06628432]
 [0.0673676  0.33795783]]
gap= [0.3 0.7] at T=0 (computed with new function)
gap= [0.29990315 0.69991917] at T= 0.043526906718871  (computed with new function)
 finished in 1.6738380670547486s
U= [[0.1733158  0.06932632]
 [0.06932632 0.347784  ]]
UN0= [[0.1657108  0.06628432]
 [0.0673676  0.33795783]]
gap= [0.3 0.7] at T=0 (computed with new function)
gap= [0.20376935 0.54744605] at T= 0.2524556452904667  (computed with new function)
 finished in 1.7185561815897623s
U= [[0.1733158  0.06932632]
 [0.06932632 0.347784  ]]
UN0= [[0.1657108  0.06628432]
 [0.0673676  0.33795783]]
gap= [0.3 0.7] at T=0 (computed with new function)
gap= [0.29999924 0.69999936] at T= 0.02611617850457136  (computed with new function)
 finished in 1.6650832335154215s
U= [[0.1733158  0.06932632]
 [0.06932632 0.347784  ]]
UN0= [[0.1657108  0.06628432]
 [0.0673676  0.33795783]]
gap= [0.3 0.7] at T=0 (computed with new function)
gap= [0.21871034 0.57905784] at T= 0.2350449170761671  (computed with new function)
 finished in 1.7130051493644713s
U= [[0.1733158  0.06932632]
 [0.06932632 0.347784  ]]
UN0= [[0.1657108  0.06628432]
 [0.0673676  0.33795783]]
gap= [0.3 0.7] at T=0 (computed with new function)
gap= [0.3 0.7] at T= 0.00870545029027172  (computed with new function)
 finished in 1.6477206230163575s
U= [[0.1733158  0.06932632]
 [0.06932632 0.347784  ]]
UN0= [[0.1657108  0.06628432]
 [0.0673676  0.33795783]]
gap= [0.3 0.7] at T=0 (computed with new function)
gap= [0.23219009 0.60555709] at T= 0.21763418886186742  (computed with new function)
 finished in 1.6702800591786702s
U= [[0.1733158  0.06932632]
 [0.06932632 0.347784  ]]
UN0= [[0.1657108  0.06628432]
 [0.0673676  0.33795783]]
gap= [0.3 0.7] at T=0 (computed with new function)
gap= [3.54535003e-15 1.02691562e-14] at T= 0.4265629274334632  (computed with new function)
 finished in 1.7378899852434795s
U= [[0.1733158  0.06932632]
 [0.06932632 0.347784  ]]
UN0= [[0.1657108  0.06628432]
 [0.0673676  0.33795783]]
gap= [0.3 0.7] at T=0 (computed with new function)
gap= [0.24441109 0.62769449] at T= 0.2002234606475678  (computed with new function)
 finished in 1.7027899543444316s
U= [[0.28782242 0.00575645]
 [0.00575645 0.38307567]]
UN0= [[0.27519293 0.00550386]
 [0.00559381 0.37225237]]
gap= [0.3 0.7] at T=0 (computed with new function)
gap= [2.55388667e-15 4.44574262e-14] at T= 0.4091521992191635  (computed with new function)
 finished in 1.850545100371043s
U= [[0.28782242 0.00575645]
 [0.00575645 0.38307567]]
UN0= [[0.27519293 0.00550386]
 [0.00559381 0.37225237]]
gap= [0.3 0.7] at T=0 (computed with new function)
gap= [0.14037211 0.66975966] at T= 0.18281273243326815  (computed with new function)
 finished in 1.7401268800099692s
U= [[0.28782242 0.00575645]
 [0.00575645 0.38307567]]
UN0= [[0.27519293 0.00550386]
 [0.00559381 0.37225237]]
gap= [0.3 0.7] at T=0 (computed with new function)
gap= [1.22475917e-14 2.13203040e-13] at T= 0.3917414710048639  (computed with new function)
 finished in 2.3557095885276795s
U= [[0.28782242 0.00575645]
 [0.00575645 0.38307567]]
UN0= [[0.27519293 0.00550386]
 [0.00559381 0.37225237]]
gap= [0.3 0.7] at T=0 (computed with new function)
gap= [0.17570503 0.6800634 ] at T= 0.1654020042189685  (computed with new function)
 finished in 1.7300533135732015s
U= [[0.28782242 0.00575645]
 [0.00575645 0.38307567]]
UN0= [[0.27519293 0.00550386]
 [0.00559381 0.37225237]]
gap= [0.3 0.7] at T=0 (computed with new function)
gap= [0.01277358 0.21452643] at T= 0.3743307427905642  (computed with new function)
 finished in 1.7978177189826965s
U= [[0.28782242 0.00575645]
 [0.00575645 0.38307567]]
UN0= [[0.27519293 0.00550386]
 [0.00559381 0.37225237]]
gap= [0.3 0.7] at T=0 (computed with new function)
gap= [0.21098661 0.68784891] at T= 0.14799127600466885  (computed with new function)
 finished in 1.7008089939753215s
U= [[0.28782242 0.00575645]
 [0.00575645 0.38307567]]
UN0= [[0.27519293 0.00550386]
 [0.00559381 0.37225237]]
gap= [0.3 0.7] at T=0 (computed with new function)
gap= [0.02030054 0.32331803] at T= 0.3569200145762646  (computed with new function)
 finished in 1.7435641606648764s
U= [[0.28782242 0.00575645]
 [0.00575645 0.38307567]]
UN0= [[0.27519293 0.00550386]
 [0.00559381 0.37225237]]
gap= [0.3 0.7] at T=0 (computed with new function)
gap= [0.24122504 0.693262  ] at T= 0.13058054779036923  (computed with new function)
 finished in 1.6894510666529337s
U= [[0.28782242 0.00575645]
 [0.00575645 0.38307567]]
UN0= [[0.27519293 0.00550386]
 [0.00559381 0.37225237]]
gap= [0.3 0.7] at T=0 (computed with new function)
gap= [0.0265015  0.39796007] at T= 0.339509286361965  (computed with new function)
 finished in 1.738517701625824s
U= [[0.28782242 0.00575645]
 [0.00575645 0.38307567]]
UN0= [[0.27519293 0.00550386]
 [0.00559381 0.37225237]]
gap= [0.3 0.7] at T=0 (computed with new function)
gap= [0.26469531 0.69667693] at T= 0.11316981957606956  (computed with new function)
 finished in 1.6966832836469015s
U= [[0.28782242 0.00575645]
 [0.00575645 0.38307567]]
UN0= [[0.27519293 0.00550386]
 [0.00559381 0.37225237]]
gap= [0.3 0.7] at T=0 (computed with new function)
gap= [0.03240459 0.45562501] at T= 0.32209855814766536  (computed with new function)
 finished in 1.7380236943562826s
U= [[0.28782242 0.00575645]
 [0.00575645 0.38307567]]
UN0= [[0.27519293 0.00550386]
 [0.00559381 0.37225237]]
gap= [0.3 0.7] at T=0 (computed with new function)
gap= [0.28145529 0.69858804] at T= 0.09575909136176994  (computed with new function)
 finished in 1.7300650278727214s
U= [[0.28782242 0.00575645]
 [0.00575645 0.38307567]]
UN0= [[0.27519293 0.00550386]
 [0.00559381 0.37225237]]
gap= [0.3 0.7] at T=0 (computed with new function)
gap= [0.03847474 0.50226495] at T= 0.30468782993336563  (computed with new function)
 finished in 1.7320369601249694s
U= [[0.28782242 0.00575645]
 [0.00575645 0.38307567]]
UN0= [[0.27519293 0.00550386]
 [0.00559381 0.37225237]]
gap= [0.3 0.7] at T=0 (computed with new function)
gap= [0.2921651  0.69950856] at T= 0.07834836314747028  (computed with new function)
 finished in 1.717199186484019s
U= [[0.28782242 0.00575645]
 [0.00575645 0.38307567]]
UN0= [[0.27519293 0.00550386]
 [0.00559381 0.37225237]]
gap= [0.3 0.7] at T=0 (computed with new function)
gap= [0.04509078 0.54081759] at T= 0.287277101719066  (computed with new function)
 finished in 1.71073739528656s
U= [[0.28782242 0.00575645]
 [0.00575645 0.38307567]]
UN0= [[0.27519293 0.00550386]
 [0.00559381 0.37225237]]
gap= [0.3 0.7] at T=0 (computed with new function)
gap= [0.29778748 0.69987745] at T= 0.06093763493317064  (computed with new function)
 finished in 1.677789040406545s
U= [[0.28782242 0.00575645]
 [0.00575645 0.38307567]]
UN0= [[0.27519293 0.00550386]
 [0.00559381 0.37225237]]
gap= [0.3 0.7] at T=0 (computed with new function)
gap= [0.0526884  0.57300799] at T= 0.2698663735047664  (computed with new function)
 finished in 1.6934338529904684s
U= [[0.28782242 0.00575645]
 [0.00575645 0.38307567]]
UN0= [[0.27519293 0.00550386]
 [0.00559381 0.37225237]]
gap= [0.3 0.7] at T=0 (computed with new function)
gap= [0.29974397 0.69998638] at T= 0.043526906718871  (computed with new function)
 finished in 1.6786419788996378s
U= [[0.28782242 0.00575645]
 [0.00575645 0.38307567]]
UN0= [[0.27519293 0.00550386]
 [0.00559381 0.37225237]]
gap= [0.3 0.7] at T=0 (computed with new function)
gap= [0.06187333 0.59997111] at T= 0.2524556452904667  (computed with new function)
 finished in 1.6493109544118245s
U= [[0.28782242 0.00575645]
 [0.00575645 0.38307567]]
UN0= [[0.27519293 0.00550386]
 [0.00559381 0.37225237]]
gap= [0.3 0.7] at T=0 (computed with new function)
gap= [0.29999799 0.69999989] at T= 0.02611617850457136  (computed with new function)
 finished in 1.701957368850708s
U= [[0.28782242 0.00575645]
 [0.00575645 0.38307567]]
UN0= [[0.27519293 0.00550386]
 [0.00559381 0.37225237]]
gap= [0.3 0.7] at T=0 (computed with new function)
gap= [0.073573   0.62252667] at T= 0.2350449170761671  (computed with new function)
 finished in 1.6345101396242778s
U= [[0.28782242 0.00575645]
 [0.00575645 0.38307567]]
UN0= [[0.27519293 0.00550386]
 [0.00559381 0.37225237]]
gap= [0.3 0.7] at T=0 (computed with new function)
gap= [0.3 0.7] at T= 0.00870545029027172  (computed with new function)
 finished in 1.6166775107383728s
U= [[0.27355409 0.0136777 ]
 [0.0136777  0.37867807]]
UN0= [[0.26155068 0.01307753]
 [0.01329126 0.36797903]]
gap= [0.3 0.7] at T=0 (computed with new function)
gap= [0.14215578 0.63106936] at T= 0.21763418886186742  (computed with new function)
 finished in 1.704286766052246s
U= [[0.27355409 0.0136777 ]
 [0.0136777  0.37867807]]
UN0= [[0.26155068 0.01307753]
 [0.01329126 0.36797903]]
gap= [0.3 0.7] at T=0 (computed with new function)
gap= [2.38708799e-15 1.94033031e-14] at T= 0.4265629274334632  (computed with new function)
 finished in 1.7265594840049743s
U= [[0.27355409 0.0136777 ]
 [0.0136777  0.37867807]]
UN0= [[0.26155068 0.01307753]
 [0.01329126 0.36797903]]
gap= [0.3 0.7] at T=0 (computed with new function)
gap= [0.16215228 0.64856699] at T= 0.2002234606475678  (computed with new function)
 finished in 1.7318374633789062s
U= [[0.27355409 0.0136777 ]
 [0.0136777  0.37867807]]
UN0= [[0.26155068 0.01307753]
 [0.01329126 0.36797903]]
gap= [0.3 0.7] at T=0 (computed with new function)
gap= [3.72693465e-15 3.02941672e-14] at T= 0.4091521992191635  (computed with new function)
 finished in 1.8358190417289735s
U= [[0.27355409 0.0136777 ]
 [0.0136777  0.37867807]]
UN0= [[0.26155068 0.01307753]
 [0.01329126 0.36797903]]
gap= [0.3 0.7] at T=0 (computed with new function)
gap= [0.18462482 0.66303703] at T= 0.18281273243326815  (computed with new function)
 finished in 1.7488139907519022s
U= [[0.27355409 0.0136777 ]
 [0.0136777  0.37867807]]
UN0= [[0.26155068 0.01307753]
 [0.01329126 0.36797903]]
gap= [0.3 0.7] at T=0 (computed with new function)
gap= [8.64386502e-15 7.02611439e-14] at T= 0.3917414710048639  (computed with new function)
 finished in 1.9460540215174358s
U= [[0.27355409 0.0136777 ]
 [0.0136777  0.37867807]]
UN0= [[0.26155068 0.01307753]
 [0.01329126 0.36797903]]
gap= [0.3 0.7] at T=0 (computed with new function)
gap= [0.20856161 0.67471661] at T= 0.1654020042189685  (computed with new function)
 finished in 1.75718811750412s
U= [[0.27355409 0.0136777 ]
 [0.0136777  0.37867807]]
UN0= [[0.26155068 0.01307753]
 [0.01329126 0.36797903]]
gap= [0.3 0.7] at T=0 (computed with new function)
gap= [0.01588449 0.12776347] at T= 0.3743307427905642  (computed with new function)
 finished in 2.0325444181760153s
U= [[0.27355409 0.0136777 ]
 [0.0136777  0.37867807]]
UN0= [[0.26155068 0.01307753]
 [0.01329126 0.36797903]]
gap= [0.3 0.7] at T=0 (computed with new function)
gap= [0.23216617 0.68376285] at T= 0.14799127600466885  (computed with new function)
 finished in 1.7363630493481954s
U= [[0.27355409 0.0136777 ]
 [0.0136777  0.37867807]]
UN0= [[0.26155068 0.01307753]
 [0.01329126 0.36797903]]
gap= [0.3 0.7] at T=0 (computed with new function)
gap= [0.03587722 0.27644617] at T= 0.3569200145762646  (computed with new function)
 finished in 1.7975646336873372s
U= [[0.27355409 0.0136777 ]
 [0.0136777  0.37867807]]
UN0= [[0.26155068 0.01307753]
 [0.01329126 0.36797903]]
gap= [0.3 0.7] at T=0 (computed with new function)
gap= [0.25351305 0.69036538] at T= 0.13058054779036923  (computed with new function)
 finished in 1.6704934080441793s
U= [[0.27355409 0.0136777 ]
 [0.0136777  0.37867807]]
UN0= [[0.26155068 0.01307753]
 [0.01329126 0.36797903]]
gap= [0.3 0.7] at T=0 (computed with new function)
gap= [0.04939395 0.36315798] at T= 0.339509286361965  (computed with new function)
 finished in 1.748556876182556s
U= [[0.27355409 0.0136777 ]
 [0.0136777  0.37867807]]
UN0= [[0.26155068 0.01307753]
 [0.01329126 0.36797903]]
gap= [0.3 0.7] at T=0 (computed with new function)
gap= [0.27119712 0.69482796] at T= 0.11316981957606956  (computed with new function)
 finished in 1.5258935372034708s
U= [[0.27355409 0.0136777 ]
 [0.0136777  0.37867807]]
UN0= [[0.26155068 0.01307753]
 [0.01329126 0.36797903]]
gap= [0.3 0.7] at T=0 (computed with new function)
gap= [0.0612224  0.42752469] at T= 0.32209855814766536  (computed with new function)
 finished in 1.734054164091746s
U= [[0.27355409 0.0136777 ]
 [0.0136777  0.37867807]]
UN0= [[0.26155068 0.01307753]
 [0.01329126 0.36797903]]
gap= [0.3 0.7] at T=0 (computed with new function)
gap= [0.28451464 0.69756921] at T= 0.09575909136176994  (computed with new function)
 finished in 1.6910372575124104s
U= [[0.27355409 0.0136777 ]
 [0.0136777  0.37867807]]
UN0= [[0.26155068 0.01307753]
 [0.01329126 0.36797903]]
gap= [0.3 0.7] at T=0 (computed with new function)
gap= [0.0725671  0.47873408] at T= 0.30468782993336563  (computed with new function)
 finished in 1.7417566935221354s
U= [[0.27355409 0.0136777 ]
 [0.0136777  0.37867807]]
UN0= [[0.26155068 0.01307753]
 [0.01329126 0.36797903]]
gap= [0.3 0.7] at T=0 (computed with new function)
gap= [0.2933511  0.69906276] at T= 0.07834836314747028  (computed with new function)
 finished in 1.7261192679405213s
U= [[0.27355409 0.0136777 ]
 [0.0136777  0.37867807]]
UN0= [[0.26155068 0.01307753]
 [0.01329126 0.36797903]]
gap= [0.3 0.7] at T=0 (computed with new function)
gap= [0.08408127 0.5207782 ] at T= 0.287277101719066  (computed with new function)
 finished in 1.744518514474233s
U= [[0.27355409 0.0136777 ]
 [0.0136777  0.37867807]]
UN0= [[0.26155068 0.01307753]
 [0.01329126 0.36797903]]
gap= [0.3 0.7] at T=0 (computed with new function)
gap= [0.29810369 0.69974878] at T= 0.06093763493317064  (computed with new function)
 finished in 1.7201253771781921s
U= [[0.27355409 0.0136777 ]
 [0.0136777  0.37867807]]
UN0= [[0.26155068 0.01307753]
 [0.01329126 0.36797903]]
gap= [0.3 0.7] at T=0 (computed with new function)
gap= [0.09628009 0.5558494 ] at T= 0.2698663735047664  (computed with new function)
 finished in 1.7477078636487324s
U= [[0.27355409 0.0136777 ]
 [0.0136777  0.37867807]]
UN0= [[0.26155068 0.01307753]
 [0.01329126 0.36797903]]
gap= [0.3 0.7] at T=0 (computed with new function)
gap= [0.29977958 0.69997134] at T= 0.043526906718871  (computed with new function)
 finished in 1.722420076529185s
U= [[0.27355409 0.0136777 ]
 [0.0136777  0.37867807]]
UN0= [[0.26155068 0.01307753]
 [0.01329126 0.36797903]]
gap= [0.3 0.7] at T=0 (computed with new function)
gap= [0.10966833 0.58532739] at T= 0.2524556452904667  (computed with new function)
 finished in 1.745336691538493s
U= [[0.21921735 0.04384347]
 [0.04384347 0.36193115]]
UN0= [[0.20959821 0.04191964]
 [0.04260473 0.35170526]]
gap= [0.3 0.7] at T=0 (computed with new function)
gap= [0.29999893 0.6999995 ] at T= 0.02611617850457136  (computed with new function)
 finished in 1.6999035596847534s
U= [[0.21921735 0.04384347]
 [0.04384347 0.36193115]]
UN0= [[0.20959821 0.04191964]
 [0.04260473 0.35170526]]
gap= [0.3 0.7] at T=0 (computed with new function)
gap= [0.19599973 0.58790851] at T= 0.2350449170761671  (computed with new function)
 finished in 1.7208456595738728s
U= [[0.21921735 0.04384347]
 [0.04384347 0.36193115]]
UN0= [[0.20959821 0.04191964]
 [0.04260473 0.35170526]]
gap= [0.3 0.7] at T=0 (computed with new function)
gap= [0.3 0.7] at T= 0.00870545029027172  (computed with new function)
 finished in 1.7160497864087423s
U= [[0.21921735 0.04384347]
 [0.04384347 0.36193115]]
UN0= [[0.20959821 0.04191964]
 [0.04260473 0.35170526]]
gap= [0.3 0.7] at T=0 (computed with new function)
gap= [0.21070716 0.61281438] at T= 0.21763418886186742  (computed with new function)
 finished in 1.6899683753649393s
U= [[0.21921735 0.04384347]
 [0.04384347 0.36193115]]
UN0= [[0.20959821 0.04191964]
 [0.04260473 0.35170526]]
gap= [0.3 0.7] at T=0 (computed with new function)
gap= [3.21641830e-15 1.16053788e-14] at T= 0.4265629274334632  (computed with new function)
 finished in 1.7694267272949218s
U= [[0.21921735 0.04384347]
 [0.04384347 0.36193115]]
UN0= [[0.20959821 0.04191964]
 [0.04260473 0.35170526]]
gap= [0.3 0.7] at T=0 (computed with new function)
gap= [0.22488422 0.6336458 ] at T= 0.2002234606475678  (computed with new function)
 finished in 1.7286749641100565s
U= [[0.21921735 0.04384347]
 [0.04384347 0.36193115]]
UN0= [[0.20959821 0.04191964]
 [0.04260473 0.35170526]]
gap= [0.3 0.7] at T=0 (computed with new function)
gap= [4.41933421e-15 1.59457019e-14] at T= 0.4091521992191635  (computed with new function)
 finished in 1.778415274620056s
U= [[0.21921735 0.04384347]
 [0.04384347 0.36193115]]
UN0= [[0.20959821 0.04191964]
 [0.04260473 0.35170526]]
gap= [0.3 0.7] at T=0 (computed with new function)
gap= [0.23851664 0.65089444] at T= 0.18281273243326815  (computed with new function)
 finished in 1.7536553541819255s
U= [[0.21921735 0.04384347]
 [0.04384347 0.36193115]]
UN0= [[0.20959821 0.04191964]
 [0.04260473 0.35170526]]
gap= [0.3 0.7] at T=0 (computed with new function)
gap= [7.05366966e-15 2.54508278e-14] at T= 0.3917414710048639  (computed with new function)
 finished in 1.851708741982778s
U= [[0.21921735 0.04384347]
 [0.04384347 0.36193115]]
UN0= [[0.20959821 0.04191964]
 [0.04260473 0.35170526]]
gap= [0.3 0.7] at T=0 (computed with new function)
gap= [0.25148179 0.66494716] at T= 0.1654020042189685  (computed with new function)
 finished in 1.7438761432965597s
U= [[0.21921735 0.04384347]
 [0.04384347 0.36193115]]
UN0= [[0.20959821 0.04191964]
 [0.04260473 0.35170526]]
gap= [0.3 0.7] at T=0 (computed with new function)
gap= [1.69454469e-14 6.11420254e-14] at T= 0.3743307427905642  (computed with new function)
 finished in 1.9742886622746785s
U= [[0.21921735 0.04384347]
 [0.04384347 0.36193115]]
UN0= [[0.20959821 0.04191964]
 [0.04260473 0.35170526]]
gap= [0.3 0.7] at T=0 (computed with new function)
gap= [0.26354904 0.67612655] at T= 0.14799127600466885  (computed with new function)
 finished in 1.7389758388201395s
U= [[0.21921735 0.04384347]
 [0.04384347 0.36193115]]
UN0= [[0.20959821 0.04191964]
 [0.04260473 0.35170526]]
gap= [0.3 0.7] at T=0 (computed with new function)
gap= [0.03624595 0.13005573] at T= 0.3569200145762646  (computed with new function)
 finished in 1.9840207775433858s
U= [[0.21921735 0.04384347]
 [0.04384347 0.36193115]]
UN0= [[0.20959821 0.04191964]
 [0.04260473 0.35170526]]
gap= [0.3 0.7] at T=0 (computed with new function)
gap= [0.27439532 0.68472497] at T= 0.13058054779036923  (computed with new function)
 finished in 1.7414789199829102s
U= [[0.21921735 0.04384347]
 [0.04384347 0.36193115]]
UN0= [[0.20959821 0.04191964]
 [0.04260473 0.35170526]]
gap= [0.3 0.7] at T=0 (computed with new function)
gap= [0.07917493 0.27802438] at T= 0.339509286361965  (computed with new function)
 finished in 1.732679824034373s
U= [[0.21921735 0.04384347]
 [0.04384347 0.36193115]]
UN0= [[0.20959821 0.04191964]
 [0.04260473 0.35170526]]
gap= [0.3 0.7] at T=0 (computed with new function)
gap= [0.28364449 0.69103439] at T= 0.11316981957606956  (computed with new function)
 finished in 1.7055403113365173s
U= [[0.21921735 0.04384347]
 [0.04384347 0.36193115]]
UN0= [[0.20959821 0.04191964]
 [0.04260473 0.35170526]]
gap= [0.3 0.7] at T=0 (computed with new function)
gap= [0.10628565 0.36479861] at T= 0.32209855814766536  (computed with new function)
 finished in 1.7404796719551086s
U= [[0.21921735 0.04384347]
 [0.04384347 0.36193115]]
UN0= [[0.20959821 0.04191964]
 [0.04260473 0.35170526]]
gap= [0.3 0.7] at T=0 (computed with new function)
gap= [0.29093265 0.69536674] at T= 0.09575909136176994  (computed with new function)
 finished in 1.5610993107159932s
U= [[0.21921735 0.04384347]
 [0.04384347 0.36193115]]
UN0= [[0.20959821 0.04191964]
 [0.04260473 0.35170526]]
gap= [0.3 0.7] at T=0 (computed with new function)
gap= [0.12814583 0.42933035] at T= 0.30468782993336563  (computed with new function)
 finished in 1.715267550945282s
U= [[0.21921735 0.04384347]
 [0.04384347 0.36193115]]
UN0= [[0.20959821 0.04191964]
 [0.04260473 0.35170526]]
gap= [0.3 0.7] at T=0 (computed with new function)
gap= [0.2960019 0.698056 ] at T= 0.07834836314747028  (computed with new function)
 finished in 1.6981670180956523s
U= [[0.21921735 0.04384347]
 [0.04384347 0.36193115]]
UN0= [[0.20959821 0.04191964]
 [0.04260473 0.35170526]]
gap= [0.3 0.7] at T=0 (computed with new function)
gap= [0.14720377 0.4807429 ] at T= 0.287277101719066  (computed with new function)
 finished in 1.7401435573895772s
U= [[0.21921735 0.04384347]
 [0.04384347 0.36193115]]
UN0= [[0.20959821 0.04191964]
 [0.04260473 0.35170526]]
gap= [0.3 0.7] at T=0 (computed with new function)
gap= [0.29883773 0.69944935] at T= 0.06093763493317064  (computed with new function)
 finished in 1.7221375584602356s
U= [[0.21921735 0.04384347]
 [0.04384347 0.36193115]]
UN0= [[0.20959821 0.04191964]
 [0.04260473 0.35170526]]
gap= [0.3 0.7] at T=0 (computed with new function)
gap= [0.16452045 0.52300179] at T= 0.2698663735047664  (computed with new function)
 finished in 1.7520099679629009s
U= [[0.1733158  0.06932632]
 [0.06932632 0.347784  ]]
UN0= [[0.1657108  0.06628432]
 [0.0673676  0.33795783]]
gap= [0.3 0.7] at T=0 (computed with new function)
gap= [0.29990315 0.69991917] at T= 0.043526906718871  (computed with new function)
 finished in 1.6999103983243307s
U= [[0.1733158  0.06932632]
 [0.06932632 0.347784  ]]
UN0= [[0.1657108  0.06628432]
 [0.0673676  0.33795783]]
gap= [0.3 0.7] at T=0 (computed with new function)
gap= [0.20376935 0.54744605] at T= 0.2524556452904667  (computed with new function)
 finished in 1.7365447998046875s
U= [[0.1733158  0.06932632]
 [0.06932632 0.347784  ]]
UN0= [[0.1657108  0.06628432]
 [0.0673676  0.33795783]]
gap= [0.3 0.7] at T=0 (computed with new function)
gap= [0.29999924 0.69999936] at T= 0.02611617850457136  (computed with new function)
 finished in 1.7102516094843547s
U= [[0.1733158  0.06932632]
 [0.06932632 0.347784  ]]
UN0= [[0.1657108  0.06628432]
 [0.0673676  0.33795783]]
gap= [0.3 0.7] at T=0 (computed with new function)
gap= [0.21871034 0.57905784] at T= 0.2350449170761671  (computed with new function)
 finished in 1.720423976580302s
U= [[0.1733158  0.06932632]
 [0.06932632 0.347784  ]]
UN0= [[0.1657108  0.06628432]
 [0.0673676  0.33795783]]
gap= [0.3 0.7] at T=0 (computed with new function)
gap= [0.3 0.7] at T= 0.00870545029027172  (computed with new function)
 finished in 1.7437893629074097s
U= [[0.1733158  0.06932632]
 [0.06932632 0.347784  ]]
UN0= [[0.1657108  0.06628432]
 [0.0673676  0.33795783]]
gap= [0.3 0.7] at T=0 (computed with new function)
gap= [0.23219009 0.60555709] at T= 0.21763418886186742  (computed with new function)
 finished in 1.65497784614563s
U= [[0.1733158  0.06932632]
 [0.06932632 0.347784  ]]
UN0= [[0.1657108  0.06628432]
 [0.0673676  0.33795783]]
gap= [0.3 0.7] at T=0 (computed with new function)
gap= [3.54535003e-15 1.02691562e-14] at T= 0.4265629274334632  (computed with new function)
 finished in 1.769088077545166s
U= [[0.1733158  0.06932632]
 [0.06932632 0.347784  ]]
UN0= [[0.1657108  0.06628432]
 [0.0673676  0.33795783]]
gap= [0.3 0.7] at T=0 (computed with new function)
gap= [0.24441109 0.62769449] at T= 0.2002234606475678  (computed with new function)
 finished in 1.7361873428026835s
U= [[0.1733158  0.06932632]
 [0.06932632 0.347784  ]]
UN0= [[0.1657108  0.06628432]
 [0.0673676  0.33795783]]
gap= [0.3 0.7] at T=0 (computed with new function)
gap= [4.69099466e-15 1.35875320e-14] at T= 0.4091521992191635  (computed with new function)
 finished in 1.7600169817606608s
U= [[0.1733158  0.06932632]
 [0.06932632 0.347784  ]]
UN0= [[0.1657108  0.06628432]
 [0.0673676  0.33795783]]
gap= [0.3 0.7] at T=0 (computed with new function)
gap= [0.25549269 0.64603429] at T= 0.18281273243326815  (computed with new function)
 finished in 1.7277967135111492s
U= [[0.1733158  0.06932632]
 [0.06932632 0.347784  ]]
UN0= [[0.1657108  0.06628432]
 [0.0673676  0.33795783]]
gap= [0.3 0.7] at T=0 (computed with new function)
gap= [6.89330333e-15 1.99665500e-14] at T= 0.3917414710048639  (computed with new function)
 finished in 1.8177780707677205s
U= [[0.1733158  0.06932632]
 [0.06932632 0.347784  ]]
UN0= [[0.1657108  0.06628432]
 [0.0673676  0.33795783]]
gap= [0.3 0.7] at T=0 (computed with new function)
gap= [0.26548725 0.66102412] at T= 0.1654020042189685  (computed with new function)
 finished in 1.7324774265289307s
U= [[0.1733158  0.06932632]
 [0.06932632 0.347784  ]]
UN0= [[0.1657108  0.06628432]
 [0.0673676  0.33795783]]
gap= [0.3 0.7] at T=0 (computed with new function)
gap= [1.28275660e-14 3.71552252e-14] at T= 0.3743307427905642  (computed with new function)
 finished in 1.6015697916348774s
U= [[0.1733158  0.06932632]
 [0.06932632 0.347784  ]]
UN0= [[0.1657108  0.06628432]
 [0.0673676  0.33795783]]
gap= [0.3 0.7] at T=0 (computed with new function)
gap= [0.27438702 0.67303824] at T= 0.14799127600466885  (computed with new function)
 finished in 1.6804032842318217s
U= [[0.1733158  0.06932632]
 [0.06932632 0.347784  ]]
UN0= [[0.1657108  0.06628432]
 [0.0673676  0.33795783]]
gap= [0.3 0.7] at T=0 (computed with new function)
gap= [1.18436691e-13 3.43053541e-13] at T= 0.3569200145762646  (computed with new function)
 finished in 3.0292363365491233s
U= [[0.1733158  0.06932632]
 [0.06932632 0.347784  ]]
UN0= [[0.1657108  0.06628432]
 [0.0673676  0.33795783]]
gap= [0.3 0.7] at T=0 (computed with new function)
gap= [0.28212839 0.68240625] at T= 0.13058054779036923  (computed with new function)
 finished in 1.7156299074490866s
U= [[0.1733158  0.06932632]
 [0.06932632 0.347784  ]]
UN0= [[0.1657108  0.06628432]
 [0.0673676  0.33795783]]
gap= [0.3 0.7] at T=0 (computed with new function)
gap= [0.08171382 0.23431296] at T= 0.339509286361965  (computed with new function)
 finished in 1.7577118118604025s
U= [[0.1733158  0.06932632]
 [0.06932632 0.347784  ]]
UN0= [[0.1657108  0.06628432]
 [0.0673676  0.33795783]]
gap= [0.3 0.7] at T=0 (computed with new function)
gap= [0.28859956 0.68943206] at T= 0.11316981957606956  (computed with new function)
 finished in 1.6597967306772867s
U= [[0.1733158  0.06932632]
 [0.06932632 0.347784  ]]
UN0= [[0.1657108  0.06628432]
 [0.0673676  0.33795783]]
gap= [0.3 0.7] at T=0 (computed with new function)
gap= [0.11865506 0.33619792] at T= 0.32209855814766536  (computed with new function)
 finished in 1.75955757300059s
U= [[0.1733158  0.06932632]
 [0.06932632 0.347784  ]]
UN0= [[0.1657108  0.06628432]
 [0.0673676  0.33795783]]
gap= [0.3 0.7] at T=0 (computed with new function)
gap= [0.29366031 0.69440418] at T= 0.09575909136176994  (computed with new function)
 finished in 1.6748227755228677s
U= [[0.1733158  0.06932632]
 [0.06932632 0.347784  ]]
UN0= [[0.1657108  0.06628432]
 [0.0673676  0.33795783]]
gap= [0.3 0.7] at T=0 (computed with new function)
gap= [0.14582156 0.40804548] at T= 0.30468782993336563  (computed with new function)
 finished in 1.7373303294181823s
U= [[0.1733158  0.06932632]
 [0.06932632 0.347784  ]]
UN0= [[0.1657108  0.06628432]
 [0.0673676  0.33795783]]
gap= [0.3 0.7] at T=0 (computed with new function)
gap= [0.29718846 0.69760074] at T= 0.07834836314747028  (computed with new function)
 finished in 1.6654659867286683s
U= [[0.28782242 0.00575645]
 [0.00575645 0.38307567]]
UN0= [[0.27519293 0.00550386]
 [0.00559381 0.37225237]]
gap= [0.3 0.7] at T=0 (computed with new function)
gap= [0.04509078 0.54081759] at T= 0.287277101719066  (computed with new function)
 finished in 1.7190634886423746s
U= [[0.28782242 0.00575645]
 [0.00575645 0.38307567]]
UN0= [[0.27519293 0.00550386]
 [0.00559381 0.37225237]]
gap= [0.3 0.7] at T=0 (computed with new function)
gap= [0.29778748 0.69987745] at T= 0.06093763493317064  (computed with new function)
 finished in 1.6740052382151285s
U= [[0.28782242 0.00575645]
 [0.00575645 0.38307567]]
UN0= [[0.27519293 0.00550386]
 [0.00559381 0.37225237]]
gap= [0.3 0.7] at T=0 (computed with new function)
gap= [0.0526884  0.57300799] at T= 0.2698663735047664  (computed with new function)
 finished in 1.7003663619359335s
U= [[0.28782242 0.00575645]
 [0.00575645 0.38307567]]
UN0= [[0.27519293 0.00550386]
 [0.00559381 0.37225237]]
gap= [0.3 0.7] at T=0 (computed with new function)
gap= [0.29974397 0.69998638] at T= 0.043526906718871  (computed with new function)
 finished in 1.7053952813148499s
U= [[0.28782242 0.00575645]
 [0.00575645 0.38307567]]
UN0= [[0.27519293 0.00550386]
 [0.00559381 0.37225237]]
gap= [0.3 0.7] at T=0 (computed with new function)
gap= [0.06187333 0.59997111] at T= 0.2524556452904667  (computed with new function)
 finished in 1.653240426381429s
U= [[0.28782242 0.00575645]
 [0.00575645 0.38307567]]
UN0= [[0.27519293 0.00550386]
 [0.00559381 0.37225237]]
gap= [0.3 0.7] at T=0 (computed with new function)
gap= [0.29999799 0.69999989] at T= 0.02611617850457136  (computed with new function)
 finished in 1.6988179365793863s
U= [[0.28782242 0.00575645]
 [0.00575645 0.38307567]]
UN0= [[0.27519293 0.00550386]
 [0.00559381 0.37225237]]
gap= [0.3 0.7] at T=0 (computed with new function)
gap= [0.073573   0.62252667] at T= 0.2350449170761671  (computed with new function)
 finished in 1.7248388012250264s
U= [[0.28782242 0.00575645]
 [0.00575645 0.38307567]]
UN0= [[0.27519293 0.00550386]
 [0.00559381 0.37225237]]
gap= [0.3 0.7] at T=0 (computed with new function)
gap= [0.3 0.7] at T= 0.00870545029027172  (computed with new function)
 finished in 1.6926554679870605s
U= [[0.28782242 0.00575645]
 [0.00575645 0.38307567]]
UN0= [[0.27519293 0.00550386]
 [0.00559381 0.37225237]]
gap= [0.3 0.7] at T=0 (computed with new function)
gap= [0.08924379 0.64132388] at T= 0.21763418886186742  (computed with new function)
 finished in 1.7334751685460408s
U= [[0.28782242 0.00575645]
 [0.00575645 0.38307567]]
UN0= [[0.27519293 0.00550386]
 [0.00559381 0.37225237]]
gap= [0.3 0.7] at T=0 (computed with new function)
gap= [1.42057240e-15 2.47289722e-14] at T= 0.4265629274334632  (computed with new function)
 finished in 1.7831701397895814s
U= [[0.28782242 0.00575645]
 [0.00575645 0.38307567]]
UN0= [[0.27519293 0.00550386]
 [0.00559381 0.37225237]]
gap= [0.3 0.7] at T=0 (computed with new function)
gap= [0.11095043 0.65691842] at T= 0.2002234606475678  (computed with new function)
 finished in 1.737150994936625s
U= [[0.28782242 0.00575645]
 [0.00575645 0.38307567]]
UN0= [[0.27519293 0.00550386]
 [0.00559381 0.37225237]]
gap= [0.3 0.7] at T=0 (computed with new function)
gap= [2.55388667e-15 4.44574262e-14] at T= 0.4091521992191635  (computed with new function)
 finished in 1.8369176149368287s
U= [[0.28782242 0.00575645]
 [0.00575645 0.38307567]]
UN0= [[0.27519293 0.00550386]
 [0.00559381 0.37225237]]
gap= [0.3 0.7] at T=0 (computed with new function)
gap= [0.14037211 0.66975966] at T= 0.18281273243326815  (computed with new function)
 finished in 1.7268948634465535s
U= [[0.28782242 0.00575645]
 [0.00575645 0.38307567]]
UN0= [[0.27519293 0.00550386]
 [0.00559381 0.37225237]]
gap= [0.3 0.7] at T=0 (computed with new function)
gap= [1.22475917e-14 2.13203040e-13] at T= 0.3917414710048639  (computed with new function)
 finished in 2.3772982199986776s
U= [[0.28782242 0.00575645]
 [0.00575645 0.38307567]]
UN0= [[0.27519293 0.00550386]
 [0.00559381 0.37225237]]
gap= [0.3 0.7] at T=0 (computed with new function)
gap= [0.17570503 0.6800634 ] at T= 0.1654020042189685  (computed with new function)
 finished in 1.7096946279207865s
U= [[0.28782242 0.00575645]
 [0.00575645 0.38307567]]
UN0= [[0.27519293 0.00550386]
 [0.00559381 0.37225237]]
gap= [0.3 0.7] at T=0 (computed with new function)
gap= [0.01277358 0.21452643] at T= 0.3743307427905642  (computed with new function)
 finished in 1.8055871725082397s
U= [[0.28782242 0.00575645]
 [0.00575645 0.38307567]]
UN0= [[0.27519293 0.00550386]
 [0.00559381 0.37225237]]
gap= [0.3 0.7] at T=0 (computed with new function)
gap= [0.21098661 0.68784891] at T= 0.14799127600466885  (computed with new function)
 finished in 1.6948949495951335s
U= [[0.28782242 0.00575645]
 [0.00575645 0.38307567]]
UN0= [[0.27519293 0.00550386]
 [0.00559381 0.37225237]]
gap= [0.3 0.7] at T=0 (computed with new function)
gap= [0.02030054 0.32331803] at T= 0.3569200145762646  (computed with new function)
 finished in 1.7475376049677531s
U= [[0.28782242 0.00575645]
 [0.00575645 0.38307567]]
UN0= [[0.27519293 0.00550386]
 [0.00559381 0.37225237]]
gap= [0.3 0.7] at T=0 (computed with new function)
gap= [0.24122504 0.693262  ] at T= 0.13058054779036923  (computed with new function)
 finished in 1.6877384305000305s
U= [[0.28782242 0.00575645]
 [0.00575645 0.38307567]]
UN0= [[0.27519293 0.00550386]
 [0.00559381 0.37225237]]
gap= [0.3 0.7] at T=0 (computed with new function)
gap= [0.0265015  0.39796007] at T= 0.339509286361965  (computed with new function)
 finished in 1.7216358145078023s
U= [[0.28782242 0.00575645]
 [0.00575645 0.38307567]]
UN0= [[0.27519293 0.00550386]
 [0.00559381 0.37225237]]
gap= [0.3 0.7] at T=0 (computed with new function)
gap= [0.26469531 0.69667693] at T= 0.11316981957606956  (computed with new function)
 finished in 1.6697853406270344s
U= [[0.28782242 0.00575645]
 [0.00575645 0.38307567]]
UN0= [[0.27519293 0.00550386]
 [0.00559381 0.37225237]]
gap= [0.3 0.7] at T=0 (computed with new function)
gap= [0.03240459 0.45562501] at T= 0.32209855814766536  (computed with new function)
 finished in 1.7158747434616088s
U= [[0.27355409 0.0136777 ]
 [0.0136777  0.37867807]]
UN0= [[0.26155068 0.01307753]
 [0.01329126 0.36797903]]
gap= [0.3 0.7] at T=0 (computed with new function)
gap= [0.28451464 0.69756921] at T= 0.09575909136176994  (computed with new function)
 finished in 1.6984972755114238s
U= [[0.27355409 0.0136777 ]
 [0.0136777  0.37867807]]
UN0= [[0.26155068 0.01307753]
 [0.01329126 0.36797903]]
gap= [0.3 0.7] at T=0 (computed with new function)
gap= [0.0725671  0.47873408] at T= 0.30468782993336563  (computed with new function)
 finished in 1.7396809458732605s
U= [[0.27355409 0.0136777 ]
 [0.0136777  0.37867807]]
UN0= [[0.26155068 0.01307753]
 [0.01329126 0.36797903]]
gap= [0.3 0.7] at T=0 (computed with new function)
gap= [0.2933511  0.69906276] at T= 0.07834836314747028  (computed with new function)
 finished in 1.6820529659589132s
U= [[0.27355409 0.0136777 ]
 [0.0136777  0.37867807]]
UN0= [[0.26155068 0.01307753]
 [0.01329126 0.36797903]]
gap= [0.3 0.7] at T=0 (computed with new function)
gap= [0.08408127 0.5207782 ] at T= 0.287277101719066  (computed with new function)
 finished in 1.7230328520139058s
U= [[0.27355409 0.0136777 ]
 [0.0136777  0.37867807]]
UN0= [[0.26155068 0.01307753]
 [0.01329126 0.36797903]]
gap= [0.3 0.7] at T=0 (computed with new function)
gap= [0.29810369 0.69974878] at T= 0.06093763493317064  (computed with new function)
 finished in 1.6679536739985148s
U= [[0.27355409 0.0136777 ]
 [0.0136777  0.37867807]]
UN0= [[0.26155068 0.01307753]
 [0.01329126 0.36797903]]
gap= [0.3 0.7] at T=0 (computed with new function)
gap= [0.09628009 0.5558494 ] at T= 0.2698663735047664  (computed with new function)
 finished in 1.728336008389791s
U= [[0.27355409 0.0136777 ]
 [0.0136777  0.37867807]]
UN0= [[0.26155068 0.01307753]
 [0.01329126 0.36797903]]
gap= [0.3 0.7] at T=0 (computed with new function)
gap= [0.29977958 0.69997134] at T= 0.043526906718871  (computed with new function)
 finished in 1.6776864012082418s
U= [[0.27355409 0.0136777 ]
 [0.0136777  0.37867807]]
UN0= [[0.26155068 0.01307753]
 [0.01329126 0.36797903]]
gap= [0.3 0.7] at T=0 (computed with new function)
gap= [0.10966833 0.58532739] at T= 0.2524556452904667  (computed with new function)
 finished in 1.671794323126475s
U= [[0.27355409 0.0136777 ]
 [0.0136777  0.37867807]]
UN0= [[0.26155068 0.01307753]
 [0.01329126 0.36797903]]
gap= [0.3 0.7] at T=0 (computed with new function)
gap= [0.29999827 0.69999978] at T= 0.02611617850457136  (computed with new function)
 finished in 1.7240252574284871s
U= [[0.27355409 0.0136777 ]
 [0.0136777  0.37867807]]
UN0= [[0.26155068 0.01307753]
 [0.01329126 0.36797903]]
gap= [0.3 0.7] at T=0 (computed with new function)
gap= [0.12478244 0.61016618] at T= 0.2350449170761671  (computed with new function)
 finished in 1.6857659339904785s
U= [[0.27355409 0.0136777 ]
 [0.0136777  0.37867807]]
UN0= [[0.26155068 0.01307753]
 [0.01329126 0.36797903]]
gap= [0.3 0.7] at T=0 (computed with new function)
gap= [0.3 0.7] at T= 0.00870545029027172  (computed with new function)
 finished in 1.7222300092379252s
U= [[0.27355409 0.0136777 ]
 [0.0136777  0.37867807]]
UN0= [[0.26155068 0.01307753]
 [0.01329126 0.36797903]]
gap= [0.3 0.7] at T=0 (computed with new function)
gap= [0.14215578 0.63106936] at T= 0.21763418886186742  (computed with new function)
 finished in 1.749489963054657s
U= [[0.27355409 0.0136777 ]
 [0.0136777  0.37867807]]
UN0= [[0.26155068 0.01307753]
 [0.01329126 0.36797903]]
gap= [0.3 0.7] at T=0 (computed with new function)
gap= [2.38708799e-15 1.94033031e-14] at T= 0.4265629274334632  (computed with new function)
 finished in 1.7592520197232564s
U= [[0.27355409 0.0136777 ]
 [0.0136777  0.37867807]]
UN0= [[0.26155068 0.01307753]
 [0.01329126 0.36797903]]
gap= [0.3 0.7] at T=0 (computed with new function)
gap= [0.16215228 0.64856699] at T= 0.2002234606475678  (computed with new function)
 finished in 1.713440767923991s
U= [[0.27355409 0.0136777 ]
 [0.0136777  0.37867807]]
UN0= [[0.26155068 0.01307753]
 [0.01329126 0.36797903]]
gap= [0.3 0.7] at T=0 (computed with new function)
gap= [3.72693465e-15 3.02941672e-14] at T= 0.4091521992191635  (computed with new function)
 finished in 1.7045791109402975s
U= [[0.27355409 0.0136777 ]
 [0.0136777  0.37867807]]
UN0= [[0.26155068 0.01307753]
 [0.01329126 0.36797903]]
gap= [0.3 0.7] at T=0 (computed with new function)
gap= [0.18462482 0.66303703] at T= 0.18281273243326815  (computed with new function)
 finished in 1.7068535447120667s
U= [[0.27355409 0.0136777 ]
 [0.0136777  0.37867807]]
UN0= [[0.26155068 0.01307753]
 [0.01329126 0.36797903]]
gap= [0.3 0.7] at T=0 (computed with new function)
gap= [8.64386502e-15 7.02611439e-14] at T= 0.3917414710048639  (computed with new function)
 finished in 1.942905839284261s
U= [[0.27355409 0.0136777 ]
 [0.0136777  0.37867807]]
UN0= [[0.26155068 0.01307753]
 [0.01329126 0.36797903]]
gap= [0.3 0.7] at T=0 (computed with new function)
gap= [0.20856161 0.67471661] at T= 0.1654020042189685  (computed with new function)
 finished in 1.725411295890808s
U= [[0.27355409 0.0136777 ]
 [0.0136777  0.37867807]]
UN0= [[0.26155068 0.01307753]
 [0.01329126 0.36797903]]
gap= [0.3 0.7] at T=0 (computed with new function)
gap= [0.01588449 0.12776347] at T= 0.3743307427905642  (computed with new function)
 finished in 1.999151317278544s
U= [[0.27355409 0.0136777 ]
 [0.0136777  0.37867807]]
UN0= [[0.26155068 0.01307753]
 [0.01329126 0.36797903]]
gap= [0.3 0.7] at T=0 (computed with new function)
gap= [0.23216617 0.68376285] at T= 0.14799127600466885  (computed with new function)
 finished in 1.7489747087160745s
U= [[0.27355409 0.0136777 ]
 [0.0136777  0.37867807]]
UN0= [[0.26155068 0.01307753]
 [0.01329126 0.36797903]]
gap= [0.3 0.7] at T=0 (computed with new function)
gap= [0.03587722 0.27644617] at T= 0.3569200145762646  (computed with new function)
 finished in 1.8036433378855388s
U= [[0.27355409 0.0136777 ]
 [0.0136777  0.37867807]]
UN0= [[0.26155068 0.01307753]
 [0.01329126 0.36797903]]
gap= [0.3 0.7] at T=0 (computed with new function)
gap= [0.25351305 0.69036538] at T= 0.13058054779036923  (computed with new function)
 finished in 1.6853263258934021s
U= [[0.27355409 0.0136777 ]
 [0.0136777  0.37867807]]
UN0= [[0.26155068 0.01307753]
 [0.01329126 0.36797903]]
gap= [0.3 0.7] at T=0 (computed with new function)
gap= [0.04939395 0.36315798] at T= 0.339509286361965  (computed with new function)
 finished in 1.7509806434313455s
U= [[0.21921735 0.04384347]
 [0.04384347 0.36193115]]
UN0= [[0.20959821 0.04191964]
 [0.04260473 0.35170526]]
gap= [0.3 0.7] at T=0 (computed with new function)
gap= [0.28364449 0.69103439] at T= 0.11316981957606956  (computed with new function)
 finished in 1.6941622217496237s
U= [[0.21921735 0.04384347]
 [0.04384347 0.36193115]]
UN0= [[0.20959821 0.04191964]
 [0.04260473 0.35170526]]
gap= [0.3 0.7] at T=0 (computed with new function)
gap= [0.10628565 0.36479861] at T= 0.32209855814766536  (computed with new function)
 finished in 1.7446411530176797s
U= [[0.21921735 0.04384347]
 [0.04384347 0.36193115]]
UN0= [[0.20959821 0.04191964]
 [0.04260473 0.35170526]]
gap= [0.3 0.7] at T=0 (computed with new function)
gap= [0.29093265 0.69536674] at T= 0.09575909136176994  (computed with new function)
 finished in 1.7334337115287781s
U= [[0.21921735 0.04384347]
 [0.04384347 0.36193115]]
UN0= [[0.20959821 0.04191964]
 [0.04260473 0.35170526]]
gap= [0.3 0.7] at T=0 (computed with new function)
gap= [0.12814583 0.42933035] at T= 0.30468782993336563  (computed with new function)
 finished in 1.755391824245453s
U= [[0.21921735 0.04384347]
 [0.04384347 0.36193115]]
UN0= [[0.20959821 0.04191964]
 [0.04260473 0.35170526]]
gap= [0.3 0.7] at T=0 (computed with new function)
gap= [0.2960019 0.698056 ] at T= 0.07834836314747028  (computed with new function)
 finished in 1.724726883570353s
U= [[0.21921735 0.04384347]
 [0.04384347 0.36193115]]
UN0= [[0.20959821 0.04191964]
 [0.04260473 0.35170526]]
gap= [0.3 0.7] at T=0 (computed with new function)
gap= [0.14720377 0.4807429 ] at T= 0.287277101719066  (computed with new function)
 finished in 1.7493061184883119s
U= [[0.21921735 0.04384347]
 [0.04384347 0.36193115]]
UN0= [[0.20959821 0.04191964]
 [0.04260473 0.35170526]]
gap= [0.3 0.7] at T=0 (computed with new function)
gap= [0.29883773 0.69944935] at T= 0.06093763493317064  (computed with new function)
 finished in 1.7312293887138366s
U= [[0.21921735 0.04384347]
 [0.04384347 0.36193115]]
UN0= [[0.20959821 0.04191964]
 [0.04260473 0.35170526]]
gap= [0.3 0.7] at T=0 (computed with new function)
gap= [0.16452045 0.52300179] at T= 0.2698663735047664  (computed with new function)
 finished in 1.7164179722468058s
U= [[0.21921735 0.04384347]
 [0.04384347 0.36193115]]
UN0= [[0.20959821 0.04191964]
 [0.04260473 0.35170526]]
gap= [0.3 0.7] at T=0 (computed with new function)
gap= [0.29986361 0.69993587] at T= 0.043526906718871  (computed with new function)
 finished in 1.6968989411989848s
U= [[0.21921735 0.04384347]
 [0.04384347 0.36193115]]
UN0= [[0.20959821 0.04191964]
 [0.04260473 0.35170526]]
gap= [0.3 0.7] at T=0 (computed with new function)
gap= [0.1806713  0.55827456] at T= 0.2524556452904667  (computed with new function)
 finished in 1.7368645469347637s
U= [[0.21921735 0.04384347]
 [0.04384347 0.36193115]]
UN0= [[0.20959821 0.04191964]
 [0.04260473 0.35170526]]
gap= [0.3 0.7] at T=0 (computed with new function)
gap= [0.29999893 0.6999995 ] at T= 0.02611617850457136  (computed with new function)
 finished in 1.6923923214276633s
U= [[0.21921735 0.04384347]
 [0.04384347 0.36193115]]
UN0= [[0.20959821 0.04191964]
 [0.04260473 0.35170526]]
gap= [0.3 0.7] at T=0 (computed with new function)
gap= [0.19599973 0.58790851] at T= 0.2350449170761671  (computed with new function)
 finished in 1.6929251472155253s
U= [[0.21921735 0.04384347]
 [0.04384347 0.36193115]]
UN0= [[0.20959821 0.04191964]
 [0.04260473 0.35170526]]
gap= [0.3 0.7] at T=0 (computed with new function)
gap= [0.3 0.7] at T= 0.00870545029027172  (computed with new function)
 finished in 1.6998937884966532s
U= [[0.21921735 0.04384347]
 [0.04384347 0.36193115]]
UN0= [[0.20959821 0.04191964]
 [0.04260473 0.35170526]]
gap= [0.3 0.7] at T=0 (computed with new function)
gap= [0.21070716 0.61281438] at T= 0.21763418886186742  (computed with new function)
 finished in 1.6961591045061748s
U= [[0.21921735 0.04384347]
 [0.04384347 0.36193115]]
UN0= [[0.20959821 0.04191964]
 [0.04260473 0.35170526]]
gap= [0.3 0.7] at T=0 (computed with new function)
gap= [3.21641830e-15 1.16053788e-14] at T= 0.4265629274334632  (computed with new function)
 finished in 1.7655970533688863s
U= [[0.21921735 0.04384347]
 [0.04384347 0.36193115]]
UN0= [[0.20959821 0.04191964]
 [0.04260473 0.35170526]]
gap= [0.3 0.7] at T=0 (computed with new function)
gap= [0.22488422 0.6336458 ] at T= 0.2002234606475678  (computed with new function)
 finished in 1.7227815548578898s
U= [[0.21921735 0.04384347]
 [0.04384347 0.36193115]]
UN0= [[0.20959821 0.04191964]
 [0.04260473 0.35170526]]
gap= [0.3 0.7] at T=0 (computed with new function)
gap= [4.41933421e-15 1.59457019e-14] at T= 0.4091521992191635  (computed with new function)
 finished in 1.7707274953524272s
U= [[0.21921735 0.04384347]
 [0.04384347 0.36193115]]
UN0= [[0.20959821 0.04191964]
 [0.04260473 0.35170526]]
gap= [0.3 0.7] at T=0 (computed with new function)
gap= [0.23851664 0.65089444] at T= 0.18281273243326815  (computed with new function)
 finished in 1.7200674533843994s
U= [[0.21921735 0.04384347]
 [0.04384347 0.36193115]]
UN0= [[0.20959821 0.04191964]
 [0.04260473 0.35170526]]
gap= [0.3 0.7] at T=0 (computed with new function)
gap= [7.05366966e-15 2.54508278e-14] at T= 0.3917414710048639  (computed with new function)
 finished in 1.8112931887308756s
U= [[0.21921735 0.04384347]
 [0.04384347 0.36193115]]
UN0= [[0.20959821 0.04191964]
 [0.04260473 0.35170526]]
gap= [0.3 0.7] at T=0 (computed with new function)
gap= [0.25148179 0.66494716] at T= 0.1654020042189685  (computed with new function)
 finished in 1.7077230572700501s
U= [[0.21921735 0.04384347]
 [0.04384347 0.36193115]]
UN0= [[0.20959821 0.04191964]
 [0.04260473 0.35170526]]
gap= [0.3 0.7] at T=0 (computed with new function)
gap= [1.69454469e-14 6.11420254e-14] at T= 0.3743307427905642  (computed with new function)
 finished in 1.9440924962361654s
U= [[0.21921735 0.04384347]
 [0.04384347 0.36193115]]
UN0= [[0.20959821 0.04191964]
 [0.04260473 0.35170526]]
gap= [0.3 0.7] at T=0 (computed with new function)
gap= [0.26354904 0.67612655] at T= 0.14799127600466885  (computed with new function)
 finished in 1.7189717094103496s
U= [[0.1733158  0.06932632]
 [0.06932632 0.347784  ]]
UN0= [[0.1657108  0.06628432]
 [0.0673676  0.33795783]]
gap= [0.3 0.7] at T=0 (computed with new function)
gap= [1.18436691e-13 3.43053541e-13] at T= 0.3569200145762646  (computed with new function)
 finished in 3.022837217648824s
U= [[0.1733158  0.06932632]
 [0.06932632 0.347784  ]]
UN0= [[0.1657108  0.06628432]
 [0.0673676  0.33795783]]
gap= [0.3 0.7] at T=0 (computed with new function)
gap= [0.28212839 0.68240625] at T= 0.13058054779036923  (computed with new function)
 finished in 1.6877474228541056s
U= [[0.1733158  0.06932632]
 [0.06932632 0.347784  ]]
UN0= [[0.1657108  0.06628432]
 [0.0673676  0.33795783]]
gap= [0.3 0.7] at T=0 (computed with new function)
gap= [0.08171382 0.23431296] at T= 0.339509286361965  (computed with new function)
 finished in 1.737655258178711s
U= [[0.1733158  0.06932632]
 [0.06932632 0.347784  ]]
UN0= [[0.1657108  0.06628432]
 [0.0673676  0.33795783]]
gap= [0.3 0.7] at T=0 (computed with new function)
gap= [0.28859956 0.68943206] at T= 0.11316981957606956  (computed with new function)
 finished in 1.6261661728223165s
U= [[0.1733158  0.06932632]
 [0.06932632 0.347784  ]]
UN0= [[0.1657108  0.06628432]
 [0.0673676  0.33795783]]
gap= [0.3 0.7] at T=0 (computed with new function)
gap= [0.11865506 0.33619792] at T= 0.32209855814766536  (computed with new function)
 finished in 1.7451936244964599s
U= [[0.1733158  0.06932632]
 [0.06932632 0.347784  ]]
UN0= [[0.1657108  0.06628432]
 [0.0673676  0.33795783]]
gap= [0.3 0.7] at T=0 (computed with new function)
gap= [0.29366031 0.69440418] at T= 0.09575909136176994  (computed with new function)
 finished in 1.6317596912384034s
U= [[0.1733158  0.06932632]
 [0.06932632 0.347784  ]]
UN0= [[0.1657108  0.06628432]
 [0.0673676  0.33795783]]
gap= [0.3 0.7] at T=0 (computed with new function)
gap= [0.14582156 0.40804548] at T= 0.30468782993336563  (computed with new function)
 finished in 1.733182462056478s
U= [[0.1733158  0.06932632]
 [0.06932632 0.347784  ]]
UN0= [[0.1657108  0.06628432]
 [0.0673676  0.33795783]]
gap= [0.3 0.7] at T=0 (computed with new function)
gap= [0.29718846 0.69760074] at T= 0.07834836314747028  (computed with new function)
 finished in 1.6711747686068217s
U= [[0.1733158  0.06932632]
 [0.06932632 0.347784  ]]
UN0= [[0.1657108  0.06628432]
 [0.0673676  0.33795783]]
gap= [0.3 0.7] at T=0 (computed with new function)
gap= [0.16802691 0.4640958 ] at T= 0.287277101719066  (computed with new function)
 finished in 1.7387180566787719s
U= [[0.1733158  0.06932632]
 [0.06932632 0.347784  ]]
UN0= [[0.1657108  0.06628432]
 [0.0673676  0.33795783]]
gap= [0.3 0.7] at T=0 (computed with new function)
gap= [0.29917774 0.69931032] at T= 0.06093763493317064  (computed with new function)
 finished in 1.6693489829699197s
U= [[0.1733158  0.06932632]
 [0.06932632 0.347784  ]]
UN0= [[0.1657108  0.06628432]
 [0.0673676  0.33795783]]
gap= [0.3 0.7] at T=0 (computed with new function)
gap= [0.18704651 0.5096619 ] at T= 0.2698663735047664  (computed with new function)
 finished in 1.7133800228436789s
U= [[0.1733158  0.06932632]
 [0.06932632 0.347784  ]]
UN0= [[0.1657108  0.06628432]
 [0.0673676  0.33795783]]
gap= [0.3 0.7] at T=0 (computed with new function)
gap= [0.29990315 0.69991917] at T= 0.043526906718871  (computed with new function)
 finished in 1.680816384156545s
U= [[0.1733158  0.06932632]
 [0.06932632 0.347784  ]]
UN0= [[0.1657108  0.06628432]
 [0.0673676  0.33795783]]
gap= [0.3 0.7] at T=0 (computed with new function)
gap= [0.20376935 0.54744605] at T= 0.2524556452904667  (computed with new function)
 finished in 1.7079978028933207s
U= [[0.1733158  0.06932632]
 [0.06932632 0.347784  ]]
UN0= [[0.1657108  0.06628432]
 [0.0673676  0.33795783]]
gap= [0.3 0.7] at T=0 (computed with new function)
gap= [0.29999924 0.69999936] at T= 0.02611617850457136  (computed with new function)
 finished in 1.690437916914622s
U= [[0.1733158  0.06932632]
 [0.06932632 0.347784  ]]
UN0= [[0.1657108  0.06628432]
 [0.0673676  0.33795783]]
gap= [0.3 0.7] at T=0 (computed with new function)
gap= [0.21871034 0.57905784] at T= 0.2350449170761671  (computed with new function)
 finished in 1.7019154588381449s
U= [[0.1733158  0.06932632]
 [0.06932632 0.347784  ]]
UN0= [[0.1657108  0.06628432]
 [0.0673676  0.33795783]]
gap= [0.3 0.7] at T=0 (computed with new function)
gap= [0.3 0.7] at T= 0.00870545029027172  (computed with new function)
 finished in 1.57552170753479s
U= [[0.1733158  0.06932632]
 [0.06932632 0.347784  ]]
UN0= [[0.1657108  0.06628432]
 [0.0673676  0.33795783]]
gap= [0.3 0.7] at T=0 (computed with new function)
gap= [0.23219009 0.60555709] at T= 0.21763418886186742  (computed with new function)
 finished in 1.243815783659617s
U= [[0.1733158  0.06932632]
 [0.06932632 0.347784  ]]
UN0= [[0.1657108  0.06628432]
 [0.0673676  0.33795783]]
gap= [0.3 0.7] at T=0 (computed with new function)
gap= [3.54535003e-15 1.02691562e-14] at T= 0.4265629274334632  (computed with new function)
 finished in 0.832259746392568s
U= [[0.1733158  0.06932632]
 [0.06932632 0.347784  ]]
UN0= [[0.1657108  0.06628432]
 [0.0673676  0.33795783]]
gap= [0.3 0.7] at T=0 (computed with new function)
gap= [0.24441109 0.62769449] at T= 0.2002234606475678  (computed with new function)
 finished in 0.7034589171409606s
U= [[0.1733158  0.06932632]
 [0.06932632 0.347784  ]]
UN0= [[0.1657108  0.06628432]
 [0.0673676  0.33795783]]
gap= [0.3 0.7] at T=0 (computed with new function)
gap= [4.69099466e-15 1.35875320e-14] at T= 0.4091521992191635  (computed with new function)
 finished in 0.7636292576789856s
U= [[0.1733158  0.06932632]
 [0.06932632 0.347784  ]]
UN0= [[0.1657108  0.06628432]
 [0.0673676  0.33795783]]
gap= [0.3 0.7] at T=0 (computed with new function)
gap= [0.25549269 0.64603429] at T= 0.18281273243326815  (computed with new function)
 finished in 0.6902316371599834s
U= [[0.1733158  0.06932632]
 [0.06932632 0.347784  ]]
UN0= [[0.1657108  0.06628432]
 [0.0673676  0.33795783]]
gap= [0.3 0.7] at T=0 (computed with new function)
gap= [6.89330333e-15 1.99665500e-14] at T= 0.3917414710048639  (computed with new function)
 finished in 0.5477060556411744s
