120000 parameters generated
parameters loaded
U= [[0.28782242 0.00575645]
 [0.00575645 0.38307567]]
UN0= [[0.27519293 0.00550386]
 [0.00559381 0.37225237]]
gap= [0.3 0.7] at T=0 (computed with new function)
gap= [0.28751383 0.69914182] at T= 0.08705372725462011  (computed with new function)
 finished in 1.4061065117518108s
U= [[0.28782242 0.00575645]
 [0.00575645 0.38307567]]
UN0= [[0.27519293 0.00550386]
 [0.00559381 0.37225237]]
gap= [0.3 0.7] at T=0 (computed with new function)
gap= [0.04168987 0.52242584] at T= 0.29598246582621585  (computed with new function)
 finished in 1.7689661026000976s
U= [[0.28782242 0.00575645]
 [0.00575645 0.38307567]]
UN0= [[0.27519293 0.00550386]
 [0.00559381 0.37225237]]
gap= [0.3 0.7] at T=0 (computed with new function)
gap= [0.29553755 0.69973993] at T= 0.06964299904032047  (computed with new function)
 finished in 1.6587281107902527s
U= [[0.28782242 0.00575645]
 [0.00575645 0.38307567]]
UN0= [[0.27519293 0.00550386]
 [0.00559381 0.37225237]]
gap= [0.3 0.7] at T=0 (computed with new function)
gap= [0.04873451 0.55762744] at T= 0.2785717376119162  (computed with new function)
 finished in 1.7363065044085184s
U= [[0.28782242 0.00575645]
 [0.00575645 0.38307567]]
UN0= [[0.27519293 0.00550386]
 [0.00559381 0.37225237]]
gap= [0.3 0.7] at T=0 (computed with new function)
gap= [0.29910979 0.69995208] at T= 0.052232270826020825  (computed with new function)
 finished in 1.666210381189982s
U= [[0.28782242 0.00575645]
 [0.00575645 0.38307567]]
UN0= [[0.27519293 0.00550386]
 [0.00559381 0.37225237]]
gap= [0.3 0.7] at T=0 (computed with new function)
gap= [0.05703424 0.58708642] at T= 0.26116100939761655  (computed with new function)
 finished in 1.752168349424998s
U= [[0.28782242 0.00575645]
 [0.00575645 0.38307567]]
UN0= [[0.27519293 0.00550386]
 [0.00559381 0.37225237]]
gap= [0.3 0.7] at T=0 (computed with new function)
gap= [0.29995915 0.69999783] at T= 0.03482154261172118  (computed with new function)
 finished in 1.7520999431610107s
U= [[0.28782242 0.00575645]
 [0.00575645 0.38307567]]
UN0= [[0.27519293 0.00550386]
 [0.00559381 0.37225237]]
gap= [0.3 0.7] at T=0 (computed with new function)
gap= [0.0673328  0.61175646] at T= 0.2437502811833169  (computed with new function)
 finished in 1.7698201656341552s
U= [[0.28782242 0.00575645]
 [0.00575645 0.38307567]]
UN0= [[0.27519293 0.00550386]
 [0.00559381 0.37225237]]
gap= [0.3 0.7] at T=0 (computed with new function)
gap= [0.29999999 0.7       ] at T= 0.01741081439742154  (computed with new function)
 finished in 1.7436850269635518s
U= [[0.28782242 0.00575645]
 [0.00575645 0.38307567]]
UN0= [[0.27519293 0.00550386]
 [0.00559381 0.37225237]]
gap= [0.3 0.7] at T=0 (computed with new function)
gap= [0.08079486 0.6323586 ] at T= 0.22633955296901723  (computed with new function)
 finished in 1.767985753218333s
U= [[0.28782242 0.00575645]
 [0.00575645 0.38307567]]
UN0= [[0.27519293 0.00550386]
 [0.00559381 0.37225237]]
gap= [0.3 0.7] at T=0 (computed with new function)
gap= [0.3 0.7] at T= 8.618312189740762e-08  (computed with new function)
 finished in 0.9416651050249736s
U= [[0.28782242 0.00575645]
 [0.00575645 0.38307567]]
UN0= [[0.27519293 0.00550386]
 [0.00559381 0.37225237]]
gap= [0.3 0.7] at T=0 (computed with new function)
gap= [0.0992017 0.6494898] at T= 0.2089288247547176  (computed with new function)
 finished in 1.777551519870758s
U= [[0.28782242 0.00575645]
 [0.00575645 0.38307567]]
UN0= [[0.27519293 0.00550386]
 [0.00559381 0.37225237]]
gap= [0.3 0.7] at T=0 (computed with new function)
gap= [1.82271540e-15 3.17293779e-14] at T= 0.41785756332631335  (computed with new function)
 finished in 1.850881028175354s
U= [[0.28782242 0.00575645]
 [0.00575645 0.38307567]]
UN0= [[0.27519293 0.00550386]
 [0.00559381 0.37225237]]
gap= [0.3 0.7] at T=0 (computed with new function)
gap= [0.12468483 0.6636626 ] at T= 0.191518096540418  (computed with new function)
 finished in 1.7820692261060078s
U= [[0.28782242 0.00575645]
 [0.00575645 0.38307567]]
UN0= [[0.27519293 0.00550386]
 [0.00559381 0.37225237]]
gap= [0.3 0.7] at T=0 (computed with new function)
gap= [4.23850386e-15 7.37828247e-14] at T= 0.40044683511201373  (computed with new function)
 finished in 1.994788408279419s
U= [[0.28782242 0.00575645]
 [0.00575645 0.38307567]]
UN0= [[0.27519293 0.00550386]
 [0.00559381 0.37225237]]
gap= [0.3 0.7] at T=0 (computed with new function)
gap= [0.157623   0.67522648] at T= 0.1741073683261183  (computed with new function)
 finished in 1.7833645462989807s
U= [[0.28782242 0.00575645]
 [0.00575645 0.38307567]]
UN0= [[0.27519293 0.00550386]
 [0.00559381 0.37225237]]
gap= [0.3 0.7] at T=0 (computed with new function)
gap= [0.00711379 0.1224558 ] at T= 0.3830361068977141  (computed with new function)
 finished in 2.088894780476888s
U= [[0.28782242 0.00575645]
 [0.00575645 0.38307567]]
UN0= [[0.27519293 0.00550386]
 [0.00559381 0.37225237]]
gap= [0.3 0.7] at T=0 (computed with new function)
gap= [0.19374634 0.6842679 ] at T= 0.15669664011181866  (computed with new function)
 finished in 1.7596018155415853s
U= [[0.28782242 0.00575645]
 [0.00575645 0.38307567]]
UN0= [[0.27519293 0.00550386]
 [0.00559381 0.37225237]]
gap= [0.3 0.7] at T=0 (computed with new function)
gap= [0.01683029 0.27543761] at T= 0.3656253786834144  (computed with new function)
 finished in 1.779142642021179s
U= [[0.28782242 0.00575645]
 [0.00575645 0.38307567]]
UN0= [[0.27519293 0.00550386]
 [0.00559381 0.37225237]]
gap= [0.3 0.7] at T=0 (computed with new function)
gap= [0.22690731 0.69083287] at T= 0.13928591189751904  (computed with new function)
 finished in 1.7481317003568013s
U= [[0.28782242 0.00575645]
 [0.00575645 0.38307567]]
UN0= [[0.27519293 0.00550386]
 [0.00559381 0.37225237]]
gap= [0.3 0.7] at T=0 (computed with new function)
gap= [0.0234777  0.36336521] at T= 0.34821465046911476  (computed with new function)
 finished in 1.773773193359375s
U= [[0.28782242 0.00575645]
 [0.00575645 0.38307567]]
UN0= [[0.27519293 0.00550386]
 [0.00559381 0.37225237]]
gap= [0.3 0.7] at T=0 (computed with new function)
gap= [0.25382509 0.69518982] at T= 0.1218751836832194  (computed with new function)
 finished in 1.6889529307683309s
U= [[0.28782242 0.00575645]
 [0.00575645 0.38307567]]
UN0= [[0.27519293 0.00550386]
 [0.00559381 0.37225237]]
gap= [0.3 0.7] at T=0 (computed with new function)
gap= [0.02945679 0.42843444] at T= 0.33080392225481514  (computed with new function)
 finished in 1.7072117408116658s
U= [[0.27355409 0.0136777 ]
 [0.0136777  0.37867807]]
UN0= [[0.26155068 0.01307753]
 [0.01329126 0.36797903]]
gap= [0.3 0.7] at T=0 (computed with new function)
gap= [0.278421   0.69638446] at T= 0.10446445546891975  (computed with new function)
 finished in 1.6914471109708151s
U= [[0.27355409 0.0136777 ]
 [0.0136777  0.37867807]]
UN0= [[0.26155068 0.01307753]
 [0.01329126 0.36797903]]
gap= [0.3 0.7] at T=0 (computed with new function)
gap= [0.06690872 0.45446304] at T= 0.31339319404051547  (computed with new function)
 finished in 1.6527220487594605s
U= [[0.27355409 0.0136777 ]
 [0.0136777  0.37867807]]
UN0= [[0.26155068 0.01307753]
 [0.01329126 0.36797903]]
gap= [0.3 0.7] at T=0 (computed with new function)
gap= [0.28948044 0.69844258] at T= 0.08705372725462011  (computed with new function)
 finished in 1.6822292486826578s
U= [[0.27355409 0.0136777 ]
 [0.0136777  0.37867807]]
UN0= [[0.26155068 0.01307753]
 [0.01329126 0.36797903]]
gap= [0.3 0.7] at T=0 (computed with new function)
gap= [0.07826962 0.50073878] at T= 0.29598246582621585  (computed with new function)
 finished in 1.6906030416488647s
U= [[0.27355409 0.0136777 ]
 [0.0136777  0.37867807]]
UN0= [[0.26155068 0.01307753]
 [0.01329126 0.36797903]]
gap= [0.3 0.7] at T=0 (computed with new function)
gap= [0.29619143 0.6994828 ] at T= 0.06964299904032047  (computed with new function)
 finished in 1.6847975889841715s
U= [[0.27355409 0.0136777 ]
 [0.0136777  0.37867807]]
UN0= [[0.26155068 0.01307753]
 [0.01329126 0.36797903]]
gap= [0.3 0.7] at T=0 (computed with new function)
gap= [0.0900641  0.53908617] at T= 0.2785717376119162  (computed with new function)
 finished in 1.7627875685691834s
U= [[0.27355409 0.0136777 ]
 [0.0136777  0.37867807]]
UN0= [[0.26155068 0.01307753]
 [0.01329126 0.36797903]]
gap= [0.3 0.7] at T=0 (computed with new function)
gap= [0.29923484 0.69989999] at T= 0.052232270826020825  (computed with new function)
 finished in 1.5522266308466592s
U= [[0.27355409 0.0136777 ]
 [0.0136777  0.37867807]]
UN0= [[0.26155068 0.01307753]
 [0.01329126 0.36797903]]
gap= [0.3 0.7] at T=0 (computed with new function)
gap= [0.1027928  0.57122063] at T= 0.26116100939761655  (computed with new function)
 finished in 1.7530969738960267s
U= [[0.27355409 0.0136777 ]
 [0.0136777  0.37867807]]
UN0= [[0.26155068 0.01307753]
 [0.01329126 0.36797903]]
gap= [0.3 0.7] at T=0 (computed with new function)
gap= [0.29996481 0.69999543] at T= 0.03482154261172118  (computed with new function)
 finished in 1.7178819537162782s
U= [[0.27355409 0.0136777 ]
 [0.0136777  0.37867807]]
UN0= [[0.26155068 0.01307753]
 [0.01329126 0.36797903]]
gap= [0.3 0.7] at T=0 (computed with new function)
gap= [0.11697512 0.59827809] at T= 0.2437502811833169  (computed with new function)
 finished in 1.7836830854415893s
U= [[0.27355409 0.0136777 ]
 [0.0136777  0.37867807]]
UN0= [[0.26155068 0.01307753]
 [0.01329126 0.36797903]]
gap= [0.3 0.7] at T=0 (computed with new function)
gap= [0.3 0.7] at T= 0.01741081439742154  (computed with new function)
 finished in 1.709199591477712s
U= [[0.27355409 0.0136777 ]
 [0.0136777  0.37867807]]
UN0= [[0.26155068 0.01307753]
 [0.01329126 0.36797903]]
gap= [0.3 0.7] at T=0 (computed with new function)
gap= [0.1331568  0.62107296] at T= 0.22633955296901723  (computed with new function)
 finished in 1.7872240622838338s
U= [[0.27355409 0.0136777 ]
 [0.0136777  0.37867807]]
UN0= [[0.26155068 0.01307753]
 [0.01329126 0.36797903]]
gap= [0.3 0.7] at T=0 (computed with new function)
gap= [0.3 0.7] at T= 8.618312189740762e-08  (computed with new function)
 finished in 0.9441720088322957s
U= [[0.27355409 0.0136777 ]
 [0.0136777  0.37867807]]
UN0= [[0.26155068 0.01307753]
 [0.01329126 0.36797903]]
gap= [0.3 0.7] at T=0 (computed with new function)
gap= [0.15181836 0.64021672] at T= 0.2089288247547176  (computed with new function)
 finished in 1.7402201930681864s
U= [[0.27355409 0.0136777 ]
 [0.0136777  0.37867807]]
UN0= [[0.26155068 0.01307753]
 [0.01329126 0.36797903]]
gap= [0.3 0.7] at T=0 (computed with new function)
gap= [2.83508360e-15 2.30448088e-14] at T= 0.41785756332631335  (computed with new function)
 finished in 1.812394913037618s
U= [[0.27355409 0.0136777 ]
 [0.0136777  0.37867807]]
UN0= [[0.26155068 0.01307753]
 [0.01329126 0.36797903]]
gap= [0.3 0.7] at T=0 (computed with new function)
gap= [0.17311964 0.65616268] at T= 0.191518096540418  (computed with new function)
 finished in 1.7627711534500121s
U= [[0.27355409 0.0136777 ]
 [0.0136777  0.37867807]]
UN0= [[0.26155068 0.01307753]
 [0.01329126 0.36797903]]
gap= [0.3 0.7] at T=0 (computed with new function)
gap= [5.21574674e-15 4.23958879e-14] at T= 0.40044683511201373  (computed with new function)
 finished in 1.8753305355707803s
U= [[0.27355409 0.0136777 ]
 [0.0136777  0.37867807]]
UN0= [[0.26155068 0.01307753]
 [0.01329126 0.36797903]]
gap= [0.3 0.7] at T=0 (computed with new function)
gap= [0.1965098  0.66921516] at T= 0.1741073683261183  (computed with new function)
 finished in 1.774806292851766s
U= [[0.27355409 0.0136777 ]
 [0.0136777  0.37867807]]
UN0= [[0.26155068 0.01307753]
 [0.01329126 0.36797903]]
gap= [0.3 0.7] at T=0 (computed with new function)
gap= [2.66867373e-14 2.16921561e-13] at T= 0.3830361068977141  (computed with new function)
 finished in 2.470919450124105s
U= [[0.27355409 0.0136777 ]
 [0.0136777  0.37867807]]
UN0= [[0.26155068 0.01307753]
 [0.01329126 0.36797903]]
gap= [0.3 0.7] at T=0 (computed with new function)
gap= [0.22053228 0.67955914] at T= 0.15669664011181866  (computed with new function)
 finished in 1.7669864535331725s
U= [[0.27355409 0.0136777 ]
 [0.0136777  0.37867807]]
UN0= [[0.26155068 0.01307753]
 [0.01329126 0.36797903]]
gap= [0.3 0.7] at T=0 (computed with new function)
gap= [0.02751283 0.21669491] at T= 0.3656253786834144  (computed with new function)
 finished in 1.8440242052078246s
U= [[0.27355409 0.0136777 ]
 [0.0136777  0.37867807]]
UN0= [[0.26155068 0.01307753]
 [0.01329126 0.36797903]]
gap= [0.3 0.7] at T=0 (computed with new function)
gap= [0.24322632 0.68735366] at T= 0.13928591189751904  (computed with new function)
 finished in 1.7563156882921855s
U= [[0.21921735 0.04384347]
 [0.04384347 0.36193115]]
UN0= [[0.20959821 0.04191964]
 [0.04260473 0.35170526]]
gap= [0.3 0.7] at T=0 (computed with new function)
gap= [0.0615098  0.21836976] at T= 0.34821465046911476  (computed with new function)
 finished in 1.8649966875712076s
U= [[0.21921735 0.04384347]
 [0.04384347 0.36193115]]
UN0= [[0.20959821 0.04191964]
 [0.04260473 0.35170526]]
gap= [0.3 0.7] at T=0 (computed with new function)
gap= [0.27924352 0.6881469 ] at T= 0.1218751836832194  (computed with new function)
 finished in 1.744300643603007s
U= [[0.21921735 0.04384347]
 [0.04384347 0.36193115]]
UN0= [[0.20959821 0.04191964]
 [0.04260473 0.35170526]]
gap= [0.3 0.7] at T=0 (computed with new function)
gap= [0.09365952 0.32520609] at T= 0.33080392225481514  (computed with new function)
 finished in 1.799873979886373s
U= [[0.21921735 0.04384347]
 [0.04384347 0.36193115]]
UN0= [[0.20959821 0.04191964]
 [0.04260473 0.35170526]]
gap= [0.3 0.7] at T=0 (computed with new function)
gap= [0.28755363 0.69342723] at T= 0.10446445546891975  (computed with new function)
 finished in 1.677527089913686s
U= [[0.21921735 0.04384347]
 [0.04384347 0.36193115]]
UN0= [[0.20959821 0.04191964]
 [0.04260473 0.35170526]]
gap= [0.3 0.7] at T=0 (computed with new function)
gap= [0.11766614 0.39907824] at T= 0.31339319404051547  (computed with new function)
 finished in 1.771013065179189s
U= [[0.21921735 0.04384347]
 [0.04384347 0.36193115]]
UN0= [[0.20959821 0.04191964]
 [0.04260473 0.35170526]]
gap= [0.3 0.7] at T=0 (computed with new function)
gap= [0.29375329 0.69689535] at T= 0.08705372725462011  (computed with new function)
 finished in 1.7417646368344626s
U= [[0.21921735 0.04384347]
 [0.04384347 0.36193115]]
UN0= [[0.20959821 0.04191964]
 [0.04260473 0.35170526]]
gap= [0.3 0.7] at T=0 (computed with new function)
gap= [0.13794232 0.45636739] at T= 0.29598246582621585  (computed with new function)
 finished in 1.7405866662661234s
U= [[0.21921735 0.04384347]
 [0.04384347 0.36193115]]
UN0= [[0.20959821 0.04191964]
 [0.04260473 0.35170526]]
gap= [0.3 0.7] at T=0 (computed with new function)
gap= [0.29768529 0.69889222] at T= 0.06964299904032047  (computed with new function)
 finished in 1.7372071226437886s
U= [[0.21921735 0.04384347]
 [0.04384347 0.36193115]]
UN0= [[0.20959821 0.04191964]
 [0.04260473 0.35170526]]
gap= [0.3 0.7] at T=0 (computed with new function)
gap= [0.15603664 0.50285497] at T= 0.2785717376119162  (computed with new function)
 finished in 1.7364660660425821s
U= [[0.21921735 0.04384347]
 [0.04384347 0.36193115]]
UN0= [[0.20959821 0.04191964]
 [0.04260473 0.35170526]]
gap= [0.3 0.7] at T=0 (computed with new function)
gap= [0.29952821 0.69977768] at T= 0.052232270826020825  (computed with new function)
 finished in 1.7244868516921996s
U= [[0.21921735 0.04384347]
 [0.04384347 0.36193115]]
UN0= [[0.20959821 0.04191964]
 [0.04260473 0.35170526]]
gap= [0.3 0.7] at T=0 (computed with new function)
gap= [0.17271617 0.54141398] at T= 0.26116100939761655  (computed with new function)
 finished in 1.7055737415949503s
U= [[0.21921735 0.04384347]
 [0.04384347 0.36193115]]
UN0= [[0.20959821 0.04191964]
 [0.04260473 0.35170526]]
gap= [0.3 0.7] at T=0 (computed with new function)
gap= [0.29997819 0.69998975] at T= 0.03482154261172118  (computed with new function)
 finished in 1.603398855527242s
U= [[0.21921735 0.04384347]
 [0.04384347 0.36193115]]
UN0= [[0.20959821 0.04191964]
 [0.04260473 0.35170526]]
gap= [0.3 0.7] at T=0 (computed with new function)
gap= [0.18842294 0.57373192] at T= 0.2437502811833169  (computed with new function)
 finished in 1.752434492111206s
U= [[0.21921735 0.04384347]
 [0.04384347 0.36193115]]
UN0= [[0.20959821 0.04191964]
 [0.04260473 0.35170526]]
gap= [0.3 0.7] at T=0 (computed with new function)
gap= [0.3 0.7] at T= 0.01741081439742154  (computed with new function)
 finished in 1.7428684035936992s
U= [[0.21921735 0.04384347]
 [0.04384347 0.36193115]]
UN0= [[0.20959821 0.04191964]
 [0.04260473 0.35170526]]
gap= [0.3 0.7] at T=0 (computed with new function)
gap= [0.20342295 0.60090695] at T= 0.22633955296901723  (computed with new function)
 finished in 1.7550225019454957s
U= [[0.21921735 0.04384347]
 [0.04384347 0.36193115]]
UN0= [[0.20959821 0.04191964]
 [0.04260473 0.35170526]]
gap= [0.3 0.7] at T=0 (computed with new function)
gap= [0.3 0.7] at T= 8.618312189740762e-08  (computed with new function)
 finished in 0.9159714420636494s
U= [[0.21921735 0.04384347]
 [0.04384347 0.36193115]]
UN0= [[0.20959821 0.04191964]
 [0.04260473 0.35170526]]
gap= [0.3 0.7] at T=0 (computed with new function)
gap= [0.21786039 0.62370566] at T= 0.2089288247547176  (computed with new function)
 finished in 1.7593255162239074s
U= [[0.21921735 0.04384347]
 [0.04384347 0.36193115]]
UN0= [[0.20959821 0.04191964]
 [0.04260473 0.35170526]]
gap= [0.3 0.7] at T=0 (computed with new function)
gap= [3.82745421e-15 1.38100992e-14] at T= 0.41785756332631335  (computed with new function)
 finished in 1.8089561820030213s
U= [[0.21921735 0.04384347]
 [0.04384347 0.36193115]]
UN0= [[0.20959821 0.04191964]
 [0.04260473 0.35170526]]
gap= [0.3 0.7] at T=0 (computed with new function)
gap= [0.23177359 0.64269186] at T= 0.191518096540418  (computed with new function)
 finished in 1.7228846112887064s
U= [[0.21921735 0.04384347]
 [0.04384347 0.36193115]]
UN0= [[0.20959821 0.04191964]
 [0.04260473 0.35170526]]
gap= [0.3 0.7] at T=0 (computed with new function)
gap= [5.61371926e-15 2.02552443e-14] at T= 0.40044683511201373  (computed with new function)
 finished in 1.8119832237561544s
U= [[0.21921735 0.04384347]
 [0.04384347 0.36193115]]
UN0= [[0.20959821 0.04191964]
 [0.04260473 0.35170526]]
gap= [0.3 0.7] at T=0 (computed with new function)
gap= [0.24509459 0.65829904] at T= 0.1741073683261183  (computed with new function)
 finished in 1.7643605709075927s
U= [[0.21921735 0.04384347]
 [0.04384347 0.36193115]]
UN0= [[0.20959821 0.04191964]
 [0.04260473 0.35170526]]
gap= [0.3 0.7] at T=0 (computed with new function)
gap= [9.96736926e-15 3.59639465e-14] at T= 0.3830361068977141  (computed with new function)
 finished in 1.8810779690742492s
U= [[0.1733158  0.06932632]
 [0.06932632 0.347784  ]]
UN0= [[0.1657108  0.06628432]
 [0.0673676  0.33795783]]
gap= [0.3 0.7] at T=0 (computed with new function)
gap= [0.2700767  0.66738176] at T= 0.15669664011181866  (computed with new function)
 finished in 1.7772139390309651s
U= [[0.1733158  0.06932632]
 [0.06932632 0.347784  ]]
UN0= [[0.1657108  0.06628432]
 [0.0673676  0.33795783]]
gap= [0.3 0.7] at T=0 (computed with new function)
gap= [2.33215840e-14 6.75512961e-14] at T= 0.3656253786834144  (computed with new function)
 finished in 2.0402382969856263s
U= [[0.1733158  0.06932632]
 [0.06932632 0.347784  ]]
UN0= [[0.1657108  0.06628432]
 [0.0673676  0.33795783]]
gap= [0.3 0.7] at T=0 (computed with new function)
gap= [0.27840851 0.67803358] at T= 0.13928591189751904  (computed with new function)
 finished in 1.7408341805140177s
U= [[0.1733158  0.06932632]
 [0.06932632 0.347784  ]]
UN0= [[0.1657108  0.06628432]
 [0.0673676  0.33795783]]
gap= [0.3 0.7] at T=0 (computed with new function)
gap= [0.05379876 0.1551621 ] at T= 0.34821465046911476  (computed with new function)
 finished in 1.9781586607297261s
U= [[0.1733158  0.06932632]
 [0.06932632 0.347784  ]]
UN0= [[0.1657108  0.06628432]
 [0.0673676  0.33795783]]
gap= [0.3 0.7] at T=0 (computed with new function)
gap= [0.28553122 0.6861936 ] at T= 0.1218751836832194  (computed with new function)
 finished in 1.7252535502115884s
U= [[0.1733158  0.06932632]
 [0.06932632 0.347784  ]]
UN0= [[0.1657108  0.06628432]
 [0.0673676  0.33795783]]
gap= [0.3 0.7] at T=0 (computed with new function)
gap= [0.10200642 0.29077731] at T= 0.33080392225481514  (computed with new function)
 finished in 1.7430589278539022s
U= [[0.1733158  0.06932632]
 [0.06932632 0.347784  ]]
UN0= [[0.1657108  0.06628432]
 [0.0673676  0.33795783]]
gap= [0.3 0.7] at T=0 (computed with new function)
gap= [0.29131512 0.69215727] at T= 0.10446445546891975  (computed with new function)
 finished in 1.7124211311340332s
U= [[0.1733158  0.06932632]
 [0.06932632 0.347784  ]]
UN0= [[0.1657108  0.06628432]
 [0.0673676  0.33795783]]
gap= [0.3 0.7] at T=0 (computed with new function)
gap= [0.13303573 0.37462372] at T= 0.31339319404051547  (computed with new function)
 finished in 1.7117442727088927s
U= [[0.1733158  0.06932632]
 [0.06932632 0.347784  ]]
UN0= [[0.1657108  0.06628432]
 [0.0673676  0.33795783]]
gap= [0.3 0.7] at T=0 (computed with new function)
gap= [0.2956207  0.69620717] at T= 0.08705372725462011  (computed with new function)
 finished in 1.7335814197858175s
U= [[0.1733158  0.06932632]
 [0.06932632 0.347784  ]]
UN0= [[0.1657108  0.06628432]
 [0.0673676  0.33795783]]
gap= [0.3 0.7] at T=0 (computed with new function)
gap= [0.1574021  0.43762094] at T= 0.29598246582621585  (computed with new function)
 finished in 1.7703846454620362s
U= [[0.1733158  0.06932632]
 [0.06932632 0.347784  ]]
UN0= [[0.1657108  0.06628432]
 [0.0673676  0.33795783]]
gap= [0.3 0.7] at T=0 (computed with new function)
gap= [0.29836712 0.69862122] at T= 0.06964299904032047  (computed with new function)
 finished in 1.6874625921249389s
U= [[0.1733158  0.06932632]
 [0.06932632 0.347784  ]]
UN0= [[0.1657108  0.06628432]
 [0.0673676  0.33795783]]
gap= [0.3 0.7] at T=0 (computed with new function)
gap= [0.17786724 0.48798484] at T= 0.2785717376119162  (computed with new function)
 finished in 1.7075373609860738s
U= [[0.1733158  0.06932632]
 [0.06932632 0.347784  ]]
UN0= [[0.1657108  0.06628432]
 [0.0673676  0.33795783]]
gap= [0.3 0.7] at T=0 (computed with new function)
gap= [0.29966548 0.6997204 ] at T= 0.052232270826020825  (computed with new function)
 finished in 1.761193287372589s
U= [[0.1733158  0.06932632]
 [0.06932632 0.347784  ]]
UN0= [[0.1657108  0.06628432]
 [0.0673676  0.33795783]]
gap= [0.3 0.7] at T=0 (computed with new function)
gap= [0.19565695 0.5294091 ] at T= 0.26116100939761655  (computed with new function)
 finished in 1.6687904516855876s
U= [[0.1733158  0.06932632]
 [0.06932632 0.347784  ]]
UN0= [[0.1657108  0.06628432]
 [0.0673676  0.33795783]]
gap= [0.3 0.7] at T=0 (computed with new function)
gap= [0.29998451 0.69998707] at T= 0.03482154261172118  (computed with new function)
 finished in 1.7071391105651856s
U= [[0.1733158  0.06932632]
 [0.06932632 0.347784  ]]
UN0= [[0.1657108  0.06628432]
 [0.0673676  0.33795783]]
gap= [0.3 0.7] at T=0 (computed with new function)
gap= [0.21143916 0.56394801] at T= 0.2437502811833169  (computed with new function)
 finished in 1.7663930296897887s
U= [[0.1733158  0.06932632]
 [0.06932632 0.347784  ]]
UN0= [[0.1657108  0.06628432]
 [0.0673676  0.33795783]]
gap= [0.3 0.7] at T=0 (computed with new function)
gap= [0.3 0.7] at T= 0.01741081439742154  (computed with new function)
 finished in 1.6551355401674905s
U= [[0.1733158  0.06932632]
 [0.06932632 0.347784  ]]
UN0= [[0.1657108  0.06628432]
 [0.0673676  0.33795783]]
gap= [0.3 0.7] at T=0 (computed with new function)
gap= [0.22561798 0.59289416] at T= 0.22633955296901723  (computed with new function)
 finished in 1.7643544793128967s
U= [[0.1733158  0.06932632]
 [0.06932632 0.347784  ]]
UN0= [[0.1657108  0.06628432]
 [0.0673676  0.33795783]]
gap= [0.3 0.7] at T=0 (computed with new function)
gap= [0.3 0.7] at T= 8.618312189740762e-08  (computed with new function)
 finished in 0.9041391849517822s
U= [[0.1733158  0.06932632]
 [0.06932632 0.347784  ]]
UN0= [[0.1657108  0.06628432]
 [0.0673676  0.33795783]]
gap= [0.3 0.7] at T=0 (computed with new function)
gap= [0.23844877 0.61713238] at T= 0.2089288247547176  (computed with new function)
 finished in 1.7631951649983724s
U= [[0.1733158  0.06932632]
 [0.06932632 0.347784  ]]
UN0= [[0.1657108  0.06628432]
 [0.0673676  0.33795783]]
gap= [0.3 0.7] at T=0 (computed with new function)
gap= [3.96622142e-15 1.14882161e-14] at T= 0.41785756332631335  (computed with new function)
 finished in 1.7211590687433878s
U= [[0.1733158  0.06932632]
 [0.06932632 0.347784  ]]
UN0= [[0.1657108  0.06628432]
 [0.0673676  0.33795783]]
gap= [0.3 0.7] at T=0 (computed with new function)
gap= [0.25008958 0.63730897] at T= 0.191518096540418  (computed with new function)
 finished in 1.7522282441457113s
U= [[0.1733158  0.06932632]
 [0.06932632 0.347784  ]]
UN0= [[0.1657108  0.06628432]
 [0.0673676  0.33795783]]
gap= [0.3 0.7] at T=0 (computed with new function)
gap= [5.52896037e-15 1.60147115e-14] at T= 0.40044683511201373  (computed with new function)
 finished in 1.8307553291320802s
U= [[0.28782242 0.00575645]
 [0.00575645 0.38307567]]
UN0= [[0.27519293 0.00550386]
 [0.00559381 0.37225237]]
gap= [0.3 0.7] at T=0 (computed with new function)
gap= [0.157623   0.67522648] at T= 0.1741073683261183  (computed with new function)
 finished in 1.7523728171984354s
U= [[0.28782242 0.00575645]
 [0.00575645 0.38307567]]
UN0= [[0.27519293 0.00550386]
 [0.00559381 0.37225237]]
gap= [0.3 0.7] at T=0 (computed with new function)
gap= [0.00711379 0.1224558 ] at T= 0.3830361068977141  (computed with new function)
 finished in 2.146544011433919s
U= [[0.28782242 0.00575645]
 [0.00575645 0.38307567]]
UN0= [[0.27519293 0.00550386]
 [0.00559381 0.37225237]]
gap= [0.3 0.7] at T=0 (computed with new function)
gap= [0.19374634 0.6842679 ] at T= 0.15669664011181866  (computed with new function)
 finished in 1.7483511765797932s
U= [[0.28782242 0.00575645]
 [0.00575645 0.38307567]]
UN0= [[0.27519293 0.00550386]
 [0.00559381 0.37225237]]
gap= [0.3 0.7] at T=0 (computed with new function)
gap= [0.01683029 0.27543761] at T= 0.3656253786834144  (computed with new function)
 finished in 1.8443068981170654s
U= [[0.28782242 0.00575645]
 [0.00575645 0.38307567]]
UN0= [[0.27519293 0.00550386]
 [0.00559381 0.37225237]]
gap= [0.3 0.7] at T=0 (computed with new function)
gap= [0.22690731 0.69083287] at T= 0.13928591189751904  (computed with new function)
 finished in 1.7062080144882201s
U= [[0.28782242 0.00575645]
 [0.00575645 0.38307567]]
UN0= [[0.27519293 0.00550386]
 [0.00559381 0.37225237]]
gap= [0.3 0.7] at T=0 (computed with new function)
gap= [0.0234777  0.36336521] at T= 0.34821465046911476  (computed with new function)
 finished in 1.795240581035614s
U= [[0.28782242 0.00575645]
 [0.00575645 0.38307567]]
UN0= [[0.27519293 0.00550386]
 [0.00559381 0.37225237]]
gap= [0.3 0.7] at T=0 (computed with new function)
gap= [0.25382509 0.69518982] at T= 0.1218751836832194  (computed with new function)
 finished in 1.6902508894602457s
U= [[0.28782242 0.00575645]
 [0.00575645 0.38307567]]
UN0= [[0.27519293 0.00550386]
 [0.00559381 0.37225237]]
gap= [0.3 0.7] at T=0 (computed with new function)
gap= [0.02945679 0.42843444] at T= 0.33080392225481514  (computed with new function)
 finished in 1.7933330217997232s
U= [[0.28782242 0.00575645]
 [0.00575645 0.38307567]]
UN0= [[0.27519293 0.00550386]
 [0.00559381 0.37225237]]
gap= [0.3 0.7] at T=0 (computed with new function)
gap= [0.27388031 0.69778778] at T= 0.10446445546891975  (computed with new function)
 finished in 1.7478758255640665s
U= [[0.28782242 0.00575645]
 [0.00575645 0.38307567]]
UN0= [[0.27519293 0.00550386]
 [0.00559381 0.37225237]]
gap= [0.3 0.7] at T=0 (computed with new function)
gap= [0.03539516 0.48009949] at T= 0.31339319404051547  (computed with new function)
 finished in 1.7313302675882976s
U= [[0.28782242 0.00575645]
 [0.00575645 0.38307567]]
UN0= [[0.27519293 0.00550386]
 [0.00559381 0.37225237]]
gap= [0.3 0.7] at T=0 (computed with new function)
gap= [0.28751383 0.69914182] at T= 0.08705372725462011  (computed with new function)
 finished in 1.6935224692026773s
U= [[0.28782242 0.00575645]
 [0.00575645 0.38307567]]
UN0= [[0.27519293 0.00550386]
 [0.00559381 0.37225237]]
gap= [0.3 0.7] at T=0 (computed with new function)
gap= [0.04168987 0.52242584] at T= 0.29598246582621585  (computed with new function)
 finished in 1.764040211836497s
U= [[0.28782242 0.00575645]
 [0.00575645 0.38307567]]
UN0= [[0.27519293 0.00550386]
 [0.00559381 0.37225237]]
gap= [0.3 0.7] at T=0 (computed with new function)
gap= [0.29553755 0.69973993] at T= 0.06964299904032047  (computed with new function)
 finished in 1.5977561235427857s
U= [[0.28782242 0.00575645]
 [0.00575645 0.38307567]]
UN0= [[0.27519293 0.00550386]
 [0.00559381 0.37225237]]
gap= [0.3 0.7] at T=0 (computed with new function)
gap= [0.04873451 0.55762744] at T= 0.2785717376119162  (computed with new function)
 finished in 1.7282113353411357s
U= [[0.28782242 0.00575645]
 [0.00575645 0.38307567]]
UN0= [[0.27519293 0.00550386]
 [0.00559381 0.37225237]]
gap= [0.3 0.7] at T=0 (computed with new function)
gap= [0.29910979 0.69995208] at T= 0.052232270826020825  (computed with new function)
 finished in 1.740241289138794s
U= [[0.28782242 0.00575645]
 [0.00575645 0.38307567]]
UN0= [[0.27519293 0.00550386]
 [0.00559381 0.37225237]]
gap= [0.3 0.7] at T=0 (computed with new function)
gap= [0.05703424 0.58708642] at T= 0.26116100939761655  (computed with new function)
 finished in 1.6653319915135703s
U= [[0.28782242 0.00575645]
 [0.00575645 0.38307567]]
UN0= [[0.27519293 0.00550386]
 [0.00559381 0.37225237]]
gap= [0.3 0.7] at T=0 (computed with new function)
gap= [0.29995915 0.69999783] at T= 0.03482154261172118  (computed with new function)
 finished in 1.7166131337483723s
U= [[0.28782242 0.00575645]
 [0.00575645 0.38307567]]
UN0= [[0.27519293 0.00550386]
 [0.00559381 0.37225237]]
gap= [0.3 0.7] at T=0 (computed with new function)
gap= [0.0673328  0.61175646] at T= 0.2437502811833169  (computed with new function)
 finished in 1.683999248345693s
U= [[0.28782242 0.00575645]
 [0.00575645 0.38307567]]
UN0= [[0.27519293 0.00550386]
 [0.00559381 0.37225237]]
gap= [0.3 0.7] at T=0 (computed with new function)
gap= [0.29999999 0.7       ] at T= 0.01741081439742154  (computed with new function)
 finished in 1.6761842807133993s
U= [[0.28782242 0.00575645]
 [0.00575645 0.38307567]]
UN0= [[0.27519293 0.00550386]
 [0.00559381 0.37225237]]
gap= [0.3 0.7] at T=0 (computed with new function)
gap= [0.08079486 0.6323586 ] at T= 0.22633955296901723  (computed with new function)
 finished in 1.7133660674095155s
U= [[0.28782242 0.00575645]
 [0.00575645 0.38307567]]
UN0= [[0.27519293 0.00550386]
 [0.00559381 0.37225237]]
gap= [0.3 0.7] at T=0 (computed with new function)
gap= [0.3 0.7] at T= 8.618312189740762e-08  (computed with new function)
 finished in 0.8943590641021728s
U= [[0.28782242 0.00575645]
 [0.00575645 0.38307567]]
UN0= [[0.27519293 0.00550386]
 [0.00559381 0.37225237]]
gap= [0.3 0.7] at T=0 (computed with new function)
gap= [0.0992017 0.6494898] at T= 0.2089288247547176  (computed with new function)
 finished in 1.721445115407308s
U= [[0.27355409 0.0136777 ]
 [0.0136777  0.37867807]]
UN0= [[0.26155068 0.01307753]
 [0.01329126 0.36797903]]
gap= [0.3 0.7] at T=0 (computed with new function)
gap= [2.83508360e-15 2.30448088e-14] at T= 0.41785756332631335  (computed with new function)
 finished in 1.712149969736735s
U= [[0.27355409 0.0136777 ]
 [0.0136777  0.37867807]]
UN0= [[0.26155068 0.01307753]
 [0.01329126 0.36797903]]
gap= [0.3 0.7] at T=0 (computed with new function)
gap= [0.17311964 0.65616268] at T= 0.191518096540418  (computed with new function)
 finished in 1.7360495408376058s
U= [[0.27355409 0.0136777 ]
 [0.0136777  0.37867807]]
UN0= [[0.26155068 0.01307753]
 [0.01329126 0.36797903]]
gap= [0.3 0.7] at T=0 (computed with new function)
gap= [5.21574674e-15 4.23958879e-14] at T= 0.40044683511201373  (computed with new function)
 finished in 1.9006938060124716s
U= [[0.27355409 0.0136777 ]
 [0.0136777  0.37867807]]
UN0= [[0.26155068 0.01307753]
 [0.01329126 0.36797903]]
gap= [0.3 0.7] at T=0 (computed with new function)
gap= [0.1965098  0.66921516] at T= 0.1741073683261183  (computed with new function)
 finished in 1.7629114905993144s
U= [[0.27355409 0.0136777 ]
 [0.0136777  0.37867807]]
UN0= [[0.26155068 0.01307753]
 [0.01329126 0.36797903]]
gap= [0.3 0.7] at T=0 (computed with new function)
gap= [2.66867373e-14 2.16921561e-13] at T= 0.3830361068977141  (computed with new function)
 finished in 2.4950461665789287s
U= [[0.27355409 0.0136777 ]
 [0.0136777  0.37867807]]
UN0= [[0.26155068 0.01307753]
 [0.01329126 0.36797903]]
gap= [0.3 0.7] at T=0 (computed with new function)
gap= [0.22053228 0.67955914] at T= 0.15669664011181866  (computed with new function)
 finished in 1.7759262601534525s
U= [[0.27355409 0.0136777 ]
 [0.0136777  0.37867807]]
UN0= [[0.26155068 0.01307753]
 [0.01329126 0.36797903]]
gap= [0.3 0.7] at T=0 (computed with new function)
gap= [0.02751283 0.21669491] at T= 0.3656253786834144  (computed with new function)
 finished in 1.9112204710642497s
U= [[0.27355409 0.0136777 ]
 [0.0136777  0.37867807]]
UN0= [[0.26155068 0.01307753]
 [0.01329126 0.36797903]]
gap= [0.3 0.7] at T=0 (computed with new function)
gap= [0.24322632 0.68735366] at T= 0.13928591189751904  (computed with new function)
 finished in 1.7573610186576842s
U= [[0.27355409 0.0136777 ]
 [0.0136777  0.37867807]]
UN0= [[0.26155068 0.01307753]
 [0.01329126 0.36797903]]
gap= [0.3 0.7] at T=0 (computed with new function)
gap= [0.04297285 0.32361813] at T= 0.34821465046911476  (computed with new function)
 finished in 1.814436384042104s
U= [[0.27355409 0.0136777 ]
 [0.0136777  0.37867807]]
UN0= [[0.26155068 0.01307753]
 [0.01329126 0.36797903]]
gap= [0.3 0.7] at T=0 (computed with new function)
gap= [0.26287253 0.6928402 ] at T= 0.1218751836832194  (computed with new function)
 finished in 1.7287857135136921s
U= [[0.27355409 0.0136777 ]
 [0.0136777  0.37867807]]
UN0= [[0.26155068 0.01307753]
 [0.01329126 0.36797903]]
gap= [0.3 0.7] at T=0 (computed with new function)
gap= [0.05542185 0.39736211] at T= 0.33080392225481514  (computed with new function)
 finished in 1.7867217262585957s
U= [[0.27355409 0.0136777 ]
 [0.0136777  0.37867807]]
UN0= [[0.26155068 0.01307753]
 [0.01329126 0.36797903]]
gap= [0.3 0.7] at T=0 (computed with new function)
gap= [0.278421   0.69638446] at T= 0.10446445546891975  (computed with new function)
 finished in 1.7596931457519531s
U= [[0.27355409 0.0136777 ]
 [0.0136777  0.37867807]]
UN0= [[0.26155068 0.01307753]
 [0.01329126 0.36797903]]
gap= [0.3 0.7] at T=0 (computed with new function)
gap= [0.06690872 0.45446304] at T= 0.31339319404051547  (computed with new function)
 finished in 1.7953645706176757s
U= [[0.27355409 0.0136777 ]
 [0.0136777  0.37867807]]
UN0= [[0.26155068 0.01307753]
 [0.01329126 0.36797903]]
gap= [0.3 0.7] at T=0 (computed with new function)
gap= [0.28948044 0.69844258] at T= 0.08705372725462011  (computed with new function)
 finished in 1.746542211373647s
U= [[0.27355409 0.0136777 ]
 [0.0136777  0.37867807]]
UN0= [[0.26155068 0.01307753]
 [0.01329126 0.36797903]]
gap= [0.3 0.7] at T=0 (computed with new function)
gap= [0.07826962 0.50073878] at T= 0.29598246582621585  (computed with new function)
 finished in 1.7840219934781392s
U= [[0.27355409 0.0136777 ]
 [0.0136777  0.37867807]]
UN0= [[0.26155068 0.01307753]
 [0.01329126 0.36797903]]
gap= [0.3 0.7] at T=0 (computed with new function)
gap= [0.29619143 0.6994828 ] at T= 0.06964299904032047  (computed with new function)
 finished in 1.7608635067939757s
U= [[0.27355409 0.0136777 ]
 [0.0136777  0.37867807]]
UN0= [[0.26155068 0.01307753]
 [0.01329126 0.36797903]]
gap= [0.3 0.7] at T=0 (computed with new function)
gap= [0.0900641  0.53908617] at T= 0.2785717376119162  (computed with new function)
 finished in 1.7702863653500875s
U= [[0.27355409 0.0136777 ]
 [0.0136777  0.37867807]]
UN0= [[0.26155068 0.01307753]
 [0.01329126 0.36797903]]
gap= [0.3 0.7] at T=0 (computed with new function)
gap= [0.29923484 0.69989999] at T= 0.052232270826020825  (computed with new function)
 finished in 1.7702077070871989s
U= [[0.27355409 0.0136777 ]
 [0.0136777  0.37867807]]
UN0= [[0.26155068 0.01307753]
 [0.01329126 0.36797903]]
gap= [0.3 0.7] at T=0 (computed with new function)
gap= [0.1027928  0.57122063] at T= 0.26116100939761655  (computed with new function)
 finished in 1.7718287269274393s
U= [[0.27355409 0.0136777 ]
 [0.0136777  0.37867807]]
UN0= [[0.26155068 0.01307753]
 [0.01329126 0.36797903]]
gap= [0.3 0.7] at T=0 (computed with new function)
gap= [0.29996481 0.69999543] at T= 0.03482154261172118  (computed with new function)
 finished in 1.7640825033187866s
U= [[0.27355409 0.0136777 ]
 [0.0136777  0.37867807]]
UN0= [[0.26155068 0.01307753]
 [0.01329126 0.36797903]]
gap= [0.3 0.7] at T=0 (computed with new function)
gap= [0.11697512 0.59827809] at T= 0.2437502811833169  (computed with new function)
 finished in 1.761475916703542s
U= [[0.27355409 0.0136777 ]
 [0.0136777  0.37867807]]
UN0= [[0.26155068 0.01307753]
 [0.01329126 0.36797903]]
gap= [0.3 0.7] at T=0 (computed with new function)
gap= [0.3 0.7] at T= 0.01741081439742154  (computed with new function)
 finished in 1.7579330801963806s
U= [[0.21921735 0.04384347]
 [0.04384347 0.36193115]]
UN0= [[0.20959821 0.04191964]
 [0.04260473 0.35170526]]
gap= [0.3 0.7] at T=0 (computed with new function)
gap= [0.20342295 0.60090695] at T= 0.22633955296901723  (computed with new function)
 finished in 1.7596563220024108s
U= [[0.21921735 0.04384347]
 [0.04384347 0.36193115]]
UN0= [[0.20959821 0.04191964]
 [0.04260473 0.35170526]]
gap= [0.3 0.7] at T=0 (computed with new function)
gap= [0.3 0.7] at T= 8.618312189740762e-08  (computed with new function)
 finished in 0.9964182694753011s
U= [[0.21921735 0.04384347]
 [0.04384347 0.36193115]]
UN0= [[0.20959821 0.04191964]
 [0.04260473 0.35170526]]
gap= [0.3 0.7] at T=0 (computed with new function)
gap= [0.21786039 0.62370566] at T= 0.2089288247547176  (computed with new function)
 finished in 1.7377546310424805s
U= [[0.21921735 0.04384347]
 [0.04384347 0.36193115]]
UN0= [[0.20959821 0.04191964]
 [0.04260473 0.35170526]]
gap= [0.3 0.7] at T=0 (computed with new function)
gap= [3.82745421e-15 1.38100992e-14] at T= 0.41785756332631335  (computed with new function)
 finished in 1.8354992190996806s
U= [[0.21921735 0.04384347]
 [0.04384347 0.36193115]]
UN0= [[0.20959821 0.04191964]
 [0.04260473 0.35170526]]
gap= [0.3 0.7] at T=0 (computed with new function)
gap= [0.23177359 0.64269186] at T= 0.191518096540418  (computed with new function)
 finished in 1.703855852286021s
U= [[0.21921735 0.04384347]
 [0.04384347 0.36193115]]
UN0= [[0.20959821 0.04191964]
 [0.04260473 0.35170526]]
gap= [0.3 0.7] at T=0 (computed with new function)
gap= [5.61371926e-15 2.02552443e-14] at T= 0.40044683511201373  (computed with new function)
 finished in 1.84257968266805s
U= [[0.21921735 0.04384347]
 [0.04384347 0.36193115]]
UN0= [[0.20959821 0.04191964]
 [0.04260473 0.35170526]]
gap= [0.3 0.7] at T=0 (computed with new function)
gap= [0.24509459 0.65829904] at T= 0.1741073683261183  (computed with new function)
 finished in 1.7128703673680623s
U= [[0.21921735 0.04384347]
 [0.04384347 0.36193115]]
UN0= [[0.20959821 0.04191964]
 [0.04260473 0.35170526]]
gap= [0.3 0.7] at T=0 (computed with new function)
gap= [9.96736926e-15 3.59639465e-14] at T= 0.3830361068977141  (computed with new function)
 finished in 1.9227726022402445s
U= [[0.21921735 0.04384347]
 [0.04384347 0.36193115]]
UN0= [[0.20959821 0.04191964]
 [0.04260473 0.35170526]]
gap= [0.3 0.7] at T=0 (computed with new function)
gap= [0.25764601 0.67087742] at T= 0.15669664011181866  (computed with new function)
 finished in 1.6845048268636067s
U= [[0.21921735 0.04384347]
 [0.04384347 0.36193115]]
UN0= [[0.20959821 0.04191964]
 [0.04260473 0.35170526]]
gap= [0.3 0.7] at T=0 (computed with new function)
gap= [5.33069239e-14 1.92340357e-13] at T= 0.3656253786834144  (computed with new function)
 finished in 2.53064843416214s
U= [[0.21921735 0.04384347]
 [0.04384347 0.36193115]]
UN0= [[0.20959821 0.04191964]
 [0.04260473 0.35170526]]
gap= [0.3 0.7] at T=0 (computed with new function)
gap= [0.2691477  0.68073043] at T= 0.13928591189751904  (computed with new function)
 finished in 1.7633479555447897s
U= [[0.21921735 0.04384347]
 [0.04384347 0.36193115]]
UN0= [[0.20959821 0.04191964]
 [0.04260473 0.35170526]]
gap= [0.3 0.7] at T=0 (computed with new function)
gap= [0.0615098  0.21836976] at T= 0.34821465046911476  (computed with new function)
 finished in 1.8843960642814637s
U= [[0.21921735 0.04384347]
 [0.04384347 0.36193115]]
UN0= [[0.20959821 0.04191964]
 [0.04260473 0.35170526]]
gap= [0.3 0.7] at T=0 (computed with new function)
gap= [0.27924352 0.6881469 ] at T= 0.1218751836832194  (computed with new function)
 finished in 1.744096612930298s
U= [[0.21921735 0.04384347]
 [0.04384347 0.36193115]]
UN0= [[0.20959821 0.04191964]
 [0.04260473 0.35170526]]
gap= [0.3 0.7] at T=0 (computed with new function)
gap= [0.09365952 0.32520609] at T= 0.33080392225481514  (computed with new function)
 finished in 1.8277228395144145s
U= [[0.21921735 0.04384347]
 [0.04384347 0.36193115]]
UN0= [[0.20959821 0.04191964]
 [0.04260473 0.35170526]]
gap= [0.3 0.7] at T=0 (computed with new function)
gap= [0.28755363 0.69342723] at T= 0.10446445546891975  (computed with new function)
 finished in 1.7314755241076152s
U= [[0.21921735 0.04384347]
 [0.04384347 0.36193115]]
UN0= [[0.20959821 0.04191964]
 [0.04260473 0.35170526]]
gap= [0.3 0.7] at T=0 (computed with new function)
gap= [0.11766614 0.39907824] at T= 0.31339319404051547  (computed with new function)
 finished in 1.7901617805163066s
U= [[0.21921735 0.04384347]
 [0.04384347 0.36193115]]
UN0= [[0.20959821 0.04191964]
 [0.04260473 0.35170526]]
gap= [0.3 0.7] at T=0 (computed with new function)
gap= [0.29375329 0.69689535] at T= 0.08705372725462011  (computed with new function)
 finished in 1.7402506113052367s
U= [[0.21921735 0.04384347]
 [0.04384347 0.36193115]]
UN0= [[0.20959821 0.04191964]
 [0.04260473 0.35170526]]
gap= [0.3 0.7] at T=0 (computed with new function)
gap= [0.13794232 0.45636739] at T= 0.29598246582621585  (computed with new function)
 finished in 1.7811227917671204s
U= [[0.21921735 0.04384347]
 [0.04384347 0.36193115]]
UN0= [[0.20959821 0.04191964]
 [0.04260473 0.35170526]]
gap= [0.3 0.7] at T=0 (computed with new function)
gap= [0.29768529 0.69889222] at T= 0.06964299904032047  (computed with new function)
 finished in 1.74650932153066s
U= [[0.21921735 0.04384347]
 [0.04384347 0.36193115]]
UN0= [[0.20959821 0.04191964]
 [0.04260473 0.35170526]]
gap= [0.3 0.7] at T=0 (computed with new function)
gap= [0.15603664 0.50285497] at T= 0.2785717376119162  (computed with new function)
 finished in 1.8350133419036865s
U= [[0.21921735 0.04384347]
 [0.04384347 0.36193115]]
UN0= [[0.20959821 0.04191964]
 [0.04260473 0.35170526]]
gap= [0.3 0.7] at T=0 (computed with new function)
gap= [0.29952821 0.69977768] at T= 0.052232270826020825  (computed with new function)
 finished in 1.7387582739194234s
U= [[0.21921735 0.04384347]
 [0.04384347 0.36193115]]
UN0= [[0.20959821 0.04191964]
 [0.04260473 0.35170526]]
gap= [0.3 0.7] at T=0 (computed with new function)
gap= [0.17271617 0.54141398] at T= 0.26116100939761655  (computed with new function)
 finished in 1.7696940064430238s
U= [[0.1733158  0.06932632]
 [0.06932632 0.347784  ]]
UN0= [[0.1657108  0.06628432]
 [0.0673676  0.33795783]]
gap= [0.3 0.7] at T=0 (computed with new function)
gap= [0.29998451 0.69998707] at T= 0.03482154261172118  (computed with new function)
 finished in 1.7751010417938233s
U= [[0.1733158  0.06932632]
 [0.06932632 0.347784  ]]
UN0= [[0.1657108  0.06628432]
 [0.0673676  0.33795783]]
gap= [0.3 0.7] at T=0 (computed with new function)
gap= [0.21143916 0.56394801] at T= 0.2437502811833169  (computed with new function)
 finished in 1.775562051932017s
U= [[0.1733158  0.06932632]
 [0.06932632 0.347784  ]]
UN0= [[0.1657108  0.06628432]
 [0.0673676  0.33795783]]
gap= [0.3 0.7] at T=0 (computed with new function)
gap= [0.3 0.7] at T= 0.01741081439742154  (computed with new function)
 finished in 1.786384145418803s
U= [[0.1733158  0.06932632]
 [0.06932632 0.347784  ]]
UN0= [[0.1657108  0.06628432]
 [0.0673676  0.33795783]]
gap= [0.3 0.7] at T=0 (computed with new function)
gap= [0.22561798 0.59289416] at T= 0.22633955296901723  (computed with new function)
 finished in 1.7529014428456624s
U= [[0.1733158  0.06932632]
 [0.06932632 0.347784  ]]
UN0= [[0.1657108  0.06628432]
 [0.0673676  0.33795783]]
gap= [0.3 0.7] at T=0 (computed with new function)
gap= [0.3 0.7] at T= 8.618312189740762e-08  (computed with new function)
 finished in 0.9508288741111756s
U= [[0.1733158  0.06932632]
 [0.06932632 0.347784  ]]
UN0= [[0.1657108  0.06628432]
 [0.0673676  0.33795783]]
gap= [0.3 0.7] at T=0 (computed with new function)
gap= [0.23844877 0.61713238] at T= 0.2089288247547176  (computed with new function)
 finished in 1.7544437805811564s
U= [[0.1733158  0.06932632]
 [0.06932632 0.347784  ]]
UN0= [[0.1657108  0.06628432]
 [0.0673676  0.33795783]]
gap= [0.3 0.7] at T=0 (computed with new function)
gap= [3.96622142e-15 1.14882161e-14] at T= 0.41785756332631335  (computed with new function)
 finished in 1.7560848434766134s
U= [[0.1733158  0.06932632]
 [0.06932632 0.347784  ]]
UN0= [[0.1657108  0.06628432]
 [0.0673676  0.33795783]]
gap= [0.3 0.7] at T=0 (computed with new function)
gap= [0.25008958 0.63730897] at T= 0.191518096540418  (computed with new function)
 finished in 1.6497408906618753s
U= [[0.1733158  0.06932632]
 [0.06932632 0.347784  ]]
UN0= [[0.1657108  0.06628432]
 [0.0673676  0.33795783]]
gap= [0.3 0.7] at T=0 (computed with new function)
gap= [5.52896037e-15 1.60147115e-14] at T= 0.40044683511201373  (computed with new function)
 finished in 1.8107945164044699s
U= [[0.1733158  0.06932632]
 [0.06932632 0.347784  ]]
UN0= [[0.1657108  0.06628432]
 [0.0673676  0.33795783]]
gap= [0.3 0.7] at T=0 (computed with new function)
gap= [0.26062498 0.65392323] at T= 0.1741073683261183  (computed with new function)
 finished in 1.7423010428746541s
U= [[0.1733158  0.06932632]
 [0.06932632 0.347784  ]]
UN0= [[0.1657108  0.06628432]
 [0.0673676  0.33795783]]
gap= [0.3 0.7] at T=0 (computed with new function)
gap= [8.89571657e-15 2.57665682e-14] at T= 0.3830361068977141  (computed with new function)
 finished in 1.8392246564229329s
U= [[0.1733158  0.06932632]
 [0.06932632 0.347784  ]]
UN0= [[0.1657108  0.06628432]
 [0.0673676  0.33795783]]
gap= [0.3 0.7] at T=0 (computed with new function)
gap= [0.2700767  0.66738176] at T= 0.15669664011181866  (computed with new function)
 finished in 1.7121663292249043s
U= [[0.1733158  0.06932632]
 [0.06932632 0.347784  ]]
UN0= [[0.1657108  0.06628432]
 [0.0673676  0.33795783]]
gap= [0.3 0.7] at T=0 (computed with new function)
gap= [2.33215840e-14 6.75512961e-14] at T= 0.3656253786834144  (computed with new function)
 finished in 2.025384787718455s
U= [[0.1733158  0.06932632]
 [0.06932632 0.347784  ]]
UN0= [[0.1657108  0.06628432]
 [0.0673676  0.33795783]]
gap= [0.3 0.7] at T=0 (computed with new function)
gap= [0.27840851 0.67803358] at T= 0.13928591189751904  (computed with new function)
 finished in 1.1925031741460164s
U= [[0.1733158  0.06932632]
 [0.06932632 0.347784  ]]
UN0= [[0.1657108  0.06628432]
 [0.0673676  0.33795783]]
gap= [0.3 0.7] at T=0 (computed with new function)
gap= [0.05379876 0.1551621 ] at T= 0.34821465046911476  (computed with new function)
 finished in 1.6735208829243977s
U= [[0.1733158  0.06932632]
 [0.06932632 0.347784  ]]
UN0= [[0.1657108  0.06628432]
 [0.0673676  0.33795783]]
gap= [0.3 0.7] at T=0 (computed with new function)
gap= [0.28553122 0.6861936 ] at T= 0.1218751836832194  (computed with new function)
 finished in 1.7634594480196635s
U= [[0.1733158  0.06932632]
 [0.06932632 0.347784  ]]
UN0= [[0.1657108  0.06628432]
 [0.0673676  0.33795783]]
gap= [0.3 0.7] at T=0 (computed with new function)
gap= [0.10200642 0.29077731] at T= 0.33080392225481514  (computed with new function)
 finished in 1.784434696038564s
U= [[0.1733158  0.06932632]
 [0.06932632 0.347784  ]]
UN0= [[0.1657108  0.06628432]
 [0.0673676  0.33795783]]
gap= [0.3 0.7] at T=0 (computed with new function)
gap= [0.29131512 0.69215727] at T= 0.10446445546891975  (computed with new function)
 finished in 1.7124875863393147s
U= [[0.1733158  0.06932632]
 [0.06932632 0.347784  ]]
UN0= [[0.1657108  0.06628432]
 [0.0673676  0.33795783]]
gap= [0.3 0.7] at T=0 (computed with new function)
gap= [0.13303573 0.37462372] at T= 0.31339319404051547  (computed with new function)
 finished in 1.707125226656596s
U= [[0.1733158  0.06932632]
 [0.06932632 0.347784  ]]
UN0= [[0.1657108  0.06628432]
 [0.0673676  0.33795783]]
gap= [0.3 0.7] at T=0 (computed with new function)
gap= [0.2956207  0.69620717] at T= 0.08705372725462011  (computed with new function)
 finished in 1.7145431399345399s
U= [[0.1733158  0.06932632]
 [0.06932632 0.347784  ]]
UN0= [[0.1657108  0.06628432]
 [0.0673676  0.33795783]]
gap= [0.3 0.7] at T=0 (computed with new function)
gap= [0.1574021  0.43762094] at T= 0.29598246582621585  (computed with new function)
 finished in 1.720205020904541s
U= [[0.1733158  0.06932632]
 [0.06932632 0.347784  ]]
UN0= [[0.1657108  0.06628432]
 [0.0673676  0.33795783]]
gap= [0.3 0.7] at T=0 (computed with new function)
gap= [0.29836712 0.69862122] at T= 0.06964299904032047  (computed with new function)
 finished in 1.751063096523285s
U= [[0.1733158  0.06932632]
 [0.06932632 0.347784  ]]
UN0= [[0.1657108  0.06628432]
 [0.0673676  0.33795783]]
gap= [0.3 0.7] at T=0 (computed with new function)
gap= [0.17786724 0.48798484] at T= 0.2785717376119162  (computed with new function)
 finished in 1.7426919221878052s
U= [[0.28782242 0.00575645]
 [0.00575645 0.38307567]]
UN0= [[0.27519293 0.00550386]
 [0.00559381 0.37225237]]
gap= [0.3 0.7] at T=0 (computed with new function)
gap= [0.29910979 0.69995208] at T= 0.052232270826020825  (computed with new function)
 finished in 1.7046956260999044s
U= [[0.28782242 0.00575645]
 [0.00575645 0.38307567]]
UN0= [[0.27519293 0.00550386]
 [0.00559381 0.37225237]]
gap= [0.3 0.7] at T=0 (computed with new function)
gap= [0.05703424 0.58708642] at T= 0.26116100939761655  (computed with new function)
 finished in 1.711749537785848s
U= [[0.28782242 0.00575645]
 [0.00575645 0.38307567]]
UN0= [[0.27519293 0.00550386]
 [0.00559381 0.37225237]]
gap= [0.3 0.7] at T=0 (computed with new function)
gap= [0.29995915 0.69999783] at T= 0.03482154261172118  (computed with new function)
 finished in 1.7618409872055054s
U= [[0.28782242 0.00575645]
 [0.00575645 0.38307567]]
UN0= [[0.27519293 0.00550386]
 [0.00559381 0.37225237]]
gap= [0.3 0.7] at T=0 (computed with new function)
gap= [0.0673328  0.61175646] at T= 0.2437502811833169  (computed with new function)
 finished in 1.7301375945409139s
U= [[0.28782242 0.00575645]
 [0.00575645 0.38307567]]
UN0= [[0.27519293 0.00550386]
 [0.00559381 0.37225237]]
gap= [0.3 0.7] at T=0 (computed with new function)
gap= [0.29999999 0.7       ] at T= 0.01741081439742154  (computed with new function)
 finished in 1.6840137720108033s
U= [[0.28782242 0.00575645]
 [0.00575645 0.38307567]]
UN0= [[0.27519293 0.00550386]
 [0.00559381 0.37225237]]
gap= [0.3 0.7] at T=0 (computed with new function)
gap= [0.08079486 0.6323586 ] at T= 0.22633955296901723  (computed with new function)
 finished in 1.7059850335121154s
U= [[0.28782242 0.00575645]
 [0.00575645 0.38307567]]
UN0= [[0.27519293 0.00550386]
 [0.00559381 0.37225237]]
gap= [0.3 0.7] at T=0 (computed with new function)
gap= [0.3 0.7] at T= 8.618312189740762e-08  (computed with new function)
 finished in 0.9137497385342915s
U= [[0.28782242 0.00575645]
 [0.00575645 0.38307567]]
UN0= [[0.27519293 0.00550386]
 [0.00559381 0.37225237]]
gap= [0.3 0.7] at T=0 (computed with new function)
gap= [0.0992017 0.6494898] at T= 0.2089288247547176  (computed with new function)
 finished in 1.7587319493293763s
U= [[0.28782242 0.00575645]
 [0.00575645 0.38307567]]
UN0= [[0.27519293 0.00550386]
 [0.00559381 0.37225237]]
gap= [0.3 0.7] at T=0 (computed with new function)
gap= [1.82271540e-15 3.17293779e-14] at T= 0.41785756332631335  (computed with new function)
 finished in 1.7366832812627158s
U= [[0.28782242 0.00575645]
 [0.00575645 0.38307567]]
UN0= [[0.27519293 0.00550386]
 [0.00559381 0.37225237]]
gap= [0.3 0.7] at T=0 (computed with new function)
gap= [0.12468483 0.6636626 ] at T= 0.191518096540418  (computed with new function)
 finished in 1.7839752753575644s
U= [[0.28782242 0.00575645]
 [0.00575645 0.38307567]]
UN0= [[0.27519293 0.00550386]
 [0.00559381 0.37225237]]
gap= [0.3 0.7] at T=0 (computed with new function)
gap= [4.23850386e-15 7.37828247e-14] at T= 0.40044683511201373  (computed with new function)
 finished in 1.9672045707702637s
U= [[0.28782242 0.00575645]
 [0.00575645 0.38307567]]
UN0= [[0.27519293 0.00550386]
 [0.00559381 0.37225237]]
gap= [0.3 0.7] at T=0 (computed with new function)
gap= [0.157623   0.67522648] at T= 0.1741073683261183  (computed with new function)
 finished in 1.7681408524513245s
U= [[0.28782242 0.00575645]
 [0.00575645 0.38307567]]
UN0= [[0.27519293 0.00550386]
 [0.00559381 0.37225237]]
gap= [0.3 0.7] at T=0 (computed with new function)
gap= [0.00711379 0.1224558 ] at T= 0.3830361068977141  (computed with new function)
 finished in 2.116036295890808s
U= [[0.28782242 0.00575645]
 [0.00575645 0.38307567]]
UN0= [[0.27519293 0.00550386]
 [0.00559381 0.37225237]]
gap= [0.3 0.7] at T=0 (computed with new function)
gap= [0.19374634 0.6842679 ] at T= 0.15669664011181866  (computed with new function)
 finished in 1.7179575880368552s
U= [[0.28782242 0.00575645]
 [0.00575645 0.38307567]]
UN0= [[0.27519293 0.00550386]
 [0.00559381 0.37225237]]
gap= [0.3 0.7] at T=0 (computed with new function)
gap= [0.01683029 0.27543761] at T= 0.3656253786834144  (computed with new function)
 finished in 1.80282168785731s
U= [[0.28782242 0.00575645]
 [0.00575645 0.38307567]]
UN0= [[0.27519293 0.00550386]
 [0.00559381 0.37225237]]
gap= [0.3 0.7] at T=0 (computed with new function)
gap= [0.22690731 0.69083287] at T= 0.13928591189751904  (computed with new function)
 finished in 1.7554232915242514s
U= [[0.28782242 0.00575645]
 [0.00575645 0.38307567]]
UN0= [[0.27519293 0.00550386]
 [0.00559381 0.37225237]]
gap= [0.3 0.7] at T=0 (computed with new function)
gap= [0.0234777  0.36336521] at T= 0.34821465046911476  (computed with new function)
 finished in 1.7393014669418334s
U= [[0.28782242 0.00575645]
 [0.00575645 0.38307567]]
UN0= [[0.27519293 0.00550386]
 [0.00559381 0.37225237]]
gap= [0.3 0.7] at T=0 (computed with new function)
gap= [0.25382509 0.69518982] at T= 0.1218751836832194  (computed with new function)
 finished in 1.7358733773231507s
U= [[0.28782242 0.00575645]
 [0.00575645 0.38307567]]
UN0= [[0.27519293 0.00550386]
 [0.00559381 0.37225237]]
gap= [0.3 0.7] at T=0 (computed with new function)
gap= [0.02945679 0.42843444] at T= 0.33080392225481514  (computed with new function)
 finished in 1.7176089882850647s
U= [[0.28782242 0.00575645]
 [0.00575645 0.38307567]]
UN0= [[0.27519293 0.00550386]
 [0.00559381 0.37225237]]
gap= [0.3 0.7] at T=0 (computed with new function)
gap= [0.27388031 0.69778778] at T= 0.10446445546891975  (computed with new function)
 finished in 1.7379366040229798s
U= [[0.28782242 0.00575645]
 [0.00575645 0.38307567]]
UN0= [[0.27519293 0.00550386]
 [0.00559381 0.37225237]]
gap= [0.3 0.7] at T=0 (computed with new function)
gap= [0.03539516 0.48009949] at T= 0.31339319404051547  (computed with new function)
 finished in 1.7551910559336343s
U= [[0.28782242 0.00575645]
 [0.00575645 0.38307567]]
UN0= [[0.27519293 0.00550386]
 [0.00559381 0.37225237]]
gap= [0.3 0.7] at T=0 (computed with new function)
gap= [0.28751383 0.69914182] at T= 0.08705372725462011  (computed with new function)
 finished in 1.7427272041638693s
U= [[0.27355409 0.0136777 ]
 [0.0136777  0.37867807]]
UN0= [[0.26155068 0.01307753]
 [0.01329126 0.36797903]]
gap= [0.3 0.7] at T=0 (computed with new function)
gap= [0.07826962 0.50073878] at T= 0.29598246582621585  (computed with new function)
 finished in 1.7345145344734192s
U= [[0.27355409 0.0136777 ]
 [0.0136777  0.37867807]]
UN0= [[0.26155068 0.01307753]
 [0.01329126 0.36797903]]
gap= [0.3 0.7] at T=0 (computed with new function)
gap= [0.29619143 0.6994828 ] at T= 0.06964299904032047  (computed with new function)
 finished in 1.7114389260609946s
U= [[0.27355409 0.0136777 ]
 [0.0136777  0.37867807]]
UN0= [[0.26155068 0.01307753]
 [0.01329126 0.36797903]]
gap= [0.3 0.7] at T=0 (computed with new function)
gap= [0.0900641  0.53908617] at T= 0.2785717376119162  (computed with new function)
 finished in 1.725501791636149s
U= [[0.27355409 0.0136777 ]
 [0.0136777  0.37867807]]
UN0= [[0.26155068 0.01307753]
 [0.01329126 0.36797903]]
gap= [0.3 0.7] at T=0 (computed with new function)
gap= [0.29923484 0.69989999] at T= 0.052232270826020825  (computed with new function)
 finished in 1.7358521938323974s
U= [[0.27355409 0.0136777 ]
 [0.0136777  0.37867807]]
UN0= [[0.26155068 0.01307753]
 [0.01329126 0.36797903]]
gap= [0.3 0.7] at T=0 (computed with new function)
gap= [0.1027928  0.57122063] at T= 0.26116100939761655  (computed with new function)
 finished in 1.7141598463058472s
U= [[0.27355409 0.0136777 ]
 [0.0136777  0.37867807]]
UN0= [[0.26155068 0.01307753]
 [0.01329126 0.36797903]]
gap= [0.3 0.7] at T=0 (computed with new function)
gap= [0.29996481 0.69999543] at T= 0.03482154261172118  (computed with new function)
 finished in 1.7306030909220378s
U= [[0.27355409 0.0136777 ]
 [0.0136777  0.37867807]]
UN0= [[0.26155068 0.01307753]
 [0.01329126 0.36797903]]
gap= [0.3 0.7] at T=0 (computed with new function)
gap= [0.11697512 0.59827809] at T= 0.2437502811833169  (computed with new function)
 finished in 1.7232428153355916s
U= [[0.27355409 0.0136777 ]
 [0.0136777  0.37867807]]
UN0= [[0.26155068 0.01307753]
 [0.01329126 0.36797903]]
gap= [0.3 0.7] at T=0 (computed with new function)
gap= [0.3 0.7] at T= 0.01741081439742154  (computed with new function)
 finished in 1.7246041893959045s
U= [[0.27355409 0.0136777 ]
 [0.0136777  0.37867807]]
UN0= [[0.26155068 0.01307753]
 [0.01329126 0.36797903]]
gap= [0.3 0.7] at T=0 (computed with new function)
gap= [0.1331568  0.62107296] at T= 0.22633955296901723  (computed with new function)
 finished in 1.7407436529795328s
U= [[0.27355409 0.0136777 ]
 [0.0136777  0.37867807]]
UN0= [[0.26155068 0.01307753]
 [0.01329126 0.36797903]]
gap= [0.3 0.7] at T=0 (computed with new function)
gap= [0.3 0.7] at T= 8.618312189740762e-08  (computed with new function)
 finished in 0.9393893202145894s
U= [[0.27355409 0.0136777 ]
 [0.0136777  0.37867807]]
UN0= [[0.26155068 0.01307753]
 [0.01329126 0.36797903]]
gap= [0.3 0.7] at T=0 (computed with new function)
gap= [0.15181836 0.64021672] at T= 0.2089288247547176  (computed with new function)
 finished in 1.7157106558481852s
U= [[0.27355409 0.0136777 ]
 [0.0136777  0.37867807]]
UN0= [[0.26155068 0.01307753]
 [0.01329126 0.36797903]]
gap= [0.3 0.7] at T=0 (computed with new function)
gap= [2.83508360e-15 2.30448088e-14] at T= 0.41785756332631335  (computed with new function)
 finished in 1.7830151796340943s
U= [[0.27355409 0.0136777 ]
 [0.0136777  0.37867807]]
UN0= [[0.26155068 0.01307753]
 [0.01329126 0.36797903]]
gap= [0.3 0.7] at T=0 (computed with new function)
gap= [0.17311964 0.65616268] at T= 0.191518096540418  (computed with new function)
 finished in 1.772687832514445s
U= [[0.27355409 0.0136777 ]
 [0.0136777  0.37867807]]
UN0= [[0.26155068 0.01307753]
 [0.01329126 0.36797903]]
gap= [0.3 0.7] at T=0 (computed with new function)
gap= [5.21574674e-15 4.23958879e-14] at T= 0.40044683511201373  (computed with new function)
 finished in 1.8375381191571554s
U= [[0.27355409 0.0136777 ]
 [0.0136777  0.37867807]]
UN0= [[0.26155068 0.01307753]
 [0.01329126 0.36797903]]
gap= [0.3 0.7] at T=0 (computed with new function)
gap= [0.1965098  0.66921516] at T= 0.1741073683261183  (computed with new function)
 finished in 1.6957983374595642s
U= [[0.27355409 0.0136777 ]
 [0.0136777  0.37867807]]
UN0= [[0.26155068 0.01307753]
 [0.01329126 0.36797903]]
gap= [0.3 0.7] at T=0 (computed with new function)
gap= [2.66867373e-14 2.16921561e-13] at T= 0.3830361068977141  (computed with new function)
 finished in 2.388179298241933s
U= [[0.27355409 0.0136777 ]
 [0.0136777  0.37867807]]
UN0= [[0.26155068 0.01307753]
 [0.01329126 0.36797903]]
gap= [0.3 0.7] at T=0 (computed with new function)
gap= [0.22053228 0.67955914] at T= 0.15669664011181866  (computed with new function)
 finished in 1.693411910533905s
U= [[0.27355409 0.0136777 ]
 [0.0136777  0.37867807]]
UN0= [[0.26155068 0.01307753]
 [0.01329126 0.36797903]]
gap= [0.3 0.7] at T=0 (computed with new function)
gap= [0.02751283 0.21669491] at T= 0.3656253786834144  (computed with new function)
 finished in 1.7838128527005515s
U= [[0.27355409 0.0136777 ]
 [0.0136777  0.37867807]]
UN0= [[0.26155068 0.01307753]
 [0.01329126 0.36797903]]
gap= [0.3 0.7] at T=0 (computed with new function)
gap= [0.24322632 0.68735366] at T= 0.13928591189751904  (computed with new function)
 finished in 1.6780173103014628s
U= [[0.27355409 0.0136777 ]
 [0.0136777  0.37867807]]
UN0= [[0.26155068 0.01307753]
 [0.01329126 0.36797903]]
gap= [0.3 0.7] at T=0 (computed with new function)
gap= [0.04297285 0.32361813] at T= 0.34821465046911476  (computed with new function)
 finished in 1.6899661699930826s
U= [[0.27355409 0.0136777 ]
 [0.0136777  0.37867807]]
UN0= [[0.26155068 0.01307753]
 [0.01329126 0.36797903]]
gap= [0.3 0.7] at T=0 (computed with new function)
gap= [0.26287253 0.6928402 ] at T= 0.1218751836832194  (computed with new function)
 finished in 1.749258573849996s
U= [[0.27355409 0.0136777 ]
 [0.0136777  0.37867807]]
UN0= [[0.26155068 0.01307753]
 [0.01329126 0.36797903]]
gap= [0.3 0.7] at T=0 (computed with new function)
gap= [0.05542185 0.39736211] at T= 0.33080392225481514  (computed with new function)
 finished in 1.7295282324155172s
U= [[0.21921735 0.04384347]
 [0.04384347 0.36193115]]
UN0= [[0.20959821 0.04191964]
 [0.04260473 0.35170526]]
gap= [0.3 0.7] at T=0 (computed with new function)
gap= [0.28755363 0.69342723] at T= 0.10446445546891975  (computed with new function)
 finished in 1.730504310131073s
U= [[0.21921735 0.04384347]
 [0.04384347 0.36193115]]
UN0= [[0.20959821 0.04191964]
 [0.04260473 0.35170526]]
gap= [0.3 0.7] at T=0 (computed with new function)
gap= [0.11766614 0.39907824] at T= 0.31339319404051547  (computed with new function)
 finished in 1.7509262045224507s
U= [[0.21921735 0.04384347]
 [0.04384347 0.36193115]]
UN0= [[0.20959821 0.04191964]
 [0.04260473 0.35170526]]
gap= [0.3 0.7] at T=0 (computed with new function)
gap= [0.29375329 0.69689535] at T= 0.08705372725462011  (computed with new function)
 finished in 1.7402684926986693s
U= [[0.21921735 0.04384347]
 [0.04384347 0.36193115]]
UN0= [[0.20959821 0.04191964]
 [0.04260473 0.35170526]]
gap= [0.3 0.7] at T=0 (computed with new function)
gap= [0.13794232 0.45636739] at T= 0.29598246582621585  (computed with new function)
 finished in 1.7612878441810609s
U= [[0.21921735 0.04384347]
 [0.04384347 0.36193115]]
UN0= [[0.20959821 0.04191964]
 [0.04260473 0.35170526]]
gap= [0.3 0.7] at T=0 (computed with new function)
gap= [0.29768529 0.69889222] at T= 0.06964299904032047  (computed with new function)
 finished in 1.7758089542388915s
U= [[0.21921735 0.04384347]
 [0.04384347 0.36193115]]
UN0= [[0.20959821 0.04191964]
 [0.04260473 0.35170526]]
gap= [0.3 0.7] at T=0 (computed with new function)
gap= [0.15603664 0.50285497] at T= 0.2785717376119162  (computed with new function)
 finished in 1.8110363125801086s
U= [[0.21921735 0.04384347]
 [0.04384347 0.36193115]]
UN0= [[0.20959821 0.04191964]
 [0.04260473 0.35170526]]
gap= [0.3 0.7] at T=0 (computed with new function)
gap= [0.29952821 0.69977768] at T= 0.052232270826020825  (computed with new function)
 finished in 1.7539577762285867s
U= [[0.21921735 0.04384347]
 [0.04384347 0.36193115]]
UN0= [[0.20959821 0.04191964]
 [0.04260473 0.35170526]]
gap= [0.3 0.7] at T=0 (computed with new function)
gap= [0.17271617 0.54141398] at T= 0.26116100939761655  (computed with new function)
 finished in 1.7185195525487265s
U= [[0.21921735 0.04384347]
 [0.04384347 0.36193115]]
UN0= [[0.20959821 0.04191964]
 [0.04260473 0.35170526]]
gap= [0.3 0.7] at T=0 (computed with new function)
gap= [0.29997819 0.69998975] at T= 0.03482154261172118  (computed with new function)
 finished in 1.7309155146280923s
U= [[0.21921735 0.04384347]
 [0.04384347 0.36193115]]
UN0= [[0.20959821 0.04191964]
 [0.04260473 0.35170526]]
gap= [0.3 0.7] at T=0 (computed with new function)
gap= [0.18842294 0.57373192] at T= 0.2437502811833169  (computed with new function)
 finished in 1.7106110811233521s
U= [[0.21921735 0.04384347]
 [0.04384347 0.36193115]]
UN0= [[0.20959821 0.04191964]
 [0.04260473 0.35170526]]
gap= [0.3 0.7] at T=0 (computed with new function)
gap= [0.3 0.7] at T= 0.01741081439742154  (computed with new function)
 finished in 1.7432716727256774s
U= [[0.21921735 0.04384347]
 [0.04384347 0.36193115]]
UN0= [[0.20959821 0.04191964]
 [0.04260473 0.35170526]]
gap= [0.3 0.7] at T=0 (computed with new function)
gap= [0.20342295 0.60090695] at T= 0.22633955296901723  (computed with new function)
 finished in 1.722728399435679s
U= [[0.21921735 0.04384347]
 [0.04384347 0.36193115]]
UN0= [[0.20959821 0.04191964]
 [0.04260473 0.35170526]]
gap= [0.3 0.7] at T=0 (computed with new function)
gap= [0.3 0.7] at T= 8.618312189740762e-08  (computed with new function)
 finished in 0.946505359808604s
U= [[0.21921735 0.04384347]
 [0.04384347 0.36193115]]
UN0= [[0.20959821 0.04191964]
 [0.04260473 0.35170526]]
gap= [0.3 0.7] at T=0 (computed with new function)
gap= [0.21786039 0.62370566] at T= 0.2089288247547176  (computed with new function)
 finished in 1.7361782868703206s
U= [[0.21921735 0.04384347]
 [0.04384347 0.36193115]]
UN0= [[0.20959821 0.04191964]
 [0.04260473 0.35170526]]
gap= [0.3 0.7] at T=0 (computed with new function)
gap= [3.82745421e-15 1.38100992e-14] at T= 0.41785756332631335  (computed with new function)
 finished in 1.7848624110221862s
U= [[0.21921735 0.04384347]
 [0.04384347 0.36193115]]
UN0= [[0.20959821 0.04191964]
 [0.04260473 0.35170526]]
gap= [0.3 0.7] at T=0 (computed with new function)
gap= [0.23177359 0.64269186] at T= 0.191518096540418  (computed with new function)
 finished in 1.705156938234965s
U= [[0.21921735 0.04384347]
 [0.04384347 0.36193115]]
UN0= [[0.20959821 0.04191964]
 [0.04260473 0.35170526]]
gap= [0.3 0.7] at T=0 (computed with new function)
gap= [5.61371926e-15 2.02552443e-14] at T= 0.40044683511201373  (computed with new function)
 finished in 1.7642240921656291s
U= [[0.21921735 0.04384347]
 [0.04384347 0.36193115]]
UN0= [[0.20959821 0.04191964]
 [0.04260473 0.35170526]]
gap= [0.3 0.7] at T=0 (computed with new function)
gap= [0.24509459 0.65829904] at T= 0.1741073683261183  (computed with new function)
 finished in 1.7347108046213786s
U= [[0.21921735 0.04384347]
 [0.04384347 0.36193115]]
UN0= [[0.20959821 0.04191964]
 [0.04260473 0.35170526]]
gap= [0.3 0.7] at T=0 (computed with new function)
gap= [9.96736926e-15 3.59639465e-14] at T= 0.3830361068977141  (computed with new function)
 finished in 1.845855951309204s
U= [[0.21921735 0.04384347]
 [0.04384347 0.36193115]]
UN0= [[0.20959821 0.04191964]
 [0.04260473 0.35170526]]
gap= [0.3 0.7] at T=0 (computed with new function)
gap= [0.25764601 0.67087742] at T= 0.15669664011181866  (computed with new function)
 finished in 1.7469230930010478s
U= [[0.21921735 0.04384347]
 [0.04384347 0.36193115]]
UN0= [[0.20959821 0.04191964]
 [0.04260473 0.35170526]]
gap= [0.3 0.7] at T=0 (computed with new function)
gap= [5.33069239e-14 1.92340357e-13] at T= 0.3656253786834144  (computed with new function)
 finished in 2.521982260545095s
U= [[0.21921735 0.04384347]
 [0.04384347 0.36193115]]
UN0= [[0.20959821 0.04191964]
 [0.04260473 0.35170526]]
gap= [0.3 0.7] at T=0 (computed with new function)
gap= [0.2691477  0.68073043] at T= 0.13928591189751904  (computed with new function)
 finished in 1.7466358383496603s
U= [[0.21921735 0.04384347]
 [0.04384347 0.36193115]]
UN0= [[0.20959821 0.04191964]
 [0.04260473 0.35170526]]
gap= [0.3 0.7] at T=0 (computed with new function)
gap= [0.0615098  0.21836976] at T= 0.34821465046911476  (computed with new function)
 finished in 1.8146138707796733s
U= [[0.1733158  0.06932632]
 [0.06932632 0.347784  ]]
UN0= [[0.1657108  0.06628432]
 [0.0673676  0.33795783]]
gap= [0.3 0.7] at T=0 (computed with new function)
gap= [0.28553122 0.6861936 ] at T= 0.1218751836832194  (computed with new function)
 finished in 1.7432223598162333s
U= [[0.1733158  0.06932632]
 [0.06932632 0.347784  ]]
UN0= [[0.1657108  0.06628432]
 [0.0673676  0.33795783]]
gap= [0.3 0.7] at T=0 (computed with new function)
gap= [0.10200642 0.29077731] at T= 0.33080392225481514  (computed with new function)
 finished in 1.8059689044952392s
U= [[0.1733158  0.06932632]
 [0.06932632 0.347784  ]]
UN0= [[0.1657108  0.06628432]
 [0.0673676  0.33795783]]
gap= [0.3 0.7] at T=0 (computed with new function)
gap= [0.29131512 0.69215727] at T= 0.10446445546891975  (computed with new function)
 finished in 1.7508901317914327s
U= [[0.1733158  0.06932632]
 [0.06932632 0.347784  ]]
UN0= [[0.1657108  0.06628432]
 [0.0673676  0.33795783]]
gap= [0.3 0.7] at T=0 (computed with new function)
gap= [0.13303573 0.37462372] at T= 0.31339319404051547  (computed with new function)
 finished in 1.7541484395662943s
U= [[0.1733158  0.06932632]
 [0.06932632 0.347784  ]]
UN0= [[0.1657108  0.06628432]
 [0.0673676  0.33795783]]
gap= [0.3 0.7] at T=0 (computed with new function)
gap= [0.2956207  0.69620717] at T= 0.08705372725462011  (computed with new function)
 finished in 1.6916088819503785s
U= [[0.1733158  0.06932632]
 [0.06932632 0.347784  ]]
UN0= [[0.1657108  0.06628432]
 [0.0673676  0.33795783]]
gap= [0.3 0.7] at T=0 (computed with new function)
gap= [0.1574021  0.43762094] at T= 0.29598246582621585  (computed with new function)
 finished in 1.7258361021677653s
U= [[0.1733158  0.06932632]
 [0.06932632 0.347784  ]]
UN0= [[0.1657108  0.06628432]
 [0.0673676  0.33795783]]
gap= [0.3 0.7] at T=0 (computed with new function)
gap= [0.29836712 0.69862122] at T= 0.06964299904032047  (computed with new function)
 finished in 1.7077152053515117s
U= [[0.1733158  0.06932632]
 [0.06932632 0.347784  ]]
UN0= [[0.1657108  0.06628432]
 [0.0673676  0.33795783]]
gap= [0.3 0.7] at T=0 (computed with new function)
gap= [0.17786724 0.48798484] at T= 0.2785717376119162  (computed with new function)
 finished in 1.7654191176096599s
U= [[0.1733158  0.06932632]
 [0.06932632 0.347784  ]]
UN0= [[0.1657108  0.06628432]
 [0.0673676  0.33795783]]
gap= [0.3 0.7] at T=0 (computed with new function)
gap= [0.29966548 0.6997204 ] at T= 0.052232270826020825  (computed with new function)
 finished in 1.7497824112574258s
U= [[0.1733158  0.06932632]
 [0.06932632 0.347784  ]]
UN0= [[0.1657108  0.06628432]
 [0.0673676  0.33795783]]
gap= [0.3 0.7] at T=0 (computed with new function)
gap= [0.19565695 0.5294091 ] at T= 0.26116100939761655  (computed with new function)
 finished in 1.7911693135897317s
U= [[0.1733158  0.06932632]
 [0.06932632 0.347784  ]]
UN0= [[0.1657108  0.06628432]
 [0.0673676  0.33795783]]
gap= [0.3 0.7] at T=0 (computed with new function)
gap= [0.29998451 0.69998707] at T= 0.03482154261172118  (computed with new function)
 finished in 1.721231746673584s
U= [[0.1733158  0.06932632]
 [0.06932632 0.347784  ]]
UN0= [[0.1657108  0.06628432]
 [0.0673676  0.33795783]]
gap= [0.3 0.7] at T=0 (computed with new function)
gap= [0.21143916 0.56394801] at T= 0.2437502811833169  (computed with new function)
 finished in 1.7581042408943177s
U= [[0.1733158  0.06932632]
 [0.06932632 0.347784  ]]
UN0= [[0.1657108  0.06628432]
 [0.0673676  0.33795783]]
gap= [0.3 0.7] at T=0 (computed with new function)
gap= [0.3 0.7] at T= 0.01741081439742154  (computed with new function)
 finished in 1.774724813302358s
U= [[0.1733158  0.06932632]
 [0.06932632 0.347784  ]]
UN0= [[0.1657108  0.06628432]
 [0.0673676  0.33795783]]
gap= [0.3 0.7] at T=0 (computed with new function)
gap= [0.22561798 0.59289416] at T= 0.22633955296901723  (computed with new function)
 finished in 1.7519709666570027s
U= [[0.1733158  0.06932632]
 [0.06932632 0.347784  ]]
UN0= [[0.1657108  0.06628432]
 [0.0673676  0.33795783]]
gap= [0.3 0.7] at T=0 (computed with new function)
gap= [0.3 0.7] at T= 8.618312189740762e-08  (computed with new function)
 finished in 0.8084003686904907s
U= [[0.1733158  0.06932632]
 [0.06932632 0.347784  ]]
UN0= [[0.1657108  0.06628432]
 [0.0673676  0.33795783]]
gap= [0.3 0.7] at T=0 (computed with new function)
gap= [0.23844877 0.61713238] at T= 0.2089288247547176  (computed with new function)
 finished in 1.7093902190526327s
U= [[0.1733158  0.06932632]
 [0.06932632 0.347784  ]]
UN0= [[0.1657108  0.06628432]
 [0.0673676  0.33795783]]
gap= [0.3 0.7] at T=0 (computed with new function)
gap= [3.96622142e-15 1.14882161e-14] at T= 0.41785756332631335  (computed with new function)
 finished in 1.7495601058006287s
U= [[0.1733158  0.06932632]
 [0.06932632 0.347784  ]]
UN0= [[0.1657108  0.06628432]
 [0.0673676  0.33795783]]
gap= [0.3 0.7] at T=0 (computed with new function)
gap= [0.25008958 0.63730897] at T= 0.191518096540418  (computed with new function)
 finished in 1.7522353927294414s
U= [[0.1733158  0.06932632]
 [0.06932632 0.347784  ]]
UN0= [[0.1657108  0.06628432]
 [0.0673676  0.33795783]]
gap= [0.3 0.7] at T=0 (computed with new function)
gap= [5.52896037e-15 1.60147115e-14] at T= 0.40044683511201373  (computed with new function)
 finished in 1.7759791254997253s
U= [[0.1733158  0.06932632]
 [0.06932632 0.347784  ]]
UN0= [[0.1657108  0.06628432]
 [0.0673676  0.33795783]]
gap= [0.3 0.7] at T=0 (computed with new function)
gap= [0.26062498 0.65392323] at T= 0.1741073683261183  (computed with new function)
 finished in 1.7100566466649374s
U= [[0.1733158  0.06932632]
 [0.06932632 0.347784  ]]
UN0= [[0.1657108  0.06628432]
 [0.0673676  0.33795783]]
gap= [0.3 0.7] at T=0 (computed with new function)
gap= [8.89571657e-15 2.57665682e-14] at T= 0.3830361068977141  (computed with new function)
 finished in 1.8261651674906412s
U= [[0.1733158  0.06932632]
 [0.06932632 0.347784  ]]
UN0= [[0.1657108  0.06628432]
 [0.0673676  0.33795783]]
gap= [0.3 0.7] at T=0 (computed with new function)
gap= [0.2700767  0.66738176] at T= 0.15669664011181866  (computed with new function)
 finished in 1.7200422962506612s
