120000 parameters generated
parameters loaded
U= [[0.28782242 0.00575645]
 [0.00575645 0.38307567]]
UN0= [[0.27519293 0.00550386]
 [0.00559381 0.37225237]]
gap= [0.3 0.7] at T=0 (computed with new function)
gap= [4.23850386e-15 7.37828247e-14] at T= 0.40044683511201373  (computed with new function)
 finished in 1.9055370608965556s
U= [[0.28782242 0.00575645]
 [0.00575645 0.38307567]]
UN0= [[0.27519293 0.00550386]
 [0.00559381 0.37225237]]
gap= [0.3 0.7] at T=0 (computed with new function)
gap= [0.157623   0.67522648] at T= 0.1741073683261183  (computed with new function)
 finished in 1.8731667399406433s
U= [[0.28782242 0.00575645]
 [0.00575645 0.38307567]]
UN0= [[0.27519293 0.00550386]
 [0.00559381 0.37225237]]
gap= [0.3 0.7] at T=0 (computed with new function)
gap= [0.00711379 0.1224558 ] at T= 0.3830361068977141  (computed with new function)
 finished in 2.2462868730227155s
U= [[0.28782242 0.00575645]
 [0.00575645 0.38307567]]
UN0= [[0.27519293 0.00550386]
 [0.00559381 0.37225237]]
gap= [0.3 0.7] at T=0 (computed with new function)
gap= [0.19374634 0.6842679 ] at T= 0.15669664011181866  (computed with new function)
 finished in 1.8663691401481628s
U= [[0.28782242 0.00575645]
 [0.00575645 0.38307567]]
UN0= [[0.27519293 0.00550386]
 [0.00559381 0.37225237]]
gap= [0.3 0.7] at T=0 (computed with new function)
gap= [0.01683029 0.27543761] at T= 0.3656253786834144  (computed with new function)
 finished in 1.9051695744196573s
U= [[0.28782242 0.00575645]
 [0.00575645 0.38307567]]
UN0= [[0.27519293 0.00550386]
 [0.00559381 0.37225237]]
gap= [0.3 0.7] at T=0 (computed with new function)
gap= [0.22690731 0.69083287] at T= 0.13928591189751904  (computed with new function)
 finished in 1.8469645301500957s
U= [[0.28782242 0.00575645]
 [0.00575645 0.38307567]]
UN0= [[0.27519293 0.00550386]
 [0.00559381 0.37225237]]
gap= [0.3 0.7] at T=0 (computed with new function)
gap= [0.0234777  0.36336521] at T= 0.34821465046911476  (computed with new function)
 finished in 1.8470152099927266s
U= [[0.28782242 0.00575645]
 [0.00575645 0.38307567]]
UN0= [[0.27519293 0.00550386]
 [0.00559381 0.37225237]]
gap= [0.3 0.7] at T=0 (computed with new function)
gap= [0.25382509 0.69518982] at T= 0.1218751836832194  (computed with new function)
 finished in 1.8370787143707275s
U= [[0.28782242 0.00575645]
 [0.00575645 0.38307567]]
UN0= [[0.27519293 0.00550386]
 [0.00559381 0.37225237]]
gap= [0.3 0.7] at T=0 (computed with new function)
gap= [0.02945679 0.42843444] at T= 0.33080392225481514  (computed with new function)
 finished in 1.7870933492978414s
U= [[0.28782242 0.00575645]
 [0.00575645 0.38307567]]
UN0= [[0.27519293 0.00550386]
 [0.00559381 0.37225237]]
gap= [0.3 0.7] at T=0 (computed with new function)
gap= [0.27388031 0.69778778] at T= 0.10446445546891975  (computed with new function)
 finished in 1.8136773387591043s
U= [[0.28782242 0.00575645]
 [0.00575645 0.38307567]]
UN0= [[0.27519293 0.00550386]
 [0.00559381 0.37225237]]
gap= [0.3 0.7] at T=0 (computed with new function)
gap= [0.03539516 0.48009949] at T= 0.31339319404051547  (computed with new function)
 finished in 1.8511083881060282s
U= [[0.28782242 0.00575645]
 [0.00575645 0.38307567]]
UN0= [[0.27519293 0.00550386]
 [0.00559381 0.37225237]]
gap= [0.3 0.7] at T=0 (computed with new function)
gap= [0.28751383 0.69914182] at T= 0.08705372725462011  (computed with new function)
 finished in 1.8473942796389262s
U= [[0.28782242 0.00575645]
 [0.00575645 0.38307567]]
UN0= [[0.27519293 0.00550386]
 [0.00559381 0.37225237]]
gap= [0.3 0.7] at T=0 (computed with new function)
gap= [0.04168987 0.52242584] at T= 0.29598246582621585  (computed with new function)
 finished in 1.8263331254323323s
U= [[0.28782242 0.00575645]
 [0.00575645 0.38307567]]
UN0= [[0.27519293 0.00550386]
 [0.00559381 0.37225237]]
gap= [0.3 0.7] at T=0 (computed with new function)
gap= [0.29553755 0.69973993] at T= 0.06964299904032047  (computed with new function)
 finished in 1.7266948501269022s
U= [[0.28782242 0.00575645]
 [0.00575645 0.38307567]]
UN0= [[0.27519293 0.00550386]
 [0.00559381 0.37225237]]
gap= [0.3 0.7] at T=0 (computed with new function)
gap= [0.04873451 0.55762744] at T= 0.2785717376119162  (computed with new function)
 finished in 1.8576663136482239s
U= [[0.28782242 0.00575645]
 [0.00575645 0.38307567]]
UN0= [[0.27519293 0.00550386]
 [0.00559381 0.37225237]]
gap= [0.3 0.7] at T=0 (computed with new function)
gap= [0.29910979 0.69995208] at T= 0.052232270826020825  (computed with new function)
 finished in 1.8096544067064921s
U= [[0.28782242 0.00575645]
 [0.00575645 0.38307567]]
UN0= [[0.27519293 0.00550386]
 [0.00559381 0.37225237]]
gap= [0.3 0.7] at T=0 (computed with new function)
gap= [0.05703424 0.58708642] at T= 0.26116100939761655  (computed with new function)
 finished in 1.850660014152527s
U= [[0.28782242 0.00575645]
 [0.00575645 0.38307567]]
UN0= [[0.27519293 0.00550386]
 [0.00559381 0.37225237]]
gap= [0.3 0.7] at T=0 (computed with new function)
gap= [0.29995915 0.69999783] at T= 0.03482154261172118  (computed with new function)
 finished in 1.8329551259676615s
U= [[0.28782242 0.00575645]
 [0.00575645 0.38307567]]
UN0= [[0.27519293 0.00550386]
 [0.00559381 0.37225237]]
gap= [0.3 0.7] at T=0 (computed with new function)
gap= [0.0673328  0.61175646] at T= 0.2437502811833169  (computed with new function)
 finished in 1.8518068472544351s
U= [[0.28782242 0.00575645]
 [0.00575645 0.38307567]]
UN0= [[0.27519293 0.00550386]
 [0.00559381 0.37225237]]
gap= [0.3 0.7] at T=0 (computed with new function)
gap= [0.29999999 0.7       ] at T= 0.01741081439742154  (computed with new function)
 finished in 1.8280765215555828s
U= [[0.28782242 0.00575645]
 [0.00575645 0.38307567]]
UN0= [[0.27519293 0.00550386]
 [0.00559381 0.37225237]]
gap= [0.3 0.7] at T=0 (computed with new function)
gap= [0.08079486 0.6323586 ] at T= 0.22633955296901723  (computed with new function)
 finished in 1.8911441167195637s
U= [[0.28782242 0.00575645]
 [0.00575645 0.38307567]]
UN0= [[0.27519293 0.00550386]
 [0.00559381 0.37225237]]
gap= [0.3 0.7] at T=0 (computed with new function)
gap= [0.3 0.7] at T= 8.618312189740762e-08  (computed with new function)
 finished in 0.9846392750740052s
U= [[0.28782242 0.00575645]
 [0.00575645 0.38307567]]
UN0= [[0.27519293 0.00550386]
 [0.00559381 0.37225237]]
gap= [0.3 0.7] at T=0 (computed with new function)
gap= [0.0992017 0.6494898] at T= 0.2089288247547176  (computed with new function)
 finished in 1.8910410523414611s
U= [[0.27355409 0.0136777 ]
 [0.0136777  0.37867807]]
UN0= [[0.26155068 0.01307753]
 [0.01329126 0.36797903]]
gap= [0.3 0.7] at T=0 (computed with new function)
gap= [2.83508360e-15 2.30448088e-14] at T= 0.41785756332631335  (computed with new function)
 finished in 1.9467439214388529s
U= [[0.27355409 0.0136777 ]
 [0.0136777  0.37867807]]
UN0= [[0.26155068 0.01307753]
 [0.01329126 0.36797903]]
gap= [0.3 0.7] at T=0 (computed with new function)
gap= [0.17311964 0.65616268] at T= 0.191518096540418  (computed with new function)
 finished in 1.8462048729260763s
U= [[0.27355409 0.0136777 ]
 [0.0136777  0.37867807]]
UN0= [[0.26155068 0.01307753]
 [0.01329126 0.36797903]]
gap= [0.3 0.7] at T=0 (computed with new function)
gap= [5.21574674e-15 4.23958879e-14] at T= 0.40044683511201373  (computed with new function)
 finished in 2.0089815060297647s
U= [[0.27355409 0.0136777 ]
 [0.0136777  0.37867807]]
UN0= [[0.26155068 0.01307753]
 [0.01329126 0.36797903]]
gap= [0.3 0.7] at T=0 (computed with new function)
gap= [0.1965098  0.66921516] at T= 0.1741073683261183  (computed with new function)
 finished in 1.845992628733317s
U= [[0.27355409 0.0136777 ]
 [0.0136777  0.37867807]]
UN0= [[0.26155068 0.01307753]
 [0.01329126 0.36797903]]
gap= [0.3 0.7] at T=0 (computed with new function)
gap= [2.66867373e-14 2.16921561e-13] at T= 0.3830361068977141  (computed with new function)
 finished in 2.5922486186027527s
U= [[0.27355409 0.0136777 ]
 [0.0136777  0.37867807]]
UN0= [[0.26155068 0.01307753]
 [0.01329126 0.36797903]]
gap= [0.3 0.7] at T=0 (computed with new function)
gap= [0.22053228 0.67955914] at T= 0.15669664011181866  (computed with new function)
 finished in 1.8773476084073384s
U= [[0.27355409 0.0136777 ]
 [0.0136777  0.37867807]]
UN0= [[0.26155068 0.01307753]
 [0.01329126 0.36797903]]
gap= [0.3 0.7] at T=0 (computed with new function)
gap= [0.02751283 0.21669491] at T= 0.3656253786834144  (computed with new function)
 finished in 2.0002617637316384s
U= [[0.27355409 0.0136777 ]
 [0.0136777  0.37867807]]
UN0= [[0.26155068 0.01307753]
 [0.01329126 0.36797903]]
gap= [0.3 0.7] at T=0 (computed with new function)
gap= [0.24322632 0.68735366] at T= 0.13928591189751904  (computed with new function)
 finished in 1.8491539160410564s
U= [[0.27355409 0.0136777 ]
 [0.0136777  0.37867807]]
UN0= [[0.26155068 0.01307753]
 [0.01329126 0.36797903]]
gap= [0.3 0.7] at T=0 (computed with new function)
gap= [0.04297285 0.32361813] at T= 0.34821465046911476  (computed with new function)
 finished in 1.8775892853736877s
U= [[0.27355409 0.0136777 ]
 [0.0136777  0.37867807]]
UN0= [[0.26155068 0.01307753]
 [0.01329126 0.36797903]]
gap= [0.3 0.7] at T=0 (computed with new function)
gap= [0.26287253 0.6928402 ] at T= 0.1218751836832194  (computed with new function)
 finished in 1.8464847286542256s
U= [[0.27355409 0.0136777 ]
 [0.0136777  0.37867807]]
UN0= [[0.26155068 0.01307753]
 [0.01329126 0.36797903]]
gap= [0.3 0.7] at T=0 (computed with new function)
gap= [0.05542185 0.39736211] at T= 0.33080392225481514  (computed with new function)
 finished in 1.8143072247505188s
U= [[0.27355409 0.0136777 ]
 [0.0136777  0.37867807]]
UN0= [[0.26155068 0.01307753]
 [0.01329126 0.36797903]]
gap= [0.3 0.7] at T=0 (computed with new function)
gap= [0.278421   0.69638446] at T= 0.10446445546891975  (computed with new function)
 finished in 1.8378286401430766s
U= [[0.27355409 0.0136777 ]
 [0.0136777  0.37867807]]
UN0= [[0.26155068 0.01307753]
 [0.01329126 0.36797903]]
gap= [0.3 0.7] at T=0 (computed with new function)
gap= [0.06690872 0.45446304] at T= 0.31339319404051547  (computed with new function)
 finished in 1.780042791366577s
U= [[0.27355409 0.0136777 ]
 [0.0136777  0.37867807]]
UN0= [[0.26155068 0.01307753]
 [0.01329126 0.36797903]]
gap= [0.3 0.7] at T=0 (computed with new function)
gap= [0.28948044 0.69844258] at T= 0.08705372725462011  (computed with new function)
 finished in 1.8053069432576498s
U= [[0.27355409 0.0136777 ]
 [0.0136777  0.37867807]]
UN0= [[0.26155068 0.01307753]
 [0.01329126 0.36797903]]
gap= [0.3 0.7] at T=0 (computed with new function)
gap= [0.07826962 0.50073878] at T= 0.29598246582621585  (computed with new function)
 finished in 1.779242718219757s
U= [[0.27355409 0.0136777 ]
 [0.0136777  0.37867807]]
UN0= [[0.26155068 0.01307753]
 [0.01329126 0.36797903]]
gap= [0.3 0.7] at T=0 (computed with new function)
gap= [0.29619143 0.6994828 ] at T= 0.06964299904032047  (computed with new function)
 finished in 1.8178083181381226s
U= [[0.27355409 0.0136777 ]
 [0.0136777  0.37867807]]
UN0= [[0.26155068 0.01307753]
 [0.01329126 0.36797903]]
gap= [0.3 0.7] at T=0 (computed with new function)
gap= [0.0900641  0.53908617] at T= 0.2785717376119162  (computed with new function)
 finished in 1.8230310201644897s
U= [[0.27355409 0.0136777 ]
 [0.0136777  0.37867807]]
UN0= [[0.26155068 0.01307753]
 [0.01329126 0.36797903]]
gap= [0.3 0.7] at T=0 (computed with new function)
gap= [0.29923484 0.69989999] at T= 0.052232270826020825  (computed with new function)
 finished in 1.613903526465098s
U= [[0.27355409 0.0136777 ]
 [0.0136777  0.37867807]]
UN0= [[0.26155068 0.01307753]
 [0.01329126 0.36797903]]
gap= [0.3 0.7] at T=0 (computed with new function)
gap= [0.1027928  0.57122063] at T= 0.26116100939761655  (computed with new function)
 finished in 1.819098969300588s
U= [[0.27355409 0.0136777 ]
 [0.0136777  0.37867807]]
UN0= [[0.26155068 0.01307753]
 [0.01329126 0.36797903]]
gap= [0.3 0.7] at T=0 (computed with new function)
gap= [0.29996481 0.69999543] at T= 0.03482154261172118  (computed with new function)
 finished in 1.7976816654205323s
U= [[0.27355409 0.0136777 ]
 [0.0136777  0.37867807]]
UN0= [[0.26155068 0.01307753]
 [0.01329126 0.36797903]]
gap= [0.3 0.7] at T=0 (computed with new function)
gap= [0.11697512 0.59827809] at T= 0.2437502811833169  (computed with new function)
 finished in 1.8344415187835694s
U= [[0.27355409 0.0136777 ]
 [0.0136777  0.37867807]]
UN0= [[0.26155068 0.01307753]
 [0.01329126 0.36797903]]
gap= [0.3 0.7] at T=0 (computed with new function)
gap= [0.3 0.7] at T= 0.01741081439742154  (computed with new function)
 finished in 1.8168842395146687s
U= [[0.21921735 0.04384347]
 [0.04384347 0.36193115]]
UN0= [[0.20959821 0.04191964]
 [0.04260473 0.35170526]]
gap= [0.3 0.7] at T=0 (computed with new function)
gap= [0.20342295 0.60090695] at T= 0.22633955296901723  (computed with new function)
 finished in 1.8141242504119872s
U= [[0.21921735 0.04384347]
 [0.04384347 0.36193115]]
UN0= [[0.20959821 0.04191964]
 [0.04260473 0.35170526]]
gap= [0.3 0.7] at T=0 (computed with new function)
gap= [0.3 0.7] at T= 8.618312189740762e-08  (computed with new function)
 finished in 0.9782330671946208s
U= [[0.21921735 0.04384347]
 [0.04384347 0.36193115]]
UN0= [[0.20959821 0.04191964]
 [0.04260473 0.35170526]]
gap= [0.3 0.7] at T=0 (computed with new function)
gap= [0.21786039 0.62370566] at T= 0.2089288247547176  (computed with new function)
 finished in 1.8323439757029216s
U= [[0.21921735 0.04384347]
 [0.04384347 0.36193115]]
UN0= [[0.20959821 0.04191964]
 [0.04260473 0.35170526]]
gap= [0.3 0.7] at T=0 (computed with new function)
gap= [3.82745421e-15 1.38100992e-14] at T= 0.41785756332631335  (computed with new function)
 finished in 1.8914175987243653s
U= [[0.21921735 0.04384347]
 [0.04384347 0.36193115]]
UN0= [[0.20959821 0.04191964]
 [0.04260473 0.35170526]]
gap= [0.3 0.7] at T=0 (computed with new function)
gap= [0.23177359 0.64269186] at T= 0.191518096540418  (computed with new function)
 finished in 1.827330509821574s
U= [[0.21921735 0.04384347]
 [0.04384347 0.36193115]]
UN0= [[0.20959821 0.04191964]
 [0.04260473 0.35170526]]
gap= [0.3 0.7] at T=0 (computed with new function)
gap= [5.61371926e-15 2.02552443e-14] at T= 0.40044683511201373  (computed with new function)
 finished in 1.9286036292711894s
U= [[0.21921735 0.04384347]
 [0.04384347 0.36193115]]
UN0= [[0.20959821 0.04191964]
 [0.04260473 0.35170526]]
gap= [0.3 0.7] at T=0 (computed with new function)
gap= [0.24509459 0.65829904] at T= 0.1741073683261183  (computed with new function)
 finished in 1.8419649759928385s
U= [[0.21921735 0.04384347]
 [0.04384347 0.36193115]]
UN0= [[0.20959821 0.04191964]
 [0.04260473 0.35170526]]
gap= [0.3 0.7] at T=0 (computed with new function)
gap= [9.96736926e-15 3.59639465e-14] at T= 0.3830361068977141  (computed with new function)
 finished in 2.0035534262657166s
U= [[0.21921735 0.04384347]
 [0.04384347 0.36193115]]
UN0= [[0.20959821 0.04191964]
 [0.04260473 0.35170526]]
gap= [0.3 0.7] at T=0 (computed with new function)
gap= [0.25764601 0.67087742] at T= 0.15669664011181866  (computed with new function)
 finished in 1.795212976137797s
U= [[0.21921735 0.04384347]
 [0.04384347 0.36193115]]
UN0= [[0.20959821 0.04191964]
 [0.04260473 0.35170526]]
gap= [0.3 0.7] at T=0 (computed with new function)
gap= [5.33069239e-14 1.92340357e-13] at T= 0.3656253786834144  (computed with new function)
 finished in 2.598543405532837s
U= [[0.21921735 0.04384347]
 [0.04384347 0.36193115]]
UN0= [[0.20959821 0.04191964]
 [0.04260473 0.35170526]]
gap= [0.3 0.7] at T=0 (computed with new function)
gap= [0.2691477  0.68073043] at T= 0.13928591189751904  (computed with new function)
 finished in 1.7550962527592977s
U= [[0.21921735 0.04384347]
 [0.04384347 0.36193115]]
UN0= [[0.20959821 0.04191964]
 [0.04260473 0.35170526]]
gap= [0.3 0.7] at T=0 (computed with new function)
gap= [0.0615098  0.21836976] at T= 0.34821465046911476  (computed with new function)
 finished in 1.9619043986002604s
U= [[0.21921735 0.04384347]
 [0.04384347 0.36193115]]
UN0= [[0.20959821 0.04191964]
 [0.04260473 0.35170526]]
gap= [0.3 0.7] at T=0 (computed with new function)
gap= [0.27924352 0.6881469 ] at T= 0.1218751836832194  (computed with new function)
 finished in 1.8301583568255106s
U= [[0.21921735 0.04384347]
 [0.04384347 0.36193115]]
UN0= [[0.20959821 0.04191964]
 [0.04260473 0.35170526]]
gap= [0.3 0.7] at T=0 (computed with new function)
gap= [0.09365952 0.32520609] at T= 0.33080392225481514  (computed with new function)
 finished in 1.8633921901384989s
U= [[0.21921735 0.04384347]
 [0.04384347 0.36193115]]
UN0= [[0.20959821 0.04191964]
 [0.04260473 0.35170526]]
gap= [0.3 0.7] at T=0 (computed with new function)
gap= [0.28755363 0.69342723] at T= 0.10446445546891975  (computed with new function)
 finished in 1.8816859126091003s
U= [[0.21921735 0.04384347]
 [0.04384347 0.36193115]]
UN0= [[0.20959821 0.04191964]
 [0.04260473 0.35170526]]
gap= [0.3 0.7] at T=0 (computed with new function)
gap= [0.11766614 0.39907824] at T= 0.31339319404051547  (computed with new function)
 finished in 1.8617103377978006s
U= [[0.21921735 0.04384347]
 [0.04384347 0.36193115]]
UN0= [[0.20959821 0.04191964]
 [0.04260473 0.35170526]]
gap= [0.3 0.7] at T=0 (computed with new function)
gap= [0.29375329 0.69689535] at T= 0.08705372725462011  (computed with new function)
 finished in 1.8148159543673197s
U= [[0.21921735 0.04384347]
 [0.04384347 0.36193115]]
UN0= [[0.20959821 0.04191964]
 [0.04260473 0.35170526]]
gap= [0.3 0.7] at T=0 (computed with new function)
gap= [0.13794232 0.45636739] at T= 0.29598246582621585  (computed with new function)
 finished in 1.8417519569396972s
U= [[0.21921735 0.04384347]
 [0.04384347 0.36193115]]
UN0= [[0.20959821 0.04191964]
 [0.04260473 0.35170526]]
gap= [0.3 0.7] at T=0 (computed with new function)
gap= [0.29768529 0.69889222] at T= 0.06964299904032047  (computed with new function)
 finished in 1.8221171180407205s
U= [[0.21921735 0.04384347]
 [0.04384347 0.36193115]]
UN0= [[0.20959821 0.04191964]
 [0.04260473 0.35170526]]
gap= [0.3 0.7] at T=0 (computed with new function)
gap= [0.15603664 0.50285497] at T= 0.2785717376119162  (computed with new function)
 finished in 1.8374359409014385s
U= [[0.21921735 0.04384347]
 [0.04384347 0.36193115]]
UN0= [[0.20959821 0.04191964]
 [0.04260473 0.35170526]]
gap= [0.3 0.7] at T=0 (computed with new function)
gap= [0.29952821 0.69977768] at T= 0.052232270826020825  (computed with new function)
 finished in 1.783825977643331s
U= [[0.21921735 0.04384347]
 [0.04384347 0.36193115]]
UN0= [[0.20959821 0.04191964]
 [0.04260473 0.35170526]]
gap= [0.3 0.7] at T=0 (computed with new function)
gap= [0.17271617 0.54141398] at T= 0.26116100939761655  (computed with new function)
 finished in 1.868560222784678s
U= [[0.1733158  0.06932632]
 [0.06932632 0.347784  ]]
UN0= [[0.1657108  0.06628432]
 [0.0673676  0.33795783]]
gap= [0.3 0.7] at T=0 (computed with new function)
gap= [0.29998451 0.69998707] at T= 0.03482154261172118  (computed with new function)
 finished in 1.8194727102915447s
U= [[0.1733158  0.06932632]
 [0.06932632 0.347784  ]]
UN0= [[0.1657108  0.06628432]
 [0.0673676  0.33795783]]
gap= [0.3 0.7] at T=0 (computed with new function)
gap= [0.21143916 0.56394801] at T= 0.2437502811833169  (computed with new function)
 finished in 1.8418124953905741s
U= [[0.1733158  0.06932632]
 [0.06932632 0.347784  ]]
UN0= [[0.1657108  0.06628432]
 [0.0673676  0.33795783]]
gap= [0.3 0.7] at T=0 (computed with new function)
gap= [0.3 0.7] at T= 0.01741081439742154  (computed with new function)
 finished in 1.8401897390683493s
U= [[0.1733158  0.06932632]
 [0.06932632 0.347784  ]]
UN0= [[0.1657108  0.06628432]
 [0.0673676  0.33795783]]
gap= [0.3 0.7] at T=0 (computed with new function)
gap= [0.22561798 0.59289416] at T= 0.22633955296901723  (computed with new function)
 finished in 1.8087656497955322s
U= [[0.1733158  0.06932632]
 [0.06932632 0.347784  ]]
UN0= [[0.1657108  0.06628432]
 [0.0673676  0.33795783]]
gap= [0.3 0.7] at T=0 (computed with new function)
gap= [0.3 0.7] at T= 8.618312189740762e-08  (computed with new function)
 finished in 0.9517529368400574s
U= [[0.1733158  0.06932632]
 [0.06932632 0.347784  ]]
UN0= [[0.1657108  0.06628432]
 [0.0673676  0.33795783]]
gap= [0.3 0.7] at T=0 (computed with new function)
gap= [0.23844877 0.61713238] at T= 0.2089288247547176  (computed with new function)
 finished in 1.7916367650032043s
U= [[0.1733158  0.06932632]
 [0.06932632 0.347784  ]]
UN0= [[0.1657108  0.06628432]
 [0.0673676  0.33795783]]
gap= [0.3 0.7] at T=0 (computed with new function)
gap= [3.96622142e-15 1.14882161e-14] at T= 0.41785756332631335  (computed with new function)
 finished in 1.9045914888381958s
U= [[0.1733158  0.06932632]
 [0.06932632 0.347784  ]]
UN0= [[0.1657108  0.06628432]
 [0.0673676  0.33795783]]
gap= [0.3 0.7] at T=0 (computed with new function)
gap= [0.25008958 0.63730897] at T= 0.191518096540418  (computed with new function)
 finished in 1.8412932793299357s
U= [[0.1733158  0.06932632]
 [0.06932632 0.347784  ]]
UN0= [[0.1657108  0.06628432]
 [0.0673676  0.33795783]]
gap= [0.3 0.7] at T=0 (computed with new function)
gap= [5.52896037e-15 1.60147115e-14] at T= 0.40044683511201373  (computed with new function)
 finished in 1.87456157207489s
U= [[0.1733158  0.06932632]
 [0.06932632 0.347784  ]]
UN0= [[0.1657108  0.06628432]
 [0.0673676  0.33795783]]
gap= [0.3 0.7] at T=0 (computed with new function)
gap= [0.26062498 0.65392323] at T= 0.1741073683261183  (computed with new function)
 finished in 1.842298448085785s
U= [[0.1733158  0.06932632]
 [0.06932632 0.347784  ]]
UN0= [[0.1657108  0.06628432]
 [0.0673676  0.33795783]]
gap= [0.3 0.7] at T=0 (computed with new function)
gap= [8.89571657e-15 2.57665682e-14] at T= 0.3830361068977141  (computed with new function)
 finished in 1.9647165775299071s
U= [[0.1733158  0.06932632]
 [0.06932632 0.347784  ]]
UN0= [[0.1657108  0.06628432]
 [0.0673676  0.33795783]]
gap= [0.3 0.7] at T=0 (computed with new function)
gap= [0.2700767  0.66738176] at T= 0.15669664011181866  (computed with new function)
 finished in 1.7871309200922647s
U= [[0.1733158  0.06932632]
 [0.06932632 0.347784  ]]
UN0= [[0.1657108  0.06628432]
 [0.0673676  0.33795783]]
gap= [0.3 0.7] at T=0 (computed with new function)
gap= [2.33215840e-14 6.75512961e-14] at T= 0.3656253786834144  (computed with new function)
 finished in 2.099420893192291s
U= [[0.1733158  0.06932632]
 [0.06932632 0.347784  ]]
UN0= [[0.1657108  0.06628432]
 [0.0673676  0.33795783]]
gap= [0.3 0.7] at T=0 (computed with new function)
gap= [0.27840851 0.67803358] at T= 0.13928591189751904  (computed with new function)
 finished in 1.6872247815132142s
U= [[0.1733158  0.06932632]
 [0.06932632 0.347784  ]]
UN0= [[0.1657108  0.06628432]
 [0.0673676  0.33795783]]
gap= [0.3 0.7] at T=0 (computed with new function)
gap= [0.05379876 0.1551621 ] at T= 0.34821465046911476  (computed with new function)
 finished in 1.9021040558815003s
U= [[0.1733158  0.06932632]
 [0.06932632 0.347784  ]]
UN0= [[0.1657108  0.06628432]
 [0.0673676  0.33795783]]
gap= [0.3 0.7] at T=0 (computed with new function)
gap= [0.28553122 0.6861936 ] at T= 0.1218751836832194  (computed with new function)
 finished in 1.8640493273735046s
U= [[0.1733158  0.06932632]
 [0.06932632 0.347784  ]]
UN0= [[0.1657108  0.06628432]
 [0.0673676  0.33795783]]
gap= [0.3 0.7] at T=0 (computed with new function)
gap= [0.10200642 0.29077731] at T= 0.33080392225481514  (computed with new function)
 finished in 1.8300600012143453s
U= [[0.1733158  0.06932632]
 [0.06932632 0.347784  ]]
UN0= [[0.1657108  0.06628432]
 [0.0673676  0.33795783]]
gap= [0.3 0.7] at T=0 (computed with new function)
gap= [0.29131512 0.69215727] at T= 0.10446445546891975  (computed with new function)
 finished in 1.8578003644943237s
U= [[0.1733158  0.06932632]
 [0.06932632 0.347784  ]]
UN0= [[0.1657108  0.06628432]
 [0.0673676  0.33795783]]
gap= [0.3 0.7] at T=0 (computed with new function)
gap= [0.13303573 0.37462372] at T= 0.31339319404051547  (computed with new function)
 finished in 1.8676405827204385s
U= [[0.1733158  0.06932632]
 [0.06932632 0.347784  ]]
UN0= [[0.1657108  0.06628432]
 [0.0673676  0.33795783]]
gap= [0.3 0.7] at T=0 (computed with new function)
gap= [0.2956207  0.69620717] at T= 0.08705372725462011  (computed with new function)
 finished in 1.851888394355774s
U= [[0.1733158  0.06932632]
 [0.06932632 0.347784  ]]
UN0= [[0.1657108  0.06628432]
 [0.0673676  0.33795783]]
gap= [0.3 0.7] at T=0 (computed with new function)
gap= [0.1574021  0.43762094] at T= 0.29598246582621585  (computed with new function)
 finished in 1.801602800687154s
U= [[0.1733158  0.06932632]
 [0.06932632 0.347784  ]]
UN0= [[0.1657108  0.06628432]
 [0.0673676  0.33795783]]
gap= [0.3 0.7] at T=0 (computed with new function)
gap= [0.29836712 0.69862122] at T= 0.06964299904032047  (computed with new function)
 finished in 1.8466059724489847s
U= [[0.1733158  0.06932632]
 [0.06932632 0.347784  ]]
UN0= [[0.1657108  0.06628432]
 [0.0673676  0.33795783]]
gap= [0.3 0.7] at T=0 (computed with new function)
gap= [0.17786724 0.48798484] at T= 0.2785717376119162  (computed with new function)
 finished in 1.794437058766683s
U= [[0.28782242 0.00575645]
 [0.00575645 0.38307567]]
UN0= [[0.27519293 0.00550386]
 [0.00559381 0.37225237]]
gap= [0.3 0.7] at T=0 (computed with new function)
gap= [0.29910979 0.69995208] at T= 0.052232270826020825  (computed with new function)
 finished in 1.8101346055666605s
U= [[0.28782242 0.00575645]
 [0.00575645 0.38307567]]
UN0= [[0.27519293 0.00550386]
 [0.00559381 0.37225237]]
gap= [0.3 0.7] at T=0 (computed with new function)
gap= [0.05703424 0.58708642] at T= 0.26116100939761655  (computed with new function)
 finished in 1.746994948387146s
U= [[0.28782242 0.00575645]
 [0.00575645 0.38307567]]
UN0= [[0.27519293 0.00550386]
 [0.00559381 0.37225237]]
gap= [0.3 0.7] at T=0 (computed with new function)
gap= [0.29995915 0.69999783] at T= 0.03482154261172118  (computed with new function)
 finished in 1.8305314222971598s
U= [[0.28782242 0.00575645]
 [0.00575645 0.38307567]]
UN0= [[0.27519293 0.00550386]
 [0.00559381 0.37225237]]
gap= [0.3 0.7] at T=0 (computed with new function)
gap= [0.0673328  0.61175646] at T= 0.2437502811833169  (computed with new function)
 finished in 1.8216333111127219s
U= [[0.28782242 0.00575645]
 [0.00575645 0.38307567]]
UN0= [[0.27519293 0.00550386]
 [0.00559381 0.37225237]]
gap= [0.3 0.7] at T=0 (computed with new function)
gap= [0.29999999 0.7       ] at T= 0.01741081439742154  (computed with new function)
 finished in 1.8534474531809488s
U= [[0.28782242 0.00575645]
 [0.00575645 0.38307567]]
UN0= [[0.27519293 0.00550386]
 [0.00559381 0.37225237]]
gap= [0.3 0.7] at T=0 (computed with new function)
gap= [0.08079486 0.6323586 ] at T= 0.22633955296901723  (computed with new function)
 finished in 1.888216503461202s
U= [[0.28782242 0.00575645]
 [0.00575645 0.38307567]]
UN0= [[0.27519293 0.00550386]
 [0.00559381 0.37225237]]
gap= [0.3 0.7] at T=0 (computed with new function)
gap= [0.3 0.7] at T= 8.618312189740762e-08  (computed with new function)
 finished in 1.0115623195966086s
U= [[0.28782242 0.00575645]
 [0.00575645 0.38307567]]
UN0= [[0.27519293 0.00550386]
 [0.00559381 0.37225237]]
gap= [0.3 0.7] at T=0 (computed with new function)
gap= [0.0992017 0.6494898] at T= 0.2089288247547176  (computed with new function)
 finished in 1.8827314615249633s
U= [[0.28782242 0.00575645]
 [0.00575645 0.38307567]]
UN0= [[0.27519293 0.00550386]
 [0.00559381 0.37225237]]
gap= [0.3 0.7] at T=0 (computed with new function)
gap= [1.82271540e-15 3.17293779e-14] at T= 0.41785756332631335  (computed with new function)
 finished in 1.9849957863489787s
U= [[0.28782242 0.00575645]
 [0.00575645 0.38307567]]
UN0= [[0.27519293 0.00550386]
 [0.00559381 0.37225237]]
gap= [0.3 0.7] at T=0 (computed with new function)
gap= [0.12468483 0.6636626 ] at T= 0.191518096540418  (computed with new function)
 finished in 1.9012346665064495s
U= [[0.28782242 0.00575645]
 [0.00575645 0.38307567]]
UN0= [[0.27519293 0.00550386]
 [0.00559381 0.37225237]]
gap= [0.3 0.7] at T=0 (computed with new function)
gap= [4.23850386e-15 7.37828247e-14] at T= 0.40044683511201373  (computed with new function)
 finished in 2.107115884621938s
U= [[0.28782242 0.00575645]
 [0.00575645 0.38307567]]
UN0= [[0.27519293 0.00550386]
 [0.00559381 0.37225237]]
gap= [0.3 0.7] at T=0 (computed with new function)
gap= [0.157623   0.67522648] at T= 0.1741073683261183  (computed with new function)
 finished in 1.8599549134572346s
U= [[0.28782242 0.00575645]
 [0.00575645 0.38307567]]
UN0= [[0.27519293 0.00550386]
 [0.00559381 0.37225237]]
gap= [0.3 0.7] at T=0 (computed with new function)
gap= [0.00711379 0.1224558 ] at T= 0.3830361068977141  (computed with new function)
 finished in 2.227317233880361s
U= [[0.28782242 0.00575645]
 [0.00575645 0.38307567]]
UN0= [[0.27519293 0.00550386]
 [0.00559381 0.37225237]]
gap= [0.3 0.7] at T=0 (computed with new function)
gap= [0.19374634 0.6842679 ] at T= 0.15669664011181866  (computed with new function)
 finished in 1.894720466931661s
U= [[0.28782242 0.00575645]
 [0.00575645 0.38307567]]
UN0= [[0.27519293 0.00550386]
 [0.00559381 0.37225237]]
gap= [0.3 0.7] at T=0 (computed with new function)
gap= [0.01683029 0.27543761] at T= 0.3656253786834144  (computed with new function)
 finished in 1.9487406849861144s
U= [[0.28782242 0.00575645]
 [0.00575645 0.38307567]]
UN0= [[0.27519293 0.00550386]
 [0.00559381 0.37225237]]
gap= [0.3 0.7] at T=0 (computed with new function)
gap= [0.22690731 0.69083287] at T= 0.13928591189751904  (computed with new function)
 finished in 1.881922713915507s
U= [[0.28782242 0.00575645]
 [0.00575645 0.38307567]]
UN0= [[0.27519293 0.00550386]
 [0.00559381 0.37225237]]
gap= [0.3 0.7] at T=0 (computed with new function)
gap= [0.0234777  0.36336521] at T= 0.34821465046911476  (computed with new function)
 finished in 1.9099673668543498s
U= [[0.28782242 0.00575645]
 [0.00575645 0.38307567]]
UN0= [[0.27519293 0.00550386]
 [0.00559381 0.37225237]]
gap= [0.3 0.7] at T=0 (computed with new function)
gap= [0.25382509 0.69518982] at T= 0.1218751836832194  (computed with new function)
 finished in 1.882767117023468s
U= [[0.28782242 0.00575645]
 [0.00575645 0.38307567]]
UN0= [[0.27519293 0.00550386]
 [0.00559381 0.37225237]]
gap= [0.3 0.7] at T=0 (computed with new function)
gap= [0.02945679 0.42843444] at T= 0.33080392225481514  (computed with new function)
 finished in 1.8700148463249207s
U= [[0.28782242 0.00575645]
 [0.00575645 0.38307567]]
UN0= [[0.27519293 0.00550386]
 [0.00559381 0.37225237]]
gap= [0.3 0.7] at T=0 (computed with new function)
gap= [0.27388031 0.69778778] at T= 0.10446445546891975  (computed with new function)
 finished in 1.8412703156471253s
U= [[0.28782242 0.00575645]
 [0.00575645 0.38307567]]
UN0= [[0.27519293 0.00550386]
 [0.00559381 0.37225237]]
gap= [0.3 0.7] at T=0 (computed with new function)
gap= [0.03539516 0.48009949] at T= 0.31339319404051547  (computed with new function)
 finished in 1.8714371045430502s
U= [[0.28782242 0.00575645]
 [0.00575645 0.38307567]]
UN0= [[0.27519293 0.00550386]
 [0.00559381 0.37225237]]
gap= [0.3 0.7] at T=0 (computed with new function)
gap= [0.28751383 0.69914182] at T= 0.08705372725462011  (computed with new function)
 finished in 1.7972656766573587s
U= [[0.27355409 0.0136777 ]
 [0.0136777  0.37867807]]
UN0= [[0.26155068 0.01307753]
 [0.01329126 0.36797903]]
gap= [0.3 0.7] at T=0 (computed with new function)
gap= [0.07826962 0.50073878] at T= 0.29598246582621585  (computed with new function)
 finished in 1.8482259829839072s
U= [[0.27355409 0.0136777 ]
 [0.0136777  0.37867807]]
UN0= [[0.26155068 0.01307753]
 [0.01329126 0.36797903]]
gap= [0.3 0.7] at T=0 (computed with new function)
gap= [0.29619143 0.6994828 ] at T= 0.06964299904032047  (computed with new function)
 finished in 1.8322576363881429s
U= [[0.27355409 0.0136777 ]
 [0.0136777  0.37867807]]
UN0= [[0.26155068 0.01307753]
 [0.01329126 0.36797903]]
gap= [0.3 0.7] at T=0 (computed with new function)
gap= [0.0900641  0.53908617] at T= 0.2785717376119162  (computed with new function)
 finished in 1.8345235586166382s
U= [[0.27355409 0.0136777 ]
 [0.0136777  0.37867807]]
UN0= [[0.26155068 0.01307753]
 [0.01329126 0.36797903]]
gap= [0.3 0.7] at T=0 (computed with new function)
gap= [0.29923484 0.69989999] at T= 0.052232270826020825  (computed with new function)
 finished in 1.817053786913554s
U= [[0.27355409 0.0136777 ]
 [0.0136777  0.37867807]]
UN0= [[0.26155068 0.01307753]
 [0.01329126 0.36797903]]
gap= [0.3 0.7] at T=0 (computed with new function)
gap= [0.1027928  0.57122063] at T= 0.26116100939761655  (computed with new function)
 finished in 1.8446853439013162s
U= [[0.27355409 0.0136777 ]
 [0.0136777  0.37867807]]
UN0= [[0.26155068 0.01307753]
 [0.01329126 0.36797903]]
gap= [0.3 0.7] at T=0 (computed with new function)
gap= [0.29996481 0.69999543] at T= 0.03482154261172118  (computed with new function)
 finished in 1.8581378698348998s
U= [[0.27355409 0.0136777 ]
 [0.0136777  0.37867807]]
UN0= [[0.26155068 0.01307753]
 [0.01329126 0.36797903]]
gap= [0.3 0.7] at T=0 (computed with new function)
gap= [0.11697512 0.59827809] at T= 0.2437502811833169  (computed with new function)
 finished in 1.8760198553403218s
U= [[0.27355409 0.0136777 ]
 [0.0136777  0.37867807]]
UN0= [[0.26155068 0.01307753]
 [0.01329126 0.36797903]]
gap= [0.3 0.7] at T=0 (computed with new function)
gap= [0.3 0.7] at T= 0.01741081439742154  (computed with new function)
 finished in 1.828632664680481s
U= [[0.27355409 0.0136777 ]
 [0.0136777  0.37867807]]
UN0= [[0.26155068 0.01307753]
 [0.01329126 0.36797903]]
gap= [0.3 0.7] at T=0 (computed with new function)
gap= [0.1331568  0.62107296] at T= 0.22633955296901723  (computed with new function)
 finished in 1.7575026631355286s
U= [[0.27355409 0.0136777 ]
 [0.0136777  0.37867807]]
UN0= [[0.26155068 0.01307753]
 [0.01329126 0.36797903]]
gap= [0.3 0.7] at T=0 (computed with new function)
gap= [0.3 0.7] at T= 8.618312189740762e-08  (computed with new function)
 finished in 0.9350966533025106s
U= [[0.27355409 0.0136777 ]
 [0.0136777  0.37867807]]
UN0= [[0.26155068 0.01307753]
 [0.01329126 0.36797903]]
gap= [0.3 0.7] at T=0 (computed with new function)
gap= [0.15181836 0.64021672] at T= 0.2089288247547176  (computed with new function)
 finished in 1.8501265168190002s
U= [[0.27355409 0.0136777 ]
 [0.0136777  0.37867807]]
UN0= [[0.26155068 0.01307753]
 [0.01329126 0.36797903]]
gap= [0.3 0.7] at T=0 (computed with new function)
gap= [2.83508360e-15 2.30448088e-14] at T= 0.41785756332631335  (computed with new function)
 finished in 1.9300726254781086s
U= [[0.27355409 0.0136777 ]
 [0.0136777  0.37867807]]
UN0= [[0.26155068 0.01307753]
 [0.01329126 0.36797903]]
gap= [0.3 0.7] at T=0 (computed with new function)
gap= [0.17311964 0.65616268] at T= 0.191518096540418  (computed with new function)
 finished in 1.8685418009757995s
U= [[0.27355409 0.0136777 ]
 [0.0136777  0.37867807]]
UN0= [[0.26155068 0.01307753]
 [0.01329126 0.36797903]]
gap= [0.3 0.7] at T=0 (computed with new function)
gap= [5.21574674e-15 4.23958879e-14] at T= 0.40044683511201373  (computed with new function)
 finished in 2.0155212958653768s
U= [[0.27355409 0.0136777 ]
 [0.0136777  0.37867807]]
UN0= [[0.26155068 0.01307753]
 [0.01329126 0.36797903]]
gap= [0.3 0.7] at T=0 (computed with new function)
gap= [0.1965098  0.66921516] at T= 0.1741073683261183  (computed with new function)
 finished in 1.8502678871154785s
U= [[0.27355409 0.0136777 ]
 [0.0136777  0.37867807]]
UN0= [[0.26155068 0.01307753]
 [0.01329126 0.36797903]]
gap= [0.3 0.7] at T=0 (computed with new function)
gap= [2.66867373e-14 2.16921561e-13] at T= 0.3830361068977141  (computed with new function)
 finished in 2.572374153137207s
U= [[0.27355409 0.0136777 ]
 [0.0136777  0.37867807]]
UN0= [[0.26155068 0.01307753]
 [0.01329126 0.36797903]]
gap= [0.3 0.7] at T=0 (computed with new function)
gap= [0.22053228 0.67955914] at T= 0.15669664011181866  (computed with new function)
 finished in 1.8826146920522053s
U= [[0.27355409 0.0136777 ]
 [0.0136777  0.37867807]]
UN0= [[0.26155068 0.01307753]
 [0.01329126 0.36797903]]
gap= [0.3 0.7] at T=0 (computed with new function)
gap= [0.02751283 0.21669491] at T= 0.3656253786834144  (computed with new function)
 finished in 1.977199943860372s
U= [[0.27355409 0.0136777 ]
 [0.0136777  0.37867807]]
UN0= [[0.26155068 0.01307753]
 [0.01329126 0.36797903]]
gap= [0.3 0.7] at T=0 (computed with new function)
gap= [0.24322632 0.68735366] at T= 0.13928591189751904  (computed with new function)
 finished in 1.8617717504501343s
U= [[0.27355409 0.0136777 ]
 [0.0136777  0.37867807]]
UN0= [[0.26155068 0.01307753]
 [0.01329126 0.36797903]]
gap= [0.3 0.7] at T=0 (computed with new function)
gap= [0.04297285 0.32361813] at T= 0.34821465046911476  (computed with new function)
 finished in 1.875122102101644s
U= [[0.27355409 0.0136777 ]
 [0.0136777  0.37867807]]
UN0= [[0.26155068 0.01307753]
 [0.01329126 0.36797903]]
gap= [0.3 0.7] at T=0 (computed with new function)
gap= [0.26287253 0.6928402 ] at T= 0.1218751836832194  (computed with new function)
 finished in 1.8436981240908306s
U= [[0.27355409 0.0136777 ]
 [0.0136777  0.37867807]]
UN0= [[0.26155068 0.01307753]
 [0.01329126 0.36797903]]
gap= [0.3 0.7] at T=0 (computed with new function)
gap= [0.05542185 0.39736211] at T= 0.33080392225481514  (computed with new function)
 finished in 1.8820810198783875s
U= [[0.21921735 0.04384347]
 [0.04384347 0.36193115]]
UN0= [[0.20959821 0.04191964]
 [0.04260473 0.35170526]]
gap= [0.3 0.7] at T=0 (computed with new function)
gap= [0.28755363 0.69342723] at T= 0.10446445546891975  (computed with new function)
 finished in 1.8538250843683879s
U= [[0.21921735 0.04384347]
 [0.04384347 0.36193115]]
UN0= [[0.20959821 0.04191964]
 [0.04260473 0.35170526]]
gap= [0.3 0.7] at T=0 (computed with new function)
gap= [0.11766614 0.39907824] at T= 0.31339319404051547  (computed with new function)
 finished in 1.887374210357666s
U= [[0.21921735 0.04384347]
 [0.04384347 0.36193115]]
UN0= [[0.20959821 0.04191964]
 [0.04260473 0.35170526]]
gap= [0.3 0.7] at T=0 (computed with new function)
gap= [0.29375329 0.69689535] at T= 0.08705372725462011  (computed with new function)
 finished in 1.820182728767395s
U= [[0.21921735 0.04384347]
 [0.04384347 0.36193115]]
UN0= [[0.20959821 0.04191964]
 [0.04260473 0.35170526]]
gap= [0.3 0.7] at T=0 (computed with new function)
gap= [0.13794232 0.45636739] at T= 0.29598246582621585  (computed with new function)
 finished in 1.8580088059107462s
U= [[0.21921735 0.04384347]
 [0.04384347 0.36193115]]
UN0= [[0.20959821 0.04191964]
 [0.04260473 0.35170526]]
gap= [0.3 0.7] at T=0 (computed with new function)
gap= [0.29768529 0.69889222] at T= 0.06964299904032047  (computed with new function)
 finished in 1.8245169599850972s
U= [[0.21921735 0.04384347]
 [0.04384347 0.36193115]]
UN0= [[0.20959821 0.04191964]
 [0.04260473 0.35170526]]
gap= [0.3 0.7] at T=0 (computed with new function)
gap= [0.15603664 0.50285497] at T= 0.2785717376119162  (computed with new function)
 finished in 1.8609864115715027s
U= [[0.21921735 0.04384347]
 [0.04384347 0.36193115]]
UN0= [[0.20959821 0.04191964]
 [0.04260473 0.35170526]]
gap= [0.3 0.7] at T=0 (computed with new function)
gap= [0.29952821 0.69977768] at T= 0.052232270826020825  (computed with new function)
 finished in 1.855666466554006s
U= [[0.21921735 0.04384347]
 [0.04384347 0.36193115]]
UN0= [[0.20959821 0.04191964]
 [0.04260473 0.35170526]]
gap= [0.3 0.7] at T=0 (computed with new function)
gap= [0.17271617 0.54141398] at T= 0.26116100939761655  (computed with new function)
 finished in 1.8102832476298014s
U= [[0.21921735 0.04384347]
 [0.04384347 0.36193115]]
UN0= [[0.20959821 0.04191964]
 [0.04260473 0.35170526]]
gap= [0.3 0.7] at T=0 (computed with new function)
gap= [0.29997819 0.69998975] at T= 0.03482154261172118  (computed with new function)
 finished in 1.8248538533846537s
U= [[0.21921735 0.04384347]
 [0.04384347 0.36193115]]
UN0= [[0.20959821 0.04191964]
 [0.04260473 0.35170526]]
gap= [0.3 0.7] at T=0 (computed with new function)
gap= [0.18842294 0.57373192] at T= 0.2437502811833169  (computed with new function)
 finished in 1.7863048394521077s
U= [[0.21921735 0.04384347]
 [0.04384347 0.36193115]]
UN0= [[0.20959821 0.04191964]
 [0.04260473 0.35170526]]
gap= [0.3 0.7] at T=0 (computed with new function)
gap= [0.3 0.7] at T= 0.01741081439742154  (computed with new function)
 finished in 1.8497557878494262s
U= [[0.21921735 0.04384347]
 [0.04384347 0.36193115]]
UN0= [[0.20959821 0.04191964]
 [0.04260473 0.35170526]]
gap= [0.3 0.7] at T=0 (computed with new function)
gap= [0.20342295 0.60090695] at T= 0.22633955296901723  (computed with new function)
 finished in 1.7958401838938396s
U= [[0.21921735 0.04384347]
 [0.04384347 0.36193115]]
UN0= [[0.20959821 0.04191964]
 [0.04260473 0.35170526]]
gap= [0.3 0.7] at T=0 (computed with new function)
gap= [0.3 0.7] at T= 8.618312189740762e-08  (computed with new function)
 finished in 1.002013655503591s
U= [[0.21921735 0.04384347]
 [0.04384347 0.36193115]]
UN0= [[0.20959821 0.04191964]
 [0.04260473 0.35170526]]
gap= [0.3 0.7] at T=0 (computed with new function)
gap= [0.21786039 0.62370566] at T= 0.2089288247547176  (computed with new function)
 finished in 1.8379345933596294s
U= [[0.21921735 0.04384347]
 [0.04384347 0.36193115]]
UN0= [[0.20959821 0.04191964]
 [0.04260473 0.35170526]]
gap= [0.3 0.7] at T=0 (computed with new function)
gap= [3.82745421e-15 1.38100992e-14] at T= 0.41785756332631335  (computed with new function)
 finished in 1.7797352512677511s
U= [[0.21921735 0.04384347]
 [0.04384347 0.36193115]]
UN0= [[0.20959821 0.04191964]
 [0.04260473 0.35170526]]
gap= [0.3 0.7] at T=0 (computed with new function)
gap= [0.23177359 0.64269186] at T= 0.191518096540418  (computed with new function)
 finished in 1.8671459118525187s
U= [[0.21921735 0.04384347]
 [0.04384347 0.36193115]]
UN0= [[0.20959821 0.04191964]
 [0.04260473 0.35170526]]
gap= [0.3 0.7] at T=0 (computed with new function)
gap= [5.61371926e-15 2.02552443e-14] at T= 0.40044683511201373  (computed with new function)
 finished in 1.9405871709187825s
U= [[0.21921735 0.04384347]
 [0.04384347 0.36193115]]
UN0= [[0.20959821 0.04191964]
 [0.04260473 0.35170526]]
gap= [0.3 0.7] at T=0 (computed with new function)
gap= [0.24509459 0.65829904] at T= 0.1741073683261183  (computed with new function)
 finished in 1.8713038206100463s
U= [[0.21921735 0.04384347]
 [0.04384347 0.36193115]]
UN0= [[0.20959821 0.04191964]
 [0.04260473 0.35170526]]
gap= [0.3 0.7] at T=0 (computed with new function)
gap= [9.96736926e-15 3.59639465e-14] at T= 0.3830361068977141  (computed with new function)
 finished in 2.0192840615908305s
U= [[0.21921735 0.04384347]
 [0.04384347 0.36193115]]
UN0= [[0.20959821 0.04191964]
 [0.04260473 0.35170526]]
gap= [0.3 0.7] at T=0 (computed with new function)
gap= [0.25764601 0.67087742] at T= 0.15669664011181866  (computed with new function)
 finished in 1.903685728708903s
U= [[0.21921735 0.04384347]
 [0.04384347 0.36193115]]
UN0= [[0.20959821 0.04191964]
 [0.04260473 0.35170526]]
gap= [0.3 0.7] at T=0 (computed with new function)
gap= [5.33069239e-14 1.92340357e-13] at T= 0.3656253786834144  (computed with new function)
 finished in 2.603037989139557s
U= [[0.21921735 0.04384347]
 [0.04384347 0.36193115]]
UN0= [[0.20959821 0.04191964]
 [0.04260473 0.35170526]]
gap= [0.3 0.7] at T=0 (computed with new function)
gap= [0.2691477  0.68073043] at T= 0.13928591189751904  (computed with new function)
 finished in 1.8867491801579794s
U= [[0.21921735 0.04384347]
 [0.04384347 0.36193115]]
UN0= [[0.20959821 0.04191964]
 [0.04260473 0.35170526]]
gap= [0.3 0.7] at T=0 (computed with new function)
gap= [0.0615098  0.21836976] at T= 0.34821465046911476  (computed with new function)
 finished in 1.9680852969487508s
U= [[0.1733158  0.06932632]
 [0.06932632 0.347784  ]]
UN0= [[0.1657108  0.06628432]
 [0.0673676  0.33795783]]
gap= [0.3 0.7] at T=0 (computed with new function)
gap= [0.28553122 0.6861936 ] at T= 0.1218751836832194  (computed with new function)
 finished in 1.8621772885322572s
U= [[0.1733158  0.06932632]
 [0.06932632 0.347784  ]]
UN0= [[0.1657108  0.06628432]
 [0.0673676  0.33795783]]
gap= [0.3 0.7] at T=0 (computed with new function)
gap= [0.10200642 0.29077731] at T= 0.33080392225481514  (computed with new function)
 finished in 1.9232495943705241s
U= [[0.1733158  0.06932632]
 [0.06932632 0.347784  ]]
UN0= [[0.1657108  0.06628432]
 [0.0673676  0.33795783]]
gap= [0.3 0.7] at T=0 (computed with new function)
gap= [0.29131512 0.69215727] at T= 0.10446445546891975  (computed with new function)
 finished in 1.4433236002922059s
U= [[0.1733158  0.06932632]
 [0.06932632 0.347784  ]]
UN0= [[0.1657108  0.06628432]
 [0.0673676  0.33795783]]
gap= [0.3 0.7] at T=0 (computed with new function)
gap= [0.13303573 0.37462372] at T= 0.31339319404051547  (computed with new function)
 finished in 1.6007884939511616s
U= [[0.1733158  0.06932632]
 [0.06932632 0.347784  ]]
UN0= [[0.1657108  0.06628432]
 [0.0673676  0.33795783]]
gap= [0.3 0.7] at T=0 (computed with new function)
gap= [0.2956207  0.69620717] at T= 0.08705372725462011  (computed with new function)
 finished in 1.8745032628377278s
U= [[0.1733158  0.06932632]
 [0.06932632 0.347784  ]]
UN0= [[0.1657108  0.06628432]
 [0.0673676  0.33795783]]
gap= [0.3 0.7] at T=0 (computed with new function)
gap= [0.1574021  0.43762094] at T= 0.29598246582621585  (computed with new function)
 finished in 1.8760349869728088s
U= [[0.1733158  0.06932632]
 [0.06932632 0.347784  ]]
UN0= [[0.1657108  0.06628432]
 [0.0673676  0.33795783]]
gap= [0.3 0.7] at T=0 (computed with new function)
gap= [0.29836712 0.69862122] at T= 0.06964299904032047  (computed with new function)
 finished in 1.831949500242869s
U= [[0.1733158  0.06932632]
 [0.06932632 0.347784  ]]
UN0= [[0.1657108  0.06628432]
 [0.0673676  0.33795783]]
gap= [0.3 0.7] at T=0 (computed with new function)
gap= [0.17786724 0.48798484] at T= 0.2785717376119162  (computed with new function)
 finished in 1.8463664253552754s
U= [[0.1733158  0.06932632]
 [0.06932632 0.347784  ]]
UN0= [[0.1657108  0.06628432]
 [0.0673676  0.33795783]]
gap= [0.3 0.7] at T=0 (computed with new function)
gap= [0.29966548 0.6997204 ] at T= 0.052232270826020825  (computed with new function)
 finished in 1.885183084011078s
U= [[0.1733158  0.06932632]
 [0.06932632 0.347784  ]]
UN0= [[0.1657108  0.06628432]
 [0.0673676  0.33795783]]
gap= [0.3 0.7] at T=0 (computed with new function)
gap= [0.19565695 0.5294091 ] at T= 0.26116100939761655  (computed with new function)
 finished in 1.7282143076260885s
U= [[0.1733158  0.06932632]
 [0.06932632 0.347784  ]]
UN0= [[0.1657108  0.06628432]
 [0.0673676  0.33795783]]
gap= [0.3 0.7] at T=0 (computed with new function)
gap= [0.29998451 0.69998707] at T= 0.03482154261172118  (computed with new function)
 finished in 1.87220694621404s
U= [[0.1733158  0.06932632]
 [0.06932632 0.347784  ]]
UN0= [[0.1657108  0.06628432]
 [0.0673676  0.33795783]]
gap= [0.3 0.7] at T=0 (computed with new function)
gap= [0.21143916 0.56394801] at T= 0.2437502811833169  (computed with new function)
 finished in 1.6531835516293845s
U= [[0.1733158  0.06932632]
 [0.06932632 0.347784  ]]
UN0= [[0.1657108  0.06628432]
 [0.0673676  0.33795783]]
gap= [0.3 0.7] at T=0 (computed with new function)
gap= [0.3 0.7] at T= 0.01741081439742154  (computed with new function)
 finished in 1.8664601484934489s
U= [[0.1733158  0.06932632]
 [0.06932632 0.347784  ]]
UN0= [[0.1657108  0.06628432]
 [0.0673676  0.33795783]]
gap= [0.3 0.7] at T=0 (computed with new function)
gap= [0.22561798 0.59289416] at T= 0.22633955296901723  (computed with new function)
 finished in 1.8745071093241374s
U= [[0.1733158  0.06932632]
 [0.06932632 0.347784  ]]
UN0= [[0.1657108  0.06628432]
 [0.0673676  0.33795783]]
gap= [0.3 0.7] at T=0 (computed with new function)
gap= [0.3 0.7] at T= 8.618312189740762e-08  (computed with new function)
 finished in 0.9370126525561014s
U= [[0.1733158  0.06932632]
 [0.06932632 0.347784  ]]
UN0= [[0.1657108  0.06628432]
 [0.0673676  0.33795783]]
gap= [0.3 0.7] at T=0 (computed with new function)
gap= [0.23844877 0.61713238] at T= 0.2089288247547176  (computed with new function)
 finished in 1.8692761182785034s
U= [[0.1733158  0.06932632]
 [0.06932632 0.347784  ]]
UN0= [[0.1657108  0.06628432]
 [0.0673676  0.33795783]]
gap= [0.3 0.7] at T=0 (computed with new function)
gap= [3.96622142e-15 1.14882161e-14] at T= 0.41785756332631335  (computed with new function)
 finished in 1.8472263932228088s
U= [[0.1733158  0.06932632]
 [0.06932632 0.347784  ]]
UN0= [[0.1657108  0.06628432]
 [0.0673676  0.33795783]]
gap= [0.3 0.7] at T=0 (computed with new function)
gap= [0.25008958 0.63730897] at T= 0.191518096540418  (computed with new function)
 finished in 1.7766863743464152s
U= [[0.1733158  0.06932632]
 [0.06932632 0.347784  ]]
UN0= [[0.1657108  0.06628432]
 [0.0673676  0.33795783]]
gap= [0.3 0.7] at T=0 (computed with new function)
gap= [5.52896037e-15 1.60147115e-14] at T= 0.40044683511201373  (computed with new function)
 finished in 1.9402459224065145s
U= [[0.1733158  0.06932632]
 [0.06932632 0.347784  ]]
UN0= [[0.1657108  0.06628432]
 [0.0673676  0.33795783]]
gap= [0.3 0.7] at T=0 (computed with new function)
gap= [0.26062498 0.65392323] at T= 0.1741073683261183  (computed with new function)
 finished in 1.8627821445465087s
U= [[0.1733158  0.06932632]
 [0.06932632 0.347784  ]]
UN0= [[0.1657108  0.06628432]
 [0.0673676  0.33795783]]
gap= [0.3 0.7] at T=0 (computed with new function)
gap= [8.89571657e-15 2.57665682e-14] at T= 0.3830361068977141  (computed with new function)
 finished in 1.9833790063858032s
U= [[0.1733158  0.06932632]
 [0.06932632 0.347784  ]]
UN0= [[0.1657108  0.06628432]
 [0.0673676  0.33795783]]
gap= [0.3 0.7] at T=0 (computed with new function)
gap= [0.2700767  0.66738176] at T= 0.15669664011181866  (computed with new function)
 finished in 1.8456354896227518s
U= [[0.28782242 0.00575645]
 [0.00575645 0.38307567]]
UN0= [[0.27519293 0.00550386]
 [0.00559381 0.37225237]]
gap= [0.3 0.7] at T=0 (computed with new function)
gap= [0.01683029 0.27543761] at T= 0.3656253786834144  (computed with new function)
 finished in 1.9459991693496703s
U= [[0.28782242 0.00575645]
 [0.00575645 0.38307567]]
UN0= [[0.27519293 0.00550386]
 [0.00559381 0.37225237]]
gap= [0.3 0.7] at T=0 (computed with new function)
gap= [0.22690731 0.69083287] at T= 0.13928591189751904  (computed with new function)
 finished in 1.855803902943929s
U= [[0.28782242 0.00575645]
 [0.00575645 0.38307567]]
UN0= [[0.27519293 0.00550386]
 [0.00559381 0.37225237]]
gap= [0.3 0.7] at T=0 (computed with new function)
gap= [0.0234777  0.36336521] at T= 0.34821465046911476  (computed with new function)
 finished in 1.8122186342875162s
U= [[0.28782242 0.00575645]
 [0.00575645 0.38307567]]
UN0= [[0.27519293 0.00550386]
 [0.00559381 0.37225237]]
gap= [0.3 0.7] at T=0 (computed with new function)
gap= [0.25382509 0.69518982] at T= 0.1218751836832194  (computed with new function)
 finished in 1.9024126529693604s
U= [[0.28782242 0.00575645]
 [0.00575645 0.38307567]]
UN0= [[0.27519293 0.00550386]
 [0.00559381 0.37225237]]
gap= [0.3 0.7] at T=0 (computed with new function)
gap= [0.02945679 0.42843444] at T= 0.33080392225481514  (computed with new function)
 finished in 1.8759309848149617s
U= [[0.28782242 0.00575645]
 [0.00575645 0.38307567]]
UN0= [[0.27519293 0.00550386]
 [0.00559381 0.37225237]]
gap= [0.3 0.7] at T=0 (computed with new function)
gap= [0.27388031 0.69778778] at T= 0.10446445546891975  (computed with new function)
 finished in 1.863127835591634s
U= [[0.28782242 0.00575645]
 [0.00575645 0.38307567]]
UN0= [[0.27519293 0.00550386]
 [0.00559381 0.37225237]]
gap= [0.3 0.7] at T=0 (computed with new function)
gap= [0.03539516 0.48009949] at T= 0.31339319404051547  (computed with new function)
 finished in 1.8912325064341227s
U= [[0.28782242 0.00575645]
 [0.00575645 0.38307567]]
UN0= [[0.27519293 0.00550386]
 [0.00559381 0.37225237]]
gap= [0.3 0.7] at T=0 (computed with new function)
gap= [0.28751383 0.69914182] at T= 0.08705372725462011  (computed with new function)
 finished in 1.8515107353528342s
U= [[0.28782242 0.00575645]
 [0.00575645 0.38307567]]
UN0= [[0.27519293 0.00550386]
 [0.00559381 0.37225237]]
gap= [0.3 0.7] at T=0 (computed with new function)
gap= [0.04168987 0.52242584] at T= 0.29598246582621585  (computed with new function)
 finished in 1.8729676286379495s
U= [[0.28782242 0.00575645]
 [0.00575645 0.38307567]]
UN0= [[0.27519293 0.00550386]
 [0.00559381 0.37225237]]
gap= [0.3 0.7] at T=0 (computed with new function)
gap= [0.29553755 0.69973993] at T= 0.06964299904032047  (computed with new function)
 finished in 1.8456642548243205s
U= [[0.28782242 0.00575645]
 [0.00575645 0.38307567]]
UN0= [[0.27519293 0.00550386]
 [0.00559381 0.37225237]]
gap= [0.3 0.7] at T=0 (computed with new function)
gap= [0.04873451 0.55762744] at T= 0.2785717376119162  (computed with new function)
 finished in 1.8423548817634583s
U= [[0.28782242 0.00575645]
 [0.00575645 0.38307567]]
UN0= [[0.27519293 0.00550386]
 [0.00559381 0.37225237]]
gap= [0.3 0.7] at T=0 (computed with new function)
gap= [0.29910979 0.69995208] at T= 0.052232270826020825  (computed with new function)
 finished in 1.7640090545018514s
U= [[0.28782242 0.00575645]
 [0.00575645 0.38307567]]
UN0= [[0.27519293 0.00550386]
 [0.00559381 0.37225237]]
gap= [0.3 0.7] at T=0 (computed with new function)
gap= [0.05703424 0.58708642] at T= 0.26116100939761655  (computed with new function)
 finished in 1.8714445988337198s
U= [[0.28782242 0.00575645]
 [0.00575645 0.38307567]]
UN0= [[0.27519293 0.00550386]
 [0.00559381 0.37225237]]
gap= [0.3 0.7] at T=0 (computed with new function)
gap= [0.29995915 0.69999783] at T= 0.03482154261172118  (computed with new function)
 finished in 1.8046143412590028s
U= [[0.28782242 0.00575645]
 [0.00575645 0.38307567]]
UN0= [[0.27519293 0.00550386]
 [0.00559381 0.37225237]]
gap= [0.3 0.7] at T=0 (computed with new function)
gap= [0.0673328  0.61175646] at T= 0.2437502811833169  (computed with new function)
 finished in 1.8460976084073384s
U= [[0.28782242 0.00575645]
 [0.00575645 0.38307567]]
UN0= [[0.27519293 0.00550386]
 [0.00559381 0.37225237]]
gap= [0.3 0.7] at T=0 (computed with new function)
gap= [0.29999999 0.7       ] at T= 0.01741081439742154  (computed with new function)
 finished in 1.848132348060608s
U= [[0.28782242 0.00575645]
 [0.00575645 0.38307567]]
UN0= [[0.27519293 0.00550386]
 [0.00559381 0.37225237]]
gap= [0.3 0.7] at T=0 (computed with new function)
gap= [0.08079486 0.6323586 ] at T= 0.22633955296901723  (computed with new function)
 finished in 1.8039906342824301s
U= [[0.28782242 0.00575645]
 [0.00575645 0.38307567]]
UN0= [[0.27519293 0.00550386]
 [0.00559381 0.37225237]]
gap= [0.3 0.7] at T=0 (computed with new function)
gap= [0.3 0.7] at T= 8.618312189740762e-08  (computed with new function)
 finished in 1.0075921098391214s
U= [[0.28782242 0.00575645]
 [0.00575645 0.38307567]]
UN0= [[0.27519293 0.00550386]
 [0.00559381 0.37225237]]
gap= [0.3 0.7] at T=0 (computed with new function)
gap= [0.0992017 0.6494898] at T= 0.2089288247547176  (computed with new function)
 finished in 1.8620703577995301s
U= [[0.28782242 0.00575645]
 [0.00575645 0.38307567]]
UN0= [[0.27519293 0.00550386]
 [0.00559381 0.37225237]]
gap= [0.3 0.7] at T=0 (computed with new function)
gap= [1.82271540e-15 3.17293779e-14] at T= 0.41785756332631335  (computed with new function)
 finished in 1.9501399556795755s
U= [[0.28782242 0.00575645]
 [0.00575645 0.38307567]]
UN0= [[0.27519293 0.00550386]
 [0.00559381 0.37225237]]
gap= [0.3 0.7] at T=0 (computed with new function)
gap= [0.12468483 0.6636626 ] at T= 0.191518096540418  (computed with new function)
 finished in 1.8409698526064555s
U= [[0.28782242 0.00575645]
 [0.00575645 0.38307567]]
UN0= [[0.27519293 0.00550386]
 [0.00559381 0.37225237]]
gap= [0.3 0.7] at T=0 (computed with new function)
gap= [4.23850386e-15 7.37828247e-14] at T= 0.40044683511201373  (computed with new function)
 finished in 2.0866475343704223s
U= [[0.27355409 0.0136777 ]
 [0.0136777  0.37867807]]
UN0= [[0.26155068 0.01307753]
 [0.01329126 0.36797903]]
gap= [0.3 0.7] at T=0 (computed with new function)
gap= [0.1965098  0.66921516] at T= 0.1741073683261183  (computed with new function)
 finished in 1.8037179430325827s
U= [[0.27355409 0.0136777 ]
 [0.0136777  0.37867807]]
UN0= [[0.26155068 0.01307753]
 [0.01329126 0.36797903]]
gap= [0.3 0.7] at T=0 (computed with new function)
gap= [2.66867373e-14 2.16921561e-13] at T= 0.3830361068977141  (computed with new function)
 finished in 2.5829136768976846s
U= [[0.27355409 0.0136777 ]
 [0.0136777  0.37867807]]
UN0= [[0.26155068 0.01307753]
 [0.01329126 0.36797903]]
gap= [0.3 0.7] at T=0 (computed with new function)
gap= [0.22053228 0.67955914] at T= 0.15669664011181866  (computed with new function)
 finished in 1.661419399579366s
U= [[0.27355409 0.0136777 ]
 [0.0136777  0.37867807]]
UN0= [[0.26155068 0.01307753]
 [0.01329126 0.36797903]]
gap= [0.3 0.7] at T=0 (computed with new function)
gap= [0.02751283 0.21669491] at T= 0.3656253786834144  (computed with new function)
 finished in 1.9577748815218607s
U= [[0.27355409 0.0136777 ]
 [0.0136777  0.37867807]]
UN0= [[0.26155068 0.01307753]
 [0.01329126 0.36797903]]
gap= [0.3 0.7] at T=0 (computed with new function)
gap= [0.24322632 0.68735366] at T= 0.13928591189751904  (computed with new function)
 finished in 1.7584031383196512s
U= [[0.27355409 0.0136777 ]
 [0.0136777  0.37867807]]
UN0= [[0.26155068 0.01307753]
 [0.01329126 0.36797903]]
gap= [0.3 0.7] at T=0 (computed with new function)
gap= [0.04297285 0.32361813] at T= 0.34821465046911476  (computed with new function)
 finished in 1.8669593254725139s
U= [[0.27355409 0.0136777 ]
 [0.0136777  0.37867807]]
UN0= [[0.26155068 0.01307753]
 [0.01329126 0.36797903]]
gap= [0.3 0.7] at T=0 (computed with new function)
gap= [0.26287253 0.6928402 ] at T= 0.1218751836832194  (computed with new function)
 finished in 1.8559422294298809s
U= [[0.27355409 0.0136777 ]
 [0.0136777  0.37867807]]
UN0= [[0.26155068 0.01307753]
 [0.01329126 0.36797903]]
gap= [0.3 0.7] at T=0 (computed with new function)
gap= [0.05542185 0.39736211] at T= 0.33080392225481514  (computed with new function)
 finished in 1.889297600587209s
U= [[0.27355409 0.0136777 ]
 [0.0136777  0.37867807]]
UN0= [[0.26155068 0.01307753]
 [0.01329126 0.36797903]]
gap= [0.3 0.7] at T=0 (computed with new function)
gap= [0.278421   0.69638446] at T= 0.10446445546891975  (computed with new function)
 finished in 1.808994746208191s
U= [[0.27355409 0.0136777 ]
 [0.0136777  0.37867807]]
UN0= [[0.26155068 0.01307753]
 [0.01329126 0.36797903]]
gap= [0.3 0.7] at T=0 (computed with new function)
gap= [0.06690872 0.45446304] at T= 0.31339319404051547  (computed with new function)
 finished in 1.8505338470141093s
U= [[0.27355409 0.0136777 ]
 [0.0136777  0.37867807]]
UN0= [[0.26155068 0.01307753]
 [0.01329126 0.36797903]]
gap= [0.3 0.7] at T=0 (computed with new function)
gap= [0.28948044 0.69844258] at T= 0.08705372725462011  (computed with new function)
 finished in 1.8046450853347777s
U= [[0.27355409 0.0136777 ]
 [0.0136777  0.37867807]]
UN0= [[0.26155068 0.01307753]
 [0.01329126 0.36797903]]
gap= [0.3 0.7] at T=0 (computed with new function)
gap= [0.07826962 0.50073878] at T= 0.29598246582621585  (computed with new function)
 finished in 1.8137595017751058s
U= [[0.27355409 0.0136777 ]
 [0.0136777  0.37867807]]
UN0= [[0.26155068 0.01307753]
 [0.01329126 0.36797903]]
gap= [0.3 0.7] at T=0 (computed with new function)
gap= [0.29619143 0.6994828 ] at T= 0.06964299904032047  (computed with new function)
 finished in 1.8183796842892965s
U= [[0.27355409 0.0136777 ]
 [0.0136777  0.37867807]]
UN0= [[0.26155068 0.01307753]
 [0.01329126 0.36797903]]
gap= [0.3 0.7] at T=0 (computed with new function)
gap= [0.0900641  0.53908617] at T= 0.2785717376119162  (computed with new function)
 finished in 1.811032497882843s
U= [[0.27355409 0.0136777 ]
 [0.0136777  0.37867807]]
UN0= [[0.26155068 0.01307753]
 [0.01329126 0.36797903]]
gap= [0.3 0.7] at T=0 (computed with new function)
gap= [0.29923484 0.69989999] at T= 0.052232270826020825  (computed with new function)
 finished in 1.8239563941955566s
U= [[0.27355409 0.0136777 ]
 [0.0136777  0.37867807]]
UN0= [[0.26155068 0.01307753]
 [0.01329126 0.36797903]]
gap= [0.3 0.7] at T=0 (computed with new function)
gap= [0.1027928  0.57122063] at T= 0.26116100939761655  (computed with new function)
 finished in 1.829701336224874s
U= [[0.27355409 0.0136777 ]
 [0.0136777  0.37867807]]
UN0= [[0.26155068 0.01307753]
 [0.01329126 0.36797903]]
gap= [0.3 0.7] at T=0 (computed with new function)
gap= [0.29996481 0.69999543] at T= 0.03482154261172118  (computed with new function)
 finished in 1.827795426050822s
U= [[0.27355409 0.0136777 ]
 [0.0136777  0.37867807]]
UN0= [[0.26155068 0.01307753]
 [0.01329126 0.36797903]]
gap= [0.3 0.7] at T=0 (computed with new function)
gap= [0.11697512 0.59827809] at T= 0.2437502811833169  (computed with new function)
 finished in 1.816029946009318s
U= [[0.27355409 0.0136777 ]
 [0.0136777  0.37867807]]
UN0= [[0.26155068 0.01307753]
 [0.01329126 0.36797903]]
gap= [0.3 0.7] at T=0 (computed with new function)
gap= [0.3 0.7] at T= 0.01741081439742154  (computed with new function)
 finished in 1.851222562789917s
U= [[0.27355409 0.0136777 ]
 [0.0136777  0.37867807]]
UN0= [[0.26155068 0.01307753]
 [0.01329126 0.36797903]]
gap= [0.3 0.7] at T=0 (computed with new function)
gap= [0.1331568  0.62107296] at T= 0.22633955296901723  (computed with new function)
 finished in 1.7870789726575216s
U= [[0.27355409 0.0136777 ]
 [0.0136777  0.37867807]]
UN0= [[0.26155068 0.01307753]
 [0.01329126 0.36797903]]
gap= [0.3 0.7] at T=0 (computed with new function)
gap= [0.3 0.7] at T= 8.618312189740762e-08  (computed with new function)
 finished in 1.0257965008417764s
U= [[0.27355409 0.0136777 ]
 [0.0136777  0.37867807]]
UN0= [[0.26155068 0.01307753]
 [0.01329126 0.36797903]]
gap= [0.3 0.7] at T=0 (computed with new function)
gap= [0.15181836 0.64021672] at T= 0.2089288247547176  (computed with new function)
 finished in 1.8795617858568827s
U= [[0.27355409 0.0136777 ]
 [0.0136777  0.37867807]]
UN0= [[0.26155068 0.01307753]
 [0.01329126 0.36797903]]
gap= [0.3 0.7] at T=0 (computed with new function)
gap= [2.83508360e-15 2.30448088e-14] at T= 0.41785756332631335  (computed with new function)
 finished in 1.903717084725698s
U= [[0.21921735 0.04384347]
 [0.04384347 0.36193115]]
UN0= [[0.20959821 0.04191964]
 [0.04260473 0.35170526]]
gap= [0.3 0.7] at T=0 (computed with new function)
gap= [0.23177359 0.64269186] at T= 0.191518096540418  (computed with new function)
 finished in 1.8378755807876588s
U= [[0.21921735 0.04384347]
 [0.04384347 0.36193115]]
UN0= [[0.20959821 0.04191964]
 [0.04260473 0.35170526]]
gap= [0.3 0.7] at T=0 (computed with new function)
gap= [5.61371926e-15 2.02552443e-14] at T= 0.40044683511201373  (computed with new function)
 finished in 1.9107051094373066s
U= [[0.21921735 0.04384347]
 [0.04384347 0.36193115]]
UN0= [[0.20959821 0.04191964]
 [0.04260473 0.35170526]]
gap= [0.3 0.7] at T=0 (computed with new function)
gap= [0.24509459 0.65829904] at T= 0.1741073683261183  (computed with new function)
 finished in 1.8659379084904988s
U= [[0.21921735 0.04384347]
 [0.04384347 0.36193115]]
UN0= [[0.20959821 0.04191964]
 [0.04260473 0.35170526]]
gap= [0.3 0.7] at T=0 (computed with new function)
gap= [9.96736926e-15 3.59639465e-14] at T= 0.3830361068977141  (computed with new function)
 finished in 1.9903712789217631s
U= [[0.21921735 0.04384347]
 [0.04384347 0.36193115]]
UN0= [[0.20959821 0.04191964]
 [0.04260473 0.35170526]]
gap= [0.3 0.7] at T=0 (computed with new function)
gap= [0.25764601 0.67087742] at T= 0.15669664011181866  (computed with new function)
 finished in 1.8647567550341289s
U= [[0.21921735 0.04384347]
 [0.04384347 0.36193115]]
UN0= [[0.20959821 0.04191964]
 [0.04260473 0.35170526]]
gap= [0.3 0.7] at T=0 (computed with new function)
gap= [5.33069239e-14 1.92340357e-13] at T= 0.3656253786834144  (computed with new function)
 finished in 2.5653048396110534s
U= [[0.21921735 0.04384347]
 [0.04384347 0.36193115]]
UN0= [[0.20959821 0.04191964]
 [0.04260473 0.35170526]]
gap= [0.3 0.7] at T=0 (computed with new function)
gap= [0.2691477  0.68073043] at T= 0.13928591189751904  (computed with new function)
 finished in 1.8652794202168783s
U= [[0.21921735 0.04384347]
 [0.04384347 0.36193115]]
UN0= [[0.20959821 0.04191964]
 [0.04260473 0.35170526]]
gap= [0.3 0.7] at T=0 (computed with new function)
gap= [0.0615098  0.21836976] at T= 0.34821465046911476  (computed with new function)
 finished in 1.9541033983230591s
U= [[0.21921735 0.04384347]
 [0.04384347 0.36193115]]
UN0= [[0.20959821 0.04191964]
 [0.04260473 0.35170526]]
gap= [0.3 0.7] at T=0 (computed with new function)
gap= [0.27924352 0.6881469 ] at T= 0.1218751836832194  (computed with new function)
 finished in 1.8607431213061014s
U= [[0.21921735 0.04384347]
 [0.04384347 0.36193115]]
UN0= [[0.20959821 0.04191964]
 [0.04260473 0.35170526]]
gap= [0.3 0.7] at T=0 (computed with new function)
gap= [0.09365952 0.32520609] at T= 0.33080392225481514  (computed with new function)
 finished in 1.8534794211387635s
U= [[0.21921735 0.04384347]
 [0.04384347 0.36193115]]
UN0= [[0.20959821 0.04191964]
 [0.04260473 0.35170526]]
gap= [0.3 0.7] at T=0 (computed with new function)
gap= [0.28755363 0.69342723] at T= 0.10446445546891975  (computed with new function)
 finished in 1.8587386767069498s
U= [[0.21921735 0.04384347]
 [0.04384347 0.36193115]]
UN0= [[0.20959821 0.04191964]
 [0.04260473 0.35170526]]
gap= [0.3 0.7] at T=0 (computed with new function)
gap= [0.11766614 0.39907824] at T= 0.31339319404051547  (computed with new function)
 finished in 1.8920936504999797s
U= [[0.21921735 0.04384347]
 [0.04384347 0.36193115]]
UN0= [[0.20959821 0.04191964]
 [0.04260473 0.35170526]]
gap= [0.3 0.7] at T=0 (computed with new function)
gap= [0.29375329 0.69689535] at T= 0.08705372725462011  (computed with new function)
 finished in 1.8605220476786295s
U= [[0.21921735 0.04384347]
 [0.04384347 0.36193115]]
UN0= [[0.20959821 0.04191964]
 [0.04260473 0.35170526]]
gap= [0.3 0.7] at T=0 (computed with new function)
gap= [0.13794232 0.45636739] at T= 0.29598246582621585  (computed with new function)
 finished in 1.8496384620666504s
U= [[0.21921735 0.04384347]
 [0.04384347 0.36193115]]
UN0= [[0.20959821 0.04191964]
 [0.04260473 0.35170526]]
gap= [0.3 0.7] at T=0 (computed with new function)
gap= [0.29768529 0.69889222] at T= 0.06964299904032047  (computed with new function)
 finished in 1.8924513777097067s
U= [[0.21921735 0.04384347]
 [0.04384347 0.36193115]]
UN0= [[0.20959821 0.04191964]
 [0.04260473 0.35170526]]
gap= [0.3 0.7] at T=0 (computed with new function)
gap= [0.15603664 0.50285497] at T= 0.2785717376119162  (computed with new function)
 finished in 1.8364086627960206s
U= [[0.21921735 0.04384347]
 [0.04384347 0.36193115]]
UN0= [[0.20959821 0.04191964]
 [0.04260473 0.35170526]]
gap= [0.3 0.7] at T=0 (computed with new function)
gap= [0.29952821 0.69977768] at T= 0.052232270826020825  (computed with new function)
 finished in 1.9058432936668397s
U= [[0.21921735 0.04384347]
 [0.04384347 0.36193115]]
UN0= [[0.20959821 0.04191964]
 [0.04260473 0.35170526]]
gap= [0.3 0.7] at T=0 (computed with new function)
gap= [0.17271617 0.54141398] at T= 0.26116100939761655  (computed with new function)
 finished in 1.833154527346293s
U= [[0.21921735 0.04384347]
 [0.04384347 0.36193115]]
UN0= [[0.20959821 0.04191964]
 [0.04260473 0.35170526]]
gap= [0.3 0.7] at T=0 (computed with new function)
gap= [0.29997819 0.69998975] at T= 0.03482154261172118  (computed with new function)
 finished in 1.8460406462351482s
U= [[0.21921735 0.04384347]
 [0.04384347 0.36193115]]
UN0= [[0.20959821 0.04191964]
 [0.04260473 0.35170526]]
gap= [0.3 0.7] at T=0 (computed with new function)
gap= [0.18842294 0.57373192] at T= 0.2437502811833169  (computed with new function)
 finished in 1.7801309903462728s
U= [[0.21921735 0.04384347]
 [0.04384347 0.36193115]]
UN0= [[0.20959821 0.04191964]
 [0.04260473 0.35170526]]
gap= [0.3 0.7] at T=0 (computed with new function)
gap= [0.3 0.7] at T= 0.01741081439742154  (computed with new function)
 finished in 1.8158473690350851s
U= [[0.21921735 0.04384347]
 [0.04384347 0.36193115]]
UN0= [[0.20959821 0.04191964]
 [0.04260473 0.35170526]]
gap= [0.3 0.7] at T=0 (computed with new function)
gap= [0.20342295 0.60090695] at T= 0.22633955296901723  (computed with new function)
 finished in 1.8035365263621013s
U= [[0.1733158  0.06932632]
 [0.06932632 0.347784  ]]
UN0= [[0.1657108  0.06628432]
 [0.0673676  0.33795783]]
gap= [0.3 0.7] at T=0 (computed with new function)
gap= [0.3 0.7] at T= 8.618312189740762e-08  (computed with new function)
 finished in 0.990200404326121s
U= [[0.1733158  0.06932632]
 [0.06932632 0.347784  ]]
UN0= [[0.1657108  0.06628432]
 [0.0673676  0.33795783]]
gap= [0.3 0.7] at T=0 (computed with new function)
gap= [0.23844877 0.61713238] at T= 0.2089288247547176  (computed with new function)
 finished in 1.8105628450711568s
U= [[0.1733158  0.06932632]
 [0.06932632 0.347784  ]]
UN0= [[0.1657108  0.06628432]
 [0.0673676  0.33795783]]
gap= [0.3 0.7] at T=0 (computed with new function)
gap= [3.96622142e-15 1.14882161e-14] at T= 0.41785756332631335  (computed with new function)
 finished in 1.7956975817680358s
U= [[0.1733158  0.06932632]
 [0.06932632 0.347784  ]]
UN0= [[0.1657108  0.06628432]
 [0.0673676  0.33795783]]
gap= [0.3 0.7] at T=0 (computed with new function)
gap= [0.25008958 0.63730897] at T= 0.191518096540418  (computed with new function)
 finished in 1.5594184637069701s
U= [[0.1733158  0.06932632]
 [0.06932632 0.347784  ]]
UN0= [[0.1657108  0.06628432]
 [0.0673676  0.33795783]]
gap= [0.3 0.7] at T=0 (computed with new function)
gap= [5.52896037e-15 1.60147115e-14] at T= 0.40044683511201373  (computed with new function)
 finished in 1.593828312555949s
U= [[0.1733158  0.06932632]
 [0.06932632 0.347784  ]]
UN0= [[0.1657108  0.06628432]
 [0.0673676  0.33795783]]
gap= [0.3 0.7] at T=0 (computed with new function)
gap= [0.26062498 0.65392323] at T= 0.1741073683261183  (computed with new function)
 finished in 1.5387462615966796s
U= [[0.1733158  0.06932632]
 [0.06932632 0.347784  ]]
UN0= [[0.1657108  0.06628432]
 [0.0673676  0.33795783]]
gap= [0.3 0.7] at T=0 (computed with new function)
gap= [8.89571657e-15 2.57665682e-14] at T= 0.3830361068977141  (computed with new function)
 finished in 1.6061514298121133s
U= [[0.1733158  0.06932632]
 [0.06932632 0.347784  ]]
UN0= [[0.1657108  0.06628432]
 [0.0673676  0.33795783]]
gap= [0.3 0.7] at T=0 (computed with new function)
gap= [0.2700767  0.66738176] at T= 0.15669664011181866  (computed with new function)
 finished in 1.3409413655598958s
U= [[0.1733158  0.06932632]
 [0.06932632 0.347784  ]]
UN0= [[0.1657108  0.06628432]
 [0.0673676  0.33795783]]
gap= [0.3 0.7] at T=0 (computed with new function)
gap= [2.33215840e-14 6.75512961e-14] at T= 0.3656253786834144  (computed with new function)
 finished in 0.9080808639526368s
U= [[0.1733158  0.06932632]
 [0.06932632 0.347784  ]]
UN0= [[0.1657108  0.06628432]
 [0.0673676  0.33795783]]
gap= [0.3 0.7] at T=0 (computed with new function)
gap= [0.27840851 0.67803358] at T= 0.13928591189751904  (computed with new function)
 finished in 0.7989567200342814s
U= [[0.1733158  0.06932632]
 [0.06932632 0.347784  ]]
UN0= [[0.1657108  0.06628432]
 [0.0673676  0.33795783]]
gap= [0.3 0.7] at T=0 (computed with new function)
gap= [0.05379876 0.1551621 ] at T= 0.34821465046911476  (computed with new function)
 finished in 0.8706591407457988s
U= [[0.1733158  0.06932632]
 [0.06932632 0.347784  ]]
UN0= [[0.1657108  0.06628432]
 [0.0673676  0.33795783]]
gap= [0.3 0.7] at T=0 (computed with new function)
gap= [0.28553122 0.6861936 ] at T= 0.1218751836832194  (computed with new function)
 finished in 0.8007011532783508s
U= [[0.1733158  0.06932632]
 [0.06932632 0.347784  ]]
UN0= [[0.1657108  0.06628432]
 [0.0673676  0.33795783]]
gap= [0.3 0.7] at T=0 (computed with new function)
gap= [0.10200642 0.29077731] at T= 0.33080392225481514  (computed with new function)
 finished in 0.7767437934875489s
U= [[0.1733158  0.06932632]
 [0.06932632 0.347784  ]]
UN0= [[0.1657108  0.06628432]
 [0.0673676  0.33795783]]
gap= [0.3 0.7] at T=0 (computed with new function)
gap= [0.29131512 0.69215727] at T= 0.10446445546891975  (computed with new function)
 finished in 0.7763947447141012s
U= [[0.1733158  0.06932632]
 [0.06932632 0.347784  ]]
UN0= [[0.1657108  0.06628432]
 [0.0673676  0.33795783]]
gap= [0.3 0.7] at T=0 (computed with new function)
gap= [0.13303573 0.37462372] at T= 0.31339319404051547  (computed with new function)
 finished in 0.7863759279251099s
U= [[0.1733158  0.06932632]
 [0.06932632 0.347784  ]]
UN0= [[0.1657108  0.06628432]
 [0.0673676  0.33795783]]
gap= [0.3 0.7] at T=0 (computed with new function)
gap= [0.2956207  0.69620717] at T= 0.08705372725462011  (computed with new function)
 finished in 0.7971638043721517s
U= [[0.1733158  0.06932632]
 [0.06932632 0.347784  ]]
UN0= [[0.1657108  0.06628432]
 [0.0673676  0.33795783]]
gap= [0.3 0.7] at T=0 (computed with new function)
gap= [0.1574021  0.43762094] at T= 0.29598246582621585  (computed with new function)
 finished in 0.7311257878939311s
U= [[0.1733158  0.06932632]
 [0.06932632 0.347784  ]]
UN0= [[0.1657108  0.06628432]
 [0.0673676  0.33795783]]
gap= [0.3 0.7] at T=0 (computed with new function)
gap= [0.29836712 0.69862122] at T= 0.06964299904032047  (computed with new function)
 finished in 0.785132618745168s
U= [[0.1733158  0.06932632]
 [0.06932632 0.347784  ]]
UN0= [[0.1657108  0.06628432]
 [0.0673676  0.33795783]]
gap= [0.3 0.7] at T=0 (computed with new function)
gap= [0.17786724 0.48798484] at T= 0.2785717376119162  (computed with new function)
 finished in 0.7629414121309916s
U= [[0.1733158  0.06932632]
 [0.06932632 0.347784  ]]
UN0= [[0.1657108  0.06628432]
 [0.0673676  0.33795783]]
gap= [0.3 0.7] at T=0 (computed with new function)
gap= [0.29966548 0.6997204 ] at T= 0.052232270826020825  (computed with new function)
 finished in 0.7572410066922506s
U= [[0.1733158  0.06932632]
 [0.06932632 0.347784  ]]
UN0= [[0.1657108  0.06628432]
 [0.0673676  0.33795783]]
gap= [0.3 0.7] at T=0 (computed with new function)
gap= [0.19565695 0.5294091 ] at T= 0.26116100939761655  (computed with new function)
 finished in 0.7489153345425924s
U= [[0.1733158  0.06932632]
 [0.06932632 0.347784  ]]
UN0= [[0.1657108  0.06628432]
 [0.0673676  0.33795783]]
gap= [0.3 0.7] at T=0 (computed with new function)
gap= [0.29998451 0.69998707] at T= 0.03482154261172118  (computed with new function)
 finished in 0.6325276295344034s
