120000 parameters generated
parameters loaded
U= [[0.28782242 0.00575645]
 [0.00575645 0.38307567]]
UN0= [[0.27519293 0.00550386]
 [0.00559381 0.37225237]]
gap= [0.3 0.7] at T=0 (computed with new function)
gap= [0.26949428 0.69727528] at T= 0.10881713752249465  (computed with new function)
 finished in 1.7217721740404766s
U= [[0.28782242 0.00575645]
 [0.00575645 0.38307567]]
UN0= [[0.27519293 0.00550386]
 [0.00559381 0.37225237]]
gap= [0.3 0.7] at T=0 (computed with new function)
gap= [0.0338916  0.46817339] at T= 0.31774587609409044  (computed with new function)
 finished in 1.7426259636878967s
U= [[0.28782242 0.00575645]
 [0.00575645 0.38307567]]
UN0= [[0.27519293 0.00550386]
 [0.00559381 0.37225237]]
gap= [0.3 0.7] at T=0 (computed with new function)
gap= [0.28466767 0.69889188] at T= 0.09140640930819502  (computed with new function)
 finished in 1.7393794337908426s
U= [[0.28782242 0.00575645]
 [0.00575645 0.38307567]]
UN0= [[0.27519293 0.00550386]
 [0.00559381 0.37225237]]
gap= [0.3 0.7] at T=0 (computed with new function)
gap= [0.04006235 0.51257992] at T= 0.30033514787979076  (computed with new function)
 finished in 1.729586390654246s
U= [[0.28782242 0.00575645]
 [0.00575645 0.38307567]]
UN0= [[0.27519293 0.00550386]
 [0.00559381 0.37225237]]
gap= [0.3 0.7] at T=0 (computed with new function)
gap= [0.29400219 0.69963832] at T= 0.07399568109389537  (computed with new function)
 finished in 1.7028173247973124s
U= [[0.28782242 0.00575645]
 [0.00575645 0.38307567]]
UN0= [[0.27519293 0.00550386]
 [0.00559381 0.37225237]]
gap= [0.3 0.7] at T=0 (computed with new function)
gap= [0.04687837 0.54941003] at T= 0.2829244196654911  (computed with new function)
 finished in 1.6312774141629538s
U= [[0.28782242 0.00575645]
 [0.00575645 0.38307567]]
UN0= [[0.27519293 0.00550386]
 [0.00559381 0.37225237]]
gap= [0.3 0.7] at T=0 (computed with new function)
gap= [0.29855064 0.69992106] at T= 0.05658495287959573  (computed with new function)
 finished in 1.613707415262858s
U= [[0.28782242 0.00575645]
 [0.00575645 0.38307567]]
UN0= [[0.27519293 0.00550386]
 [0.00559381 0.37225237]]
gap= [0.3 0.7] at T=0 (computed with new function)
gap= [0.05480652 0.58020282] at T= 0.26551369145119147  (computed with new function)
 finished in 1.5654318531354268s
U= [[0.28782242 0.00575645]
 [0.00575645 0.38307567]]
UN0= [[0.27519293 0.00550386]
 [0.00559381 0.37225237]]
gap= [0.3 0.7] at T=0 (computed with new function)
gap= [0.29988717 0.69999401] at T= 0.03917422466529609  (computed with new function)
 finished in 1.5274092276891074s
U= [[0.28782242 0.00575645]
 [0.00575645 0.38307567]]
UN0= [[0.27519293 0.00550386]
 [0.00559381 0.37225237]]
gap= [0.3 0.7] at T=0 (computed with new function)
gap= [0.06451637 0.60599574] at T= 0.2481029632368918  (computed with new function)
 finished in 1.5591708779335023s
U= [[0.28782242 0.00575645]
 [0.00575645 0.38307567]]
UN0= [[0.27519293 0.00550386]
 [0.00559381 0.37225237]]
gap= [0.3 0.7] at T=0 (computed with new function)
gap= [0.29999982 0.69999999] at T= 0.021763496450996452  (computed with new function)
 finished in 1.4957728624343871s
U= [[0.28782242 0.00575645]
 [0.00575645 0.38307567]]
UN0= [[0.27519293 0.00550386]
 [0.00559381 0.37225237]]
gap= [0.3 0.7] at T=0 (computed with new function)
gap= [0.07704693 0.62755534] at T= 0.23069223502259217  (computed with new function)
 finished in 1.5809766014417013s
U= [[0.28782242 0.00575645]
 [0.00575645 0.38307567]]
UN0= [[0.27519293 0.00550386]
 [0.00559381 0.37225237]]
gap= [0.3 0.7] at T=0 (computed with new function)
gap= [0.3 0.7] at T= 0.004352768236696808  (computed with new function)
 finished in 1.5144119302431742s
U= [[0.28782242 0.00575645]
 [0.00575645 0.38307567]]
UN0= [[0.27519293 0.00550386]
 [0.00559381 0.37225237]]
gap= [0.3 0.7] at T=0 (computed with new function)
gap= [0.09401578 0.64550273] at T= 0.21328150680829253  (computed with new function)
 finished in 1.5451271295547486s
U= [[0.28782242 0.00575645]
 [0.00575645 0.38307567]]
UN0= [[0.27519293 0.00550386]
 [0.00559381 0.37225237]]
gap= [0.3 0.7] at T=0 (computed with new function)
gap= [1.60055275e-15 2.78620255e-14] at T= 0.42221024537988827  (computed with new function)
 finished in 1.6618447025616965s
U= [[0.28782242 0.00575645]
 [0.00575645 0.38307567]]
UN0= [[0.27519293 0.00550386]
 [0.00559381 0.37225237]]
gap= [0.3 0.7] at T=0 (computed with new function)
gap= [0.11756428 0.66037329] at T= 0.19587077859399288  (computed with new function)
 finished in 1.5894464015960694s
U= [[0.28782242 0.00575645]
 [0.00575645 0.38307567]]
UN0= [[0.27519293 0.00550386]
 [0.00559381 0.37225237]]
gap= [0.3 0.7] at T=0 (computed with new function)
gap= [3.19251490e-15 5.55745081e-14] at T= 0.40479951716558865  (computed with new function)
 finished in 1.74191259543101s
U= [[0.28782242 0.00575645]
 [0.00575645 0.38307567]]
UN0= [[0.27519293 0.00550386]
 [0.00559381 0.37225237]]
gap= [0.3 0.7] at T=0 (computed with new function)
gap= [0.14884147 0.67257157] at T= 0.17846005037969323  (computed with new function)
 finished in 1.6018381675084432s
U= [[0.28782242 0.00575645]
 [0.00575645 0.38307567]]
UN0= [[0.27519293 0.00550386]
 [0.00559381 0.37225237]]
gap= [0.3 0.7] at T=0 (computed with new function)
gap= [2.16827205e-13 3.77447425e-12] at T= 0.387388788951289  (computed with new function)
 finished in 11.114694555600485s
U= [[0.28782242 0.00575645]
 [0.00575645 0.38307567]]
UN0= [[0.27519293 0.00550386]
 [0.00559381 0.37225237]]
gap= [0.3 0.7] at T=0 (computed with new function)
gap= [0.18478325 0.68224453] at T= 0.1610493221653936  (computed with new function)
 finished in 1.5832104086875916s
U= [[0.28782242 0.00575645]
 [0.00575645 0.38307567]]
UN0= [[0.27519293 0.00550386]
 [0.00559381 0.37225237]]
gap= [0.3 0.7] at T=0 (computed with new function)
gap= [0.01490632 0.24716611] at T= 0.3699780607369893  (computed with new function)
 finished in 1.7094475825627644s
U= [[0.28782242 0.00575645]
 [0.00575645 0.38307567]]
UN0= [[0.27519293 0.00550386]
 [0.00559381 0.37225237]]
gap= [0.3 0.7] at T=0 (computed with new function)
gap= [0.21913444 0.6894132 ] at T= 0.14363859395109393  (computed with new function)
 finished in 1.7218597213427225s
U= [[0.27355409 0.0136777 ]
 [0.0136777  0.37867807]]
UN0= [[0.26155068 0.01307753]
 [0.01329126 0.36797903]]
gap= [0.3 0.7] at T=0 (computed with new function)
gap= [0.03953488 0.30119765] at T= 0.3525673325226897  (computed with new function)
 finished in 1.6928370277086893s
U= [[0.27355409 0.0136777 ]
 [0.0136777  0.37867807]]
UN0= [[0.26155068 0.01307753]
 [0.01329126 0.36797903]]
gap= [0.3 0.7] at T=0 (computed with new function)
gap= [0.25831647 0.69166695] at T= 0.1262278657367943  (computed with new function)
 finished in 1.680860710144043s
U= [[0.27355409 0.0136777 ]
 [0.0136777  0.37867807]]
UN0= [[0.26155068 0.01307753]
 [0.01329126 0.36797903]]
gap= [0.3 0.7] at T=0 (computed with new function)
gap= [0.052445   0.38083112] at T= 0.33515660430839006  (computed with new function)
 finished in 1.6626097718874613s
U= [[0.27355409 0.0136777 ]
 [0.0136777  0.37867807]]
UN0= [[0.26155068 0.01307753]
 [0.01329126 0.36797903]]
gap= [0.3 0.7] at T=0 (computed with new function)
gap= [0.27494929 0.69565646] at T= 0.10881713752249465  (computed with new function)
 finished in 1.6319594303766887s
U= [[0.27355409 0.0136777 ]
 [0.0136777  0.37867807]]
UN0= [[0.26155068 0.01307753]
 [0.01329126 0.36797903]]
gap= [0.3 0.7] at T=0 (computed with new function)
gap= [0.06407401 0.44135753] at T= 0.31774587609409044  (computed with new function)
 finished in 1.6398862679799397s
U= [[0.27355409 0.0136777 ]
 [0.0136777  0.37867807]]
UN0= [[0.26155068 0.01307753]
 [0.01329126 0.36797903]]
gap= [0.3 0.7] at T=0 (computed with new function)
gap= [0.28713719 0.69804109] at T= 0.09140640930819502  (computed with new function)
 finished in 1.6242679595947265s
U= [[0.27355409 0.0136777 ]
 [0.0136777  0.37867807]]
UN0= [[0.26155068 0.01307753]
 [0.01329126 0.36797903]]
gap= [0.3 0.7] at T=0 (computed with new function)
gap= [0.07540867 0.48999902] at T= 0.30033514787979076  (computed with new function)
 finished in 1.5272928675015767s
U= [[0.27355409 0.0136777 ]
 [0.0136777  0.37867807]]
UN0= [[0.26155068 0.01307753]
 [0.01329126 0.36797903]]
gap= [0.3 0.7] at T=0 (computed with new function)
gap= [0.29489463 0.69929474] at T= 0.07399568109389537  (computed with new function)
 finished in 1.5172973950703939s
U= [[0.27355409 0.0136777 ]
 [0.0136777  0.37867807]]
UN0= [[0.26155068 0.01307753]
 [0.01329126 0.36797903]]
gap= [0.3 0.7] at T=0 (computed with new function)
gap= [0.08704744 0.53013602] at T= 0.2829244196654911  (computed with new function)
 finished in 1.530249583721161s
U= [[0.27355409 0.0136777 ]
 [0.0136777  0.37867807]]
UN0= [[0.26155068 0.01307753]
 [0.01329126 0.36797903]]
gap= [0.3 0.7] at T=0 (computed with new function)
gap= [0.29875581 0.69983648] at T= 0.05658495287959573  (computed with new function)
 finished in 1.4358217477798463s
U= [[0.27355409 0.0136777 ]
 [0.0136777  0.37867807]]
UN0= [[0.26155068 0.01307753]
 [0.01329126 0.36797903]]
gap= [0.3 0.7] at T=0 (computed with new function)
gap= [0.09949528 0.56370054] at T= 0.26551369145119147  (computed with new function)
 finished in 1.5143390417098999s
U= [[0.27355409 0.0136777 ]
 [0.0136777  0.37867807]]
UN0= [[0.26155068 0.01307753]
 [0.01329126 0.36797903]]
gap= [0.3 0.7] at T=0 (computed with new function)
gap= [0.29990283 0.69998738] at T= 0.03917422466529609  (computed with new function)
 finished in 1.4958861668904622s
U= [[0.27355409 0.0136777 ]
 [0.0136777  0.37867807]]
UN0= [[0.26155068 0.01307753]
 [0.01329126 0.36797903]]
gap= [0.3 0.7] at T=0 (computed with new function)
gap= [0.11326348 0.5919411 ] at T= 0.2481029632368918  (computed with new function)
 finished in 1.378748102982839s
U= [[0.27355409 0.0136777 ]
 [0.0136777  0.37867807]]
UN0= [[0.26155068 0.01307753]
 [0.01329126 0.36797903]]
gap= [0.3 0.7] at T=0 (computed with new function)
gap= [0.29999984 0.69999998] at T= 0.021763496450996452  (computed with new function)
 finished in 1.3751739859580994s
U= [[0.27355409 0.0136777 ]
 [0.0136777  0.37867807]]
UN0= [[0.26155068 0.01307753]
 [0.01329126 0.36797903]]
gap= [0.3 0.7] at T=0 (computed with new function)
gap= [0.12889484 0.61573757] at T= 0.23069223502259217  (computed with new function)
 finished in 1.4536068201065064s
U= [[0.27355409 0.0136777 ]
 [0.0136777  0.37867807]]
UN0= [[0.26155068 0.01307753]
 [0.01329126 0.36797903]]
gap= [0.3 0.7] at T=0 (computed with new function)
gap= [0.3 0.7] at T= 0.004352768236696808  (computed with new function)
 finished in 1.3470006704330444s
U= [[0.27355409 0.0136777 ]
 [0.0136777  0.37867807]]
UN0= [[0.26155068 0.01307753]
 [0.01329126 0.36797903]]
gap= [0.3 0.7] at T=0 (computed with new function)
gap= [0.14690273 0.6357457 ] at T= 0.21328150680829253  (computed with new function)
 finished in 1.3837939659754435s
U= [[0.27355409 0.0136777 ]
 [0.0136777  0.37867807]]
UN0= [[0.26155068 0.01307753]
 [0.01329126 0.36797903]]
gap= [0.3 0.7] at T=0 (computed with new function)
gap= [2.60541414e-15 2.11779542e-14] at T= 0.42221024537988827  (computed with new function)
 finished in 1.6243565320968627s
U= [[0.27355409 0.0136777 ]
 [0.0136777  0.37867807]]
UN0= [[0.26155068 0.01307753]
 [0.01329126 0.36797903]]
gap= [0.3 0.7] at T=0 (computed with new function)
gap= [0.1675613  0.65245687] at T= 0.19587077859399288  (computed with new function)
 finished in 1.5993241866429646s
U= [[0.27355409 0.0136777 ]
 [0.0136777  0.37867807]]
UN0= [[0.26155068 0.01307753]
 [0.01329126 0.36797903]]
gap= [0.3 0.7] at T=0 (computed with new function)
gap= [4.35459623e-15 3.53960771e-14] at T= 0.40479951716558865  (computed with new function)
 finished in 1.6730215867360434s
U= [[0.27355409 0.0136777 ]
 [0.0136777  0.37867807]]
UN0= [[0.26155068 0.01307753]
 [0.01329126 0.36797903]]
gap= [0.3 0.7] at T=0 (computed with new function)
gap= [0.19053204 0.66621181] at T= 0.17846005037969323  (computed with new function)
 finished in 1.6790321032206217s
U= [[0.27355409 0.0136777 ]
 [0.0136777  0.37867807]]
UN0= [[0.26155068 0.01307753]
 [0.01329126 0.36797903]]
gap= [0.3 0.7] at T=0 (computed with new function)
gap= [1.31310171e-14 1.06734693e-13] at T= 0.387388788951289  (computed with new function)
 finished in 2.019913744926453s
U= [[0.27355409 0.0136777 ]
 [0.0136777  0.37867807]]
UN0= [[0.26155068 0.01307753]
 [0.01329126 0.36797903]]
gap= [0.3 0.7] at T=0 (computed with new function)
gap= [0.21457322 0.67721908] at T= 0.1610493221653936  (computed with new function)
 finished in 1.626681669553121s
U= [[0.21921735 0.04384347]
 [0.04384347 0.36193115]]
UN0= [[0.20959821 0.04191964]
 [0.04260473 0.35170526]]
gap= [0.3 0.7] at T=0 (computed with new function)
gap= [2.55683289e-14 9.22548357e-14] at T= 0.3699780607369893  (computed with new function)
 finished in 2.017698339621226s
U= [[0.21921735 0.04384347]
 [0.04384347 0.36193115]]
UN0= [[0.20959821 0.04191964]
 [0.04260473 0.35170526]]
gap= [0.3 0.7] at T=0 (computed with new function)
gap= [0.26638927 0.67850692] at T= 0.14363859395109393  (computed with new function)
 finished in 1.690838332970937s
U= [[0.21921735 0.04384347]
 [0.04384347 0.36193115]]
UN0= [[0.20959821 0.04191964]
 [0.04260473 0.35170526]]
gap= [0.3 0.7] at T=0 (computed with new function)
gap= [0.05046615 0.1801256 ] at T= 0.3525673325226897  (computed with new function)
 finished in 1.7575618505477906s
U= [[0.21921735 0.04384347]
 [0.04384347 0.36193115]]
UN0= [[0.20959821 0.04191964]
 [0.04260473 0.35170526]]
gap= [0.3 0.7] at T=0 (computed with new function)
gap= [0.27687238 0.68650516] at T= 0.1262278657367943  (computed with new function)
 finished in 1.6492014845212302s
U= [[0.21921735 0.04384347]
 [0.04384347 0.36193115]]
UN0= [[0.20959821 0.04191964]
 [0.04260473 0.35170526]]
gap= [0.3 0.7] at T=0 (computed with new function)
gap= [0.08670602 0.3027732 ] at T= 0.33515660430839006  (computed with new function)
 finished in 1.7340489665667216s
U= [[0.21921735 0.04384347]
 [0.04384347 0.36193115]]
UN0= [[0.20959821 0.04191964]
 [0.04260473 0.35170526]]
gap= [0.3 0.7] at T=0 (computed with new function)
gap= [0.28566312 0.69229009] at T= 0.10881713752249465  (computed with new function)
 finished in 1.6752833048502604s
U= [[0.21921735 0.04384347]
 [0.04384347 0.36193115]]
UN0= [[0.20959821 0.04191964]
 [0.04260473 0.35170526]]
gap= [0.3 0.7] at T=0 (computed with new function)
gap= [0.11210604 0.38250734] at T= 0.31774587609409044  (computed with new function)
 finished in 1.7046724637349446s
U= [[0.21921735 0.04384347]
 [0.04384347 0.36193115]]
UN0= [[0.20959821 0.04191964]
 [0.04260473 0.35170526]]
gap= [0.3 0.7] at T=0 (computed with new function)
gap= [0.29241402 0.69617973] at T= 0.09140640930819502  (computed with new function)
 finished in 1.711008401711782s
U= [[0.21921735 0.04384347]
 [0.04384347 0.36193115]]
UN0= [[0.20959821 0.04191964]
 [0.04260473 0.35170526]]
gap= [0.3 0.7] at T=0 (computed with new function)
gap= [0.133119   0.44321163] at T= 0.30033514787979076  (computed with new function)
 finished in 1.7091959595680237s
U= [[0.21921735 0.04384347]
 [0.04384347 0.36193115]]
UN0= [[0.20959821 0.04191964]
 [0.04260473 0.35170526]]
gap= [0.3 0.7] at T=0 (computed with new function)
gap= [0.29691284 0.6985119 ] at T= 0.07399568109389537  (computed with new function)
 finished in 1.6800638437271118s
U= [[0.21921735 0.04384347]
 [0.04384347 0.36193115]]
UN0= [[0.20959821 0.04191964]
 [0.04260473 0.35170526]]
gap= [0.3 0.7] at T=0 (computed with new function)
gap= [0.15166829 0.49206134] at T= 0.2829244196654911  (computed with new function)
 finished in 1.7073732058207194s
U= [[0.21921735 0.04384347]
 [0.04384347 0.36193115]]
UN0= [[0.20959821 0.04191964]
 [0.04260473 0.35170526]]
gap= [0.3 0.7] at T=0 (computed with new function)
gap= [0.2992349  0.69963867] at T= 0.05658495287959573  (computed with new function)
 finished in 1.6702490091323852s
U= [[0.21921735 0.04384347]
 [0.04384347 0.36193115]]
UN0= [[0.20959821 0.04191964]
 [0.04260473 0.35170526]]
gap= [0.3 0.7] at T=0 (computed with new function)
gap= [0.16865108 0.53241234] at T= 0.26551369145119147  (computed with new function)
 finished in 1.658274777730306s
U= [[0.21921735 0.04384347]
 [0.04384347 0.36193115]]
UN0= [[0.20959821 0.04191964]
 [0.04260473 0.35170526]]
gap= [0.3 0.7] at T=0 (computed with new function)
gap= [0.29993981 0.69997171] at T= 0.03917422466529609  (computed with new function)
 finished in 1.631695524851481s
U= [[0.21921735 0.04384347]
 [0.04384347 0.36193115]]
UN0= [[0.20959821 0.04191964]
 [0.04260473 0.35170526]]
gap= [0.3 0.7] at T=0 (computed with new function)
gap= [0.18457058 0.56617047] at T= 0.2481029632368918  (computed with new function)
 finished in 1.4901085456212362s
U= [[0.21921735 0.04384347]
 [0.04384347 0.36193115]]
UN0= [[0.20959821 0.04191964]
 [0.04260473 0.35170526]]
gap= [0.3 0.7] at T=0 (computed with new function)
gap= [0.2999999  0.69999995] at T= 0.021763496450996452  (computed with new function)
 finished in 1.556992777188619s
U= [[0.21921735 0.04384347]
 [0.04384347 0.36193115]]
UN0= [[0.20959821 0.04191964]
 [0.04260473 0.35170526]]
gap= [0.3 0.7] at T=0 (computed with new function)
gap= [0.19972947 0.59454923] at T= 0.23069223502259217  (computed with new function)
 finished in 1.5454883615175883s
U= [[0.21921735 0.04384347]
 [0.04384347 0.36193115]]
UN0= [[0.20959821 0.04191964]
 [0.04260473 0.35170526]]
gap= [0.3 0.7] at T=0 (computed with new function)
gap= [0.3 0.7] at T= 0.004352768236696808  (computed with new function)
 finished in 1.630754252274831s
U= [[0.21921735 0.04384347]
 [0.04384347 0.36193115]]
UN0= [[0.20959821 0.04191964]
 [0.04260473 0.35170526]]
gap= [0.3 0.7] at T=0 (computed with new function)
gap= [0.21429989 0.61838277] at T= 0.21328150680829253  (computed with new function)
 finished in 1.601624882221222s
U= [[0.21921735 0.04384347]
 [0.04384347 0.36193115]]
UN0= [[0.20959821 0.04191964]
 [0.04260473 0.35170526]]
gap= [0.3 0.7] at T=0 (computed with new function)
gap= [3.61405529e-15 1.30401200e-14] at T= 0.42221024537988827  (computed with new function)
 finished in 1.6611431241035461s
U= [[0.21921735 0.04384347]
 [0.04384347 0.36193115]]
UN0= [[0.20959821 0.04191964]
 [0.04260473 0.35170526]]
gap= [0.3 0.7] at T=0 (computed with new function)
gap= [0.2283463  0.63827729] at T= 0.19587077859399288  (computed with new function)
 finished in 1.6371951619784038s
U= [[0.21921735 0.04384347]
 [0.04384347 0.36193115]]
UN0= [[0.20959821 0.04191964]
 [0.04260473 0.35170526]]
gap= [0.3 0.7] at T=0 (computed with new function)
gap= [5.02524826e-15 1.81319418e-14] at T= 0.40479951716558865  (computed with new function)
 finished in 1.7000773469607036s
U= [[0.1733158  0.06932632]
 [0.06932632 0.347784  ]]
UN0= [[0.1657108  0.06628432]
 [0.0673676  0.33795783]]
gap= [0.3 0.7] at T=0 (computed with new function)
gap= [0.25809255 0.65008019] at T= 0.17846005037969323  (computed with new function)
 finished in 1.6756977955500285s
U= [[0.1733158  0.06932632]
 [0.06932632 0.347784  ]]
UN0= [[0.1657108  0.06628432]
 [0.0673676  0.33795783]]
gap= [0.3 0.7] at T=0 (computed with new function)
gap= [7.78332647e-15 2.25445146e-14] at T= 0.387388788951289  (computed with new function)
 finished in 1.753010332584381s
U= [[0.1733158  0.06932632]
 [0.06932632 0.347784  ]]
UN0= [[0.1657108  0.06628432]
 [0.0673676  0.33795783]]
gap= [0.3 0.7] at T=0 (computed with new function)
gap= [0.26781639 0.66429316] at T= 0.1610493221653936  (computed with new function)
 finished in 1.7276663541793824s
U= [[0.1733158  0.06932632]
 [0.06932632 0.347784  ]]
UN0= [[0.1657108  0.06628432]
 [0.0673676  0.33795783]]
gap= [0.3 0.7] at T=0 (computed with new function)
gap= [1.66275885e-14 4.81620439e-14] at T= 0.3699780607369893  (computed with new function)
 finished in 1.9396520256996155s
U= [[0.1733158  0.06932632]
 [0.06932632 0.347784  ]]
UN0= [[0.1657108  0.06628432]
 [0.0673676  0.33795783]]
gap= [0.3 0.7] at T=0 (computed with new function)
gap= [0.27643459 0.67561611] at T= 0.14363859395109393  (computed with new function)
 finished in 1.7934843063354493s
U= [[0.1733158  0.06932632]
 [0.06932632 0.347784  ]]
UN0= [[0.1657108  0.06628432]
 [0.0673676  0.33795783]]
gap= [0.3 0.7] at T=0 (computed with new function)
gap= [0.03134175 0.09065098] at T= 0.3525673325226897  (computed with new function)
 finished in 2.3560391346613567s
U= [[0.1733158  0.06932632]
 [0.06932632 0.347784  ]]
UN0= [[0.1657108  0.06628432]
 [0.0673676  0.33795783]]
gap= [0.3 0.7] at T=0 (computed with new function)
gap= [0.28387049 0.6843708 ] at T= 0.1262278657367943  (computed with new function)
 finished in 1.7284177621205647s
U= [[0.1733158  0.06932632]
 [0.06932632 0.347784  ]]
UN0= [[0.1657108  0.06628432]
 [0.0673676  0.33795783]]
gap= [0.3 0.7] at T=0 (computed with new function)
gap= [0.09245566 0.26433666] at T= 0.33515660430839006  (computed with new function)
 finished in 1.8097509145736694s
U= [[0.1733158  0.06932632]
 [0.06932632 0.347784  ]]
UN0= [[0.1657108  0.06628432]
 [0.0673676  0.33795783]]
gap= [0.3 0.7] at T=0 (computed with new function)
gap= [0.29000258 0.69085662] at T= 0.10881713752249465  (computed with new function)
 finished in 1.7358928799629212s
U= [[0.1733158  0.06932632]
 [0.06932632 0.347784  ]]
UN0= [[0.1657108  0.06628432]
 [0.0673676  0.33795783]]
gap= [0.3 0.7] at T=0 (computed with new function)
gap= [0.12607748 0.35613335] at T= 0.31774587609409044  (computed with new function)
 finished in 1.7625774502754212s
U= [[0.1733158  0.06932632]
 [0.06932632 0.347784  ]]
UN0= [[0.1657108  0.06628432]
 [0.0673676  0.33795783]]
gap= [0.3 0.7] at T=0 (computed with new function)
gap= [0.2946893  0.69535903] at T= 0.09140640930819502  (computed with new function)
 finished in 1.7248055537541707s
U= [[0.1733158  0.06932632]
 [0.06932632 0.347784  ]]
UN0= [[0.1657108  0.06628432]
 [0.0673676  0.33795783]]
gap= [0.3 0.7] at T=0 (computed with new function)
gap= [0.15174456 0.4232605 ] at T= 0.30033514787979076  (computed with new function)
 finished in 1.7479235688845316s
U= [[0.1733158  0.06932632]
 [0.06932632 0.347784  ]]
UN0= [[0.1657108  0.06628432]
 [0.0673676  0.33795783]]
gap= [0.3 0.7] at T=0 (computed with new function)
gap= [0.2978256  0.69815519] at T= 0.07399568109389537  (computed with new function)
 finished in 1.742501187324524s
U= [[0.1733158  0.06932632]
 [0.06932632 0.347784  ]]
UN0= [[0.1657108  0.06628432]
 [0.0673676  0.33795783]]
gap= [0.3 0.7] at T=0 (computed with new function)
gap= [0.17303654 0.47633759] at T= 0.2829244196654911  (computed with new function)
 finished in 1.7400804201761881s
U= [[0.1733158  0.06932632]
 [0.06932632 0.347784  ]]
UN0= [[0.1657108  0.06628432]
 [0.0673676  0.33795783]]
gap= [0.3 0.7] at T=0 (computed with new function)
gap= [0.29945806 0.69954639] at T= 0.05658495287959573  (computed with new function)
 finished in 1.7309049129486085s
U= [[0.1733158  0.06932632]
 [0.06932632 0.347784  ]]
UN0= [[0.1657108  0.06628432]
 [0.0673676  0.33795783]]
gap= [0.3 0.7] at T=0 (computed with new function)
gap= [0.19141799 0.51976179] at T= 0.26551369145119147  (computed with new function)
 finished in 1.735389280319214s
U= [[0.1733158  0.06932632]
 [0.06932632 0.347784  ]]
UN0= [[0.1657108  0.06628432]
 [0.0673676  0.33795783]]
gap= [0.3 0.7] at T=0 (computed with new function)
gap= [0.29995725 0.69996432] at T= 0.03917422466529609  (computed with new function)
 finished in 1.7110591650009155s
U= [[0.1733158  0.06932632]
 [0.06932632 0.347784  ]]
UN0= [[0.1657108  0.06628432]
 [0.0673676  0.33795783]]
gap= [0.3 0.7] at T=0 (computed with new function)
gap= [0.2076566  0.55587933] at T= 0.2481029632368918  (computed with new function)
 finished in 1.7092634320259095s
U= [[0.1733158  0.06932632]
 [0.06932632 0.347784  ]]
UN0= [[0.1657108  0.06628432]
 [0.0673676  0.33795783]]
gap= [0.3 0.7] at T=0 (computed with new function)
gap= [0.29999993 0.69999994] at T= 0.021763496450996452  (computed with new function)
 finished in 1.6205874919891357s
U= [[0.1733158  0.06932632]
 [0.06932632 0.347784  ]]
UN0= [[0.1657108  0.06628432]
 [0.0673676  0.33795783]]
gap= [0.3 0.7] at T=0 (computed with new function)
gap= [0.2222077  0.58612855] at T= 0.23069223502259217  (computed with new function)
 finished in 1.7009280602137247s
U= [[0.1733158  0.06932632]
 [0.06932632 0.347784  ]]
UN0= [[0.1657108  0.06628432]
 [0.0673676  0.33795783]]
gap= [0.3 0.7] at T=0 (computed with new function)
gap= [0.3 0.7] at T= 0.004352768236696808  (computed with new function)
 finished in 1.6905128439267476s
U= [[0.1733158  0.06932632]
 [0.06932632 0.347784  ]]
UN0= [[0.1657108  0.06628432]
 [0.0673676  0.33795783]]
gap= [0.3 0.7] at T=0 (computed with new function)
gap= [0.23535743 0.6114758 ] at T= 0.21328150680829253  (computed with new function)
 finished in 1.7270791093508402s
U= [[0.28782242 0.00575645]
 [0.00575645 0.38307567]]
UN0= [[0.27519293 0.00550386]
 [0.00559381 0.37225237]]
gap= [0.3 0.7] at T=0 (computed with new function)
gap= [1.60055275e-15 2.78620255e-14] at T= 0.42221024537988827  (computed with new function)
 finished in 1.709647003809611s
U= [[0.28782242 0.00575645]
 [0.00575645 0.38307567]]
UN0= [[0.27519293 0.00550386]
 [0.00559381 0.37225237]]
gap= [0.3 0.7] at T=0 (computed with new function)
gap= [0.11756428 0.66037329] at T= 0.19587077859399288  (computed with new function)
 finished in 1.6257283528645834s
U= [[0.28782242 0.00575645]
 [0.00575645 0.38307567]]
UN0= [[0.27519293 0.00550386]
 [0.00559381 0.37225237]]
gap= [0.3 0.7] at T=0 (computed with new function)
gap= [3.19251490e-15 5.55745081e-14] at T= 0.40479951716558865  (computed with new function)
 finished in 1.7251834352811177s
U= [[0.28782242 0.00575645]
 [0.00575645 0.38307567]]
UN0= [[0.27519293 0.00550386]
 [0.00559381 0.37225237]]
gap= [0.3 0.7] at T=0 (computed with new function)
gap= [0.14884147 0.67257157] at T= 0.17846005037969323  (computed with new function)
 finished in 1.52929900487264s
U= [[0.28782242 0.00575645]
 [0.00575645 0.38307567]]
UN0= [[0.27519293 0.00550386]
 [0.00559381 0.37225237]]
gap= [0.3 0.7] at T=0 (computed with new function)
gap= [2.16827205e-13 3.77447425e-12] at T= 0.387388788951289  (computed with new function)
 finished in 11.186131389935811s
U= [[0.28782242 0.00575645]
 [0.00575645 0.38307567]]
UN0= [[0.27519293 0.00550386]
 [0.00559381 0.37225237]]
gap= [0.3 0.7] at T=0 (computed with new function)
gap= [0.18478325 0.68224453] at T= 0.1610493221653936  (computed with new function)
 finished in 1.7503015677134195s
U= [[0.28782242 0.00575645]
 [0.00575645 0.38307567]]
UN0= [[0.27519293 0.00550386]
 [0.00559381 0.37225237]]
gap= [0.3 0.7] at T=0 (computed with new function)
gap= [0.01490632 0.24716611] at T= 0.3699780607369893  (computed with new function)
 finished in 1.7807446440060934s
U= [[0.28782242 0.00575645]
 [0.00575645 0.38307567]]
UN0= [[0.27519293 0.00550386]
 [0.00559381 0.37225237]]
gap= [0.3 0.7] at T=0 (computed with new function)
gap= [0.21913444 0.6894132 ] at T= 0.14363859395109393  (computed with new function)
 finished in 1.7534478902816772s
U= [[0.28782242 0.00575645]
 [0.00575645 0.38307567]]
UN0= [[0.27519293 0.00550386]
 [0.00559381 0.37225237]]
gap= [0.3 0.7] at T=0 (computed with new function)
gap= [0.02191514 0.34413674] at T= 0.3525673325226897  (computed with new function)
 finished in 1.7403493444124858s
U= [[0.28782242 0.00575645]
 [0.00575645 0.38307567]]
UN0= [[0.27519293 0.00550386]
 [0.00559381 0.37225237]]
gap= [0.3 0.7] at T=0 (computed with new function)
gap= [0.24774229 0.69428492] at T= 0.1262278657367943  (computed with new function)
 finished in 1.624732259909312s
U= [[0.28782242 0.00575645]
 [0.00575645 0.38307567]]
UN0= [[0.27519293 0.00550386]
 [0.00559381 0.37225237]]
gap= [0.3 0.7] at T=0 (computed with new function)
gap= [0.02798353 0.41365191] at T= 0.33515660430839006  (computed with new function)
 finished in 1.3256792386372884s
U= [[0.28782242 0.00575645]
 [0.00575645 0.38307567]]
UN0= [[0.27519293 0.00550386]
 [0.00559381 0.37225237]]
gap= [0.3 0.7] at T=0 (computed with new function)
gap= [0.26949428 0.69727528] at T= 0.10881713752249465  (computed with new function)
 finished in 1.278984498977661s
U= [[0.28782242 0.00575645]
 [0.00575645 0.38307567]]
UN0= [[0.27519293 0.00550386]
 [0.00559381 0.37225237]]
gap= [0.3 0.7] at T=0 (computed with new function)
gap= [0.0338916  0.46817339] at T= 0.31774587609409044  (computed with new function)
 finished in 1.2750299215316772s
U= [[0.28782242 0.00575645]
 [0.00575645 0.38307567]]
UN0= [[0.27519293 0.00550386]
 [0.00559381 0.37225237]]
gap= [0.3 0.7] at T=0 (computed with new function)
gap= [0.28466767 0.69889188] at T= 0.09140640930819502  (computed with new function)
 finished in 1.2342202941576639s
U= [[0.28782242 0.00575645]
 [0.00575645 0.38307567]]
UN0= [[0.27519293 0.00550386]
 [0.00559381 0.37225237]]
gap= [0.3 0.7] at T=0 (computed with new function)
gap= [0.04006235 0.51257992] at T= 0.30033514787979076  (computed with new function)
 finished in 1.4711421688397726s
U= [[0.28782242 0.00575645]
 [0.00575645 0.38307567]]
UN0= [[0.27519293 0.00550386]
 [0.00559381 0.37225237]]
gap= [0.3 0.7] at T=0 (computed with new function)
gap= [0.29400219 0.69963832] at T= 0.07399568109389537  (computed with new function)
 finished in 1.4821553071339926s
U= [[0.28782242 0.00575645]
 [0.00575645 0.38307567]]
UN0= [[0.27519293 0.00550386]
 [0.00559381 0.37225237]]
gap= [0.3 0.7] at T=0 (computed with new function)
gap= [0.04687837 0.54941003] at T= 0.2829244196654911  (computed with new function)
 finished in 1.5669756889343263s
U= [[0.28782242 0.00575645]
 [0.00575645 0.38307567]]
UN0= [[0.27519293 0.00550386]
 [0.00559381 0.37225237]]
gap= [0.3 0.7] at T=0 (computed with new function)
gap= [0.29855064 0.69992106] at T= 0.05658495287959573  (computed with new function)
 finished in 1.613749631245931s
U= [[0.28782242 0.00575645]
 [0.00575645 0.38307567]]
UN0= [[0.27519293 0.00550386]
 [0.00559381 0.37225237]]
gap= [0.3 0.7] at T=0 (computed with new function)
gap= [0.05480652 0.58020282] at T= 0.26551369145119147  (computed with new function)
 finished in 1.4509244600931803s
U= [[0.28782242 0.00575645]
 [0.00575645 0.38307567]]
UN0= [[0.27519293 0.00550386]
 [0.00559381 0.37225237]]
gap= [0.3 0.7] at T=0 (computed with new function)
gap= [0.29988717 0.69999401] at T= 0.03917422466529609  (computed with new function)
 finished in 1.3919625639915467s
U= [[0.28782242 0.00575645]
 [0.00575645 0.38307567]]
UN0= [[0.27519293 0.00550386]
 [0.00559381 0.37225237]]
gap= [0.3 0.7] at T=0 (computed with new function)
gap= [0.06451637 0.60599574] at T= 0.2481029632368918  (computed with new function)
 finished in 1.3169047792752584s
U= [[0.28782242 0.00575645]
 [0.00575645 0.38307567]]
UN0= [[0.27519293 0.00550386]
 [0.00559381 0.37225237]]
gap= [0.3 0.7] at T=0 (computed with new function)
gap= [0.29999982 0.69999999] at T= 0.021763496450996452  (computed with new function)
 finished in 1.3032277822494507s
U= [[0.28782242 0.00575645]
 [0.00575645 0.38307567]]
UN0= [[0.27519293 0.00550386]
 [0.00559381 0.37225237]]
gap= [0.3 0.7] at T=0 (computed with new function)
gap= [0.07704693 0.62755534] at T= 0.23069223502259217  (computed with new function)
 finished in 1.4084332187970479s
U= [[0.27355409 0.0136777 ]
 [0.0136777  0.37867807]]
UN0= [[0.26155068 0.01307753]
 [0.01329126 0.36797903]]
gap= [0.3 0.7] at T=0 (computed with new function)
gap= [0.3 0.7] at T= 0.004352768236696808  (computed with new function)
 finished in 1.5660265366236368s
U= [[0.27355409 0.0136777 ]
 [0.0136777  0.37867807]]
UN0= [[0.26155068 0.01307753]
 [0.01329126 0.36797903]]
gap= [0.3 0.7] at T=0 (computed with new function)
gap= [0.14690273 0.6357457 ] at T= 0.21328150680829253  (computed with new function)
 finished in 1.5263698498408s
U= [[0.27355409 0.0136777 ]
 [0.0136777  0.37867807]]
UN0= [[0.26155068 0.01307753]
 [0.01329126 0.36797903]]
gap= [0.3 0.7] at T=0 (computed with new function)
gap= [2.60541414e-15 2.11779542e-14] at T= 0.42221024537988827  (computed with new function)
 finished in 1.635671321551005s
U= [[0.27355409 0.0136777 ]
 [0.0136777  0.37867807]]
UN0= [[0.26155068 0.01307753]
 [0.01329126 0.36797903]]
gap= [0.3 0.7] at T=0 (computed with new function)
gap= [0.1675613  0.65245687] at T= 0.19587077859399288  (computed with new function)
 finished in 1.5361649632453918s
U= [[0.27355409 0.0136777 ]
 [0.0136777  0.37867807]]
UN0= [[0.26155068 0.01307753]
 [0.01329126 0.36797903]]
gap= [0.3 0.7] at T=0 (computed with new function)
gap= [4.35459623e-15 3.53960771e-14] at T= 0.40479951716558865  (computed with new function)
 finished in 1.351203974088033s
U= [[0.27355409 0.0136777 ]
 [0.0136777  0.37867807]]
UN0= [[0.26155068 0.01307753]
 [0.01329126 0.36797903]]
gap= [0.3 0.7] at T=0 (computed with new function)
gap= [0.19053204 0.66621181] at T= 0.17846005037969323  (computed with new function)
 finished in 1.2517154574394227s
U= [[0.27355409 0.0136777 ]
 [0.0136777  0.37867807]]
UN0= [[0.26155068 0.01307753]
 [0.01329126 0.36797903]]
gap= [0.3 0.7] at T=0 (computed with new function)
gap= [1.31310171e-14 1.06734693e-13] at T= 0.387388788951289  (computed with new function)
 finished in 1.543401010831197s
U= [[0.27355409 0.0136777 ]
 [0.0136777  0.37867807]]
UN0= [[0.26155068 0.01307753]
 [0.01329126 0.36797903]]
gap= [0.3 0.7] at T=0 (computed with new function)
gap= [0.21457322 0.67721908] at T= 0.1610493221653936  (computed with new function)
 finished in 1.3078052719434103s
U= [[0.27355409 0.0136777 ]
 [0.0136777  0.37867807]]
UN0= [[0.26155068 0.01307753]
 [0.01329126 0.36797903]]
gap= [0.3 0.7] at T=0 (computed with new function)
gap= [0.02239748 0.17828763] at T= 0.3699780607369893  (computed with new function)
 finished in 1.419375224908193s
U= [[0.27355409 0.0136777 ]
 [0.0136777  0.37867807]]
UN0= [[0.26155068 0.01307753]
 [0.01329126 0.36797903]]
gap= [0.3 0.7] at T=0 (computed with new function)
gap= [0.23778146 0.68563295] at T= 0.14363859395109393  (computed with new function)
 finished in 1.594415509700775s
U= [[0.27355409 0.0136777 ]
 [0.0136777  0.37867807]]
UN0= [[0.26155068 0.01307753]
 [0.01329126 0.36797903]]
gap= [0.3 0.7] at T=0 (computed with new function)
gap= [0.03953488 0.30119765] at T= 0.3525673325226897  (computed with new function)
 finished in 1.7379595557848613s
U= [[0.27355409 0.0136777 ]
 [0.0136777  0.37867807]]
UN0= [[0.26155068 0.01307753]
 [0.01329126 0.36797903]]
gap= [0.3 0.7] at T=0 (computed with new function)
gap= [0.25831647 0.69166695] at T= 0.1262278657367943  (computed with new function)
 finished in 1.6162924925486246s
U= [[0.27355409 0.0136777 ]
 [0.0136777  0.37867807]]
UN0= [[0.26155068 0.01307753]
 [0.01329126 0.36797903]]
gap= [0.3 0.7] at T=0 (computed with new function)
gap= [0.052445   0.38083112] at T= 0.33515660430839006  (computed with new function)
 finished in 1.6999636133511862s
U= [[0.27355409 0.0136777 ]
 [0.0136777  0.37867807]]
UN0= [[0.26155068 0.01307753]
 [0.01329126 0.36797903]]
gap= [0.3 0.7] at T=0 (computed with new function)
gap= [0.27494929 0.69565646] at T= 0.10881713752249465  (computed with new function)
 finished in 1.6667864521344502s
U= [[0.27355409 0.0136777 ]
 [0.0136777  0.37867807]]
UN0= [[0.26155068 0.01307753]
 [0.01329126 0.36797903]]
gap= [0.3 0.7] at T=0 (computed with new function)
gap= [0.06407401 0.44135753] at T= 0.31774587609409044  (computed with new function)
 finished in 1.7053469618161519s
U= [[0.27355409 0.0136777 ]
 [0.0136777  0.37867807]]
UN0= [[0.26155068 0.01307753]
 [0.01329126 0.36797903]]
gap= [0.3 0.7] at T=0 (computed with new function)
gap= [0.28713719 0.69804109] at T= 0.09140640930819502  (computed with new function)
 finished in 1.6401145418485006s
U= [[0.27355409 0.0136777 ]
 [0.0136777  0.37867807]]
UN0= [[0.26155068 0.01307753]
 [0.01329126 0.36797903]]
gap= [0.3 0.7] at T=0 (computed with new function)
gap= [0.07540867 0.48999902] at T= 0.30033514787979076  (computed with new function)
 finished in 1.6355725129445393s
U= [[0.27355409 0.0136777 ]
 [0.0136777  0.37867807]]
UN0= [[0.26155068 0.01307753]
 [0.01329126 0.36797903]]
gap= [0.3 0.7] at T=0 (computed with new function)
gap= [0.29489463 0.69929474] at T= 0.07399568109389537  (computed with new function)
 finished in 1.6185527245203655s
U= [[0.27355409 0.0136777 ]
 [0.0136777  0.37867807]]
UN0= [[0.26155068 0.01307753]
 [0.01329126 0.36797903]]
gap= [0.3 0.7] at T=0 (computed with new function)
gap= [0.08704744 0.53013602] at T= 0.2829244196654911  (computed with new function)
 finished in 1.6259151975313821s
U= [[0.27355409 0.0136777 ]
 [0.0136777  0.37867807]]
UN0= [[0.26155068 0.01307753]
 [0.01329126 0.36797903]]
gap= [0.3 0.7] at T=0 (computed with new function)
gap= [0.29875581 0.69983648] at T= 0.05658495287959573  (computed with new function)
 finished in 1.6043919722239177s
U= [[0.27355409 0.0136777 ]
 [0.0136777  0.37867807]]
UN0= [[0.26155068 0.01307753]
 [0.01329126 0.36797903]]
gap= [0.3 0.7] at T=0 (computed with new function)
gap= [0.09949528 0.56370054] at T= 0.26551369145119147  (computed with new function)
 finished in 1.5451770981152853s
U= [[0.27355409 0.0136777 ]
 [0.0136777  0.37867807]]
UN0= [[0.26155068 0.01307753]
 [0.01329126 0.36797903]]
gap= [0.3 0.7] at T=0 (computed with new function)
gap= [0.29990283 0.69998738] at T= 0.03917422466529609  (computed with new function)
 finished in 1.5823710401852926s
U= [[0.21921735 0.04384347]
 [0.04384347 0.36193115]]
UN0= [[0.20959821 0.04191964]
 [0.04260473 0.35170526]]
gap= [0.3 0.7] at T=0 (computed with new function)
gap= [0.18457058 0.56617047] at T= 0.2481029632368918  (computed with new function)
 finished in 1.6457478801409404s
U= [[0.21921735 0.04384347]
 [0.04384347 0.36193115]]
UN0= [[0.20959821 0.04191964]
 [0.04260473 0.35170526]]
gap= [0.3 0.7] at T=0 (computed with new function)
gap= [0.2999999  0.69999995] at T= 0.021763496450996452  (computed with new function)
 finished in 1.6741376161575316s
U= [[0.21921735 0.04384347]
 [0.04384347 0.36193115]]
UN0= [[0.20959821 0.04191964]
 [0.04260473 0.35170526]]
gap= [0.3 0.7] at T=0 (computed with new function)
gap= [0.19972947 0.59454923] at T= 0.23069223502259217  (computed with new function)
 finished in 1.6945958614349366s
U= [[0.21921735 0.04384347]
 [0.04384347 0.36193115]]
UN0= [[0.20959821 0.04191964]
 [0.04260473 0.35170526]]
gap= [0.3 0.7] at T=0 (computed with new function)
gap= [0.3 0.7] at T= 0.004352768236696808  (computed with new function)
 finished in 1.6857232888539633s
U= [[0.21921735 0.04384347]
 [0.04384347 0.36193115]]
UN0= [[0.20959821 0.04191964]
 [0.04260473 0.35170526]]
gap= [0.3 0.7] at T=0 (computed with new function)
gap= [0.21429989 0.61838277] at T= 0.21328150680829253  (computed with new function)
 finished in 1.6711098392804464s
U= [[0.21921735 0.04384347]
 [0.04384347 0.36193115]]
UN0= [[0.20959821 0.04191964]
 [0.04260473 0.35170526]]
gap= [0.3 0.7] at T=0 (computed with new function)
gap= [3.61405529e-15 1.30401200e-14] at T= 0.42221024537988827  (computed with new function)
 finished in 1.599488647778829s
U= [[0.21921735 0.04384347]
 [0.04384347 0.36193115]]
UN0= [[0.20959821 0.04191964]
 [0.04260473 0.35170526]]
gap= [0.3 0.7] at T=0 (computed with new function)
gap= [0.2283463  0.63827729] at T= 0.19587077859399288  (computed with new function)
 finished in 1.5647161245346068s
U= [[0.21921735 0.04384347]
 [0.04384347 0.36193115]]
UN0= [[0.20959821 0.04191964]
 [0.04260473 0.35170526]]
gap= [0.3 0.7] at T=0 (computed with new function)
gap= [5.02524826e-15 1.81319418e-14] at T= 0.40479951716558865  (computed with new function)
 finished in 1.620913318792979s
U= [[0.21921735 0.04384347]
 [0.04384347 0.36193115]]
UN0= [[0.20959821 0.04191964]
 [0.04260473 0.35170526]]
gap= [0.3 0.7] at T=0 (computed with new function)
gap= [0.24182769 0.65469381] at T= 0.17846005037969323  (computed with new function)
 finished in 1.589778486887614s
U= [[0.21921735 0.04384347]
 [0.04384347 0.36193115]]
UN0= [[0.20959821 0.04191964]
 [0.04260473 0.35170526]]
gap= [0.3 0.7] at T=0 (computed with new function)
gap= [8.43600651e-15 3.04385319e-14] at T= 0.387388788951289  (computed with new function)
 finished in 1.7340038855870565s
U= [[0.21921735 0.04384347]
 [0.04384347 0.36193115]]
UN0= [[0.20959821 0.04191964]
 [0.04260473 0.35170526]]
gap= [0.3 0.7] at T=0 (computed with new function)
gap= [0.25459403 0.66799969] at T= 0.1610493221653936  (computed with new function)
 finished in 1.6586305419603984s
U= [[0.21921735 0.04384347]
 [0.04384347 0.36193115]]
UN0= [[0.20959821 0.04191964]
 [0.04260473 0.35170526]]
gap= [0.3 0.7] at T=0 (computed with new function)
gap= [2.55683289e-14 9.22548357e-14] at T= 0.3699780607369893  (computed with new function)
 finished in 2.023262882232666s
U= [[0.21921735 0.04384347]
 [0.04384347 0.36193115]]
UN0= [[0.20959821 0.04191964]
 [0.04260473 0.35170526]]
gap= [0.3 0.7] at T=0 (computed with new function)
gap= [0.26638927 0.67850692] at T= 0.14363859395109393  (computed with new function)
 finished in 1.6452662746111553s
U= [[0.21921735 0.04384347]
 [0.04384347 0.36193115]]
UN0= [[0.20959821 0.04191964]
 [0.04260473 0.35170526]]
gap= [0.3 0.7] at T=0 (computed with new function)
gap= [0.05046615 0.1801256 ] at T= 0.3525673325226897  (computed with new function)
 finished in 1.8254218141237895s
U= [[0.21921735 0.04384347]
 [0.04384347 0.36193115]]
UN0= [[0.20959821 0.04191964]
 [0.04260473 0.35170526]]
gap= [0.3 0.7] at T=0 (computed with new function)
gap= [0.27687238 0.68650516] at T= 0.1262278657367943  (computed with new function)
 finished in 1.6271756291389465s
U= [[0.21921735 0.04384347]
 [0.04384347 0.36193115]]
UN0= [[0.20959821 0.04191964]
 [0.04260473 0.35170526]]
gap= [0.3 0.7] at T=0 (computed with new function)
gap= [0.08670602 0.3027732 ] at T= 0.33515660430839006  (computed with new function)
 finished in 1.7123741110165913s
U= [[0.21921735 0.04384347]
 [0.04384347 0.36193115]]
UN0= [[0.20959821 0.04191964]
 [0.04260473 0.35170526]]
gap= [0.3 0.7] at T=0 (computed with new function)
gap= [0.28566312 0.69229009] at T= 0.10881713752249465  (computed with new function)
 finished in 1.6728269060452778s
U= [[0.21921735 0.04384347]
 [0.04384347 0.36193115]]
UN0= [[0.20959821 0.04191964]
 [0.04260473 0.35170526]]
gap= [0.3 0.7] at T=0 (computed with new function)
gap= [0.11210604 0.38250734] at T= 0.31774587609409044  (computed with new function)
 finished in 1.7220906575520833s
U= [[0.21921735 0.04384347]
 [0.04384347 0.36193115]]
UN0= [[0.20959821 0.04191964]
 [0.04260473 0.35170526]]
gap= [0.3 0.7] at T=0 (computed with new function)
gap= [0.29241402 0.69617973] at T= 0.09140640930819502  (computed with new function)
 finished in 1.6884262204170226s
U= [[0.21921735 0.04384347]
 [0.04384347 0.36193115]]
UN0= [[0.20959821 0.04191964]
 [0.04260473 0.35170526]]
gap= [0.3 0.7] at T=0 (computed with new function)
gap= [0.133119   0.44321163] at T= 0.30033514787979076  (computed with new function)
 finished in 1.7545744895935058s
U= [[0.21921735 0.04384347]
 [0.04384347 0.36193115]]
UN0= [[0.20959821 0.04191964]
 [0.04260473 0.35170526]]
gap= [0.3 0.7] at T=0 (computed with new function)
gap= [0.29691284 0.6985119 ] at T= 0.07399568109389537  (computed with new function)
 finished in 1.7067963322003683s
U= [[0.21921735 0.04384347]
 [0.04384347 0.36193115]]
UN0= [[0.20959821 0.04191964]
 [0.04260473 0.35170526]]
gap= [0.3 0.7] at T=0 (computed with new function)
gap= [0.15166829 0.49206134] at T= 0.2829244196654911  (computed with new function)
 finished in 1.7050653139750163s
U= [[0.1733158  0.06932632]
 [0.06932632 0.347784  ]]
UN0= [[0.1657108  0.06628432]
 [0.0673676  0.33795783]]
gap= [0.3 0.7] at T=0 (computed with new function)
gap= [0.29945806 0.69954639] at T= 0.05658495287959573  (computed with new function)
 finished in 1.6957114497820536s
U= [[0.1733158  0.06932632]
 [0.06932632 0.347784  ]]
UN0= [[0.1657108  0.06628432]
 [0.0673676  0.33795783]]
gap= [0.3 0.7] at T=0 (computed with new function)
gap= [0.19141799 0.51976179] at T= 0.26551369145119147  (computed with new function)
 finished in 1.6922277092933655s
U= [[0.1733158  0.06932632]
 [0.06932632 0.347784  ]]
UN0= [[0.1657108  0.06628432]
 [0.0673676  0.33795783]]
gap= [0.3 0.7] at T=0 (computed with new function)
gap= [0.29995725 0.69996432] at T= 0.03917422466529609  (computed with new function)
 finished in 1.7239450414975483s
U= [[0.1733158  0.06932632]
 [0.06932632 0.347784  ]]
UN0= [[0.1657108  0.06628432]
 [0.0673676  0.33795783]]
gap= [0.3 0.7] at T=0 (computed with new function)
gap= [0.2076566  0.55587933] at T= 0.2481029632368918  (computed with new function)
 finished in 1.6800849358240764s
U= [[0.1733158  0.06932632]
 [0.06932632 0.347784  ]]
UN0= [[0.1657108  0.06628432]
 [0.0673676  0.33795783]]
gap= [0.3 0.7] at T=0 (computed with new function)
gap= [0.29999993 0.69999994] at T= 0.021763496450996452  (computed with new function)
 finished in 1.6184760848681132s
U= [[0.1733158  0.06932632]
 [0.06932632 0.347784  ]]
UN0= [[0.1657108  0.06628432]
 [0.0673676  0.33795783]]
gap= [0.3 0.7] at T=0 (computed with new function)
gap= [0.2222077  0.58612855] at T= 0.23069223502259217  (computed with new function)
 finished in 1.7331543842951456s
U= [[0.1733158  0.06932632]
 [0.06932632 0.347784  ]]
UN0= [[0.1657108  0.06628432]
 [0.0673676  0.33795783]]
gap= [0.3 0.7] at T=0 (computed with new function)
gap= [0.3 0.7] at T= 0.004352768236696808  (computed with new function)
 finished in 1.7203549067179362s
U= [[0.1733158  0.06932632]
 [0.06932632 0.347784  ]]
UN0= [[0.1657108  0.06628432]
 [0.0673676  0.33795783]]
gap= [0.3 0.7] at T=0 (computed with new function)
gap= [0.23535743 0.6114758 ] at T= 0.21328150680829253  (computed with new function)
 finished in 1.7247657855351766s
U= [[0.1733158  0.06932632]
 [0.06932632 0.347784  ]]
UN0= [[0.1657108  0.06628432]
 [0.0673676  0.33795783]]
gap= [0.3 0.7] at T=0 (computed with new function)
gap= [3.67240985e-15 1.06371868e-14] at T= 0.42221024537988827  (computed with new function)
 finished in 1.770682195822398s
U= [[0.1733158  0.06932632]
 [0.06932632 0.347784  ]]
UN0= [[0.1657108  0.06628432]
 [0.0673676  0.33795783]]
gap= [0.3 0.7] at T=0 (computed with new function)
gap= [0.24728519 0.63261638] at T= 0.19587077859399288  (computed with new function)
 finished in 1.7380276838938395s
U= [[0.1733158  0.06932632]
 [0.06932632 0.347784  ]]
UN0= [[0.1657108  0.06628432]
 [0.0673676  0.33795783]]
gap= [0.3 0.7] at T=0 (computed with new function)
gap= [4.99457855e-15 1.44668670e-14] at T= 0.40479951716558865  (computed with new function)
 finished in 1.7935266653696695s
U= [[0.1733158  0.06932632]
 [0.06932632 0.347784  ]]
UN0= [[0.1657108  0.06628432]
 [0.0673676  0.33795783]]
gap= [0.3 0.7] at T=0 (computed with new function)
gap= [0.25809255 0.65008019] at T= 0.17846005037969323  (computed with new function)
 finished in 1.7125634829203287s
U= [[0.1733158  0.06932632]
 [0.06932632 0.347784  ]]
UN0= [[0.1657108  0.06628432]
 [0.0673676  0.33795783]]
gap= [0.3 0.7] at T=0 (computed with new function)
gap= [7.78332647e-15 2.25445146e-14] at T= 0.387388788951289  (computed with new function)
 finished in 1.2096850554148355s
U= [[0.1733158  0.06932632]
 [0.06932632 0.347784  ]]
UN0= [[0.1657108  0.06628432]
 [0.0673676  0.33795783]]
gap= [0.3 0.7] at T=0 (computed with new function)
gap= [0.26781639 0.66429316] at T= 0.1610493221653936  (computed with new function)
 finished in 1.666435146331787s
U= [[0.1733158  0.06932632]
 [0.06932632 0.347784  ]]
UN0= [[0.1657108  0.06628432]
 [0.0673676  0.33795783]]
gap= [0.3 0.7] at T=0 (computed with new function)
gap= [1.66275885e-14 4.81620439e-14] at T= 0.3699780607369893  (computed with new function)
 finished in 1.8864147384961447s
U= [[0.1733158  0.06932632]
 [0.06932632 0.347784  ]]
UN0= [[0.1657108  0.06628432]
 [0.0673676  0.33795783]]
gap= [0.3 0.7] at T=0 (computed with new function)
gap= [0.27643459 0.67561611] at T= 0.14363859395109393  (computed with new function)
 finished in 1.719381825129191s
U= [[0.1733158  0.06932632]
 [0.06932632 0.347784  ]]
UN0= [[0.1657108  0.06628432]
 [0.0673676  0.33795783]]
gap= [0.3 0.7] at T=0 (computed with new function)
gap= [0.03134175 0.09065098] at T= 0.3525673325226897  (computed with new function)
 finished in 2.3116546114285788s
U= [[0.1733158  0.06932632]
 [0.06932632 0.347784  ]]
UN0= [[0.1657108  0.06628432]
 [0.0673676  0.33795783]]
gap= [0.3 0.7] at T=0 (computed with new function)
gap= [0.28387049 0.6843708 ] at T= 0.1262278657367943  (computed with new function)
 finished in 1.6855037411053975s
U= [[0.1733158  0.06932632]
 [0.06932632 0.347784  ]]
UN0= [[0.1657108  0.06628432]
 [0.0673676  0.33795783]]
gap= [0.3 0.7] at T=0 (computed with new function)
gap= [0.09245566 0.26433666] at T= 0.33515660430839006  (computed with new function)
 finished in 1.7788957953453064s
U= [[0.1733158  0.06932632]
 [0.06932632 0.347784  ]]
UN0= [[0.1657108  0.06628432]
 [0.0673676  0.33795783]]
gap= [0.3 0.7] at T=0 (computed with new function)
gap= [0.29000258 0.69085662] at T= 0.10881713752249465  (computed with new function)
 finished in 1.592980162302653s
U= [[0.1733158  0.06932632]
 [0.06932632 0.347784  ]]
UN0= [[0.1657108  0.06628432]
 [0.0673676  0.33795783]]
gap= [0.3 0.7] at T=0 (computed with new function)
gap= [0.12607748 0.35613335] at T= 0.31774587609409044  (computed with new function)
 finished in 1.7502246697743733s
U= [[0.1733158  0.06932632]
 [0.06932632 0.347784  ]]
UN0= [[0.1657108  0.06628432]
 [0.0673676  0.33795783]]
gap= [0.3 0.7] at T=0 (computed with new function)
gap= [0.2946893  0.69535903] at T= 0.09140640930819502  (computed with new function)
 finished in 1.6697459101676941s
U= [[0.1733158  0.06932632]
 [0.06932632 0.347784  ]]
UN0= [[0.1657108  0.06628432]
 [0.0673676  0.33795783]]
gap= [0.3 0.7] at T=0 (computed with new function)
gap= [0.15174456 0.4232605 ] at T= 0.30033514787979076  (computed with new function)
 finished in 1.7383533279101053s
U= [[0.28782242 0.00575645]
 [0.00575645 0.38307567]]
UN0= [[0.27519293 0.00550386]
 [0.00559381 0.37225237]]
gap= [0.3 0.7] at T=0 (computed with new function)
gap= [0.29400219 0.69963832] at T= 0.07399568109389537  (computed with new function)
 finished in 1.7109131892522176s
U= [[0.28782242 0.00575645]
 [0.00575645 0.38307567]]
UN0= [[0.27519293 0.00550386]
 [0.00559381 0.37225237]]
gap= [0.3 0.7] at T=0 (computed with new function)
gap= [0.04687837 0.54941003] at T= 0.2829244196654911  (computed with new function)
 finished in 1.690642742315928s
U= [[0.28782242 0.00575645]
 [0.00575645 0.38307567]]
UN0= [[0.27519293 0.00550386]
 [0.00559381 0.37225237]]
gap= [0.3 0.7] at T=0 (computed with new function)
gap= [0.29855064 0.69992106] at T= 0.05658495287959573  (computed with new function)
 finished in 1.6198228319485983s
U= [[0.28782242 0.00575645]
 [0.00575645 0.38307567]]
UN0= [[0.27519293 0.00550386]
 [0.00559381 0.37225237]]
gap= [0.3 0.7] at T=0 (computed with new function)
gap= [0.05480652 0.58020282] at T= 0.26551369145119147  (computed with new function)
 finished in 1.4834843277931213s
U= [[0.28782242 0.00575645]
 [0.00575645 0.38307567]]
UN0= [[0.27519293 0.00550386]
 [0.00559381 0.37225237]]
gap= [0.3 0.7] at T=0 (computed with new function)
gap= [0.29988717 0.69999401] at T= 0.03917422466529609  (computed with new function)
 finished in 1.428311292330424s
U= [[0.28782242 0.00575645]
 [0.00575645 0.38307567]]
UN0= [[0.27519293 0.00550386]
 [0.00559381 0.37225237]]
gap= [0.3 0.7] at T=0 (computed with new function)
gap= [0.06451637 0.60599574] at T= 0.2481029632368918  (computed with new function)
 finished in 1.4402701735496521s
U= [[0.28782242 0.00575645]
 [0.00575645 0.38307567]]
UN0= [[0.27519293 0.00550386]
 [0.00559381 0.37225237]]
gap= [0.3 0.7] at T=0 (computed with new function)
gap= [0.29999982 0.69999999] at T= 0.021763496450996452  (computed with new function)
 finished in 1.3500123500823975s
U= [[0.28782242 0.00575645]
 [0.00575645 0.38307567]]
UN0= [[0.27519293 0.00550386]
 [0.00559381 0.37225237]]
gap= [0.3 0.7] at T=0 (computed with new function)
gap= [0.07704693 0.62755534] at T= 0.23069223502259217  (computed with new function)
 finished in 1.4459531346956889s
U= [[0.28782242 0.00575645]
 [0.00575645 0.38307567]]
UN0= [[0.27519293 0.00550386]
 [0.00559381 0.37225237]]
gap= [0.3 0.7] at T=0 (computed with new function)
gap= [0.3 0.7] at T= 0.004352768236696808  (computed with new function)
 finished in 1.5017115990320842s
U= [[0.28782242 0.00575645]
 [0.00575645 0.38307567]]
UN0= [[0.27519293 0.00550386]
 [0.00559381 0.37225237]]
gap= [0.3 0.7] at T=0 (computed with new function)
gap= [0.09401578 0.64550273] at T= 0.21328150680829253  (computed with new function)
 finished in 1.658427099386851s
U= [[0.28782242 0.00575645]
 [0.00575645 0.38307567]]
UN0= [[0.27519293 0.00550386]
 [0.00559381 0.37225237]]
gap= [0.3 0.7] at T=0 (computed with new function)
gap= [1.60055275e-15 2.78620255e-14] at T= 0.42221024537988827  (computed with new function)
 finished in 1.6685070951779684s
U= [[0.28782242 0.00575645]
 [0.00575645 0.38307567]]
UN0= [[0.27519293 0.00550386]
 [0.00559381 0.37225237]]
gap= [0.3 0.7] at T=0 (computed with new function)
gap= [0.11756428 0.66037329] at T= 0.19587077859399288  (computed with new function)
 finished in 1.6871209104855855s
U= [[0.28782242 0.00575645]
 [0.00575645 0.38307567]]
UN0= [[0.27519293 0.00550386]
 [0.00559381 0.37225237]]
gap= [0.3 0.7] at T=0 (computed with new function)
gap= [3.19251490e-15 5.55745081e-14] at T= 0.40479951716558865  (computed with new function)
 finished in 1.7872995575269064s
U= [[0.28782242 0.00575645]
 [0.00575645 0.38307567]]
UN0= [[0.27519293 0.00550386]
 [0.00559381 0.37225237]]
gap= [0.3 0.7] at T=0 (computed with new function)
gap= [0.14884147 0.67257157] at T= 0.17846005037969323  (computed with new function)
 finished in 1.5947280248006186s
U= [[0.28782242 0.00575645]
 [0.00575645 0.38307567]]
UN0= [[0.27519293 0.00550386]
 [0.00559381 0.37225237]]
gap= [0.3 0.7] at T=0 (computed with new function)
gap= [2.16827205e-13 3.77447425e-12] at T= 0.387388788951289  (computed with new function)
 finished in 10.04084279537201s
U= [[0.28782242 0.00575645]
 [0.00575645 0.38307567]]
UN0= [[0.27519293 0.00550386]
 [0.00559381 0.37225237]]
gap= [0.3 0.7] at T=0 (computed with new function)
gap= [0.18478325 0.68224453] at T= 0.1610493221653936  (computed with new function)
 finished in 1.6641672293345133s
U= [[0.28782242 0.00575645]
 [0.00575645 0.38307567]]
UN0= [[0.27519293 0.00550386]
 [0.00559381 0.37225237]]
gap= [0.3 0.7] at T=0 (computed with new function)
gap= [0.01490632 0.24716611] at T= 0.3699780607369893  (computed with new function)
 finished in 1.7548711935679118s
U= [[0.28782242 0.00575645]
 [0.00575645 0.38307567]]
UN0= [[0.27519293 0.00550386]
 [0.00559381 0.37225237]]
gap= [0.3 0.7] at T=0 (computed with new function)
gap= [0.21913444 0.6894132 ] at T= 0.14363859395109393  (computed with new function)
 finished in 1.6865212043126425s
U= [[0.28782242 0.00575645]
 [0.00575645 0.38307567]]
UN0= [[0.27519293 0.00550386]
 [0.00559381 0.37225237]]
gap= [0.3 0.7] at T=0 (computed with new function)
gap= [0.02191514 0.34413674] at T= 0.3525673325226897  (computed with new function)
 finished in 1.7141672054926553s
U= [[0.28782242 0.00575645]
 [0.00575645 0.38307567]]
UN0= [[0.27519293 0.00550386]
 [0.00559381 0.37225237]]
gap= [0.3 0.7] at T=0 (computed with new function)
gap= [0.24774229 0.69428492] at T= 0.1262278657367943  (computed with new function)
 finished in 1.6549757917722066s
U= [[0.28782242 0.00575645]
 [0.00575645 0.38307567]]
UN0= [[0.27519293 0.00550386]
 [0.00559381 0.37225237]]
gap= [0.3 0.7] at T=0 (computed with new function)
gap= [0.02798353 0.41365191] at T= 0.33515660430839006  (computed with new function)
 finished in 1.6801041086514792s
U= [[0.28782242 0.00575645]
 [0.00575645 0.38307567]]
UN0= [[0.27519293 0.00550386]
 [0.00559381 0.37225237]]
gap= [0.3 0.7] at T=0 (computed with new function)
gap= [0.26949428 0.69727528] at T= 0.10881713752249465  (computed with new function)
 finished in 1.6912122289339702s
U= [[0.27355409 0.0136777 ]
 [0.0136777  0.37867807]]
UN0= [[0.26155068 0.01307753]
 [0.01329126 0.36797903]]
gap= [0.3 0.7] at T=0 (computed with new function)
gap= [0.06407401 0.44135753] at T= 0.31774587609409044  (computed with new function)
 finished in 1.6853178501129151s
U= [[0.27355409 0.0136777 ]
 [0.0136777  0.37867807]]
UN0= [[0.26155068 0.01307753]
 [0.01329126 0.36797903]]
gap= [0.3 0.7] at T=0 (computed with new function)
gap= [0.28713719 0.69804109] at T= 0.09140640930819502  (computed with new function)
 finished in 1.5158939599990844s
U= [[0.27355409 0.0136777 ]
 [0.0136777  0.37867807]]
UN0= [[0.26155068 0.01307753]
 [0.01329126 0.36797903]]
gap= [0.3 0.7] at T=0 (computed with new function)
gap= [0.07540867 0.48999902] at T= 0.30033514787979076  (computed with new function)
 finished in 1.5270302057266236s
U= [[0.27355409 0.0136777 ]
 [0.0136777  0.37867807]]
UN0= [[0.26155068 0.01307753]
 [0.01329126 0.36797903]]
gap= [0.3 0.7] at T=0 (computed with new function)
gap= [0.29489463 0.69929474] at T= 0.07399568109389537  (computed with new function)
 finished in 1.5340360919634501s
U= [[0.27355409 0.0136777 ]
 [0.0136777  0.37867807]]
UN0= [[0.26155068 0.01307753]
 [0.01329126 0.36797903]]
gap= [0.3 0.7] at T=0 (computed with new function)
gap= [0.08704744 0.53013602] at T= 0.2829244196654911  (computed with new function)
 finished in 1.466755716005961s
U= [[0.27355409 0.0136777 ]
 [0.0136777  0.37867807]]
UN0= [[0.26155068 0.01307753]
 [0.01329126 0.36797903]]
gap= [0.3 0.7] at T=0 (computed with new function)
gap= [0.29875581 0.69983648] at T= 0.05658495287959573  (computed with new function)
 finished in 1.582966109116872s
U= [[0.27355409 0.0136777 ]
 [0.0136777  0.37867807]]
UN0= [[0.26155068 0.01307753]
 [0.01329126 0.36797903]]
gap= [0.3 0.7] at T=0 (computed with new function)
gap= [0.09949528 0.56370054] at T= 0.26551369145119147  (computed with new function)
 finished in 1.5108716169993082s
U= [[0.27355409 0.0136777 ]
 [0.0136777  0.37867807]]
UN0= [[0.26155068 0.01307753]
 [0.01329126 0.36797903]]
gap= [0.3 0.7] at T=0 (computed with new function)
gap= [0.29990283 0.69998738] at T= 0.03917422466529609  (computed with new function)
 finished in 1.4209787964820861s
U= [[0.27355409 0.0136777 ]
 [0.0136777  0.37867807]]
UN0= [[0.26155068 0.01307753]
 [0.01329126 0.36797903]]
gap= [0.3 0.7] at T=0 (computed with new function)
gap= [0.11326348 0.5919411 ] at T= 0.2481029632368918  (computed with new function)
 finished in 1.3992465098698934s
U= [[0.27355409 0.0136777 ]
 [0.0136777  0.37867807]]
UN0= [[0.26155068 0.01307753]
 [0.01329126 0.36797903]]
gap= [0.3 0.7] at T=0 (computed with new function)
gap= [0.29999984 0.69999998] at T= 0.021763496450996452  (computed with new function)
 finished in 1.354474957784017s
U= [[0.27355409 0.0136777 ]
 [0.0136777  0.37867807]]
UN0= [[0.26155068 0.01307753]
 [0.01329126 0.36797903]]
gap= [0.3 0.7] at T=0 (computed with new function)
gap= [0.12889484 0.61573757] at T= 0.23069223502259217  (computed with new function)
 finished in 1.3255663951237997s
U= [[0.27355409 0.0136777 ]
 [0.0136777  0.37867807]]
UN0= [[0.26155068 0.01307753]
 [0.01329126 0.36797903]]
gap= [0.3 0.7] at T=0 (computed with new function)
gap= [0.3 0.7] at T= 0.004352768236696808  (computed with new function)
 finished in 1.314237372080485s
U= [[0.27355409 0.0136777 ]
 [0.0136777  0.37867807]]
UN0= [[0.26155068 0.01307753]
 [0.01329126 0.36797903]]
gap= [0.3 0.7] at T=0 (computed with new function)
gap= [0.14690273 0.6357457 ] at T= 0.21328150680829253  (computed with new function)
 finished in 1.486469523111979s
U= [[0.27355409 0.0136777 ]
 [0.0136777  0.37867807]]
UN0= [[0.26155068 0.01307753]
 [0.01329126 0.36797903]]
gap= [0.3 0.7] at T=0 (computed with new function)
gap= [2.60541414e-15 2.11779542e-14] at T= 0.42221024537988827  (computed with new function)
 finished in 1.5179293274879455s
U= [[0.27355409 0.0136777 ]
 [0.0136777  0.37867807]]
UN0= [[0.26155068 0.01307753]
 [0.01329126 0.36797903]]
gap= [0.3 0.7] at T=0 (computed with new function)
gap= [0.1675613  0.65245687] at T= 0.19587077859399288  (computed with new function)
 finished in 1.5529733578364053s
U= [[0.27355409 0.0136777 ]
 [0.0136777  0.37867807]]
UN0= [[0.26155068 0.01307753]
 [0.01329126 0.36797903]]
gap= [0.3 0.7] at T=0 (computed with new function)
gap= [4.35459623e-15 3.53960771e-14] at T= 0.40479951716558865  (computed with new function)
 finished in 1.6795547246932983s
U= [[0.27355409 0.0136777 ]
 [0.0136777  0.37867807]]
UN0= [[0.26155068 0.01307753]
 [0.01329126 0.36797903]]
gap= [0.3 0.7] at T=0 (computed with new function)
gap= [0.19053204 0.66621181] at T= 0.17846005037969323  (computed with new function)
 finished in 1.571723719437917s
U= [[0.27355409 0.0136777 ]
 [0.0136777  0.37867807]]
UN0= [[0.26155068 0.01307753]
 [0.01329126 0.36797903]]
gap= [0.3 0.7] at T=0 (computed with new function)
gap= [1.31310171e-14 1.06734693e-13] at T= 0.387388788951289  (computed with new function)
 finished in 1.8298460563023886s
U= [[0.27355409 0.0136777 ]
 [0.0136777  0.37867807]]
UN0= [[0.26155068 0.01307753]
 [0.01329126 0.36797903]]
gap= [0.3 0.7] at T=0 (computed with new function)
gap= [0.21457322 0.67721908] at T= 0.1610493221653936  (computed with new function)
 finished in 1.5450584332148234s
U= [[0.27355409 0.0136777 ]
 [0.0136777  0.37867807]]
UN0= [[0.26155068 0.01307753]
 [0.01329126 0.36797903]]
gap= [0.3 0.7] at T=0 (computed with new function)
gap= [0.02239748 0.17828763] at T= 0.3699780607369893  (computed with new function)
 finished in 1.5027472853660584s
U= [[0.27355409 0.0136777 ]
 [0.0136777  0.37867807]]
UN0= [[0.26155068 0.01307753]
 [0.01329126 0.36797903]]
gap= [0.3 0.7] at T=0 (computed with new function)
gap= [0.23778146 0.68563295] at T= 0.14363859395109393  (computed with new function)
 finished in 1.332834537823995s
U= [[0.27355409 0.0136777 ]
 [0.0136777  0.37867807]]
UN0= [[0.26155068 0.01307753]
 [0.01329126 0.36797903]]
gap= [0.3 0.7] at T=0 (computed with new function)
gap= [0.03953488 0.30119765] at T= 0.3525673325226897  (computed with new function)
 finished in 1.4082845091819762s
U= [[0.21921735 0.04384347]
 [0.04384347 0.36193115]]
UN0= [[0.20959821 0.04191964]
 [0.04260473 0.35170526]]
gap= [0.3 0.7] at T=0 (computed with new function)
gap= [0.27687238 0.68650516] at T= 0.1262278657367943  (computed with new function)
 finished in 1.5402008374532064s
U= [[0.21921735 0.04384347]
 [0.04384347 0.36193115]]
UN0= [[0.20959821 0.04191964]
 [0.04260473 0.35170526]]
gap= [0.3 0.7] at T=0 (computed with new function)
gap= [0.08670602 0.3027732 ] at T= 0.33515660430839006  (computed with new function)
 finished in 1.7168474952379862s
U= [[0.21921735 0.04384347]
 [0.04384347 0.36193115]]
UN0= [[0.20959821 0.04191964]
 [0.04260473 0.35170526]]
gap= [0.3 0.7] at T=0 (computed with new function)
gap= [0.28566312 0.69229009] at T= 0.10881713752249465  (computed with new function)
 finished in 1.673839847246806s
U= [[0.21921735 0.04384347]
 [0.04384347 0.36193115]]
UN0= [[0.20959821 0.04191964]
 [0.04260473 0.35170526]]
gap= [0.3 0.7] at T=0 (computed with new function)
gap= [0.11210604 0.38250734] at T= 0.31774587609409044  (computed with new function)
 finished in 1.7154141863187153s
U= [[0.21921735 0.04384347]
 [0.04384347 0.36193115]]
UN0= [[0.20959821 0.04191964]
 [0.04260473 0.35170526]]
gap= [0.3 0.7] at T=0 (computed with new function)
gap= [0.29241402 0.69617973] at T= 0.09140640930819502  (computed with new function)
 finished in 1.6627779920895895s
U= [[0.21921735 0.04384347]
 [0.04384347 0.36193115]]
UN0= [[0.20959821 0.04191964]
 [0.04260473 0.35170526]]
gap= [0.3 0.7] at T=0 (computed with new function)
gap= [0.133119   0.44321163] at T= 0.30033514787979076  (computed with new function)
 finished in 1.6965585947036743s
U= [[0.21921735 0.04384347]
 [0.04384347 0.36193115]]
UN0= [[0.20959821 0.04191964]
 [0.04260473 0.35170526]]
gap= [0.3 0.7] at T=0 (computed with new function)
gap= [0.29691284 0.6985119 ] at T= 0.07399568109389537  (computed with new function)
 finished in 1.7253557284673056s
U= [[0.21921735 0.04384347]
 [0.04384347 0.36193115]]
UN0= [[0.20959821 0.04191964]
 [0.04260473 0.35170526]]
gap= [0.3 0.7] at T=0 (computed with new function)
gap= [0.15166829 0.49206134] at T= 0.2829244196654911  (computed with new function)
 finished in 1.7332003434499106s
U= [[0.21921735 0.04384347]
 [0.04384347 0.36193115]]
UN0= [[0.20959821 0.04191964]
 [0.04260473 0.35170526]]
gap= [0.3 0.7] at T=0 (computed with new function)
gap= [0.2992349  0.69963867] at T= 0.05658495287959573  (computed with new function)
 finished in 1.675361156463623s
U= [[0.21921735 0.04384347]
 [0.04384347 0.36193115]]
UN0= [[0.20959821 0.04191964]
 [0.04260473 0.35170526]]
gap= [0.3 0.7] at T=0 (computed with new function)
gap= [0.16865108 0.53241234] at T= 0.26551369145119147  (computed with new function)
 finished in 1.6448796192804973s
U= [[0.21921735 0.04384347]
 [0.04384347 0.36193115]]
UN0= [[0.20959821 0.04191964]
 [0.04260473 0.35170526]]
gap= [0.3 0.7] at T=0 (computed with new function)
gap= [0.29993981 0.69997171] at T= 0.03917422466529609  (computed with new function)
 finished in 1.7117464939753215s
U= [[0.21921735 0.04384347]
 [0.04384347 0.36193115]]
UN0= [[0.20959821 0.04191964]
 [0.04260473 0.35170526]]
gap= [0.3 0.7] at T=0 (computed with new function)
gap= [0.18457058 0.56617047] at T= 0.2481029632368918  (computed with new function)
 finished in 1.560649073123932s
U= [[0.21921735 0.04384347]
 [0.04384347 0.36193115]]
UN0= [[0.20959821 0.04191964]
 [0.04260473 0.35170526]]
gap= [0.3 0.7] at T=0 (computed with new function)
gap= [0.2999999  0.69999995] at T= 0.021763496450996452  (computed with new function)
 finished in 1.5254641016324362s
U= [[0.21921735 0.04384347]
 [0.04384347 0.36193115]]
UN0= [[0.20959821 0.04191964]
 [0.04260473 0.35170526]]
gap= [0.3 0.7] at T=0 (computed with new function)
gap= [0.19972947 0.59454923] at T= 0.23069223502259217  (computed with new function)
 finished in 1.623038943608602s
U= [[0.21921735 0.04384347]
 [0.04384347 0.36193115]]
UN0= [[0.20959821 0.04191964]
 [0.04260473 0.35170526]]
gap= [0.3 0.7] at T=0 (computed with new function)
gap= [0.3 0.7] at T= 0.004352768236696808  (computed with new function)
 finished in 1.6620980501174927s
U= [[0.21921735 0.04384347]
 [0.04384347 0.36193115]]
UN0= [[0.20959821 0.04191964]
 [0.04260473 0.35170526]]
gap= [0.3 0.7] at T=0 (computed with new function)
gap= [0.21429989 0.61838277] at T= 0.21328150680829253  (computed with new function)
 finished in 1.6964142004648843s
U= [[0.21921735 0.04384347]
 [0.04384347 0.36193115]]
UN0= [[0.20959821 0.04191964]
 [0.04260473 0.35170526]]
gap= [0.3 0.7] at T=0 (computed with new function)
gap= [3.61405529e-15 1.30401200e-14] at T= 0.42221024537988827  (computed with new function)
 finished in 1.656961691379547s
U= [[0.21921735 0.04384347]
 [0.04384347 0.36193115]]
UN0= [[0.20959821 0.04191964]
 [0.04260473 0.35170526]]
gap= [0.3 0.7] at T=0 (computed with new function)
gap= [0.2283463  0.63827729] at T= 0.19587077859399288  (computed with new function)
 finished in 1.4450371265411377s
U= [[0.21921735 0.04384347]
 [0.04384347 0.36193115]]
UN0= [[0.20959821 0.04191964]
 [0.04260473 0.35170526]]
gap= [0.3 0.7] at T=0 (computed with new function)
gap= [5.02524826e-15 1.81319418e-14] at T= 0.40479951716558865  (computed with new function)
 finished in 1.5262632449467977s
U= [[0.21921735 0.04384347]
 [0.04384347 0.36193115]]
UN0= [[0.20959821 0.04191964]
 [0.04260473 0.35170526]]
gap= [0.3 0.7] at T=0 (computed with new function)
gap= [0.24182769 0.65469381] at T= 0.17846005037969323  (computed with new function)
 finished in 1.4680437246958415s
U= [[0.21921735 0.04384347]
 [0.04384347 0.36193115]]
UN0= [[0.20959821 0.04191964]
 [0.04260473 0.35170526]]
gap= [0.3 0.7] at T=0 (computed with new function)
gap= [8.43600651e-15 3.04385319e-14] at T= 0.387388788951289  (computed with new function)
 finished in 1.7323363582293192s
U= [[0.21921735 0.04384347]
 [0.04384347 0.36193115]]
UN0= [[0.20959821 0.04191964]
 [0.04260473 0.35170526]]
gap= [0.3 0.7] at T=0 (computed with new function)
gap= [0.25459403 0.66799969] at T= 0.1610493221653936  (computed with new function)
 finished in 1.6209620634714763s
U= [[0.21921735 0.04384347]
 [0.04384347 0.36193115]]
UN0= [[0.20959821 0.04191964]
 [0.04260473 0.35170526]]
gap= [0.3 0.7] at T=0 (computed with new function)
gap= [2.55683289e-14 9.22548357e-14] at T= 0.3699780607369893  (computed with new function)
 finished in 1.9729946533838907s
U= [[0.1733158  0.06932632]
 [0.06932632 0.347784  ]]
UN0= [[0.1657108  0.06628432]
 [0.0673676  0.33795783]]
gap= [0.3 0.7] at T=0 (computed with new function)
gap= [0.27643459 0.67561611] at T= 0.14363859395109393  (computed with new function)
 finished in 1.572100611527761s
U= [[0.1733158  0.06932632]
 [0.06932632 0.347784  ]]
UN0= [[0.1657108  0.06628432]
 [0.0673676  0.33795783]]
gap= [0.3 0.7] at T=0 (computed with new function)
gap= [0.03134175 0.09065098] at T= 0.3525673325226897  (computed with new function)
 finished in 2.1910791714986164s
U= [[0.1733158  0.06932632]
 [0.06932632 0.347784  ]]
UN0= [[0.1657108  0.06628432]
 [0.0673676  0.33795783]]
gap= [0.3 0.7] at T=0 (computed with new function)
gap= [0.28387049 0.6843708 ] at T= 0.1262278657367943  (computed with new function)
 finished in 1.5700012723604837s
U= [[0.1733158  0.06932632]
 [0.06932632 0.347784  ]]
UN0= [[0.1657108  0.06628432]
 [0.0673676  0.33795783]]
gap= [0.3 0.7] at T=0 (computed with new function)
gap= [0.09245566 0.26433666] at T= 0.33515660430839006  (computed with new function)
 finished in 1.7588515241940816s
U= [[0.1733158  0.06932632]
 [0.06932632 0.347784  ]]
UN0= [[0.1657108  0.06628432]
 [0.0673676  0.33795783]]
gap= [0.3 0.7] at T=0 (computed with new function)
gap= [0.29000258 0.69085662] at T= 0.10881713752249465  (computed with new function)
 finished in 1.6310779770215353s
U= [[0.1733158  0.06932632]
 [0.06932632 0.347784  ]]
UN0= [[0.1657108  0.06628432]
 [0.0673676  0.33795783]]
gap= [0.3 0.7] at T=0 (computed with new function)
gap= [0.12607748 0.35613335] at T= 0.31774587609409044  (computed with new function)
 finished in 1.7309856295585633s
U= [[0.1733158  0.06932632]
 [0.06932632 0.347784  ]]
UN0= [[0.1657108  0.06628432]
 [0.0673676  0.33795783]]
gap= [0.3 0.7] at T=0 (computed with new function)
gap= [0.2946893  0.69535903] at T= 0.09140640930819502  (computed with new function)
 finished in 1.6662124832471212s
U= [[0.1733158  0.06932632]
 [0.06932632 0.347784  ]]
UN0= [[0.1657108  0.06628432]
 [0.0673676  0.33795783]]
gap= [0.3 0.7] at T=0 (computed with new function)
gap= [0.15174456 0.4232605 ] at T= 0.30033514787979076  (computed with new function)
 finished in 1.696903117497762s
U= [[0.1733158  0.06932632]
 [0.06932632 0.347784  ]]
UN0= [[0.1657108  0.06628432]
 [0.0673676  0.33795783]]
gap= [0.3 0.7] at T=0 (computed with new function)
gap= [0.2978256  0.69815519] at T= 0.07399568109389537  (computed with new function)
 finished in 1.6884125828742982s
U= [[0.1733158  0.06932632]
 [0.06932632 0.347784  ]]
UN0= [[0.1657108  0.06628432]
 [0.0673676  0.33795783]]
gap= [0.3 0.7] at T=0 (computed with new function)
gap= [0.17303654 0.47633759] at T= 0.2829244196654911  (computed with new function)
 finished in 1.6677471001942952s
U= [[0.1733158  0.06932632]
 [0.06932632 0.347784  ]]
UN0= [[0.1657108  0.06628432]
 [0.0673676  0.33795783]]
gap= [0.3 0.7] at T=0 (computed with new function)
gap= [0.29945806 0.69954639] at T= 0.05658495287959573  (computed with new function)
 finished in 1.665294591585795s
U= [[0.1733158  0.06932632]
 [0.06932632 0.347784  ]]
UN0= [[0.1657108  0.06628432]
 [0.0673676  0.33795783]]
gap= [0.3 0.7] at T=0 (computed with new function)
gap= [0.19141799 0.51976179] at T= 0.26551369145119147  (computed with new function)
 finished in 1.6946455319722493s
U= [[0.1733158  0.06932632]
 [0.06932632 0.347784  ]]
UN0= [[0.1657108  0.06628432]
 [0.0673676  0.33795783]]
gap= [0.3 0.7] at T=0 (computed with new function)
gap= [0.29995725 0.69996432] at T= 0.03917422466529609  (computed with new function)
 finished in 1.5971843600273132s
U= [[0.1733158  0.06932632]
 [0.06932632 0.347784  ]]
UN0= [[0.1657108  0.06628432]
 [0.0673676  0.33795783]]
gap= [0.3 0.7] at T=0 (computed with new function)
gap= [0.2076566  0.55587933] at T= 0.2481029632368918  (computed with new function)
 finished in 1.6668002525965373s
U= [[0.1733158  0.06932632]
 [0.06932632 0.347784  ]]
UN0= [[0.1657108  0.06628432]
 [0.0673676  0.33795783]]
gap= [0.3 0.7] at T=0 (computed with new function)
gap= [0.29999993 0.69999994] at T= 0.021763496450996452  (computed with new function)
 finished in 1.6570082783699036s
U= [[0.1733158  0.06932632]
 [0.06932632 0.347784  ]]
UN0= [[0.1657108  0.06628432]
 [0.0673676  0.33795783]]
gap= [0.3 0.7] at T=0 (computed with new function)
gap= [0.2222077  0.58612855] at T= 0.23069223502259217  (computed with new function)
 finished in 1.6596076726913451s
U= [[0.1733158  0.06932632]
 [0.06932632 0.347784  ]]
UN0= [[0.1657108  0.06628432]
 [0.0673676  0.33795783]]
gap= [0.3 0.7] at T=0 (computed with new function)
gap= [0.3 0.7] at T= 0.004352768236696808  (computed with new function)
 finished in 1.6646892547607421s
U= [[0.1733158  0.06932632]
 [0.06932632 0.347784  ]]
UN0= [[0.1657108  0.06628432]
 [0.0673676  0.33795783]]
gap= [0.3 0.7] at T=0 (computed with new function)
gap= [0.23535743 0.6114758 ] at T= 0.21328150680829253  (computed with new function)
 finished in 1.6704755981763204s
U= [[0.1733158  0.06932632]
 [0.06932632 0.347784  ]]
UN0= [[0.1657108  0.06628432]
 [0.0673676  0.33795783]]
gap= [0.3 0.7] at T=0 (computed with new function)
gap= [3.67240985e-15 1.06371868e-14] at T= 0.42221024537988827  (computed with new function)
 finished in 1.670663829644521s
U= [[0.1733158  0.06932632]
 [0.06932632 0.347784  ]]
UN0= [[0.1657108  0.06628432]
 [0.0673676  0.33795783]]
gap= [0.3 0.7] at T=0 (computed with new function)
gap= [0.24728519 0.63261638] at T= 0.19587077859399288  (computed with new function)
 finished in 1.6045579473177591s
U= [[0.1733158  0.06932632]
 [0.06932632 0.347784  ]]
UN0= [[0.1657108  0.06628432]
 [0.0673676  0.33795783]]
gap= [0.3 0.7] at T=0 (computed with new function)
gap= [4.99457855e-15 1.44668670e-14] at T= 0.40479951716558865  (computed with new function)
 finished in 1.3824992219607035s
U= [[0.1733158  0.06932632]
 [0.06932632 0.347784  ]]
UN0= [[0.1657108  0.06628432]
 [0.0673676  0.33795783]]
gap= [0.3 0.7] at T=0 (computed with new function)
gap= [0.25809255 0.65008019] at T= 0.17846005037969323  (computed with new function)
 finished in 1.1364635149637858s
