120000 parameters generated
parameters loaded
U= [[0.28782242 0.00575645]
 [0.00575645 0.38307567]]
UN0= [[0.27519293 0.00550386]
 [0.00559381 0.37225237]]
gap= [0.3 0.7] at T=0 (computed with new function)
gap= [0.01029617 0.17509032] at T= 0.37868342484413914  (computed with new function)
 finished in 1.7485137661298116s
U= [[0.28782242 0.00575645]
 [0.00575645 0.38307567]]
UN0= [[0.27519293 0.00550386]
 [0.00559381 0.37225237]]
gap= [0.3 0.7] at T=0 (computed with new function)
gap= [0.2025051  0.68613511] at T= 0.15234395805824374  (computed with new function)
 finished in 1.7536239504814148s
U= [[0.28782242 0.00575645]
 [0.00575645 0.38307567]]
UN0= [[0.27519293 0.00550386]
 [0.00559381 0.37225237]]
gap= [0.3 0.7] at T=0 (computed with new function)
gap= [0.01861463 0.30057737] at T= 0.3612726966298395  (computed with new function)
 finished in 1.7173672596613565s
U= [[0.28782242 0.00575645]
 [0.00575645 0.38307567]]
UN0= [[0.27519293 0.00550386]
 [0.00559381 0.37225237]]
gap= [0.3 0.7] at T=0 (computed with new function)
gap= [0.23427681 0.69211365] at T= 0.13493322984394412  (computed with new function)
 finished in 1.6568624059359232s
U= [[0.28782242 0.00575645]
 [0.00575645 0.38307567]]
UN0= [[0.27519293 0.00550386]
 [0.00559381 0.37225237]]
gap= [0.3 0.7] at T=0 (computed with new function)
gap= [0.02500268 0.38124533] at T= 0.3438619684155399  (computed with new function)
 finished in 1.626930844783783s
U= [[0.28782242 0.00575645]
 [0.00575645 0.38307567]]
UN0= [[0.27519293 0.00550386]
 [0.00559381 0.37225237]]
gap= [0.3 0.7] at T=0 (computed with new function)
gap= [0.25947458 0.69598449] at T= 0.11752250162964449  (computed with new function)
 finished in 1.6463290929794312s
U= [[0.28782242 0.00575645]
 [0.00575645 0.38307567]]
UN0= [[0.27519293 0.00550386]
 [0.00559381 0.37225237]]
gap= [0.3 0.7] at T=0 (computed with new function)
gap= [0.03092833 0.44240002] at T= 0.3264512402012402  (computed with new function)
 finished in 1.6025314768155416s
U= [[0.28782242 0.00575645]
 [0.00575645 0.38307567]]
UN0= [[0.27519293 0.00550386]
 [0.00559381 0.37225237]]
gap= [0.3 0.7] at T=0 (computed with new function)
gap= [0.27786356 0.69822266] at T= 0.10011177341534484  (computed with new function)
 finished in 1.5367738445599874s
U= [[0.28782242 0.00575645]
 [0.00575645 0.38307567]]
UN0= [[0.27519293 0.00550386]
 [0.00559381 0.37225237]]
gap= [0.3 0.7] at T=0 (computed with new function)
gap= [0.03692096 0.49144989] at T= 0.30904051198694055  (computed with new function)
 finished in 1.6205899198849996s
U= [[0.28782242 0.00575645]
 [0.00575645 0.38307567]]
UN0= [[0.27519293 0.00550386]
 [0.00559381 0.37225237]]
gap= [0.3 0.7] at T=0 (computed with new function)
gap= [0.29000788 0.69934512] at T= 0.0827010452010452  (computed with new function)
 finished in 1.5655039191246032s
U= [[0.28782242 0.00575645]
 [0.00575645 0.38307567]]
UN0= [[0.27519293 0.00550386]
 [0.00559381 0.37225237]]
gap= [0.3 0.7] at T=0 (computed with new function)
gap= [0.04336374 0.53183021] at T= 0.2916297837726409  (computed with new function)
 finished in 1.2236410856246949s
U= [[0.28782242 0.00575645]
 [0.00575645 0.38307567]]
UN0= [[0.27519293 0.00550386]
 [0.00559381 0.37225237]]
gap= [0.3 0.7] at T=0 (computed with new function)
gap= [0.29679167 0.69981826] at T= 0.06529031698674556  (computed with new function)
 finished in 1.220568052927653s
U= [[0.28782242 0.00575645]
 [0.00575645 0.38307567]]
UN0= [[0.27519293 0.00550386]
 [0.00559381 0.37225237]]
gap= [0.3 0.7] at T=0 (computed with new function)
gap= [0.05066797 0.56548792] at T= 0.27421905555834125  (computed with new function)
 finished in 1.171053171157837s
U= [[0.28782242 0.00575645]
 [0.00575645 0.38307567]]
UN0= [[0.27519293 0.00550386]
 [0.00559381 0.37225237]]
gap= [0.3 0.7] at T=0 (computed with new function)
gap= [0.29949634 0.69997309] at T= 0.047879588772445913  (computed with new function)
 finished in 1.2156300981839498s
U= [[0.28782242 0.00575645]
 [0.00575645 0.38307567]]
UN0= [[0.27519293 0.00550386]
 [0.00559381 0.37225237]]
gap= [0.3 0.7] at T=0 (computed with new function)
gap= [0.05938487 0.5936718 ] at T= 0.25680832734404163  (computed with new function)
 finished in 1.2283300797144572s
U= [[0.28782242 0.00575645]
 [0.00575645 0.38307567]]
UN0= [[0.27519293 0.00550386]
 [0.00559381 0.37225237]]
gap= [0.3 0.7] at T=0 (computed with new function)
gap= [0.29998883 0.69999941] at T= 0.030468860558146273  (computed with new function)
 finished in 1.1678581277529398s
U= [[0.28782242 0.00575645]
 [0.00575645 0.38307567]]
UN0= [[0.27519293 0.00550386]
 [0.00559381 0.37225237]]
gap= [0.3 0.7] at T=0 (computed with new function)
gap= [0.07034378 0.61726351] at T= 0.23939759912974198  (computed with new function)
 finished in 1.3737122972806295s
U= [[0.28782242 0.00575645]
 [0.00575645 0.38307567]]
UN0= [[0.27519293 0.00550386]
 [0.00559381 0.37225237]]
gap= [0.3 0.7] at T=0 (computed with new function)
gap= [0.3 0.7] at T= 0.01305813234384663  (computed with new function)
 finished in 1.4618373115857441s
U= [[0.28782242 0.00575645]
 [0.00575645 0.38307567]]
UN0= [[0.27519293 0.00550386]
 [0.00559381 0.37225237]]
gap= [0.3 0.7] at T=0 (computed with new function)
gap= [0.08484894 0.63694527] at T= 0.22198687091544234  (computed with new function)
 finished in 1.525135374069214s
U= [[0.28782242 0.00575645]
 [0.00575645 0.38307567]]
UN0= [[0.27519293 0.00550386]
 [0.00559381 0.37225237]]
gap= [0.3 0.7] at T=0 (computed with new function)
gap= [1.28913471e-15 2.24409376e-14] at T= 0.43091560948703805  (computed with new function)
 finished in 1.5925343990325929s
U= [[0.28782242 0.00575645]
 [0.00575645 0.38307567]]
UN0= [[0.27519293 0.00550386]
 [0.00559381 0.37225237]]
gap= [0.3 0.7] at T=0 (computed with new function)
gap= [0.10483655 0.65329269] at T= 0.2045761427011427  (computed with new function)
 finished in 1.6115960558255513s
U= [[0.28782242 0.00575645]
 [0.00575645 0.38307567]]
UN0= [[0.27519293 0.00550386]
 [0.00559381 0.37225237]]
gap= [0.3 0.7] at T=0 (computed with new function)
gap= [2.13922619e-15 3.72391193e-14] at T= 0.41350488127273843  (computed with new function)
 finished in 1.7694096565246582s
U= [[0.27355409 0.0136777 ]
 [0.0136777  0.37867807]]
UN0= [[0.26155068 0.01307753]
 [0.01329126 0.36797903]]
gap= [0.3 0.7] at T=0 (computed with new function)
gap= [0.17881344 0.65968829] at T= 0.18716541448684304  (computed with new function)
 finished in 1.6543726245562236s
U= [[0.27355409 0.0136777 ]
 [0.0136777  0.37867807]]
UN0= [[0.26155068 0.01307753]
 [0.01329126 0.36797903]]
gap= [0.3 0.7] at T=0 (computed with new function)
gap= [6.54451510e-15 5.31967026e-14] at T= 0.3960941530584388  (computed with new function)
 finished in 1.9087402979532877s
U= [[0.27355409 0.0136777 ]
 [0.0136777  0.37867807]]
UN0= [[0.26155068 0.01307753]
 [0.01329126 0.36797903]]
gap= [0.3 0.7] at T=0 (computed with new function)
gap= [0.20252983 0.67204936] at T= 0.16975468627254342  (computed with new function)
 finished in 1.8049975633621216s
U= [[0.27355409 0.0136777 ]
 [0.0136777  0.37867807]]
UN0= [[0.26155068 0.01307753]
 [0.01329126 0.36797903]]
gap= [0.3 0.7] at T=0 (computed with new function)
gap= [0.00293013 0.02380889] at T= 0.37868342484413914  (computed with new function)
 finished in 9.561345720291138s
U= [[0.27355409 0.0136777 ]
 [0.0136777  0.37867807]]
UN0= [[0.26155068 0.01307753]
 [0.01329126 0.36797903]]
gap= [0.3 0.7] at T=0 (computed with new function)
gap= [0.22640684 0.68173939] at T= 0.15234395805824374  (computed with new function)
 finished in 1.634433114528656s
U= [[0.27355409 0.0136777 ]
 [0.0136777  0.37867807]]
UN0= [[0.26155068 0.01307753]
 [0.01329126 0.36797903]]
gap= [0.3 0.7] at T=0 (computed with new function)
gap= [0.03191631 0.24866651] at T= 0.3612726966298395  (computed with new function)
 finished in 1.637599511941274s
U= [[0.27355409 0.0136777 ]
 [0.0136777  0.37867807]]
UN0= [[0.26155068 0.01307753]
 [0.01329126 0.36797903]]
gap= [0.3 0.7] at T=0 (computed with new function)
gap= [0.24847708 0.68892946] at T= 0.13493322984394412  (computed with new function)
 finished in 1.5966194113095602s
U= [[0.27355409 0.0136777 ]
 [0.0136777  0.37867807]]
UN0= [[0.26155068 0.01307753]
 [0.01329126 0.36797903]]
gap= [0.3 0.7] at T=0 (computed with new function)
gap= [0.04624623 0.34416501] at T= 0.3438619684155399  (computed with new function)
 finished in 1.6220440983772277s
U= [[0.27355409 0.0136777 ]
 [0.0136777  0.37867807]]
UN0= [[0.26155068 0.01307753]
 [0.01329126 0.36797903]]
gap= [0.3 0.7] at T=0 (computed with new function)
gap= [0.26716922 0.69389159] at T= 0.11752250162964449  (computed with new function)
 finished in 1.5253566026687622s
U= [[0.27355409 0.0136777 ]
 [0.0136777  0.37867807]]
UN0= [[0.26155068 0.01307753]
 [0.01329126 0.36797903]]
gap= [0.3 0.7] at T=0 (computed with new function)
gap= [0.05834264 0.41288967] at T= 0.3264512402012402  (computed with new function)
 finished in 1.4771907647450766s
U= [[0.27355409 0.0136777 ]
 [0.0136777  0.37867807]]
UN0= [[0.26155068 0.01307753]
 [0.01329126 0.36797903]]
gap= [0.3 0.7] at T=0 (computed with new function)
gap= [0.28160967 0.69701952] at T= 0.10011177341534484  (computed with new function)
 finished in 1.532370968659719s
U= [[0.27355409 0.0136777 ]
 [0.0136777  0.37867807]]
UN0= [[0.26155068 0.01307753]
 [0.01329126 0.36797903]]
gap= [0.3 0.7] at T=0 (computed with new function)
gap= [0.06973667 0.46690406] at T= 0.30904051198694055  (computed with new function)
 finished in 1.5254703760147095s
U= [[0.27355409 0.0136777 ]
 [0.0136777  0.37867807]]
UN0= [[0.26155068 0.01307753]
 [0.01329126 0.36797903]]
gap= [0.3 0.7] at T=0 (computed with new function)
gap= [0.29154941 0.69878085] at T= 0.0827010452010452  (computed with new function)
 finished in 1.4580844203631083s
U= [[0.27355409 0.0136777 ]
 [0.0136777  0.37867807]]
UN0= [[0.26155068 0.01307753]
 [0.01329126 0.36797903]]
gap= [0.3 0.7] at T=0 (computed with new function)
gap= [0.0811579  0.51098824] at T= 0.2916297837726409  (computed with new function)
 finished in 1.5672041734059652s
U= [[0.27355409 0.0136777 ]
 [0.0136777  0.37867807]]
UN0= [[0.26155068 0.01307753]
 [0.01329126 0.36797903]]
gap= [0.3 0.7] at T=0 (computed with new function)
gap= [0.29725551 0.69963245] at T= 0.06529031698674556  (computed with new function)
 finished in 1.6404494365056357s
U= [[0.27355409 0.0136777 ]
 [0.0136777  0.37867807]]
UN0= [[0.26155068 0.01307753]
 [0.01329126 0.36797903]]
gap= [0.3 0.7] at T=0 (computed with new function)
gap= [0.09313903 0.54765065] at T= 0.27421905555834125  (computed with new function)
 finished in 1.5677154938379922s
U= [[0.27355409 0.0136777 ]
 [0.0136777  0.37867807]]
UN0= [[0.26155068 0.01307753]
 [0.01329126 0.36797903]]
gap= [0.3 0.7] at T=0 (computed with new function)
gap= [0.29956669 0.69994356] at T= 0.047879588772445913  (computed with new function)
 finished in 1.5811329046885172s
U= [[0.27355409 0.0136777 ]
 [0.0136777  0.37867807]]
UN0= [[0.26155068 0.01307753]
 [0.01329126 0.36797903]]
gap= [0.3 0.7] at T=0 (computed with new function)
gap= [0.10618098 0.5784249 ] at T= 0.25680832734404163  (computed with new function)
 finished in 1.6113407492637635s
U= [[0.27355409 0.0136777 ]
 [0.0136777  0.37867807]]
UN0= [[0.26155068 0.01307753]
 [0.01329126 0.36797903]]
gap= [0.3 0.7] at T=0 (computed with new function)
gap= [0.29999038 0.69999875] at T= 0.030468860558146273  (computed with new function)
 finished in 1.581611176331838s
U= [[0.27355409 0.0136777 ]
 [0.0136777  0.37867807]]
UN0= [[0.26155068 0.01307753]
 [0.01329126 0.36797903]]
gap= [0.3 0.7] at T=0 (computed with new function)
gap= [0.12081193 0.60434962] at T= 0.23939759912974198  (computed with new function)
 finished in 1.6004507621129354s
U= [[0.27355409 0.0136777 ]
 [0.0136777  0.37867807]]
UN0= [[0.26155068 0.01307753]
 [0.01329126 0.36797903]]
gap= [0.3 0.7] at T=0 (computed with new function)
gap= [0.3 0.7] at T= 0.01305813234384663  (computed with new function)
 finished in 1.6200432022412619s
U= [[0.27355409 0.0136777 ]
 [0.0136777  0.37867807]]
UN0= [[0.26155068 0.01307753]
 [0.01329126 0.36797903]]
gap= [0.3 0.7] at T=0 (computed with new function)
gap= [0.13757521 0.62618091] at T= 0.22198687091544234  (computed with new function)
 finished in 1.6503368337949118s
U= [[0.27355409 0.0136777 ]
 [0.0136777  0.37867807]]
UN0= [[0.26155068 0.01307753]
 [0.01329126 0.36797903]]
gap= [0.3 0.7] at T=0 (computed with new function)
gap= [2.12870556e-15 1.73030568e-14] at T= 0.43091560948703805  (computed with new function)
 finished in 1.7748586893081666s
U= [[0.21921735 0.04384347]
 [0.04384347 0.36193115]]
UN0= [[0.20959821 0.04191964]
 [0.04260473 0.35170526]]
gap= [0.3 0.7] at T=0 (computed with new function)
gap= [0.22138864 0.62879089] at T= 0.2045761427011427  (computed with new function)
 finished in 1.7304358998934428s
U= [[0.21921735 0.04384347]
 [0.04384347 0.36193115]]
UN0= [[0.20959821 0.04191964]
 [0.04260473 0.35170526]]
gap= [0.3 0.7] at T=0 (computed with new function)
gap= [4.11561055e-15 1.48498158e-14] at T= 0.41350488127273843  (computed with new function)
 finished in 1.7666287620862324s
U= [[0.21921735 0.04384347]
 [0.04384347 0.36193115]]
UN0= [[0.20959821 0.04191964]
 [0.04260473 0.35170526]]
gap= [0.3 0.7] at T=0 (computed with new function)
gap= [0.23516441 0.64689563] at T= 0.18716541448684304  (computed with new function)
 finished in 1.7259032726287842s
U= [[0.21921735 0.04384347]
 [0.04384347 0.36193115]]
UN0= [[0.20959821 0.04191964]
 [0.04260473 0.35170526]]
gap= [0.3 0.7] at T=0 (computed with new function)
gap= [6.21384131e-15 2.24205857e-14] at T= 0.3960941530584388  (computed with new function)
 finished in 1.8458520730336507s
U= [[0.21921735 0.04384347]
 [0.04384347 0.36193115]]
UN0= [[0.20959821 0.04191964]
 [0.04260473 0.35170526]]
gap= [0.3 0.7] at T=0 (computed with new function)
gap= [0.2483139  0.66171519] at T= 0.16975468627254342  (computed with new function)
 finished in 1.7737237572669984s
U= [[0.21921735 0.04384347]
 [0.04384347 0.36193115]]
UN0= [[0.20959821 0.04191964]
 [0.04260473 0.35170526]]
gap= [0.3 0.7] at T=0 (computed with new function)
gap= [1.25443212e-14 4.52620230e-14] at T= 0.37868342484413914  (computed with new function)
 finished in 1.977797261873881s
U= [[0.21921735 0.04384347]
 [0.04384347 0.36193115]]
UN0= [[0.20959821 0.04191964]
 [0.04260473 0.35170526]]
gap= [0.3 0.7] at T=0 (computed with new function)
gap= [0.26063277 0.67358487] at T= 0.15234395805824374  (computed with new function)
 finished in 1.7682549953460693s
U= [[0.21921735 0.04384347]
 [0.04384347 0.36193115]]
UN0= [[0.20959821 0.04191964]
 [0.04260473 0.35170526]]
gap= [0.3 0.7] at T=0 (computed with new function)
gap= [0.00916265 0.0330487 ] at T= 0.3612726966298395  (computed with new function)
 finished in 5.983273053169251s
U= [[0.21921735 0.04384347]
 [0.04384347 0.36193115]]
UN0= [[0.20959821 0.04191964]
 [0.04260473 0.35170526]]
gap= [0.3 0.7] at T=0 (computed with new function)
gap= [0.2718184 0.6828016] at T= 0.13493322984394412  (computed with new function)
 finished in 1.650302263100942s
U= [[0.21921735 0.04384347]
 [0.04384347 0.36193115]]
UN0= [[0.20959821 0.04191964]
 [0.04260473 0.35170526]]
gap= [0.3 0.7] at T=0 (computed with new function)
gap= [0.07087988 0.25027146] at T= 0.3438619684155399  (computed with new function)
 finished in 1.7276413877805075s
U= [[0.21921735 0.04384347]
 [0.04384347 0.36193115]]
UN0= [[0.20959821 0.04191964]
 [0.04260473 0.35170526]]
gap= [0.3 0.7] at T=0 (computed with new function)
gap= [0.28150281 0.689655  ] at T= 0.11752250162964449  (computed with new function)
 finished in 1.7161536852518717s
U= [[0.21921735 0.04384347]
 [0.04384347 0.36193115]]
UN0= [[0.20959821 0.04191964]
 [0.04260473 0.35170526]]
gap= [0.3 0.7] at T=0 (computed with new function)
gap= [0.10015762 0.34577562] at T= 0.3264512402012402  (computed with new function)
 finished in 1.7571776270866395s
U= [[0.21921735 0.04384347]
 [0.04384347 0.36193115]]
UN0= [[0.20959821 0.04191964]
 [0.04260473 0.35170526]]
gap= [0.3 0.7] at T=0 (computed with new function)
gap= [0.28931146 0.69445102] at T= 0.10011177341534484  (computed with new function)
 finished in 1.6005270520846049s
U= [[0.21921735 0.04384347]
 [0.04384347 0.36193115]]
UN0= [[0.20959821 0.04191964]
 [0.04260473 0.35170526]]
gap= [0.3 0.7] at T=0 (computed with new function)
gap= [0.12300289 0.41464917] at T= 0.30904051198694055  (computed with new function)
 finished in 1.7021586775779725s
U= [[0.21921735 0.04384347]
 [0.04384347 0.36193115]]
UN0= [[0.20959821 0.04191964]
 [0.04260473 0.35170526]]
gap= [0.3 0.7] at T=0 (computed with new function)
gap= [0.29494923 0.69751897] at T= 0.0827010452010452  (computed with new function)
 finished in 1.5035237828890482s
U= [[0.21921735 0.04384347]
 [0.04384347 0.36193115]]
UN0= [[0.20959821 0.04191964]
 [0.04260473 0.35170526]]
gap= [0.3 0.7] at T=0 (computed with new function)
gap= [0.1426325  0.46886011] at T= 0.2916297837726409  (computed with new function)
 finished in 1.3043166677157083s
U= [[0.21921735 0.04384347]
 [0.04384347 0.36193115]]
UN0= [[0.20959821 0.04191964]
 [0.04260473 0.35170526]]
gap= [0.3 0.7] at T=0 (computed with new function)
gap= [0.29832445 0.69920269] at T= 0.06529031698674556  (computed with new function)
 finished in 1.28941543896993s
U= [[0.21921735 0.04384347]
 [0.04384347 0.36193115]]
UN0= [[0.20959821 0.04191964]
 [0.04260473 0.35170526]]
gap= [0.3 0.7] at T=0 (computed with new function)
gap= [0.160318   0.51315831] at T= 0.27421905555834125  (computed with new function)
 finished in 1.4002013564109803s
U= [[0.21921735 0.04384347]
 [0.04384347 0.36193115]]
UN0= [[0.20959821 0.04191964]
 [0.04260473 0.35170526]]
gap= [0.3 0.7] at T=0 (computed with new function)
gap= [0.29973227 0.69987401] at T= 0.047879588772445913  (computed with new function)
 finished in 1.6717668135960897s
U= [[0.21921735 0.04384347]
 [0.04384347 0.36193115]]
UN0= [[0.20959821 0.04191964]
 [0.04260473 0.35170526]]
gap= [0.3 0.7] at T=0 (computed with new function)
gap= [0.17672127 0.55002825] at T= 0.25680832734404163  (computed with new function)
 finished in 1.630935295422872s
U= [[0.21921735 0.04384347]
 [0.04384347 0.36193115]]
UN0= [[0.20959821 0.04191964]
 [0.04260473 0.35170526]]
gap= [0.3 0.7] at T=0 (computed with new function)
gap= [0.29999403 0.6999972 ] at T= 0.030468860558146273  (computed with new function)
 finished in 1.6640878518422444s
U= [[0.21921735 0.04384347]
 [0.04384347 0.36193115]]
UN0= [[0.20959821 0.04191964]
 [0.04260473 0.35170526]]
gap= [0.3 0.7] at T=0 (computed with new function)
gap= [0.1922317  0.58097349] at T= 0.23939759912974198  (computed with new function)
 finished in 1.7476912975311278s
U= [[0.1733158  0.06932632]
 [0.06932632 0.347784  ]]
UN0= [[0.1657108  0.06628432]
 [0.0673676  0.33795783]]
gap= [0.3 0.7] at T=0 (computed with new function)
gap= [0.3 0.7] at T= 0.01305813234384663  (computed with new function)
 finished in 1.5129432757695516s
U= [[0.1733158  0.06932632]
 [0.06932632 0.347784  ]]
UN0= [[0.1657108  0.06628432]
 [0.0673676  0.33795783]]
gap= [0.3 0.7] at T=0 (computed with new function)
gap= [0.22894447 0.59936665] at T= 0.22198687091544234  (computed with new function)
 finished in 1.7169423381487527s
U= [[0.1733158  0.06932632]
 [0.06932632 0.347784  ]]
UN0= [[0.1657108  0.06628432]
 [0.0673676  0.33795783]]
gap= [0.3 0.7] at T=0 (computed with new function)
gap= [3.19587851e-15 9.25690703e-15] at T= 0.43091560948703805  (computed with new function)
 finished in 1.7737833539644876s
U= [[0.1733158  0.06932632]
 [0.06932632 0.347784  ]]
UN0= [[0.1657108  0.06628432]
 [0.0673676  0.33795783]]
gap= [0.3 0.7] at T=0 (computed with new function)
gap= [0.24146609 0.6225358 ] at T= 0.2045761427011427  (computed with new function)
 finished in 1.742875591913859s
U= [[0.1733158  0.06932632]
 [0.06932632 0.347784  ]]
UN0= [[0.1657108  0.06628432]
 [0.0673676  0.33795783]]
gap= [0.3 0.7] at T=0 (computed with new function)
gap= [4.38305885e-15 1.26955916e-14] at T= 0.41350488127273843  (computed with new function)
 finished in 1.7221042195955911s
U= [[0.1733158  0.06932632]
 [0.06932632 0.347784  ]]
UN0= [[0.1657108  0.06628432]
 [0.0673676  0.33795783]]
gap= [0.3 0.7] at T=0 (computed with new function)
gap= [0.25282519 0.64177936] at T= 0.18716541448684304  (computed with new function)
 finished in 1.7668312191963196s
U= [[0.1733158  0.06932632]
 [0.06932632 0.347784  ]]
UN0= [[0.1657108  0.06628432]
 [0.0673676  0.33795783]]
gap= [0.3 0.7] at T=0 (computed with new function)
gap= [5.99313590e-15 1.73592024e-14] at T= 0.3960941530584388  (computed with new function)
 finished in 1.7955967863400777s
U= [[0.1733158  0.06932632]
 [0.06932632 0.347784  ]]
UN0= [[0.1657108  0.06628432]
 [0.0673676  0.33795783]]
gap= [0.3 0.7] at T=0 (computed with new function)
gap= [0.26308996 0.65756931] at T= 0.16975468627254342  (computed with new function)
 finished in 1.7660804947217306s
U= [[0.1733158  0.06932632]
 [0.06932632 0.347784  ]]
UN0= [[0.1657108  0.06628432]
 [0.0673676  0.33795783]]
gap= [0.3 0.7] at T=0 (computed with new function)
gap= [1.04951584e-14 3.03993738e-14] at T= 0.37868342484413914  (computed with new function)
 finished in 1.880714968840281s
U= [[0.1733158  0.06932632]
 [0.06932632 0.347784  ]]
UN0= [[0.1657108  0.06628432]
 [0.0673676  0.33795783]]
gap= [0.3 0.7] at T=0 (computed with new function)
gap= [0.27226728 0.6702951 ] at T= 0.15234395805824374  (computed with new function)
 finished in 1.7573487997055053s
U= [[0.1733158  0.06932632]
 [0.06932632 0.347784  ]]
UN0= [[0.1657108  0.06628432]
 [0.0673676  0.33795783]]
gap= [0.3 0.7] at T=0 (computed with new function)
gap= [3.90224949e-14 1.13029205e-13] at T= 0.3612726966298395  (computed with new function)
 finished in 2.1964155276616415s
U= [[0.1733158  0.06932632]
 [0.06932632 0.347784  ]]
UN0= [[0.1657108  0.06628432]
 [0.0673676  0.33795783]]
gap= [0.3 0.7] at T=0 (computed with new function)
gap= [0.28030706 0.68029539] at T= 0.13493322984394412  (computed with new function)
 finished in 1.7665049195289613s
U= [[0.1733158  0.06932632]
 [0.06932632 0.347784  ]]
UN0= [[0.1657108  0.06628432]
 [0.0673676  0.33795783]]
gap= [0.3 0.7] at T=0 (computed with new function)
gap= [0.06922844 0.19908956] at T= 0.3438619684155399  (computed with new function)
 finished in 1.8764533321062724s
U= [[0.1733158  0.06932632]
 [0.06932632 0.347784  ]]
UN0= [[0.1657108  0.06628432]
 [0.0673676  0.33795783]]
gap= [0.3 0.7] at T=0 (computed with new function)
gap= [0.28710834 0.6878792 ] at T= 0.11752250162964449  (computed with new function)
 finished in 1.7696223298708598s
U= [[0.1733158  0.06932632]
 [0.06932632 0.347784  ]]
UN0= [[0.1657108  0.06628432]
 [0.0673676  0.33795783]]
gap= [0.3 0.7] at T=0 (computed with new function)
gap= [0.11067501 0.31454124] at T= 0.3264512402012402  (computed with new function)
 finished in 1.7785670359929402s
U= [[0.1733158  0.06932632]
 [0.06932632 0.347784  ]]
UN0= [[0.1657108  0.06628432]
 [0.0673676  0.33795783]]
gap= [0.3 0.7] at T=0 (computed with new function)
gap= [0.29253502 0.69333836] at T= 0.10011177341534484  (computed with new function)
 finished in 1.7508343935012818s
U= [[0.1733158  0.06932632]
 [0.06932632 0.347784  ]]
UN0= [[0.1657108  0.06628432]
 [0.0673676  0.33795783]]
gap= [0.3 0.7] at T=0 (computed with new function)
gap= [0.1395993  0.39187493] at T= 0.30904051198694055  (computed with new function)
 finished in 1.7705524126688639s
U= [[0.1733158  0.06932632]
 [0.06932632 0.347784  ]]
UN0= [[0.1657108  0.06628432]
 [0.0673676  0.33795783]]
gap= [0.3 0.7] at T=0 (computed with new function)
gap= [0.29645377 0.69695294] at T= 0.0827010452010452  (computed with new function)
 finished in 1.7187605301539104s
U= [[0.1733158  0.06932632]
 [0.06932632 0.347784  ]]
UN0= [[0.1657108  0.06628432]
 [0.0673676  0.33795783]]
gap= [0.3 0.7] at T=0 (computed with new function)
gap= [0.16282189 0.45120969] at T= 0.2916297837726409  (computed with new function)
 finished in 1.749404819806417s
U= [[0.1733158  0.06932632]
 [0.06932632 0.347784  ]]
UN0= [[0.1657108  0.06628432]
 [0.0673676  0.33795783]]
gap= [0.3 0.7] at T=0 (computed with new function)
gap= [0.29881625 0.69900423] at T= 0.06529031698674556  (computed with new function)
 finished in 1.714005172252655s
U= [[0.1733158  0.06932632]
 [0.06932632 0.347784  ]]
UN0= [[0.1657108  0.06628432]
 [0.0673676  0.33795783]]
gap= [0.3 0.7] at T=0 (computed with new function)
gap= [0.18253315 0.4990805 ] at T= 0.27421905555834125  (computed with new function)
 finished in 1.7334482312202453s
U= [[0.1733158  0.06932632]
 [0.06932632 0.347784  ]]
UN0= [[0.1657108  0.06628432]
 [0.0673676  0.33795783]]
gap= [0.3 0.7] at T=0 (computed with new function)
gap= [0.29981001 0.69984135] at T= 0.047879588772445913  (computed with new function)
 finished in 1.6436525503794353s
U= [[0.28782242 0.00575645]
 [0.00575645 0.38307567]]
UN0= [[0.27519293 0.00550386]
 [0.00559381 0.37225237]]
gap= [0.3 0.7] at T=0 (computed with new function)
gap= [0.05938487 0.5936718 ] at T= 0.25680832734404163  (computed with new function)
 finished in 1.6798912485440571s
U= [[0.28782242 0.00575645]
 [0.00575645 0.38307567]]
UN0= [[0.27519293 0.00550386]
 [0.00559381 0.37225237]]
gap= [0.3 0.7] at T=0 (computed with new function)
gap= [0.29998883 0.69999941] at T= 0.030468860558146273  (computed with new function)
 finished in 1.6018231113751729s
U= [[0.28782242 0.00575645]
 [0.00575645 0.38307567]]
UN0= [[0.27519293 0.00550386]
 [0.00559381 0.37225237]]
gap= [0.3 0.7] at T=0 (computed with new function)
gap= [0.07034378 0.61726351] at T= 0.23939759912974198  (computed with new function)
 finished in 1.6391907215118409s
U= [[0.28782242 0.00575645]
 [0.00575645 0.38307567]]
UN0= [[0.27519293 0.00550386]
 [0.00559381 0.37225237]]
gap= [0.3 0.7] at T=0 (computed with new function)
gap= [0.3 0.7] at T= 0.01305813234384663  (computed with new function)
 finished in 1.4785014708836874s
U= [[0.28782242 0.00575645]
 [0.00575645 0.38307567]]
UN0= [[0.27519293 0.00550386]
 [0.00559381 0.37225237]]
gap= [0.3 0.7] at T=0 (computed with new function)
gap= [0.08484894 0.63694527] at T= 0.22198687091544234  (computed with new function)
 finished in 1.5478678146998088s
U= [[0.28782242 0.00575645]
 [0.00575645 0.38307567]]
UN0= [[0.27519293 0.00550386]
 [0.00559381 0.37225237]]
gap= [0.3 0.7] at T=0 (computed with new function)
gap= [1.28913471e-15 2.24409376e-14] at T= 0.43091560948703805  (computed with new function)
 finished in 1.5495410084724426s
U= [[0.28782242 0.00575645]
 [0.00575645 0.38307567]]
UN0= [[0.27519293 0.00550386]
 [0.00559381 0.37225237]]
gap= [0.3 0.7] at T=0 (computed with new function)
gap= [0.10483655 0.65329269] at T= 0.2045761427011427  (computed with new function)
 finished in 1.6171874443689982s
U= [[0.28782242 0.00575645]
 [0.00575645 0.38307567]]
UN0= [[0.27519293 0.00550386]
 [0.00559381 0.37225237]]
gap= [0.3 0.7] at T=0 (computed with new function)
gap= [2.13922619e-15 3.72391193e-14] at T= 0.41350488127273843  (computed with new function)
 finished in 1.7427265842755635s
U= [[0.28782242 0.00575645]
 [0.00575645 0.38307567]]
UN0= [[0.27519293 0.00550386]
 [0.00559381 0.37225237]]
gap= [0.3 0.7] at T=0 (computed with new function)
gap= [0.13229947 0.66679047] at T= 0.18716541448684304  (computed with new function)
 finished in 1.6627416570981344s
U= [[0.28782242 0.00575645]
 [0.00575645 0.38307567]]
UN0= [[0.27519293 0.00550386]
 [0.00559381 0.37225237]]
gap= [0.3 0.7] at T=0 (computed with new function)
gap= [6.30650358e-15 1.09782051e-13] at T= 0.3960941530584388  (computed with new function)
 finished in 2.082506608963013s
U= [[0.28782242 0.00575645]
 [0.00575645 0.38307567]]
UN0= [[0.27519293 0.00550386]
 [0.00559381 0.37225237]]
gap= [0.3 0.7] at T=0 (computed with new function)
gap= [0.16661459 0.67772396] at T= 0.16975468627254342  (computed with new function)
 finished in 1.7756777127583823s
U= [[0.28782242 0.00575645]
 [0.00575645 0.38307567]]
UN0= [[0.27519293 0.00550386]
 [0.00559381 0.37225237]]
gap= [0.3 0.7] at T=0 (computed with new function)
gap= [0.01029617 0.17509032] at T= 0.37868342484413914  (computed with new function)
 finished in 1.9292471528053283s
U= [[0.28782242 0.00575645]
 [0.00575645 0.38307567]]
UN0= [[0.27519293 0.00550386]
 [0.00559381 0.37225237]]
gap= [0.3 0.7] at T=0 (computed with new function)
gap= [0.2025051  0.68613511] at T= 0.15234395805824374  (computed with new function)
 finished in 1.6774908423423767s
U= [[0.28782242 0.00575645]
 [0.00575645 0.38307567]]
UN0= [[0.27519293 0.00550386]
 [0.00559381 0.37225237]]
gap= [0.3 0.7] at T=0 (computed with new function)
gap= [0.01861463 0.30057737] at T= 0.3612726966298395  (computed with new function)
 finished in 1.6814802090326946s
U= [[0.28782242 0.00575645]
 [0.00575645 0.38307567]]
UN0= [[0.27519293 0.00550386]
 [0.00559381 0.37225237]]
gap= [0.3 0.7] at T=0 (computed with new function)
gap= [0.23427681 0.69211365] at T= 0.13493322984394412  (computed with new function)
 finished in 1.6501617908477784s
U= [[0.28782242 0.00575645]
 [0.00575645 0.38307567]]
UN0= [[0.27519293 0.00550386]
 [0.00559381 0.37225237]]
gap= [0.3 0.7] at T=0 (computed with new function)
gap= [0.02500268 0.38124533] at T= 0.3438619684155399  (computed with new function)
 finished in 1.6797280470530191s
U= [[0.28782242 0.00575645]
 [0.00575645 0.38307567]]
UN0= [[0.27519293 0.00550386]
 [0.00559381 0.37225237]]
gap= [0.3 0.7] at T=0 (computed with new function)
gap= [0.25947458 0.69598449] at T= 0.11752250162964449  (computed with new function)
 finished in 1.610143252213796s
U= [[0.28782242 0.00575645]
 [0.00575645 0.38307567]]
UN0= [[0.27519293 0.00550386]
 [0.00559381 0.37225237]]
gap= [0.3 0.7] at T=0 (computed with new function)
gap= [0.03092833 0.44240002] at T= 0.3264512402012402  (computed with new function)
 finished in 1.570977807044983s
U= [[0.28782242 0.00575645]
 [0.00575645 0.38307567]]
UN0= [[0.27519293 0.00550386]
 [0.00559381 0.37225237]]
gap= [0.3 0.7] at T=0 (computed with new function)
gap= [0.27786356 0.69822266] at T= 0.10011177341534484  (computed with new function)
 finished in 1.6060040752092997s
U= [[0.28782242 0.00575645]
 [0.00575645 0.38307567]]
UN0= [[0.27519293 0.00550386]
 [0.00559381 0.37225237]]
gap= [0.3 0.7] at T=0 (computed with new function)
gap= [0.03692096 0.49144989] at T= 0.30904051198694055  (computed with new function)
 finished in 1.6288397669792176s
U= [[0.28782242 0.00575645]
 [0.00575645 0.38307567]]
UN0= [[0.27519293 0.00550386]
 [0.00559381 0.37225237]]
gap= [0.3 0.7] at T=0 (computed with new function)
gap= [0.29000788 0.69934512] at T= 0.0827010452010452  (computed with new function)
 finished in 1.4767703572909037s
U= [[0.28782242 0.00575645]
 [0.00575645 0.38307567]]
UN0= [[0.27519293 0.00550386]
 [0.00559381 0.37225237]]
gap= [0.3 0.7] at T=0 (computed with new function)
gap= [0.04336374 0.53183021] at T= 0.2916297837726409  (computed with new function)
 finished in 1.4422389388084411s
U= [[0.28782242 0.00575645]
 [0.00575645 0.38307567]]
UN0= [[0.27519293 0.00550386]
 [0.00559381 0.37225237]]
gap= [0.3 0.7] at T=0 (computed with new function)
gap= [0.29679167 0.69981826] at T= 0.06529031698674556  (computed with new function)
 finished in 1.4693702975908915s
U= [[0.27355409 0.0136777 ]
 [0.0136777  0.37867807]]
UN0= [[0.26155068 0.01307753]
 [0.01329126 0.36797903]]
gap= [0.3 0.7] at T=0 (computed with new function)
gap= [0.09313903 0.54765065] at T= 0.27421905555834125  (computed with new function)
 finished in 1.5270290136337281s
U= [[0.27355409 0.0136777 ]
 [0.0136777  0.37867807]]
UN0= [[0.26155068 0.01307753]
 [0.01329126 0.36797903]]
gap= [0.3 0.7] at T=0 (computed with new function)
gap= [0.29956669 0.69994356] at T= 0.047879588772445913  (computed with new function)
 finished in 1.4820909738540649s
U= [[0.27355409 0.0136777 ]
 [0.0136777  0.37867807]]
UN0= [[0.26155068 0.01307753]
 [0.01329126 0.36797903]]
gap= [0.3 0.7] at T=0 (computed with new function)
gap= [0.10618098 0.5784249 ] at T= 0.25680832734404163  (computed with new function)
 finished in 1.4573947111765544s
U= [[0.27355409 0.0136777 ]
 [0.0136777  0.37867807]]
UN0= [[0.26155068 0.01307753]
 [0.01329126 0.36797903]]
gap= [0.3 0.7] at T=0 (computed with new function)
gap= [0.29999038 0.69999875] at T= 0.030468860558146273  (computed with new function)
 finished in 1.5273987809816996s
U= [[0.27355409 0.0136777 ]
 [0.0136777  0.37867807]]
UN0= [[0.26155068 0.01307753]
 [0.01329126 0.36797903]]
gap= [0.3 0.7] at T=0 (computed with new function)
gap= [0.12081193 0.60434962] at T= 0.23939759912974198  (computed with new function)
 finished in 1.5460113724072775s
U= [[0.27355409 0.0136777 ]
 [0.0136777  0.37867807]]
UN0= [[0.26155068 0.01307753]
 [0.01329126 0.36797903]]
gap= [0.3 0.7] at T=0 (computed with new function)
gap= [0.3 0.7] at T= 0.01305813234384663  (computed with new function)
 finished in 1.4661841869354248s
U= [[0.27355409 0.0136777 ]
 [0.0136777  0.37867807]]
UN0= [[0.26155068 0.01307753]
 [0.01329126 0.36797903]]
gap= [0.3 0.7] at T=0 (computed with new function)
gap= [0.13757521 0.62618091] at T= 0.22198687091544234  (computed with new function)
 finished in 1.4700125575065612s
U= [[0.27355409 0.0136777 ]
 [0.0136777  0.37867807]]
UN0= [[0.26155068 0.01307753]
 [0.01329126 0.36797903]]
gap= [0.3 0.7] at T=0 (computed with new function)
gap= [2.12870556e-15 1.73030568e-14] at T= 0.43091560948703805  (computed with new function)
 finished in 1.5872845649719238s
U= [[0.27355409 0.0136777 ]
 [0.0136777  0.37867807]]
UN0= [[0.26155068 0.01307753]
 [0.01329126 0.36797903]]
gap= [0.3 0.7] at T=0 (computed with new function)
gap= [0.15690254 0.64448861] at T= 0.2045761427011427  (computed with new function)
 finished in 1.54996813138326s
U= [[0.27355409 0.0136777 ]
 [0.0136777  0.37867807]]
UN0= [[0.26155068 0.01307753]
 [0.01329126 0.36797903]]
gap= [0.3 0.7] at T=0 (computed with new function)
gap= [3.20335019e-15 2.60382420e-14] at T= 0.41350488127273843  (computed with new function)
 finished in 1.7004433552424112s
U= [[0.27355409 0.0136777 ]
 [0.0136777  0.37867807]]
UN0= [[0.26155068 0.01307753]
 [0.01329126 0.36797903]]
gap= [0.3 0.7] at T=0 (computed with new function)
gap= [0.17881344 0.65968829] at T= 0.18716541448684304  (computed with new function)
 finished in 1.6946151812871297s
U= [[0.27355409 0.0136777 ]
 [0.0136777  0.37867807]]
UN0= [[0.26155068 0.01307753]
 [0.01329126 0.36797903]]
gap= [0.3 0.7] at T=0 (computed with new function)
gap= [6.54451510e-15 5.31967026e-14] at T= 0.3960941530584388  (computed with new function)
 finished in 1.9495532393455506s
U= [[0.27355409 0.0136777 ]
 [0.0136777  0.37867807]]
UN0= [[0.26155068 0.01307753]
 [0.01329126 0.36797903]]
gap= [0.3 0.7] at T=0 (computed with new function)
gap= [0.20252983 0.67204936] at T= 0.16975468627254342  (computed with new function)
 finished in 1.7670217514038087s
U= [[0.27355409 0.0136777 ]
 [0.0136777  0.37867807]]
UN0= [[0.26155068 0.01307753]
 [0.01329126 0.36797903]]
gap= [0.3 0.7] at T=0 (computed with new function)
gap= [0.00293013 0.02380889] at T= 0.37868342484413914  (computed with new function)
 finished in 9.34402379989624s
U= [[0.27355409 0.0136777 ]
 [0.0136777  0.37867807]]
UN0= [[0.26155068 0.01307753]
 [0.01329126 0.36797903]]
gap= [0.3 0.7] at T=0 (computed with new function)
gap= [0.22640684 0.68173939] at T= 0.15234395805824374  (computed with new function)
 finished in 1.633969497680664s
U= [[0.27355409 0.0136777 ]
 [0.0136777  0.37867807]]
UN0= [[0.26155068 0.01307753]
 [0.01329126 0.36797903]]
gap= [0.3 0.7] at T=0 (computed with new function)
gap= [0.03191631 0.24866651] at T= 0.3612726966298395  (computed with new function)
 finished in 1.6098090330759685s
U= [[0.27355409 0.0136777 ]
 [0.0136777  0.37867807]]
UN0= [[0.26155068 0.01307753]
 [0.01329126 0.36797903]]
gap= [0.3 0.7] at T=0 (computed with new function)
gap= [0.24847708 0.68892946] at T= 0.13493322984394412  (computed with new function)
 finished in 1.573528492450714s
U= [[0.27355409 0.0136777 ]
 [0.0136777  0.37867807]]
UN0= [[0.26155068 0.01307753]
 [0.01329126 0.36797903]]
gap= [0.3 0.7] at T=0 (computed with new function)
gap= [0.04624623 0.34416501] at T= 0.3438619684155399  (computed with new function)
 finished in 1.6449784835179646s
U= [[0.27355409 0.0136777 ]
 [0.0136777  0.37867807]]
UN0= [[0.26155068 0.01307753]
 [0.01329126 0.36797903]]
gap= [0.3 0.7] at T=0 (computed with new function)
gap= [0.26716922 0.69389159] at T= 0.11752250162964449  (computed with new function)
 finished in 1.6086193243662517s
U= [[0.27355409 0.0136777 ]
 [0.0136777  0.37867807]]
UN0= [[0.26155068 0.01307753]
 [0.01329126 0.36797903]]
gap= [0.3 0.7] at T=0 (computed with new function)
gap= [0.05834264 0.41288967] at T= 0.3264512402012402  (computed with new function)
 finished in 1.6069113731384277s
U= [[0.27355409 0.0136777 ]
 [0.0136777  0.37867807]]
UN0= [[0.26155068 0.01307753]
 [0.01329126 0.36797903]]
gap= [0.3 0.7] at T=0 (computed with new function)
gap= [0.28160967 0.69701952] at T= 0.10011177341534484  (computed with new function)
 finished in 1.6936559398969016s
U= [[0.27355409 0.0136777 ]
 [0.0136777  0.37867807]]
UN0= [[0.26155068 0.01307753]
 [0.01329126 0.36797903]]
gap= [0.3 0.7] at T=0 (computed with new function)
gap= [0.06973667 0.46690406] at T= 0.30904051198694055  (computed with new function)
 finished in 1.7029427528381347s
U= [[0.21921735 0.04384347]
 [0.04384347 0.36193115]]
UN0= [[0.20959821 0.04191964]
 [0.04260473 0.35170526]]
gap= [0.3 0.7] at T=0 (computed with new function)
gap= [0.29494923 0.69751897] at T= 0.0827010452010452  (computed with new function)
 finished in 1.6220430811246236s
U= [[0.21921735 0.04384347]
 [0.04384347 0.36193115]]
UN0= [[0.20959821 0.04191964]
 [0.04260473 0.35170526]]
gap= [0.3 0.7] at T=0 (computed with new function)
gap= [0.1426325  0.46886011] at T= 0.2916297837726409  (computed with new function)
 finished in 1.5522230426470438s
U= [[0.21921735 0.04384347]
 [0.04384347 0.36193115]]
UN0= [[0.20959821 0.04191964]
 [0.04260473 0.35170526]]
gap= [0.3 0.7] at T=0 (computed with new function)
gap= [0.29832445 0.69920269] at T= 0.06529031698674556  (computed with new function)
 finished in 1.6745784799257915s
U= [[0.21921735 0.04384347]
 [0.04384347 0.36193115]]
UN0= [[0.20959821 0.04191964]
 [0.04260473 0.35170526]]
gap= [0.3 0.7] at T=0 (computed with new function)
gap= [0.160318   0.51315831] at T= 0.27421905555834125  (computed with new function)
 finished in 1.685315159956614s
U= [[0.21921735 0.04384347]
 [0.04384347 0.36193115]]
UN0= [[0.20959821 0.04191964]
 [0.04260473 0.35170526]]
gap= [0.3 0.7] at T=0 (computed with new function)
gap= [0.29973227 0.69987401] at T= 0.047879588772445913  (computed with new function)
 finished in 1.7657903869946798s
U= [[0.21921735 0.04384347]
 [0.04384347 0.36193115]]
UN0= [[0.20959821 0.04191964]
 [0.04260473 0.35170526]]
gap= [0.3 0.7] at T=0 (computed with new function)
gap= [0.17672127 0.55002825] at T= 0.25680832734404163  (computed with new function)
 finished in 1.753689205646515s
U= [[0.21921735 0.04384347]
 [0.04384347 0.36193115]]
UN0= [[0.20959821 0.04191964]
 [0.04260473 0.35170526]]
gap= [0.3 0.7] at T=0 (computed with new function)
gap= [0.29999403 0.6999972 ] at T= 0.030468860558146273  (computed with new function)
 finished in 1.7192242383956908s
U= [[0.21921735 0.04384347]
 [0.04384347 0.36193115]]
UN0= [[0.20959821 0.04191964]
 [0.04260473 0.35170526]]
gap= [0.3 0.7] at T=0 (computed with new function)
gap= [0.1922317  0.58097349] at T= 0.23939759912974198  (computed with new function)
 finished in 1.61439999739329s
U= [[0.21921735 0.04384347]
 [0.04384347 0.36193115]]
UN0= [[0.20959821 0.04191964]
 [0.04260473 0.35170526]]
gap= [0.3 0.7] at T=0 (computed with new function)
gap= [0.3 0.7] at T= 0.01305813234384663  (computed with new function)
 finished in 1.6519216497739155s
U= [[0.21921735 0.04384347]
 [0.04384347 0.36193115]]
UN0= [[0.20959821 0.04191964]
 [0.04260473 0.35170526]]
gap= [0.3 0.7] at T=0 (computed with new function)
gap= [0.20708178 0.60699211] at T= 0.22198687091544234  (computed with new function)
 finished in 1.6912505269050597s
U= [[0.21921735 0.04384347]
 [0.04384347 0.36193115]]
UN0= [[0.20959821 0.04191964]
 [0.04260473 0.35170526]]
gap= [0.3 0.7] at T=0 (computed with new function)
gap= [3.05447920e-15 1.10210752e-14] at T= 0.43091560948703805  (computed with new function)
 finished in 1.6841204325358072s
U= [[0.21921735 0.04384347]
 [0.04384347 0.36193115]]
UN0= [[0.20959821 0.04191964]
 [0.04260473 0.35170526]]
gap= [0.3 0.7] at T=0 (computed with new function)
gap= [0.22138864 0.62879089] at T= 0.2045761427011427  (computed with new function)
 finished in 1.5806224902470907s
U= [[0.21921735 0.04384347]
 [0.04384347 0.36193115]]
UN0= [[0.20959821 0.04191964]
 [0.04260473 0.35170526]]
gap= [0.3 0.7] at T=0 (computed with new function)
gap= [4.11561055e-15 1.48498158e-14] at T= 0.41350488127273843  (computed with new function)
 finished in 1.710497264067332s
U= [[0.21921735 0.04384347]
 [0.04384347 0.36193115]]
UN0= [[0.20959821 0.04191964]
 [0.04260473 0.35170526]]
gap= [0.3 0.7] at T=0 (computed with new function)
gap= [0.23516441 0.64689563] at T= 0.18716541448684304  (computed with new function)
 finished in 1.7390188733736673s
U= [[0.21921735 0.04384347]
 [0.04384347 0.36193115]]
UN0= [[0.20959821 0.04191964]
 [0.04260473 0.35170526]]
gap= [0.3 0.7] at T=0 (computed with new function)
gap= [6.21384131e-15 2.24205857e-14] at T= 0.3960941530584388  (computed with new function)
 finished in 1.8891746560732523s
U= [[0.21921735 0.04384347]
 [0.04384347 0.36193115]]
UN0= [[0.20959821 0.04191964]
 [0.04260473 0.35170526]]
gap= [0.3 0.7] at T=0 (computed with new function)
gap= [0.2483139  0.66171519] at T= 0.16975468627254342  (computed with new function)
 finished in 1.7723925749460856s
U= [[0.21921735 0.04384347]
 [0.04384347 0.36193115]]
UN0= [[0.20959821 0.04191964]
 [0.04260473 0.35170526]]
gap= [0.3 0.7] at T=0 (computed with new function)
gap= [1.25443212e-14 4.52620230e-14] at T= 0.37868342484413914  (computed with new function)
 finished in 1.9417686303456625s
U= [[0.21921735 0.04384347]
 [0.04384347 0.36193115]]
UN0= [[0.20959821 0.04191964]
 [0.04260473 0.35170526]]
gap= [0.3 0.7] at T=0 (computed with new function)
gap= [0.26063277 0.67358487] at T= 0.15234395805824374  (computed with new function)
 finished in 1.765332074960073s
U= [[0.21921735 0.04384347]
 [0.04384347 0.36193115]]
UN0= [[0.20959821 0.04191964]
 [0.04260473 0.35170526]]
gap= [0.3 0.7] at T=0 (computed with new function)
gap= [0.00916265 0.0330487 ] at T= 0.3612726966298395  (computed with new function)
 finished in 5.917369707425435s
U= [[0.21921735 0.04384347]
 [0.04384347 0.36193115]]
UN0= [[0.20959821 0.04191964]
 [0.04260473 0.35170526]]
gap= [0.3 0.7] at T=0 (computed with new function)
gap= [0.2718184 0.6828016] at T= 0.13493322984394412  (computed with new function)
 finished in 1.6331674655278523s
U= [[0.21921735 0.04384347]
 [0.04384347 0.36193115]]
UN0= [[0.20959821 0.04191964]
 [0.04260473 0.35170526]]
gap= [0.3 0.7] at T=0 (computed with new function)
gap= [0.07087988 0.25027146] at T= 0.3438619684155399  (computed with new function)
 finished in 1.7175770004590352s
U= [[0.21921735 0.04384347]
 [0.04384347 0.36193115]]
UN0= [[0.20959821 0.04191964]
 [0.04260473 0.35170526]]
gap= [0.3 0.7] at T=0 (computed with new function)
gap= [0.28150281 0.689655  ] at T= 0.11752250162964449  (computed with new function)
 finished in 1.6443834980328877s
U= [[0.1733158  0.06932632]
 [0.06932632 0.347784  ]]
UN0= [[0.1657108  0.06628432]
 [0.0673676  0.33795783]]
gap= [0.3 0.7] at T=0 (computed with new function)
gap= [0.11067501 0.31454124] at T= 0.3264512402012402  (computed with new function)
 finished in 1.7597403685251871s
U= [[0.1733158  0.06932632]
 [0.06932632 0.347784  ]]
UN0= [[0.1657108  0.06628432]
 [0.0673676  0.33795783]]
gap= [0.3 0.7] at T=0 (computed with new function)
gap= [0.29253502 0.69333836] at T= 0.10011177341534484  (computed with new function)
 finished in 1.7089797457059224s
U= [[0.1733158  0.06932632]
 [0.06932632 0.347784  ]]
UN0= [[0.1657108  0.06628432]
 [0.0673676  0.33795783]]
gap= [0.3 0.7] at T=0 (computed with new function)
gap= [0.1395993  0.39187493] at T= 0.30904051198694055  (computed with new function)
 finished in 1.6091305375099183s
U= [[0.1733158  0.06932632]
 [0.06932632 0.347784  ]]
UN0= [[0.1657108  0.06628432]
 [0.0673676  0.33795783]]
gap= [0.3 0.7] at T=0 (computed with new function)
gap= [0.29645377 0.69695294] at T= 0.0827010452010452  (computed with new function)
 finished in 1.6553212920824687s
U= [[0.1733158  0.06932632]
 [0.06932632 0.347784  ]]
UN0= [[0.1657108  0.06628432]
 [0.0673676  0.33795783]]
gap= [0.3 0.7] at T=0 (computed with new function)
gap= [0.16282189 0.45120969] at T= 0.2916297837726409  (computed with new function)
 finished in 1.7449708580970764s
U= [[0.1733158  0.06932632]
 [0.06932632 0.347784  ]]
UN0= [[0.1657108  0.06628432]
 [0.0673676  0.33795783]]
gap= [0.3 0.7] at T=0 (computed with new function)
gap= [0.29881625 0.69900423] at T= 0.06529031698674556  (computed with new function)
 finished in 1.7109328587849935s
U= [[0.1733158  0.06932632]
 [0.06932632 0.347784  ]]
UN0= [[0.1657108  0.06628432]
 [0.0673676  0.33795783]]
gap= [0.3 0.7] at T=0 (computed with new function)
gap= [0.18253315 0.4990805 ] at T= 0.27421905555834125  (computed with new function)
 finished in 1.7445141712824503s
U= [[0.1733158  0.06932632]
 [0.06932632 0.347784  ]]
UN0= [[0.1657108  0.06628432]
 [0.0673676  0.33795783]]
gap= [0.3 0.7] at T=0 (computed with new function)
gap= [0.29981001 0.69984135] at T= 0.047879588772445913  (computed with new function)
 finished in 1.7467424551645914s
U= [[0.1733158  0.06932632]
 [0.06932632 0.347784  ]]
UN0= [[0.1657108  0.06628432]
 [0.0673676  0.33795783]]
gap= [0.3 0.7] at T=0 (computed with new function)
gap= [0.19977163 0.53862953] at T= 0.25680832734404163  (computed with new function)
 finished in 1.7856690963109334s
U= [[0.1733158  0.06932632]
 [0.06932632 0.347784  ]]
UN0= [[0.1657108  0.06628432]
 [0.0673676  0.33795783]]
gap= [0.3 0.7] at T=0 (computed with new function)
gap= [0.29999576 0.69999646] at T= 0.030468860558146273  (computed with new function)
 finished in 1.7654566129048666s
U= [[0.1733158  0.06932632]
 [0.06932632 0.347784  ]]
UN0= [[0.1657108  0.06628432]
 [0.0673676  0.33795783]]
gap= [0.3 0.7] at T=0 (computed with new function)
gap= [0.2151222  0.57166903] at T= 0.23939759912974198  (computed with new function)
 finished in 1.7366760889689128s
U= [[0.1733158  0.06932632]
 [0.06932632 0.347784  ]]
UN0= [[0.1657108  0.06628432]
 [0.0673676  0.33795783]]
gap= [0.3 0.7] at T=0 (computed with new function)
gap= [0.3 0.7] at T= 0.01305813234384663  (computed with new function)
 finished in 1.7450271328290303s
U= [[0.1733158  0.06932632]
 [0.06932632 0.347784  ]]
UN0= [[0.1657108  0.06628432]
 [0.0673676  0.33795783]]
gap= [0.3 0.7] at T=0 (computed with new function)
gap= [0.22894447 0.59936665] at T= 0.22198687091544234  (computed with new function)
 finished in 1.7615394711494445s
U= [[0.1733158  0.06932632]
 [0.06932632 0.347784  ]]
UN0= [[0.1657108  0.06628432]
 [0.0673676  0.33795783]]
gap= [0.3 0.7] at T=0 (computed with new function)
gap= [3.19587851e-15 9.25690703e-15] at T= 0.43091560948703805  (computed with new function)
 finished in 1.7764180819193522s
U= [[0.1733158  0.06932632]
 [0.06932632 0.347784  ]]
UN0= [[0.1657108  0.06628432]
 [0.0673676  0.33795783]]
gap= [0.3 0.7] at T=0 (computed with new function)
gap= [0.24146609 0.6225358 ] at T= 0.2045761427011427  (computed with new function)
 finished in 1.7660823424657186s
U= [[0.1733158  0.06932632]
 [0.06932632 0.347784  ]]
UN0= [[0.1657108  0.06628432]
 [0.0673676  0.33795783]]
gap= [0.3 0.7] at T=0 (computed with new function)
gap= [4.38305885e-15 1.26955916e-14] at T= 0.41350488127273843  (computed with new function)
 finished in 1.8622785806655884s
U= [[0.1733158  0.06932632]
 [0.06932632 0.347784  ]]
UN0= [[0.1657108  0.06628432]
 [0.0673676  0.33795783]]
gap= [0.3 0.7] at T=0 (computed with new function)
gap= [0.25282519 0.64177936] at T= 0.18716541448684304  (computed with new function)
 finished in 1.761892553170522s
U= [[0.1733158  0.06932632]
 [0.06932632 0.347784  ]]
UN0= [[0.1657108  0.06628432]
 [0.0673676  0.33795783]]
gap= [0.3 0.7] at T=0 (computed with new function)
gap= [5.99313590e-15 1.73592024e-14] at T= 0.3960941530584388  (computed with new function)
 finished in 1.8404836495717367s
U= [[0.1733158  0.06932632]
 [0.06932632 0.347784  ]]
UN0= [[0.1657108  0.06628432]
 [0.0673676  0.33795783]]
gap= [0.3 0.7] at T=0 (computed with new function)
gap= [0.26308996 0.65756931] at T= 0.16975468627254342  (computed with new function)
 finished in 1.7713444034258525s
U= [[0.1733158  0.06932632]
 [0.06932632 0.347784  ]]
UN0= [[0.1657108  0.06628432]
 [0.0673676  0.33795783]]
gap= [0.3 0.7] at T=0 (computed with new function)
gap= [1.04951584e-14 3.03993738e-14] at T= 0.37868342484413914  (computed with new function)
 finished in 1.9008500576019287s
U= [[0.1733158  0.06932632]
 [0.06932632 0.347784  ]]
UN0= [[0.1657108  0.06628432]
 [0.0673676  0.33795783]]
gap= [0.3 0.7] at T=0 (computed with new function)
gap= [0.27226728 0.6702951 ] at T= 0.15234395805824374  (computed with new function)
 finished in 1.7564989844957988s
U= [[0.1733158  0.06932632]
 [0.06932632 0.347784  ]]
UN0= [[0.1657108  0.06628432]
 [0.0673676  0.33795783]]
gap= [0.3 0.7] at T=0 (computed with new function)
gap= [3.90224949e-14 1.13029205e-13] at T= 0.3612726966298395  (computed with new function)
 finished in 2.1835868040720623s
U= [[0.1733158  0.06932632]
 [0.06932632 0.347784  ]]
UN0= [[0.1657108  0.06628432]
 [0.0673676  0.33795783]]
gap= [0.3 0.7] at T=0 (computed with new function)
gap= [0.28030706 0.68029539] at T= 0.13493322984394412  (computed with new function)
 finished in 1.7564830899238586s
U= [[0.28782242 0.00575645]
 [0.00575645 0.38307567]]
UN0= [[0.27519293 0.00550386]
 [0.00559381 0.37225237]]
gap= [0.3 0.7] at T=0 (computed with new function)
gap= [0.02500268 0.38124533] at T= 0.3438619684155399  (computed with new function)
 finished in 1.6383113582928976s
U= [[0.28782242 0.00575645]
 [0.00575645 0.38307567]]
UN0= [[0.27519293 0.00550386]
 [0.00559381 0.37225237]]
gap= [0.3 0.7] at T=0 (computed with new function)
gap= [0.25947458 0.69598449] at T= 0.11752250162964449  (computed with new function)
 finished in 1.6425212542215983s
U= [[0.28782242 0.00575645]
 [0.00575645 0.38307567]]
UN0= [[0.27519293 0.00550386]
 [0.00559381 0.37225237]]
gap= [0.3 0.7] at T=0 (computed with new function)
gap= [0.03092833 0.44240002] at T= 0.3264512402012402  (computed with new function)
 finished in 1.573561143875122s
U= [[0.28782242 0.00575645]
 [0.00575645 0.38307567]]
UN0= [[0.27519293 0.00550386]
 [0.00559381 0.37225237]]
gap= [0.3 0.7] at T=0 (computed with new function)
gap= [0.27786356 0.69822266] at T= 0.10011177341534484  (computed with new function)
 finished in 1.5407146175702413s
U= [[0.28782242 0.00575645]
 [0.00575645 0.38307567]]
UN0= [[0.27519293 0.00550386]
 [0.00559381 0.37225237]]
gap= [0.3 0.7] at T=0 (computed with new function)
gap= [0.03692096 0.49144989] at T= 0.30904051198694055  (computed with new function)
 finished in 1.4573842922846476s
U= [[0.28782242 0.00575645]
 [0.00575645 0.38307567]]
UN0= [[0.27519293 0.00550386]
 [0.00559381 0.37225237]]
gap= [0.3 0.7] at T=0 (computed with new function)
gap= [0.29000788 0.69934512] at T= 0.0827010452010452  (computed with new function)
 finished in 1.3801724394162496s
U= [[0.28782242 0.00575645]
 [0.00575645 0.38307567]]
UN0= [[0.27519293 0.00550386]
 [0.00559381 0.37225237]]
gap= [0.3 0.7] at T=0 (computed with new function)
gap= [0.04336374 0.53183021] at T= 0.2916297837726409  (computed with new function)
 finished in 1.4256611704826354s
U= [[0.28782242 0.00575645]
 [0.00575645 0.38307567]]
UN0= [[0.27519293 0.00550386]
 [0.00559381 0.37225237]]
gap= [0.3 0.7] at T=0 (computed with new function)
gap= [0.29679167 0.69981826] at T= 0.06529031698674556  (computed with new function)
 finished in 1.4379592577616374s
U= [[0.28782242 0.00575645]
 [0.00575645 0.38307567]]
UN0= [[0.27519293 0.00550386]
 [0.00559381 0.37225237]]
gap= [0.3 0.7] at T=0 (computed with new function)
gap= [0.05066797 0.56548792] at T= 0.27421905555834125  (computed with new function)
 finished in 1.2800873915354412s
U= [[0.28782242 0.00575645]
 [0.00575645 0.38307567]]
UN0= [[0.27519293 0.00550386]
 [0.00559381 0.37225237]]
gap= [0.3 0.7] at T=0 (computed with new function)
gap= [0.29949634 0.69997309] at T= 0.047879588772445913  (computed with new function)
 finished in 1.4836667458216348s
U= [[0.28782242 0.00575645]
 [0.00575645 0.38307567]]
UN0= [[0.27519293 0.00550386]
 [0.00559381 0.37225237]]
gap= [0.3 0.7] at T=0 (computed with new function)
gap= [0.05938487 0.5936718 ] at T= 0.25680832734404163  (computed with new function)
 finished in 1.5795697450637818s
U= [[0.28782242 0.00575645]
 [0.00575645 0.38307567]]
UN0= [[0.27519293 0.00550386]
 [0.00559381 0.37225237]]
gap= [0.3 0.7] at T=0 (computed with new function)
gap= [0.29998883 0.69999941] at T= 0.030468860558146273  (computed with new function)
 finished in 1.565081810951233s
U= [[0.28782242 0.00575645]
 [0.00575645 0.38307567]]
UN0= [[0.27519293 0.00550386]
 [0.00559381 0.37225237]]
gap= [0.3 0.7] at T=0 (computed with new function)
gap= [0.07034378 0.61726351] at T= 0.23939759912974198  (computed with new function)
 finished in 1.520866604646047s
U= [[0.28782242 0.00575645]
 [0.00575645 0.38307567]]
UN0= [[0.27519293 0.00550386]
 [0.00559381 0.37225237]]
gap= [0.3 0.7] at T=0 (computed with new function)
gap= [0.3 0.7] at T= 0.01305813234384663  (computed with new function)
 finished in 1.5655028025309246s
U= [[0.28782242 0.00575645]
 [0.00575645 0.38307567]]
UN0= [[0.27519293 0.00550386]
 [0.00559381 0.37225237]]
gap= [0.3 0.7] at T=0 (computed with new function)
gap= [0.08484894 0.63694527] at T= 0.22198687091544234  (computed with new function)
 finished in 1.4551145950953166s
U= [[0.28782242 0.00575645]
 [0.00575645 0.38307567]]
UN0= [[0.27519293 0.00550386]
 [0.00559381 0.37225237]]
gap= [0.3 0.7] at T=0 (computed with new function)
gap= [1.28913471e-15 2.24409376e-14] at T= 0.43091560948703805  (computed with new function)
 finished in 1.402500867843628s
U= [[0.28782242 0.00575645]
 [0.00575645 0.38307567]]
UN0= [[0.27519293 0.00550386]
 [0.00559381 0.37225237]]
gap= [0.3 0.7] at T=0 (computed with new function)
gap= [0.10483655 0.65329269] at T= 0.2045761427011427  (computed with new function)
 finished in 1.3625304301579793s
U= [[0.28782242 0.00575645]
 [0.00575645 0.38307567]]
UN0= [[0.27519293 0.00550386]
 [0.00559381 0.37225237]]
gap= [0.3 0.7] at T=0 (computed with new function)
gap= [2.13922619e-15 3.72391193e-14] at T= 0.41350488127273843  (computed with new function)
 finished in 1.7563403169314067s
U= [[0.28782242 0.00575645]
 [0.00575645 0.38307567]]
UN0= [[0.27519293 0.00550386]
 [0.00559381 0.37225237]]
gap= [0.3 0.7] at T=0 (computed with new function)
gap= [0.13229947 0.66679047] at T= 0.18716541448684304  (computed with new function)
 finished in 1.7832613190015156s
U= [[0.28782242 0.00575645]
 [0.00575645 0.38307567]]
UN0= [[0.27519293 0.00550386]
 [0.00559381 0.37225237]]
gap= [0.3 0.7] at T=0 (computed with new function)
gap= [6.30650358e-15 1.09782051e-13] at T= 0.3960941530584388  (computed with new function)
 finished in 2.032366160551707s
U= [[0.28782242 0.00575645]
 [0.00575645 0.38307567]]
UN0= [[0.27519293 0.00550386]
 [0.00559381 0.37225237]]
gap= [0.3 0.7] at T=0 (computed with new function)
gap= [0.16661459 0.67772396] at T= 0.16975468627254342  (computed with new function)
 finished in 1.7350303212801614s
U= [[0.28782242 0.00575645]
 [0.00575645 0.38307567]]
UN0= [[0.27519293 0.00550386]
 [0.00559381 0.37225237]]
gap= [0.3 0.7] at T=0 (computed with new function)
gap= [0.01029617 0.17509032] at T= 0.37868342484413914  (computed with new function)
 finished in 1.9643689076105753s
U= [[0.27355409 0.0136777 ]
 [0.0136777  0.37867807]]
UN0= [[0.26155068 0.01307753]
 [0.01329126 0.36797903]]
gap= [0.3 0.7] at T=0 (computed with new function)
gap= [0.22640684 0.68173939] at T= 0.15234395805824374  (computed with new function)
 finished in 1.6814284920692444s
U= [[0.27355409 0.0136777 ]
 [0.0136777  0.37867807]]
UN0= [[0.26155068 0.01307753]
 [0.01329126 0.36797903]]
gap= [0.3 0.7] at T=0 (computed with new function)
gap= [0.03191631 0.24866651] at T= 0.3612726966298395  (computed with new function)
 finished in 1.732594899336497s
U= [[0.27355409 0.0136777 ]
 [0.0136777  0.37867807]]
UN0= [[0.26155068 0.01307753]
 [0.01329126 0.36797903]]
gap= [0.3 0.7] at T=0 (computed with new function)
gap= [0.24847708 0.68892946] at T= 0.13493322984394412  (computed with new function)
 finished in 1.5408172845840453s
U= [[0.27355409 0.0136777 ]
 [0.0136777  0.37867807]]
UN0= [[0.26155068 0.01307753]
 [0.01329126 0.36797903]]
gap= [0.3 0.7] at T=0 (computed with new function)
gap= [0.04624623 0.34416501] at T= 0.3438619684155399  (computed with new function)
 finished in 1.4976558526357016s
U= [[0.27355409 0.0136777 ]
 [0.0136777  0.37867807]]
UN0= [[0.26155068 0.01307753]
 [0.01329126 0.36797903]]
gap= [0.3 0.7] at T=0 (computed with new function)
gap= [0.26716922 0.69389159] at T= 0.11752250162964449  (computed with new function)
 finished in 1.2618623574574788s
U= [[0.27355409 0.0136777 ]
 [0.0136777  0.37867807]]
UN0= [[0.26155068 0.01307753]
 [0.01329126 0.36797903]]
gap= [0.3 0.7] at T=0 (computed with new function)
gap= [0.05834264 0.41288967] at T= 0.3264512402012402  (computed with new function)
 finished in 1.1732043027877808s
U= [[0.27355409 0.0136777 ]
 [0.0136777  0.37867807]]
UN0= [[0.26155068 0.01307753]
 [0.01329126 0.36797903]]
gap= [0.3 0.7] at T=0 (computed with new function)
gap= [0.28160967 0.69701952] at T= 0.10011177341534484  (computed with new function)
 finished in 1.1283896764119465s
U= [[0.27355409 0.0136777 ]
 [0.0136777  0.37867807]]
UN0= [[0.26155068 0.01307753]
 [0.01329126 0.36797903]]
gap= [0.3 0.7] at T=0 (computed with new function)
gap= [0.06973667 0.46690406] at T= 0.30904051198694055  (computed with new function)
 finished in 1.4054438869158428s
U= [[0.27355409 0.0136777 ]
 [0.0136777  0.37867807]]
UN0= [[0.26155068 0.01307753]
 [0.01329126 0.36797903]]
gap= [0.3 0.7] at T=0 (computed with new function)
gap= [0.29154941 0.69878085] at T= 0.0827010452010452  (computed with new function)
 finished in 1.52660045226415s
U= [[0.27355409 0.0136777 ]
 [0.0136777  0.37867807]]
UN0= [[0.26155068 0.01307753]
 [0.01329126 0.36797903]]
gap= [0.3 0.7] at T=0 (computed with new function)
gap= [0.0811579  0.51098824] at T= 0.2916297837726409  (computed with new function)
 finished in 1.562206780910492s
U= [[0.27355409 0.0136777 ]
 [0.0136777  0.37867807]]
UN0= [[0.26155068 0.01307753]
 [0.01329126 0.36797903]]
gap= [0.3 0.7] at T=0 (computed with new function)
gap= [0.29725551 0.69963245] at T= 0.06529031698674556  (computed with new function)
 finished in 1.593362534046173s
U= [[0.27355409 0.0136777 ]
 [0.0136777  0.37867807]]
UN0= [[0.26155068 0.01307753]
 [0.01329126 0.36797903]]
gap= [0.3 0.7] at T=0 (computed with new function)
gap= [0.09313903 0.54765065] at T= 0.27421905555834125  (computed with new function)
 finished in 1.6570000449816387s
U= [[0.27355409 0.0136777 ]
 [0.0136777  0.37867807]]
UN0= [[0.26155068 0.01307753]
 [0.01329126 0.36797903]]
gap= [0.3 0.7] at T=0 (computed with new function)
gap= [0.29956669 0.69994356] at T= 0.047879588772445913  (computed with new function)
 finished in 1.6367829362551372s
U= [[0.27355409 0.0136777 ]
 [0.0136777  0.37867807]]
UN0= [[0.26155068 0.01307753]
 [0.01329126 0.36797903]]
gap= [0.3 0.7] at T=0 (computed with new function)
gap= [0.10618098 0.5784249 ] at T= 0.25680832734404163  (computed with new function)
 finished in 1.5994099497795105s
U= [[0.27355409 0.0136777 ]
 [0.0136777  0.37867807]]
UN0= [[0.26155068 0.01307753]
 [0.01329126 0.36797903]]
gap= [0.3 0.7] at T=0 (computed with new function)
gap= [0.29999038 0.69999875] at T= 0.030468860558146273  (computed with new function)
 finished in 1.5910022338231404s
U= [[0.27355409 0.0136777 ]
 [0.0136777  0.37867807]]
UN0= [[0.26155068 0.01307753]
 [0.01329126 0.36797903]]
gap= [0.3 0.7] at T=0 (computed with new function)
gap= [0.12081193 0.60434962] at T= 0.23939759912974198  (computed with new function)
 finished in 1.6136626164118448s
U= [[0.27355409 0.0136777 ]
 [0.0136777  0.37867807]]
UN0= [[0.26155068 0.01307753]
 [0.01329126 0.36797903]]
gap= [0.3 0.7] at T=0 (computed with new function)
gap= [0.3 0.7] at T= 0.01305813234384663  (computed with new function)
 finished in 1.4979069670041403s
U= [[0.27355409 0.0136777 ]
 [0.0136777  0.37867807]]
UN0= [[0.26155068 0.01307753]
 [0.01329126 0.36797903]]
gap= [0.3 0.7] at T=0 (computed with new function)
gap= [0.13757521 0.62618091] at T= 0.22198687091544234  (computed with new function)
 finished in 1.4868350108464559s
U= [[0.27355409 0.0136777 ]
 [0.0136777  0.37867807]]
UN0= [[0.26155068 0.01307753]
 [0.01329126 0.36797903]]
gap= [0.3 0.7] at T=0 (computed with new function)
gap= [2.12870556e-15 1.73030568e-14] at T= 0.43091560948703805  (computed with new function)
 finished in 1.6040579636891683s
U= [[0.27355409 0.0136777 ]
 [0.0136777  0.37867807]]
UN0= [[0.26155068 0.01307753]
 [0.01329126 0.36797903]]
gap= [0.3 0.7] at T=0 (computed with new function)
gap= [0.15690254 0.64448861] at T= 0.2045761427011427  (computed with new function)
 finished in 1.6221566637357077s
U= [[0.27355409 0.0136777 ]
 [0.0136777  0.37867807]]
UN0= [[0.26155068 0.01307753]
 [0.01329126 0.36797903]]
gap= [0.3 0.7] at T=0 (computed with new function)
gap= [3.20335019e-15 2.60382420e-14] at T= 0.41350488127273843  (computed with new function)
 finished in 1.7338921229044597s
U= [[0.27355409 0.0136777 ]
 [0.0136777  0.37867807]]
UN0= [[0.26155068 0.01307753]
 [0.01329126 0.36797903]]
gap= [0.3 0.7] at T=0 (computed with new function)
gap= [0.17881344 0.65968829] at T= 0.18716541448684304  (computed with new function)
 finished in 1.7647404472033184s
U= [[0.21921735 0.04384347]
 [0.04384347 0.36193115]]
UN0= [[0.20959821 0.04191964]
 [0.04260473 0.35170526]]
gap= [0.3 0.7] at T=0 (computed with new function)
gap= [6.21384131e-15 2.24205857e-14] at T= 0.3960941530584388  (computed with new function)
 finished in 1.8840421517690022s
U= [[0.21921735 0.04384347]
 [0.04384347 0.36193115]]
UN0= [[0.20959821 0.04191964]
 [0.04260473 0.35170526]]
gap= [0.3 0.7] at T=0 (computed with new function)
gap= [0.2483139  0.66171519] at T= 0.16975468627254342  (computed with new function)
 finished in 1.7782225131988525s
U= [[0.21921735 0.04384347]
 [0.04384347 0.36193115]]
UN0= [[0.20959821 0.04191964]
 [0.04260473 0.35170526]]
gap= [0.3 0.7] at T=0 (computed with new function)
gap= [1.25443212e-14 4.52620230e-14] at T= 0.37868342484413914  (computed with new function)
 finished in 1.9843172987302145s
U= [[0.21921735 0.04384347]
 [0.04384347 0.36193115]]
UN0= [[0.20959821 0.04191964]
 [0.04260473 0.35170526]]
gap= [0.3 0.7] at T=0 (computed with new function)
gap= [0.26063277 0.67358487] at T= 0.15234395805824374  (computed with new function)
 finished in 1.7782869736353557s
U= [[0.21921735 0.04384347]
 [0.04384347 0.36193115]]
UN0= [[0.20959821 0.04191964]
 [0.04260473 0.35170526]]
gap= [0.3 0.7] at T=0 (computed with new function)
gap= [0.00916265 0.0330487 ] at T= 0.3612726966298395  (computed with new function)
 finished in 6.092634769280751s
U= [[0.21921735 0.04384347]
 [0.04384347 0.36193115]]
UN0= [[0.20959821 0.04191964]
 [0.04260473 0.35170526]]
gap= [0.3 0.7] at T=0 (computed with new function)
gap= [0.2718184 0.6828016] at T= 0.13493322984394412  (computed with new function)
 finished in 1.7630378166834513s
U= [[0.21921735 0.04384347]
 [0.04384347 0.36193115]]
UN0= [[0.20959821 0.04191964]
 [0.04260473 0.35170526]]
gap= [0.3 0.7] at T=0 (computed with new function)
gap= [0.07087988 0.25027146] at T= 0.3438619684155399  (computed with new function)
 finished in 1.8736344814300536s
U= [[0.21921735 0.04384347]
 [0.04384347 0.36193115]]
UN0= [[0.20959821 0.04191964]
 [0.04260473 0.35170526]]
gap= [0.3 0.7] at T=0 (computed with new function)
gap= [0.28150281 0.689655  ] at T= 0.11752250162964449  (computed with new function)
 finished in 1.7735506772994996s
U= [[0.21921735 0.04384347]
 [0.04384347 0.36193115]]
UN0= [[0.20959821 0.04191964]
 [0.04260473 0.35170526]]
gap= [0.3 0.7] at T=0 (computed with new function)
gap= [0.10015762 0.34577562] at T= 0.3264512402012402  (computed with new function)
 finished in 1.793121882279714s
U= [[0.21921735 0.04384347]
 [0.04384347 0.36193115]]
UN0= [[0.20959821 0.04191964]
 [0.04260473 0.35170526]]
gap= [0.3 0.7] at T=0 (computed with new function)
gap= [0.28931146 0.69445102] at T= 0.10011177341534484  (computed with new function)
 finished in 1.6983153382937113s
U= [[0.21921735 0.04384347]
 [0.04384347 0.36193115]]
UN0= [[0.20959821 0.04191964]
 [0.04260473 0.35170526]]
gap= [0.3 0.7] at T=0 (computed with new function)
gap= [0.12300289 0.41464917] at T= 0.30904051198694055  (computed with new function)
 finished in 1.5120442112286885s
U= [[0.21921735 0.04384347]
 [0.04384347 0.36193115]]
UN0= [[0.20959821 0.04191964]
 [0.04260473 0.35170526]]
gap= [0.3 0.7] at T=0 (computed with new function)
gap= [0.29494923 0.69751897] at T= 0.0827010452010452  (computed with new function)
 finished in 1.5274422685305278s
U= [[0.21921735 0.04384347]
 [0.04384347 0.36193115]]
UN0= [[0.20959821 0.04191964]
 [0.04260473 0.35170526]]
gap= [0.3 0.7] at T=0 (computed with new function)
gap= [0.1426325  0.46886011] at T= 0.2916297837726409  (computed with new function)
 finished in 1.5324545900026958s
U= [[0.21921735 0.04384347]
 [0.04384347 0.36193115]]
UN0= [[0.20959821 0.04191964]
 [0.04260473 0.35170526]]
gap= [0.3 0.7] at T=0 (computed with new function)
gap= [0.29832445 0.69920269] at T= 0.06529031698674556  (computed with new function)
 finished in 1.5677590727806092s
U= [[0.21921735 0.04384347]
 [0.04384347 0.36193115]]
UN0= [[0.20959821 0.04191964]
 [0.04260473 0.35170526]]
gap= [0.3 0.7] at T=0 (computed with new function)
gap= [0.160318   0.51315831] at T= 0.27421905555834125  (computed with new function)
 finished in 1.598894723256429s
U= [[0.21921735 0.04384347]
 [0.04384347 0.36193115]]
UN0= [[0.20959821 0.04191964]
 [0.04260473 0.35170526]]
gap= [0.3 0.7] at T=0 (computed with new function)
gap= [0.29973227 0.69987401] at T= 0.047879588772445913  (computed with new function)
 finished in 1.6949599901835124s
U= [[0.21921735 0.04384347]
 [0.04384347 0.36193115]]
UN0= [[0.20959821 0.04191964]
 [0.04260473 0.35170526]]
gap= [0.3 0.7] at T=0 (computed with new function)
gap= [0.17672127 0.55002825] at T= 0.25680832734404163  (computed with new function)
 finished in 1.728760313987732s
U= [[0.21921735 0.04384347]
 [0.04384347 0.36193115]]
UN0= [[0.20959821 0.04191964]
 [0.04260473 0.35170526]]
gap= [0.3 0.7] at T=0 (computed with new function)
gap= [0.29999403 0.6999972 ] at T= 0.030468860558146273  (computed with new function)
 finished in 1.6647491693496703s
U= [[0.21921735 0.04384347]
 [0.04384347 0.36193115]]
UN0= [[0.20959821 0.04191964]
 [0.04260473 0.35170526]]
gap= [0.3 0.7] at T=0 (computed with new function)
gap= [0.1922317  0.58097349] at T= 0.23939759912974198  (computed with new function)
 finished in 1.6856331507364908s
U= [[0.21921735 0.04384347]
 [0.04384347 0.36193115]]
UN0= [[0.20959821 0.04191964]
 [0.04260473 0.35170526]]
gap= [0.3 0.7] at T=0 (computed with new function)
gap= [0.3 0.7] at T= 0.01305813234384663  (computed with new function)
 finished in 1.7057485779126484s
U= [[0.21921735 0.04384347]
 [0.04384347 0.36193115]]
UN0= [[0.20959821 0.04191964]
 [0.04260473 0.35170526]]
gap= [0.3 0.7] at T=0 (computed with new function)
gap= [0.20708178 0.60699211] at T= 0.22198687091544234  (computed with new function)
 finished in 1.6647278587023417s
U= [[0.21921735 0.04384347]
 [0.04384347 0.36193115]]
UN0= [[0.20959821 0.04191964]
 [0.04260473 0.35170526]]
gap= [0.3 0.7] at T=0 (computed with new function)
gap= [3.05447920e-15 1.10210752e-14] at T= 0.43091560948703805  (computed with new function)
 finished in 1.6639997680981955s
U= [[0.21921735 0.04384347]
 [0.04384347 0.36193115]]
UN0= [[0.20959821 0.04191964]
 [0.04260473 0.35170526]]
gap= [0.3 0.7] at T=0 (computed with new function)
gap= [0.22138864 0.62879089] at T= 0.2045761427011427  (computed with new function)
 finished in 1.7275859872500101s
U= [[0.1733158  0.06932632]
 [0.06932632 0.347784  ]]
UN0= [[0.1657108  0.06628432]
 [0.0673676  0.33795783]]
gap= [0.3 0.7] at T=0 (computed with new function)
gap= [4.38305885e-15 1.26955916e-14] at T= 0.41350488127273843  (computed with new function)
 finished in 1.7526973764101663s
U= [[0.1733158  0.06932632]
 [0.06932632 0.347784  ]]
UN0= [[0.1657108  0.06628432]
 [0.0673676  0.33795783]]
gap= [0.3 0.7] at T=0 (computed with new function)
gap= [0.25282519 0.64177936] at T= 0.18716541448684304  (computed with new function)
 finished in 1.6561483502388001s
U= [[0.1733158  0.06932632]
 [0.06932632 0.347784  ]]
UN0= [[0.1657108  0.06628432]
 [0.0673676  0.33795783]]
gap= [0.3 0.7] at T=0 (computed with new function)
gap= [5.99313590e-15 1.73592024e-14] at T= 0.3960941530584388  (computed with new function)
 finished in 1.75019215742747s
U= [[0.1733158  0.06932632]
 [0.06932632 0.347784  ]]
UN0= [[0.1657108  0.06628432]
 [0.0673676  0.33795783]]
gap= [0.3 0.7] at T=0 (computed with new function)
gap= [0.26308996 0.65756931] at T= 0.16975468627254342  (computed with new function)
 finished in 1.7606438954671224s
U= [[0.1733158  0.06932632]
 [0.06932632 0.347784  ]]
UN0= [[0.1657108  0.06628432]
 [0.0673676  0.33795783]]
gap= [0.3 0.7] at T=0 (computed with new function)
gap= [1.04951584e-14 3.03993738e-14] at T= 0.37868342484413914  (computed with new function)
 finished in 1.8998594959576924s
U= [[0.1733158  0.06932632]
 [0.06932632 0.347784  ]]
UN0= [[0.1657108  0.06628432]
 [0.0673676  0.33795783]]
gap= [0.3 0.7] at T=0 (computed with new function)
gap= [0.27226728 0.6702951 ] at T= 0.15234395805824374  (computed with new function)
 finished in 1.7639100909233094s
U= [[0.1733158  0.06932632]
 [0.06932632 0.347784  ]]
UN0= [[0.1657108  0.06628432]
 [0.0673676  0.33795783]]
gap= [0.3 0.7] at T=0 (computed with new function)
gap= [3.90224949e-14 1.13029205e-13] at T= 0.3612726966298395  (computed with new function)
 finished in 2.198027551174164s
U= [[0.1733158  0.06932632]
 [0.06932632 0.347784  ]]
UN0= [[0.1657108  0.06628432]
 [0.0673676  0.33795783]]
gap= [0.3 0.7] at T=0 (computed with new function)
gap= [0.28030706 0.68029539] at T= 0.13493322984394412  (computed with new function)
 finished in 1.6565703392028808s
U= [[0.1733158  0.06932632]
 [0.06932632 0.347784  ]]
UN0= [[0.1657108  0.06628432]
 [0.0673676  0.33795783]]
gap= [0.3 0.7] at T=0 (computed with new function)
gap= [0.06922844 0.19908956] at T= 0.3438619684155399  (computed with new function)
 finished in 1.8549243052800497s
U= [[0.1733158  0.06932632]
 [0.06932632 0.347784  ]]
UN0= [[0.1657108  0.06628432]
 [0.0673676  0.33795783]]
gap= [0.3 0.7] at T=0 (computed with new function)
gap= [0.28710834 0.6878792 ] at T= 0.11752250162964449  (computed with new function)
 finished in 1.7043057560920716s
U= [[0.1733158  0.06932632]
 [0.06932632 0.347784  ]]
UN0= [[0.1657108  0.06628432]
 [0.0673676  0.33795783]]
gap= [0.3 0.7] at T=0 (computed with new function)
gap= [0.11067501 0.31454124] at T= 0.3264512402012402  (computed with new function)
 finished in 1.7523173451423646s
U= [[0.1733158  0.06932632]
 [0.06932632 0.347784  ]]
UN0= [[0.1657108  0.06628432]
 [0.0673676  0.33795783]]
gap= [0.3 0.7] at T=0 (computed with new function)
gap= [0.29253502 0.69333836] at T= 0.10011177341534484  (computed with new function)
 finished in 1.7133177916208904s
U= [[0.1733158  0.06932632]
 [0.06932632 0.347784  ]]
UN0= [[0.1657108  0.06628432]
 [0.0673676  0.33795783]]
gap= [0.3 0.7] at T=0 (computed with new function)
gap= [0.1395993  0.39187493] at T= 0.30904051198694055  (computed with new function)
 finished in 1.6886133392651876s
U= [[0.1733158  0.06932632]
 [0.06932632 0.347784  ]]
UN0= [[0.1657108  0.06628432]
 [0.0673676  0.33795783]]
gap= [0.3 0.7] at T=0 (computed with new function)
gap= [0.29645377 0.69695294] at T= 0.0827010452010452  (computed with new function)
 finished in 1.6131839553515117s
U= [[0.1733158  0.06932632]
 [0.06932632 0.347784  ]]
UN0= [[0.1657108  0.06628432]
 [0.0673676  0.33795783]]
gap= [0.3 0.7] at T=0 (computed with new function)
gap= [0.16282189 0.45120969] at T= 0.2916297837726409  (computed with new function)
 finished in 1.6072489420572917s
U= [[0.1733158  0.06932632]
 [0.06932632 0.347784  ]]
UN0= [[0.1657108  0.06628432]
 [0.0673676  0.33795783]]
gap= [0.3 0.7] at T=0 (computed with new function)
gap= [0.29881625 0.69900423] at T= 0.06529031698674556  (computed with new function)
 finished in 1.6652464628219605s
U= [[0.1733158  0.06932632]
 [0.06932632 0.347784  ]]
UN0= [[0.1657108  0.06628432]
 [0.0673676  0.33795783]]
gap= [0.3 0.7] at T=0 (computed with new function)
gap= [0.18253315 0.4990805 ] at T= 0.27421905555834125  (computed with new function)
 finished in 1.618026606241862s
U= [[0.1733158  0.06932632]
 [0.06932632 0.347784  ]]
UN0= [[0.1657108  0.06628432]
 [0.0673676  0.33795783]]
gap= [0.3 0.7] at T=0 (computed with new function)
gap= [0.29981001 0.69984135] at T= 0.047879588772445913  (computed with new function)
 finished in 1.5022432684898377s
U= [[0.1733158  0.06932632]
 [0.06932632 0.347784  ]]
UN0= [[0.1657108  0.06628432]
 [0.0673676  0.33795783]]
gap= [0.3 0.7] at T=0 (computed with new function)
gap= [0.19977163 0.53862953] at T= 0.25680832734404163  (computed with new function)
 finished in 1.410344084103902s
U= [[0.1733158  0.06932632]
 [0.06932632 0.347784  ]]
UN0= [[0.1657108  0.06628432]
 [0.0673676  0.33795783]]
gap= [0.3 0.7] at T=0 (computed with new function)
gap= [0.29999576 0.69999646] at T= 0.030468860558146273  (computed with new function)
 finished in 1.3530825853347779s
U= [[0.1733158  0.06932632]
 [0.06932632 0.347784  ]]
UN0= [[0.1657108  0.06628432]
 [0.0673676  0.33795783]]
gap= [0.3 0.7] at T=0 (computed with new function)
gap= [0.2151222  0.57166903] at T= 0.23939759912974198  (computed with new function)
 finished in 0.8592077056566875s
U= [[0.1733158  0.06932632]
 [0.06932632 0.347784  ]]
UN0= [[0.1657108  0.06628432]
 [0.0673676  0.33795783]]
gap= [0.3 0.7] at T=0 (computed with new function)
gap= [0.3 0.7] at T= 0.01305813234384663  (computed with new function)
 finished in 0.7335548162460327s
