parameters generated
5625
parameters loaded
U= [[0.29291515 0.00292915]
 [0.00292915 0.38464527]]
UN0= [[0.28006219 0.00280062]
 [0.00284639 0.37377763]]
gap= [0.29971466 0.70012318] at T=0
gap= [0.29967489 0.7001221 ] at T= 0.03447324875896304
 finished in 3860.920701265335s
U= [[0.29291515 0.00292915]
 [0.00292915 0.38464527]]
UN0= [[0.28006219 0.00280062]
 [0.00284639 0.37377763]]
gap= [0.29971466 0.70012318] at T=0
gap= [0.29967489 0.7001221 ] at T= 0.03447324875896304
 finished in 3908.9916529655457s
U= [[0.28782242 0.00575645]
 [0.00575645 0.38307566]]
UN0= [[0.27519292 0.00550386]
 [0.00559381 0.37225237]]
gap= [0.29946442 0.7002311 ] at T=0
gap= [0.29942655 0.70022906] at T= 0.03447324875896304
 finished in 3838.7353229522705s
U= [[0.28782242 0.00575645]
 [0.00575645 0.38307566]]
UN0= [[0.27519292 0.00550386]
 [0.00559381 0.37225237]]
gap= [0.29946442 0.7002311 ] at T=0
gap= [0.29942655 0.70022906] at T= 0.03447324875896304
 finished in 3804.6779527664185s
U= [[0.28290375 0.00848711]
 [0.00848711 0.3815597 ]]
UN0= [[0.27049009 0.0081147 ]
 [0.00824732 0.37077923]]
gap= [0.29924319 0.70032642] at T=0
gap= [0.29920704 0.70032352] at T= 0.03447324875896304
 finished in 3840.528155565262s
U= [[0.27815037 0.01112601]
 [0.01112601 0.38009468]]
UN0= [[0.26594528 0.01063781]
 [0.01081166 0.3693556 ]]
gap= [0.29904623 0.70041122] at T=0
gap= [0.29901162 0.70040755] at T= 0.03447324875896304
 finished in 3738.0354800224304s
U= [[0.27815037 0.01112601]
 [0.01112601 0.38009468]]
UN0= [[0.26594528 0.01063781]
 [0.01081166 0.3693556 ]]
gap= [0.29904623 0.70041122] at T=0
gap= [0.29901162 0.70040755] at T= 0.03447324875896304
 finished in 3820.6188411712646s
U= [[0.27355409 0.0136777 ]
 [0.0136777  0.37867807]]
UN0= [[0.26155068 0.01307753]
 [0.01329126 0.36797902]]
gap= [0.29886976 0.70048714] at T=0
gap= [0.29883656 0.70048276] at T= 0.03447324875896304
 finished in 3903.432847738266s
U= [[0.27355409 0.0136777 ]
 [0.0136777  0.37867807]]
UN0= [[0.26155068 0.01307753]
 [0.01329126 0.36797902]]
gap= [0.29886976 0.70048714] at T=0
gap= [0.29883656 0.70048276] at T= 0.03447324875896304
 finished in 3817.755072593689s
U= [[0.2526773  0.02526773]
 [0.02526773 0.37224371]]
UN0= [[0.24158995 0.024159  ]
 [0.02455382 0.36172646]]
gap= [0.29820618 0.70077214] at T=0
gap= [0.29817841 0.70076507] at T= 0.03447324875896304
 finished in 3856.433423280716s
U= [[0.23476107 0.03521416]
 [0.03521416 0.36672182]]
UN0= [[0.22445988 0.03366898]
 [0.03421923 0.35636058]]
gap= [0.29777005 0.70095905] at T=0
gap= [0.29774597 0.70095015] at T= 0.03447324875896304
 finished in 3720.598488330841s
U= [[0.23476107 0.03521416]
 [0.03521416 0.36672182]]
UN0= [[0.22445988 0.03366898]
 [0.03421923 0.35636058]]
gap= [0.29777005 0.70095905] at T=0
gap= [0.29774597 0.70095015] at T= 0.03447324875896304
 finished in 3866.6532101631165s
U= [[0.19358279 0.05807484]
 [0.05807484 0.35403041]]
UN0= [[0.18508848 0.05552654]
 [0.05643401 0.34402775]]
gap= [0.29705454 0.70126498] at T=0
gap= [0.29703675 0.70125301] at T= 0.03447324875896304
 finished in 3883.624388694763s
U= [[0.19358279 0.05807484]
 [0.05807484 0.35403041]]
UN0= [[0.18508848 0.05552654]
 [0.05643401 0.34402775]]
gap= [0.29705454 0.70126498] at T=0
gap= [0.29703675 0.70125301] at T= 0.03447324875896304
 finished in 3857.1231348514557s
U= [[0.15689031 0.07844515]
 [0.07844515 0.34272156]]
UN0= [[0.15000605 0.07500302]
 [0.07622879 0.33303842]]
gap= [0.29662141 0.70144976] at T=0
gap= [0.29660756 0.70143587] at T= 0.03447324875896304
 finished in 3807.25017952919s
U= [[0.15689031 0.07844515]
 [0.07844515 0.34272156]]
UN0= [[0.15000605 0.07500302]
 [0.07622879 0.33303842]]
gap= [0.29662141 0.70144976] at T=0
gap= [0.29660756 0.70143587] at T= 0.03447324875896304
 finished in 1949.9313974380493s
