parameters generated
5625
parameters loaded
U= [[0.29291515 0.00292915]
 [0.00292915 0.38464527]]
UN0= [[0.28006219 0.00280062]
 [0.00284639 0.37377763]]
gap= [0.29971466 0.70012318] at T=0
gap= [0.29967489 0.7001221 ] at T= 0.03447324875896304
 finished in 3754.7256157398224s
U= [[0.29291515 0.00292915]
 [0.00292915 0.38464527]]
UN0= [[0.28006219 0.00280062]
 [0.00284639 0.37377763]]
gap= [0.29971466 0.70012318] at T=0
gap= [0.29967489 0.7001221 ] at T= 0.03447324875896304
 finished in 3828.8105194568634s
U= [[0.28782242 0.00575645]
 [0.00575645 0.38307566]]
UN0= [[0.27519292 0.00550386]
 [0.00559381 0.37225237]]
gap= [0.29946442 0.7002311 ] at T=0
gap= [0.29942655 0.70022906] at T= 0.03447324875896304
 finished in 3803.4865305423737s
U= [[0.28782242 0.00575645]
 [0.00575645 0.38307566]]
UN0= [[0.27519292 0.00550386]
 [0.00559381 0.37225237]]
gap= [0.29946442 0.7002311 ] at T=0
gap= [0.29942655 0.70022906] at T= 0.03447324875896304
 finished in 3841.9686584472656s
U= [[0.28290375 0.00848711]
 [0.00848711 0.3815597 ]]
UN0= [[0.27049009 0.0081147 ]
 [0.00824732 0.37077923]]
gap= [0.29924319 0.70032642] at T=0
gap= [0.29920704 0.70032352] at T= 0.03447324875896304
 finished in 3836.917889356613s
U= [[0.28290375 0.00848711]
 [0.00848711 0.3815597 ]]
UN0= [[0.27049009 0.0081147 ]
 [0.00824732 0.37077923]]
gap= [0.29924319 0.70032642] at T=0
gap= [0.29920704 0.70032352] at T= 0.03447324875896304
 finished in 3865.883970975876s
U= [[0.27815037 0.01112601]
 [0.01112601 0.38009468]]
UN0= [[0.26594528 0.01063781]
 [0.01081166 0.3693556 ]]
gap= [0.29904623 0.70041122] at T=0
gap= [0.29901162 0.70040755] at T= 0.03447324875896304
 finished in 3874.0267474651337s
U= [[0.27355409 0.0136777 ]
 [0.0136777  0.37867807]]
UN0= [[0.26155068 0.01307753]
 [0.01329126 0.36797902]]
gap= [0.29886976 0.70048714] at T=0
gap= [0.29883656 0.70048276] at T= 0.03447324875896304
 finished in 3743.634747982025s
U= [[0.27355409 0.0136777 ]
 [0.0136777  0.37867807]]
UN0= [[0.26155068 0.01307753]
 [0.01329126 0.36797902]]
gap= [0.29886976 0.70048714] at T=0
gap= [0.29883656 0.70048276] at T= 0.03447324875896304
 finished in 3874.6851346492767s
U= [[0.2526773  0.02526773]
 [0.02526773 0.37224371]]
UN0= [[0.24158995 0.024159  ]
 [0.02455382 0.36172646]]
gap= [0.29820618 0.70077214] at T=0
gap= [0.29817841 0.70076507] at T= 0.03447324875896304
 finished in 3923.1244144439697s
U= [[0.2526773  0.02526773]
 [0.02526773 0.37224371]]
UN0= [[0.24158995 0.024159  ]
 [0.02455382 0.36172646]]
gap= [0.29820618 0.70077214] at T=0
gap= [0.29817841 0.70076507] at T= 0.03447324875896304
 finished in 3898.460169315338s
U= [[0.23476107 0.03521416]
 [0.03521416 0.36672182]]
UN0= [[0.22445988 0.03366898]
 [0.03421923 0.35636058]]
gap= [0.29777005 0.70095905] at T=0
gap= [0.29774597 0.70095015] at T= 0.03447324875896304
 finished in 3915.708475112915s
U= [[0.19358279 0.05807484]
 [0.05807484 0.35403041]]
UN0= [[0.18508848 0.05552654]
 [0.05643401 0.34402775]]
gap= [0.29705454 0.70126498] at T=0
gap= [0.29703675 0.70125301] at T= 0.03447324875896304
 finished in 3807.231095790863s
U= [[0.19358279 0.05807484]
 [0.05807484 0.35403041]]
UN0= [[0.18508848 0.05552654]
 [0.05643401 0.34402775]]
gap= [0.29705454 0.70126498] at T=0
gap= [0.29703675 0.70125301] at T= 0.03447324875896304
 finished in 3928.042320251465s
U= [[0.15689031 0.07844515]
 [0.07844515 0.34272156]]
UN0= [[0.15000605 0.07500302]
 [0.07622879 0.33303842]]
gap= [0.29662141 0.70144976] at T=0
gap= [0.29660756 0.70143587] at T= 0.03447324875896304
 finished in 3762.9687032699585s
U= [[0.15689031 0.07844515]
 [0.07844515 0.34272156]]
UN0= [[0.15000605 0.07500302]
 [0.07622879 0.33303842]]
gap= [0.29662141 0.70144976] at T=0
gap= [0.29660756 0.70143587] at T= 0.03447324875896304
 finished in 1892.4522068500519s
