parameters generated
1296
parameters loaded
U= [[0.28782242 0.00575645]
 [0.00575645 0.38307566]]
UN0= [[0.27519293 0.00550386]
 [0.00559381 0.37225237]]
gap= [0.29946442 0.70023111] at T=0
gap= [0.29942655 0.70022907] at T= 0.03447324875896304
 finished in 8944.974751234055s
U= [[0.28782242 0.00575645]
 [0.00575645 0.38307566]]
UN0= [[0.27519293 0.00550386]
 [0.00559381 0.37225237]]
gap= [0.29946442 0.70023111] at T=0
gap= [0.29942655 0.70022907] at T= 0.03447324875896304
 finished in 8888.212129831314s
U= [[0.27355409 0.0136777 ]
 [0.0136777  0.37867807]]
UN0= [[0.26155068 0.01307753]
 [0.01329126 0.36797903]]
gap= [0.29886976 0.70048714] at T=0
gap= [0.29883656 0.70048277] at T= 0.03447324875896304
 finished in 8853.84572839737s
U= [[0.27355409 0.0136777 ]
 [0.0136777  0.37867807]]
UN0= [[0.26155068 0.01307753]
 [0.01329126 0.36797903]]
gap= [0.29886976 0.70048714] at T=0
gap= [0.29883656 0.70048277] at T= 0.03447324875896304
 finished in 8972.790678739548s
U= [[0.21921735 0.04384347]
 [0.04384347 0.36193115]]
UN0= [[0.20959821 0.04191964]
 [0.04260473 0.35170526]]
gap= [0.29746165 0.70109103] at T=0
gap= [0.29744025 0.70108082] at T= 0.03447324875896304
 finished in 8937.086693286896s
U= [[0.21921735 0.04384347]
 [0.04384347 0.36193115]]
UN0= [[0.20959821 0.04191964]
 [0.04260473 0.35170526]]
gap= [0.29746165 0.70109103] at T=0
gap= [0.29744025 0.70108082] at T= 0.03447324875896304
 finished in 9007.964489221573s
U= [[0.15689031 0.07844515]
 [0.07844515 0.34272156]]
UN0= [[0.15000605 0.07500302]
 [0.07622879 0.33303842]]
gap= [0.29662141 0.70144976] at T=0
gap= [0.29660756 0.70143587] at T= 0.03447324875896304
 finished in 8938.242688655853s
U= [[0.15689031 0.07844515]
 [0.07844515 0.34272156]]
UN0= [[0.15000605 0.07500302]
 [0.07622879 0.33303842]]
gap= [0.29662141 0.70144976] at T=0
gap= [0.29660756 0.70143587] at T= 0.03447324875896304
 finished in 8769.392540693283s
