parameters generated
1296
parameters loaded
U= [[0.28782242 0.00575645]
 [0.00575645 0.38307566]]
UN0= [[0.27519293 0.00550386]
 [0.00559381 0.37225237]]
gap= [0.29946442 0.70023111] at T=0
gap= [0.29942655 0.70022907] at T= 0.03447324875896304
 finished in 9069.354351758957s
U= [[0.28782242 0.00575645]
 [0.00575645 0.38307566]]
UN0= [[0.27519293 0.00550386]
 [0.00559381 0.37225237]]
gap= [0.29946442 0.70023111] at T=0
gap= [0.29942655 0.70022907] at T= 0.03447324875896304
 finished in 8700.694031715393s
U= [[0.28782242 0.00575645]
 [0.00575645 0.38307566]]
UN0= [[0.27519293 0.00550386]
 [0.00559381 0.37225237]]
gap= [0.29946442 0.70023111] at T=0
gap= [0.29942655 0.70022907] at T= 0.03447324875896304
 finished in 8735.566595077515s
U= [[0.27355409 0.0136777 ]
 [0.0136777  0.37867807]]
UN0= [[0.26155068 0.01307753]
 [0.01329126 0.36797903]]
gap= [0.29886976 0.70048714] at T=0
gap= [0.29883656 0.70048277] at T= 0.03447324875896304
 finished in 8978.634917974472s
U= [[0.27355409 0.0136777 ]
 [0.0136777  0.37867807]]
UN0= [[0.26155068 0.01307753]
 [0.01329126 0.36797903]]
gap= [0.29886976 0.70048714] at T=0
gap= [0.29883656 0.70048277] at T= 0.03447324875896304
 finished in 8978.959191799164s
U= [[0.21921735 0.04384347]
 [0.04384347 0.36193115]]
UN0= [[0.20959821 0.04191964]
 [0.04260473 0.35170526]]
gap= [0.29746165 0.70109103] at T=0
gap= [0.29744025 0.70108082] at T= 0.03447324875896304
 finished in 8947.128492593765s
U= [[0.21921735 0.04384347]
 [0.04384347 0.36193115]]
UN0= [[0.20959821 0.04191964]
 [0.04260473 0.35170526]]
gap= [0.29746165 0.70109103] at T=0
gap= [0.29744025 0.70108082] at T= 0.03447324875896304
 finished in 8946.204080104828s
U= [[0.15689031 0.07844515]
 [0.07844515 0.34272156]]
UN0= [[0.15000605 0.07500302]
 [0.07622879 0.33303842]]
gap= [0.29662141 0.70144976] at T=0
gap= [0.29660756 0.70143587] at T= 0.03447324875896304
 finished in 8672.646944999695s
U= [[0.15689031 0.07844515]
 [0.07844515 0.34272156]]
UN0= [[0.15000605 0.07500302]
 [0.07622879 0.33303842]]
gap= [0.29662141 0.70144976] at T=0
gap= [0.29660756 0.70143587] at T= 0.03447324875896304
 finished in 2471.680387020111s
