1536 parameters generated
parameters loaded
U= [[0.29291515 0.00292915]
 [0.00292915 0.38464528]]
UN0= [[0.28006219 0.00280062]
 [0.00284639 0.37377763]]
gap= [0.3 0.7] at T=0 (computed with new function)
gap= [0.3 0.7] at T= 8.618312189740761e-05  (computed with new function)
 finished in 0.7488332072893779s
U= [[0.29291515 0.00292915]
 [0.00292915 0.38464528]]
UN0= [[0.28006219 0.00280062]
 [0.00284639 0.37377763]]
gap= [0.3 0.7] at T=0 (computed with new function)
gap= [0.3 0.7] at T= 8.618312189740761e-05  (computed with new function)
 finished in 0.7568607091903686s
U= [[0.29291515 0.00292915]
 [0.00292915 0.38464528]]
UN0= [[0.28006219 0.00280062]
 [0.00284639 0.37377763]]
gap= [0.3 0.7] at T=0 (computed with new function)
gap= [0.3 0.7] at T= 8.618312189740761e-05  (computed with new function)
 finished in 0.7770030697186788s
U= [[0.29291515 0.00292915]
 [0.00292915 0.38464528]]
UN0= [[0.28006219 0.00280062]
 [0.00284639 0.37377763]]
gap= [0.3 0.7] at T=0 (computed with new function)
gap= [0.3 0.7] at T= 8.618312189740761e-05  (computed with new function)
 finished in 0.7548217058181763s
U= [[0.29291515 0.00292915]
 [0.00292915 0.38464528]]
UN0= [[0.28006219 0.00280062]
 [0.00284639 0.37377763]]
gap= [0.3 0.7] at T=0 (computed with new function)
gap= [0.3 0.7] at T= 8.618312189740761e-05  (computed with new function)
 finished in 0.7551145990689595s
U= [[0.29291515 0.00292915]
 [0.00292915 0.38464528]]
UN0= [[0.28006219 0.00280062]
 [0.00284639 0.37377763]]
gap= [0.3 0.7] at T=0 (computed with new function)
gap= [0.3 0.7] at T= 8.618312189740761e-05  (computed with new function)
 finished in 0.7440142552057902s
U= [[0.29291515 0.00292915]
 [0.00292915 0.38464528]]
UN0= [[0.28006219 0.00280062]
 [0.00284639 0.37377763]]
gap= [0.3 0.7] at T=0 (computed with new function)
gap= [0.3 0.7] at T= 8.618312189740761e-05  (computed with new function)
 finished in 0.7429726322491964s
U= [[0.29291515 0.00292915]
 [0.00292915 0.38464528]]
UN0= [[0.28006219 0.00280062]
 [0.00284639 0.37377763]]
gap= [0.3 0.7] at T=0 (computed with new function)
gap= [0.3 0.7] at T= 8.618312189740761e-05  (computed with new function)
 finished in 0.7352823297182719s
U= [[0.28782242 0.00575645]
 [0.00575645 0.38307567]]
UN0= [[0.27519293 0.00550386]
 [0.00559381 0.37225237]]
gap= [0.3 0.7] at T=0 (computed with new function)
gap= [0.3 0.7] at T= 8.618312189740761e-05  (computed with new function)
 finished in 0.7492061257362366s
U= [[0.28782242 0.00575645]
 [0.00575645 0.38307567]]
UN0= [[0.27519293 0.00550386]
 [0.00559381 0.37225237]]
gap= [0.3 0.7] at T=0 (computed with new function)
gap= [0.3 0.7] at T= 8.618312189740761e-05  (computed with new function)
 finished in 0.7354097843170166s
U= [[0.28782242 0.00575645]
 [0.00575645 0.38307567]]
UN0= [[0.27519293 0.00550386]
 [0.00559381 0.37225237]]
gap= [0.3 0.7] at T=0 (computed with new function)
gap= [0.3 0.7] at T= 8.618312189740761e-05  (computed with new function)
 finished in 0.7449694355328877s
U= [[0.28782242 0.00575645]
 [0.00575645 0.38307567]]
UN0= [[0.27519293 0.00550386]
 [0.00559381 0.37225237]]
gap= [0.3 0.7] at T=0 (computed with new function)
gap= [0.3 0.7] at T= 8.618312189740761e-05  (computed with new function)
 finished in 0.7713640133539835s
U= [[0.28782242 0.00575645]
 [0.00575645 0.38307567]]
UN0= [[0.27519293 0.00550386]
 [0.00559381 0.37225237]]
gap= [0.3 0.7] at T=0 (computed with new function)
gap= [0.3 0.7] at T= 8.618312189740761e-05  (computed with new function)
 finished in 0.7509774367014567s
U= [[0.28782242 0.00575645]
 [0.00575645 0.38307567]]
UN0= [[0.27519293 0.00550386]
 [0.00559381 0.37225237]]
gap= [0.3 0.7] at T=0 (computed with new function)
gap= [0.3 0.7] at T= 8.618312189740761e-05  (computed with new function)
 finished in 0.7865396062533061s
U= [[0.28782242 0.00575645]
 [0.00575645 0.38307567]]
UN0= [[0.27519293 0.00550386]
 [0.00559381 0.37225237]]
gap= [0.3 0.7] at T=0 (computed with new function)
gap= [0.3 0.7] at T= 8.618312189740761e-05  (computed with new function)
 finished in 0.7726232369740804s
U= [[0.28782242 0.00575645]
 [0.00575645 0.38307567]]
UN0= [[0.27519293 0.00550386]
 [0.00559381 0.37225237]]
gap= [0.3 0.7] at T=0 (computed with new function)
gap= [0.3 0.7] at T= 8.618312189740761e-05  (computed with new function)
 finished in 0.7900758186976115s
U= [[0.27355409 0.0136777 ]
 [0.0136777  0.37867807]]
UN0= [[0.26155068 0.01307753]
 [0.01329126 0.36797903]]
gap= [0.3 0.7] at T=0 (computed with new function)
gap= [0.3 0.7] at T= 8.618312189740761e-05  (computed with new function)
 finished in 0.7642678856849671s
U= [[0.27355409 0.0136777 ]
 [0.0136777  0.37867807]]
UN0= [[0.26155068 0.01307753]
 [0.01329126 0.36797903]]
gap= [0.3 0.7] at T=0 (computed with new function)
gap= [0.3 0.7] at T= 8.618312189740761e-05  (computed with new function)
 finished in 0.766069217522939s
U= [[0.27355409 0.0136777 ]
 [0.0136777  0.37867807]]
UN0= [[0.26155068 0.01307753]
 [0.01329126 0.36797903]]
gap= [0.3 0.7] at T=0 (computed with new function)
gap= [0.3 0.7] at T= 8.618312189740761e-05  (computed with new function)
 finished in 0.762906527519226s
U= [[0.27355409 0.0136777 ]
 [0.0136777  0.37867807]]
UN0= [[0.26155068 0.01307753]
 [0.01329126 0.36797903]]
gap= [0.3 0.7] at T=0 (computed with new function)
gap= [0.3 0.7] at T= 8.618312189740761e-05  (computed with new function)
 finished in 0.7449866771697998s
U= [[0.27355409 0.0136777 ]
 [0.0136777  0.37867807]]
UN0= [[0.26155068 0.01307753]
 [0.01329126 0.36797903]]
gap= [0.3 0.7] at T=0 (computed with new function)
gap= [0.3 0.7] at T= 8.618312189740761e-05  (computed with new function)
 finished in 0.7473110715548198s
U= [[0.27355409 0.0136777 ]
 [0.0136777  0.37867807]]
UN0= [[0.26155068 0.01307753]
 [0.01329126 0.36797903]]
gap= [0.3 0.7] at T=0 (computed with new function)
gap= [0.3 0.7] at T= 8.618312189740761e-05  (computed with new function)
 finished in 0.7344283143679301s
U= [[0.27355409 0.0136777 ]
 [0.0136777  0.37867807]]
UN0= [[0.26155068 0.01307753]
 [0.01329126 0.36797903]]
gap= [0.3 0.7] at T=0 (computed with new function)
gap= [0.3 0.7] at T= 8.618312189740761e-05  (computed with new function)
 finished in 0.7593949317932129s
U= [[0.27355409 0.0136777 ]
 [0.0136777  0.37867807]]
UN0= [[0.26155068 0.01307753]
 [0.01329126 0.36797903]]
gap= [0.3 0.7] at T=0 (computed with new function)
gap= [0.3 0.7] at T= 8.618312189740761e-05  (computed with new function)
 finished in 0.7556599855422974s
U= [[0.2526773  0.02526773]
 [0.02526773 0.37224372]]
UN0= [[0.24158996 0.024159  ]
 [0.02455382 0.36172646]]
gap= [0.3 0.7] at T=0 (computed with new function)
gap= [0.3 0.7] at T= 8.618312189740761e-05  (computed with new function)
 finished in 0.741183853149414s
U= [[0.2526773  0.02526773]
 [0.02526773 0.37224372]]
UN0= [[0.24158996 0.024159  ]
 [0.02455382 0.36172646]]
gap= [0.3 0.7] at T=0 (computed with new function)
gap= [0.3 0.7] at T= 8.618312189740761e-05  (computed with new function)
 finished in 0.7443245887756348s
U= [[0.2526773  0.02526773]
 [0.02526773 0.37224372]]
UN0= [[0.24158996 0.024159  ]
 [0.02455382 0.36172646]]
gap= [0.3 0.7] at T=0 (computed with new function)
gap= [0.3 0.7] at T= 8.618312189740761e-05  (computed with new function)
 finished in 0.780472707748413s
U= [[0.2526773  0.02526773]
 [0.02526773 0.37224372]]
UN0= [[0.24158996 0.024159  ]
 [0.02455382 0.36172646]]
gap= [0.3 0.7] at T=0 (computed with new function)
gap= [0.3 0.7] at T= 8.618312189740761e-05  (computed with new function)
 finished in 0.7567246635754903s
U= [[0.2526773  0.02526773]
 [0.02526773 0.37224372]]
UN0= [[0.24158996 0.024159  ]
 [0.02455382 0.36172646]]
gap= [0.3 0.7] at T=0 (computed with new function)
gap= [0.3 0.7] at T= 8.618312189740761e-05  (computed with new function)
 finished in 0.7721950451533s
U= [[0.2526773  0.02526773]
 [0.02526773 0.37224372]]
UN0= [[0.24158996 0.024159  ]
 [0.02455382 0.36172646]]
gap= [0.3 0.7] at T=0 (computed with new function)
gap= [0.3 0.7] at T= 8.618312189740761e-05  (computed with new function)
 finished in 0.7420109311739603s
U= [[0.2526773  0.02526773]
 [0.02526773 0.37224372]]
UN0= [[0.24158996 0.024159  ]
 [0.02455382 0.36172646]]
gap= [0.3 0.7] at T=0 (computed with new function)
gap= [0.3 0.7] at T= 8.618312189740761e-05  (computed with new function)
 finished in 0.7720484654108684s
U= [[0.2526773  0.02526773]
 [0.02526773 0.37224372]]
UN0= [[0.24158996 0.024159  ]
 [0.02455382 0.36172646]]
gap= [0.3 0.7] at T=0 (computed with new function)
gap= [0.3 0.7] at T= 8.618312189740761e-05  (computed with new function)
 finished in 0.775584069887797s
U= [[0.21921735 0.04384347]
 [0.04384347 0.36193115]]
UN0= [[0.20959821 0.04191964]
 [0.04260473 0.35170526]]
gap= [0.3 0.7] at T=0 (computed with new function)
gap= [0.3 0.7] at T= 8.618312189740761e-05  (computed with new function)
 finished in 0.7763091802597046s
U= [[0.21921735 0.04384347]
 [0.04384347 0.36193115]]
UN0= [[0.20959821 0.04191964]
 [0.04260473 0.35170526]]
gap= [0.3 0.7] at T=0 (computed with new function)
gap= [0.3 0.7] at T= 8.618312189740761e-05  (computed with new function)
 finished in 0.7437568545341492s
U= [[0.21921735 0.04384347]
 [0.04384347 0.36193115]]
UN0= [[0.20959821 0.04191964]
 [0.04260473 0.35170526]]
gap= [0.3 0.7] at T=0 (computed with new function)
gap= [0.3 0.7] at T= 8.618312189740761e-05  (computed with new function)
 finished in 0.7383138298988342s
U= [[0.21921735 0.04384347]
 [0.04384347 0.36193115]]
UN0= [[0.20959821 0.04191964]
 [0.04260473 0.35170526]]
gap= [0.3 0.7] at T=0 (computed with new function)
gap= [0.3 0.7] at T= 8.618312189740761e-05  (computed with new function)
 finished in 0.755822237332662s
U= [[0.21921735 0.04384347]
 [0.04384347 0.36193115]]
UN0= [[0.20959821 0.04191964]
 [0.04260473 0.35170526]]
gap= [0.3 0.7] at T=0 (computed with new function)
gap= [0.3 0.7] at T= 8.618312189740761e-05  (computed with new function)
 finished in 0.7691584507624308s
U= [[0.21921735 0.04384347]
 [0.04384347 0.36193115]]
UN0= [[0.20959821 0.04191964]
 [0.04260473 0.35170526]]
gap= [0.3 0.7] at T=0 (computed with new function)
gap= [0.3 0.7] at T= 8.618312189740761e-05  (computed with new function)
 finished in 0.745932690302531s
U= [[0.21921735 0.04384347]
 [0.04384347 0.36193115]]
UN0= [[0.20959821 0.04191964]
 [0.04260473 0.35170526]]
gap= [0.3 0.7] at T=0 (computed with new function)
gap= [0.3 0.7] at T= 8.618312189740761e-05  (computed with new function)
 finished in 0.7398524045944214s
U= [[0.21921735 0.04384347]
 [0.04384347 0.36193115]]
UN0= [[0.20959821 0.04191964]
 [0.04260473 0.35170526]]
gap= [0.3 0.7] at T=0 (computed with new function)
gap= [0.3 0.7] at T= 8.618312189740761e-05  (computed with new function)
 finished in 0.7509868462880452s
U= [[0.1733158  0.06932632]
 [0.06932632 0.347784  ]]
UN0= [[0.1657108  0.06628432]
 [0.0673676  0.33795783]]
gap= [0.3 0.7] at T=0 (computed with new function)
gap= [0.3 0.7] at T= 8.618312189740761e-05  (computed with new function)
 finished in 0.7425796429316203s
U= [[0.1733158  0.06932632]
 [0.06932632 0.347784  ]]
UN0= [[0.1657108  0.06628432]
 [0.0673676  0.33795783]]
gap= [0.3 0.7] at T=0 (computed with new function)
gap= [0.3 0.7] at T= 8.618312189740761e-05  (computed with new function)
 finished in 0.7348092317581176s
U= [[0.1733158  0.06932632]
 [0.06932632 0.347784  ]]
UN0= [[0.1657108  0.06628432]
 [0.0673676  0.33795783]]
gap= [0.3 0.7] at T=0 (computed with new function)
gap= [0.3 0.7] at T= 8.618312189740761e-05  (computed with new function)
 finished in 0.7752813180287679s
U= [[0.1733158  0.06932632]
 [0.06932632 0.347784  ]]
UN0= [[0.1657108  0.06628432]
 [0.0673676  0.33795783]]
gap= [0.3 0.7] at T=0 (computed with new function)
gap= [0.3 0.7] at T= 8.618312189740761e-05  (computed with new function)
 finished in 0.7597459435462952s
U= [[0.1733158  0.06932632]
 [0.06932632 0.347784  ]]
UN0= [[0.1657108  0.06628432]
 [0.0673676  0.33795783]]
gap= [0.3 0.7] at T=0 (computed with new function)
gap= [0.3 0.7] at T= 8.618312189740761e-05  (computed with new function)
 finished in 0.7685950994491577s
U= [[0.1733158  0.06932632]
 [0.06932632 0.347784  ]]
UN0= [[0.1657108  0.06628432]
 [0.0673676  0.33795783]]
gap= [0.3 0.7] at T=0 (computed with new function)
gap= [0.3 0.7] at T= 8.618312189740761e-05  (computed with new function)
 finished in 0.7512182792027792s
U= [[0.1733158  0.06932632]
 [0.06932632 0.347784  ]]
UN0= [[0.1657108  0.06628432]
 [0.0673676  0.33795783]]
gap= [0.3 0.7] at T=0 (computed with new function)
gap= [0.3 0.7] at T= 8.618312189740761e-05  (computed with new function)
 finished in 0.7448612570762634s
U= [[0.1733158  0.06932632]
 [0.06932632 0.347784  ]]
UN0= [[0.1657108  0.06628432]
 [0.0673676  0.33795783]]
gap= [0.3 0.7] at T=0 (computed with new function)
gap= [0.3 0.7] at T= 8.618312189740761e-05  (computed with new function)
 finished in 0.7622678240140279s
U= [[0.29291515 0.00292915]
 [0.00292915 0.38464528]]
UN0= [[0.28006219 0.00280062]
 [0.00284639 0.37377763]]
gap= [0.3 0.7] at T=0 (computed with new function)
gap= [0.23717408 0.69491774] at T= 0.12927468284611143  (computed with new function)
 finished in 0.737963589032491s
U= [[0.29291515 0.00292915]
 [0.00292915 0.38464528]]
UN0= [[0.28006219 0.00280062]
 [0.00284639 0.37377763]]
gap= [0.3 0.7] at T=0 (computed with new function)
gap= [0.23717408 0.69491774] at T= 0.12927468284611143  (computed with new function)
 finished in 0.7568660775820414s
U= [[0.29291515 0.00292915]
 [0.00292915 0.38464528]]
UN0= [[0.28006219 0.00280062]
 [0.00284639 0.37377763]]
gap= [0.3 0.7] at T=0 (computed with new function)
gap= [0.23717408 0.69491774] at T= 0.12927468284611143  (computed with new function)
 finished in 0.7498569011688232s
U= [[0.29291515 0.00292915]
 [0.00292915 0.38464528]]
UN0= [[0.28006219 0.00280062]
 [0.00284639 0.37377763]]
gap= [0.3 0.7] at T=0 (computed with new function)
gap= [0.23717408 0.69491774] at T= 0.12927468284611143  (computed with new function)
 finished in 0.7504783550898234s
U= [[0.29291515 0.00292915]
 [0.00292915 0.38464528]]
UN0= [[0.28006219 0.00280062]
 [0.00284639 0.37377763]]
gap= [0.3 0.7] at T=0 (computed with new function)
gap= [0.23717408 0.69491774] at T= 0.12927468284611143  (computed with new function)
 finished in 0.7470708608627319s
U= [[0.29291515 0.00292915]
 [0.00292915 0.38464528]]
UN0= [[0.28006219 0.00280062]
 [0.00284639 0.37377763]]
gap= [0.3 0.7] at T=0 (computed with new function)
gap= [0.23717408 0.69491774] at T= 0.12927468284611143  (computed with new function)
 finished in 0.7357035319010417s
U= [[0.29291515 0.00292915]
 [0.00292915 0.38464528]]
UN0= [[0.28006219 0.00280062]
 [0.00284639 0.37377763]]
gap= [0.3 0.7] at T=0 (computed with new function)
gap= [0.23717408 0.69491774] at T= 0.12927468284611143  (computed with new function)
 finished in 0.7724219918251037s
U= [[0.29291515 0.00292915]
 [0.00292915 0.38464528]]
UN0= [[0.28006219 0.00280062]
 [0.00284639 0.37377763]]
gap= [0.3 0.7] at T=0 (computed with new function)
gap= [0.23717408 0.69491774] at T= 0.12927468284611143  (computed with new function)
 finished in 0.7626372774442037s
U= [[0.28782242 0.00575645]
 [0.00575645 0.38307567]]
UN0= [[0.27519293 0.00550386]
 [0.00559381 0.37225237]]
gap= [0.3 0.7] at T=0 (computed with new function)
gap= [0.24322582 0.69358173] at T= 0.12927468284611143  (computed with new function)
 finished in 0.7823563138643901s
U= [[0.28782242 0.00575645]
 [0.00575645 0.38307567]]
UN0= [[0.27519293 0.00550386]
 [0.00559381 0.37225237]]
gap= [0.3 0.7] at T=0 (computed with new function)
gap= [0.24322582 0.69358173] at T= 0.12927468284611143  (computed with new function)
 finished in 0.7540814558664958s
U= [[0.28782242 0.00575645]
 [0.00575645 0.38307567]]
UN0= [[0.27519293 0.00550386]
 [0.00559381 0.37225237]]
gap= [0.3 0.7] at T=0 (computed with new function)
gap= [0.24322582 0.69358173] at T= 0.12927468284611143  (computed with new function)
 finished in 0.7552255272865296s
U= [[0.28782242 0.00575645]
 [0.00575645 0.38307567]]
UN0= [[0.27519293 0.00550386]
 [0.00559381 0.37225237]]
gap= [0.3 0.7] at T=0 (computed with new function)
gap= [0.24322582 0.69358173] at T= 0.12927468284611143  (computed with new function)
 finished in 0.7371019164721171s
U= [[0.28782242 0.00575645]
 [0.00575645 0.38307567]]
UN0= [[0.27519293 0.00550386]
 [0.00559381 0.37225237]]
gap= [0.3 0.7] at T=0 (computed with new function)
gap= [0.24322582 0.69358173] at T= 0.12927468284611143  (computed with new function)
 finished in 0.7524556120236715s
U= [[0.28782242 0.00575645]
 [0.00575645 0.38307567]]
UN0= [[0.27519293 0.00550386]
 [0.00559381 0.37225237]]
gap= [0.3 0.7] at T=0 (computed with new function)
gap= [0.24322582 0.69358173] at T= 0.12927468284611143  (computed with new function)
 finished in 0.7768206397692362s
U= [[0.28782242 0.00575645]
 [0.00575645 0.38307567]]
UN0= [[0.27519293 0.00550386]
 [0.00559381 0.37225237]]
gap= [0.3 0.7] at T=0 (computed with new function)
gap= [0.24322582 0.69358173] at T= 0.12927468284611143  (computed with new function)
 finished in 0.748846956094106s
U= [[0.28782242 0.00575645]
 [0.00575645 0.38307567]]
UN0= [[0.27519293 0.00550386]
 [0.00559381 0.37225237]]
gap= [0.3 0.7] at T=0 (computed with new function)
gap= [0.24322582 0.69358173] at T= 0.12927468284611143  (computed with new function)
 finished in 0.7466701984405517s
U= [[0.27355409 0.0136777 ]
 [0.0136777  0.37867807]]
UN0= [[0.26155068 0.01307753]
 [0.01329126 0.36797903]]
gap= [0.3 0.7] at T=0 (computed with new function)
gap= [0.25497929 0.69076971] at T= 0.12927468284611143  (computed with new function)
 finished in 0.7458722551663717s
U= [[0.27355409 0.0136777 ]
 [0.0136777  0.37867807]]
UN0= [[0.26155068 0.01307753]
 [0.01329126 0.36797903]]
gap= [0.3 0.7] at T=0 (computed with new function)
gap= [0.25497929 0.69076971] at T= 0.12927468284611143  (computed with new function)
 finished in 0.7515182256698608s
U= [[0.27355409 0.0136777 ]
 [0.0136777  0.37867807]]
UN0= [[0.26155068 0.01307753]
 [0.01329126 0.36797903]]
gap= [0.3 0.7] at T=0 (computed with new function)
gap= [0.25497929 0.69076971] at T= 0.12927468284611143  (computed with new function)
 finished in 0.7879371802012126s
U= [[0.27355409 0.0136777 ]
 [0.0136777  0.37867807]]
UN0= [[0.26155068 0.01307753]
 [0.01329126 0.36797903]]
gap= [0.3 0.7] at T=0 (computed with new function)
gap= [0.25497929 0.69076971] at T= 0.12927468284611143  (computed with new function)
 finished in 0.7368410031000773s
U= [[0.27355409 0.0136777 ]
 [0.0136777  0.37867807]]
UN0= [[0.26155068 0.01307753]
 [0.01329126 0.36797903]]
gap= [0.3 0.7] at T=0 (computed with new function)
gap= [0.25497929 0.69076971] at T= 0.12927468284611143  (computed with new function)
 finished in 0.7615732828776042s
U= [[0.27355409 0.0136777 ]
 [0.0136777  0.37867807]]
UN0= [[0.26155068 0.01307753]
 [0.01329126 0.36797903]]
gap= [0.3 0.7] at T=0 (computed with new function)
gap= [0.25497929 0.69076971] at T= 0.12927468284611143  (computed with new function)
 finished in 0.7395702600479126s
U= [[0.27355409 0.0136777 ]
 [0.0136777  0.37867807]]
UN0= [[0.26155068 0.01307753]
 [0.01329126 0.36797903]]
gap= [0.3 0.7] at T=0 (computed with new function)
gap= [0.25497929 0.69076971] at T= 0.12927468284611143  (computed with new function)
 finished in 0.7779928723971049s
U= [[0.27355409 0.0136777 ]
 [0.0136777  0.37867807]]
UN0= [[0.26155068 0.01307753]
 [0.01329126 0.36797903]]
gap= [0.3 0.7] at T=0 (computed with new function)
gap= [0.25497929 0.69076971] at T= 0.12927468284611143  (computed with new function)
 finished in 0.7363897720972697s
U= [[0.2526773  0.02526773]
 [0.02526773 0.37224372]]
UN0= [[0.24158996 0.024159  ]
 [0.02455382 0.36172646]]
gap= [0.3 0.7] at T=0 (computed with new function)
gap= [0.2654245  0.68802947] at T= 0.12927468284611143  (computed with new function)
 finished in 0.7427467346191406s
U= [[0.2526773  0.02526773]
 [0.02526773 0.37224372]]
UN0= [[0.24158996 0.024159  ]
 [0.02455382 0.36172646]]
gap= [0.3 0.7] at T=0 (computed with new function)
gap= [0.2654245  0.68802947] at T= 0.12927468284611143  (computed with new function)
 finished in 0.7847286820411682s
U= [[0.2526773  0.02526773]
 [0.02526773 0.37224372]]
UN0= [[0.24158996 0.024159  ]
 [0.02455382 0.36172646]]
gap= [0.3 0.7] at T=0 (computed with new function)
gap= [0.2654245  0.68802947] at T= 0.12927468284611143  (computed with new function)
 finished in 0.7411687771479288s
U= [[0.2526773  0.02526773]
 [0.02526773 0.37224372]]
UN0= [[0.24158996 0.024159  ]
 [0.02455382 0.36172646]]
gap= [0.3 0.7] at T=0 (computed with new function)
gap= [0.2654245  0.68802947] at T= 0.12927468284611143  (computed with new function)
 finished in 0.7275156656901042s
U= [[0.2526773  0.02526773]
 [0.02526773 0.37224372]]
UN0= [[0.24158996 0.024159  ]
 [0.02455382 0.36172646]]
gap= [0.3 0.7] at T=0 (computed with new function)
gap= [0.2654245  0.68802947] at T= 0.12927468284611143  (computed with new function)
 finished in 0.7416614413261413s
U= [[0.2526773  0.02526773]
 [0.02526773 0.37224372]]
UN0= [[0.24158996 0.024159  ]
 [0.02455382 0.36172646]]
gap= [0.3 0.7] at T=0 (computed with new function)
gap= [0.2654245  0.68802947] at T= 0.12927468284611143  (computed with new function)
 finished in 0.742395528157552s
U= [[0.2526773  0.02526773]
 [0.02526773 0.37224372]]
UN0= [[0.24158996 0.024159  ]
 [0.02455382 0.36172646]]
gap= [0.3 0.7] at T=0 (computed with new function)
gap= [0.2654245  0.68802947] at T= 0.12927468284611143  (computed with new function)
 finished in 0.7458741704622904s
U= [[0.2526773  0.02526773]
 [0.02526773 0.37224372]]
UN0= [[0.24158996 0.024159  ]
 [0.02455382 0.36172646]]
gap= [0.3 0.7] at T=0 (computed with new function)
gap= [0.2654245  0.68802947] at T= 0.12927468284611143  (computed with new function)
 finished in 0.7446689327557882s
U= [[0.21921735 0.04384347]
 [0.04384347 0.36193115]]
UN0= [[0.20959821 0.04191964]
 [0.04260473 0.35170526]]
gap= [0.3 0.7] at T=0 (computed with new function)
gap= [0.27514924 0.68527387] at T= 0.12927468284611143  (computed with new function)
 finished in 0.7500411550203959s
U= [[0.21921735 0.04384347]
 [0.04384347 0.36193115]]
UN0= [[0.20959821 0.04191964]
 [0.04260473 0.35170526]]
gap= [0.3 0.7] at T=0 (computed with new function)
gap= [0.27514924 0.68527387] at T= 0.12927468284611143  (computed with new function)
 finished in 0.77270427942276s
U= [[0.21921735 0.04384347]
 [0.04384347 0.36193115]]
UN0= [[0.20959821 0.04191964]
 [0.04260473 0.35170526]]
gap= [0.3 0.7] at T=0 (computed with new function)
gap= [0.27514924 0.68527387] at T= 0.12927468284611143  (computed with new function)
 finished in 0.7814074238141377s
U= [[0.21921735 0.04384347]
 [0.04384347 0.36193115]]
UN0= [[0.20959821 0.04191964]
 [0.04260473 0.35170526]]
gap= [0.3 0.7] at T=0 (computed with new function)
gap= [0.27514924 0.68527387] at T= 0.12927468284611143  (computed with new function)
 finished in 0.7501012444496155s
U= [[0.21921735 0.04384347]
 [0.04384347 0.36193115]]
UN0= [[0.20959821 0.04191964]
 [0.04260473 0.35170526]]
gap= [0.3 0.7] at T=0 (computed with new function)
gap= [0.27514924 0.68527387] at T= 0.12927468284611143  (computed with new function)
 finished in 0.7676336526870727s
U= [[0.21921735 0.04384347]
 [0.04384347 0.36193115]]
UN0= [[0.20959821 0.04191964]
 [0.04260473 0.35170526]]
gap= [0.3 0.7] at T=0 (computed with new function)
gap= [0.27514924 0.68527387] at T= 0.12927468284611143  (computed with new function)
 finished in 0.785671067237854s
U= [[0.21921735 0.04384347]
 [0.04384347 0.36193115]]
UN0= [[0.20959821 0.04191964]
 [0.04260473 0.35170526]]
gap= [0.3 0.7] at T=0 (computed with new function)
gap= [0.27514924 0.68527387] at T= 0.12927468284611143  (computed with new function)
 finished in 0.770849899450938s
U= [[0.21921735 0.04384347]
 [0.04384347 0.36193115]]
UN0= [[0.20959821 0.04191964]
 [0.04260473 0.35170526]]
gap= [0.3 0.7] at T=0 (computed with new function)
gap= [0.27514924 0.68527387] at T= 0.12927468284611143  (computed with new function)
 finished in 0.7684164404869079s
U= [[0.1733158  0.06932632]
 [0.06932632 0.347784  ]]
UN0= [[0.1657108  0.06628432]
 [0.0673676  0.33795783]]
gap= [0.3 0.7] at T=0 (computed with new function)
gap= [0.28265946 0.6830108 ] at T= 0.12927468284611143  (computed with new function)
 finished in 0.7485149542490641s
U= [[0.1733158  0.06932632]
 [0.06932632 0.347784  ]]
UN0= [[0.1657108  0.06628432]
 [0.0673676  0.33795783]]
gap= [0.3 0.7] at T=0 (computed with new function)
gap= [0.28265946 0.6830108 ] at T= 0.12927468284611143  (computed with new function)
 finished in 0.7809227228164672s
U= [[0.1733158  0.06932632]
 [0.06932632 0.347784  ]]
UN0= [[0.1657108  0.06628432]
 [0.0673676  0.33795783]]
gap= [0.3 0.7] at T=0 (computed with new function)
gap= [0.28265946 0.6830108 ] at T= 0.12927468284611143  (computed with new function)
 finished in 0.7370193362236023s
U= [[0.1733158  0.06932632]
 [0.06932632 0.347784  ]]
UN0= [[0.1657108  0.06628432]
 [0.0673676  0.33795783]]
gap= [0.3 0.7] at T=0 (computed with new function)
gap= [0.28265946 0.6830108 ] at T= 0.12927468284611143  (computed with new function)
 finished in 0.7428996960322062s
U= [[0.1733158  0.06932632]
 [0.06932632 0.347784  ]]
UN0= [[0.1657108  0.06628432]
 [0.0673676  0.33795783]]
gap= [0.3 0.7] at T=0 (computed with new function)
gap= [0.28265946 0.6830108 ] at T= 0.12927468284611143  (computed with new function)
 finished in 0.7416775186856588s
U= [[0.1733158  0.06932632]
 [0.06932632 0.347784  ]]
UN0= [[0.1657108  0.06628432]
 [0.0673676  0.33795783]]
gap= [0.3 0.7] at T=0 (computed with new function)
gap= [0.28265946 0.6830108 ] at T= 0.12927468284611143  (computed with new function)
 finished in 0.7478224674860636s
U= [[0.1733158  0.06932632]
 [0.06932632 0.347784  ]]
UN0= [[0.1657108  0.06628432]
 [0.0673676  0.33795783]]
gap= [0.3 0.7] at T=0 (computed with new function)
gap= [0.28265946 0.6830108 ] at T= 0.12927468284611143  (computed with new function)
 finished in 0.770660662651062s
U= [[0.1733158  0.06932632]
 [0.06932632 0.347784  ]]
UN0= [[0.1657108  0.06628432]
 [0.0673676  0.33795783]]
gap= [0.3 0.7] at T=0 (computed with new function)
gap= [0.28265946 0.6830108 ] at T= 0.12927468284611143  (computed with new function)
 finished in 0.7306389093399048s
U= [[0.29291515 0.00292915]
 [0.00292915 0.38464528]]
UN0= [[0.28006219 0.00280062]
 [0.00284639 0.37377763]]
gap= [0.3 0.7] at T=0 (computed with new function)
gap= [0.0335691  0.59865614] at T= 0.25854936569222287  (computed with new function)
 finished in 0.7789747993151347s
U= [[0.29291515 0.00292915]
 [0.00292915 0.38464528]]
UN0= [[0.28006219 0.00280062]
 [0.00284639 0.37377763]]
gap= [0.3 0.7] at T=0 (computed with new function)
gap= [0.0335691  0.59865614] at T= 0.25854936569222287  (computed with new function)
 finished in 0.7418079773585001s
U= [[0.29291515 0.00292915]
 [0.00292915 0.38464528]]
UN0= [[0.28006219 0.00280062]
 [0.00284639 0.37377763]]
gap= [0.3 0.7] at T=0 (computed with new function)
gap= [0.0335691  0.59865614] at T= 0.25854936569222287  (computed with new function)
 finished in 0.7577730854352315s
U= [[0.29291515 0.00292915]
 [0.00292915 0.38464528]]
UN0= [[0.28006219 0.00280062]
 [0.00284639 0.37377763]]
gap= [0.3 0.7] at T=0 (computed with new function)
gap= [0.0335691  0.59865614] at T= 0.25854936569222287  (computed with new function)
 finished in 0.767099940776825s
U= [[0.29291515 0.00292915]
 [0.00292915 0.38464528]]
UN0= [[0.28006219 0.00280062]
 [0.00284639 0.37377763]]
gap= [0.3 0.7] at T=0 (computed with new function)
gap= [0.0335691  0.59865614] at T= 0.25854936569222287  (computed with new function)
 finished in 0.759129548072815s
U= [[0.29291515 0.00292915]
 [0.00292915 0.38464528]]
UN0= [[0.28006219 0.00280062]
 [0.00284639 0.37377763]]
gap= [0.3 0.7] at T=0 (computed with new function)
gap= [0.0335691  0.59865614] at T= 0.25854936569222287  (computed with new function)
 finished in 0.7714905579884846s
U= [[0.29291515 0.00292915]
 [0.00292915 0.38464528]]
UN0= [[0.28006219 0.00280062]
 [0.00284639 0.37377763]]
gap= [0.3 0.7] at T=0 (computed with new function)
gap= [0.0335691  0.59865614] at T= 0.25854936569222287  (computed with new function)
 finished in 0.738741672039032s
U= [[0.29291515 0.00292915]
 [0.00292915 0.38464528]]
UN0= [[0.28006219 0.00280062]
 [0.00284639 0.37377763]]
gap= [0.3 0.7] at T=0 (computed with new function)
gap= [0.0335691  0.59865614] at T= 0.25854936569222287  (computed with new function)
 finished in 0.7522743542989095s
U= [[0.28782242 0.00575645]
 [0.00575645 0.38307567]]
UN0= [[0.27519293 0.00550386]
 [0.00559381 0.37225237]]
gap= [0.3 0.7] at T=0 (computed with new function)
gap= [0.05842897 0.59107269] at T= 0.25854936569222287  (computed with new function)
 finished in 0.768120280901591s
U= [[0.28782242 0.00575645]
 [0.00575645 0.38307567]]
UN0= [[0.27519293 0.00550386]
 [0.00559381 0.37225237]]
gap= [0.3 0.7] at T=0 (computed with new function)
gap= [0.05842897 0.59107269] at T= 0.25854936569222287  (computed with new function)
 finished in 0.7393326560656229s
U= [[0.28782242 0.00575645]
 [0.00575645 0.38307567]]
UN0= [[0.27519293 0.00550386]
 [0.00559381 0.37225237]]
gap= [0.3 0.7] at T=0 (computed with new function)
gap= [0.05842897 0.59107269] at T= 0.25854936569222287  (computed with new function)
 finished in 0.7436986843744914s
U= [[0.28782242 0.00575645]
 [0.00575645 0.38307567]]
UN0= [[0.27519293 0.00550386]
 [0.00559381 0.37225237]]
gap= [0.3 0.7] at T=0 (computed with new function)
gap= [0.05842897 0.59107269] at T= 0.25854936569222287  (computed with new function)
 finished in 0.746168867746989s
U= [[0.28782242 0.00575645]
 [0.00575645 0.38307567]]
UN0= [[0.27519293 0.00550386]
 [0.00559381 0.37225237]]
gap= [0.3 0.7] at T=0 (computed with new function)
gap= [0.05842897 0.59107269] at T= 0.25854936569222287  (computed with new function)
 finished in 0.7518991827964783s
U= [[0.28782242 0.00575645]
 [0.00575645 0.38307567]]
UN0= [[0.27519293 0.00550386]
 [0.00559381 0.37225237]]
gap= [0.3 0.7] at T=0 (computed with new function)
gap= [0.05842897 0.59107269] at T= 0.25854936569222287  (computed with new function)
 finished in 0.7418708960215251s
U= [[0.28782242 0.00575645]
 [0.00575645 0.38307567]]
UN0= [[0.27519293 0.00550386]
 [0.00559381 0.37225237]]
gap= [0.3 0.7] at T=0 (computed with new function)
gap= [0.05842897 0.59107269] at T= 0.25854936569222287  (computed with new function)
 finished in 0.7366920113563538s
U= [[0.28782242 0.00575645]
 [0.00575645 0.38307567]]
UN0= [[0.27519293 0.00550386]
 [0.00559381 0.37225237]]
gap= [0.3 0.7] at T=0 (computed with new function)
gap= [0.05842897 0.59107269] at T= 0.25854936569222287  (computed with new function)
 finished in 0.7575353503227233s
U= [[0.27355409 0.0136777 ]
 [0.0136777  0.37867807]]
UN0= [[0.26155068 0.01307753]
 [0.01329126 0.36797903]]
gap= [0.3 0.7] at T=0 (computed with new function)
gap= [0.10481432 0.57558023] at T= 0.25854936569222287  (computed with new function)
 finished in 0.7565555373827616s
U= [[0.27355409 0.0136777 ]
 [0.0136777  0.37867807]]
UN0= [[0.26155068 0.01307753]
 [0.01329126 0.36797903]]
gap= [0.3 0.7] at T=0 (computed with new function)
gap= [0.10481432 0.57558023] at T= 0.25854936569222287  (computed with new function)
 finished in 0.7433435241381328s
U= [[0.27355409 0.0136777 ]
 [0.0136777  0.37867807]]
UN0= [[0.26155068 0.01307753]
 [0.01329126 0.36797903]]
gap= [0.3 0.7] at T=0 (computed with new function)
gap= [0.10481432 0.57558023] at T= 0.25854936569222287  (computed with new function)
 finished in 0.7469238718350728s
U= [[0.27355409 0.0136777 ]
 [0.0136777  0.37867807]]
UN0= [[0.26155068 0.01307753]
 [0.01329126 0.36797903]]
gap= [0.3 0.7] at T=0 (computed with new function)
gap= [0.10481432 0.57558023] at T= 0.25854936569222287  (computed with new function)
 finished in 0.7512096762657166s
U= [[0.27355409 0.0136777 ]
 [0.0136777  0.37867807]]
UN0= [[0.26155068 0.01307753]
 [0.01329126 0.36797903]]
gap= [0.3 0.7] at T=0 (computed with new function)
gap= [0.10481432 0.57558023] at T= 0.25854936569222287  (computed with new function)
 finished in 0.7393593033154805s
U= [[0.27355409 0.0136777 ]
 [0.0136777  0.37867807]]
UN0= [[0.26155068 0.01307753]
 [0.01329126 0.36797903]]
gap= [0.3 0.7] at T=0 (computed with new function)
gap= [0.10481432 0.57558023] at T= 0.25854936569222287  (computed with new function)
 finished in 0.7656545519828797s
U= [[0.27355409 0.0136777 ]
 [0.0136777  0.37867807]]
UN0= [[0.26155068 0.01307753]
 [0.01329126 0.36797903]]
gap= [0.3 0.7] at T=0 (computed with new function)
gap= [0.10481432 0.57558023] at T= 0.25854936569222287  (computed with new function)
 finished in 0.7831851085027058s
U= [[0.27355409 0.0136777 ]
 [0.0136777  0.37867807]]
UN0= [[0.26155068 0.01307753]
 [0.01329126 0.36797903]]
gap= [0.3 0.7] at T=0 (computed with new function)
gap= [0.10481432 0.57558023] at T= 0.25854936569222287  (computed with new function)
 finished in 0.7593729456265768s
U= [[0.2526773  0.02526773]
 [0.02526773 0.37224372]]
UN0= [[0.24158996 0.024159  ]
 [0.02455382 0.36172646]]
gap= [0.3 0.7] at T=0 (computed with new function)
gap= [0.142791   0.56098447] at T= 0.25854936569222287  (computed with new function)
 finished in 0.7696999351183573s
U= [[0.2526773  0.02526773]
 [0.02526773 0.37224372]]
UN0= [[0.24158996 0.024159  ]
 [0.02455382 0.36172646]]
gap= [0.3 0.7] at T=0 (computed with new function)
gap= [0.142791   0.56098447] at T= 0.25854936569222287  (computed with new function)
 finished in 0.7509127497673035s
U= [[0.2526773  0.02526773]
 [0.02526773 0.37224372]]
UN0= [[0.24158996 0.024159  ]
 [0.02455382 0.36172646]]
gap= [0.3 0.7] at T=0 (computed with new function)
gap= [0.142791   0.56098447] at T= 0.25854936569222287  (computed with new function)
 finished in 0.7648756186167399s
U= [[0.2526773  0.02526773]
 [0.02526773 0.37224372]]
UN0= [[0.24158996 0.024159  ]
 [0.02455382 0.36172646]]
gap= [0.3 0.7] at T=0 (computed with new function)
gap= [0.142791   0.56098447] at T= 0.25854936569222287  (computed with new function)
 finished in 0.753487229347229s
U= [[0.2526773  0.02526773]
 [0.02526773 0.37224372]]
UN0= [[0.24158996 0.024159  ]
 [0.02455382 0.36172646]]
gap= [0.3 0.7] at T=0 (computed with new function)
gap= [0.142791   0.56098447] at T= 0.25854936569222287  (computed with new function)
 finished in 0.7539311408996582s
U= [[0.2526773  0.02526773]
 [0.02526773 0.37224372]]
UN0= [[0.24158996 0.024159  ]
 [0.02455382 0.36172646]]
gap= [0.3 0.7] at T=0 (computed with new function)
gap= [0.142791   0.56098447] at T= 0.25854936569222287  (computed with new function)
 finished in 0.7510133504867553s
U= [[0.2526773  0.02526773]
 [0.02526773 0.37224372]]
UN0= [[0.24158996 0.024159  ]
 [0.02455382 0.36172646]]
gap= [0.3 0.7] at T=0 (computed with new function)
gap= [0.142791   0.56098447] at T= 0.25854936569222287  (computed with new function)
 finished in 0.7613126158714294s
U= [[0.2526773  0.02526773]
 [0.02526773 0.37224372]]
UN0= [[0.24158996 0.024159  ]
 [0.02455382 0.36172646]]
gap= [0.3 0.7] at T=0 (computed with new function)
gap= [0.142791   0.56098447] at T= 0.25854936569222287  (computed with new function)
 finished in 0.7572709798812867s
U= [[0.21921735 0.04384347]
 [0.04384347 0.36193115]]
UN0= [[0.20959821 0.04191964]
 [0.04260473 0.35170526]]
gap= [0.3 0.7] at T=0 (computed with new function)
gap= [0.17512613 0.54662781] at T= 0.25854936569222287  (computed with new function)
 finished in 0.743343710899353s
U= [[0.21921735 0.04384347]
 [0.04384347 0.36193115]]
UN0= [[0.20959821 0.04191964]
 [0.04260473 0.35170526]]
gap= [0.3 0.7] at T=0 (computed with new function)
gap= [0.17512613 0.54662781] at T= 0.25854936569222287  (computed with new function)
 finished in 0.7827168345451355s
U= [[0.21921735 0.04384347]
 [0.04384347 0.36193115]]
UN0= [[0.20959821 0.04191964]
 [0.04260473 0.35170526]]
gap= [0.3 0.7] at T=0 (computed with new function)
gap= [0.17512613 0.54662781] at T= 0.25854936569222287  (computed with new function)
 finished in 0.7351880709330241s
U= [[0.21921735 0.04384347]
 [0.04384347 0.36193115]]
UN0= [[0.20959821 0.04191964]
 [0.04260473 0.35170526]]
gap= [0.3 0.7] at T=0 (computed with new function)
gap= [0.17512613 0.54662781] at T= 0.25854936569222287  (computed with new function)
 finished in 0.7929388642311096s
U= [[0.21921735 0.04384347]
 [0.04384347 0.36193115]]
UN0= [[0.20959821 0.04191964]
 [0.04260473 0.35170526]]
gap= [0.3 0.7] at T=0 (computed with new function)
gap= [0.17512613 0.54662781] at T= 0.25854936569222287  (computed with new function)
 finished in 0.7370208819707235s
U= [[0.21921735 0.04384347]
 [0.04384347 0.36193115]]
UN0= [[0.20959821 0.04191964]
 [0.04260473 0.35170526]]
gap= [0.3 0.7] at T=0 (computed with new function)
gap= [0.17512613 0.54662781] at T= 0.25854936569222287  (computed with new function)
 finished in 0.767055094242096s
U= [[0.21921735 0.04384347]
 [0.04384347 0.36193115]]
UN0= [[0.20959821 0.04191964]
 [0.04260473 0.35170526]]
gap= [0.3 0.7] at T=0 (computed with new function)
gap= [0.17512613 0.54662781] at T= 0.25854936569222287  (computed with new function)
 finished in 0.7363287448883057s
U= [[0.21921735 0.04384347]
 [0.04384347 0.36193115]]
UN0= [[0.20959821 0.04191964]
 [0.04260473 0.35170526]]
gap= [0.3 0.7] at T=0 (computed with new function)
gap= [0.17512613 0.54662781] at T= 0.25854936569222287  (computed with new function)
 finished in 0.7417431394259135s
U= [[0.1733158  0.06932632]
 [0.06932632 0.347784  ]]
UN0= [[0.1657108  0.06628432]
 [0.0673676  0.33795783]]
gap= [0.3 0.7] at T=0 (computed with new function)
gap= [0.19814022 0.53499113] at T= 0.25854936569222287  (computed with new function)
 finished in 0.7335578362147014s
U= [[0.1733158  0.06932632]
 [0.06932632 0.347784  ]]
UN0= [[0.1657108  0.06628432]
 [0.0673676  0.33795783]]
gap= [0.3 0.7] at T=0 (computed with new function)
gap= [0.19814022 0.53499113] at T= 0.25854936569222287  (computed with new function)
 finished in 0.7452050725618998s
U= [[0.1733158  0.06932632]
 [0.06932632 0.347784  ]]
UN0= [[0.1657108  0.06628432]
 [0.0673676  0.33795783]]
gap= [0.3 0.7] at T=0 (computed with new function)
gap= [0.19814022 0.53499113] at T= 0.25854936569222287  (computed with new function)
 finished in 0.7509996732076009s
U= [[0.1733158  0.06932632]
 [0.06932632 0.347784  ]]
UN0= [[0.1657108  0.06628432]
 [0.0673676  0.33795783]]
gap= [0.3 0.7] at T=0 (computed with new function)
gap= [0.19814022 0.53499113] at T= 0.25854936569222287  (computed with new function)
 finished in 0.7378931005795797s
U= [[0.1733158  0.06932632]
 [0.06932632 0.347784  ]]
UN0= [[0.1657108  0.06628432]
 [0.0673676  0.33795783]]
gap= [0.3 0.7] at T=0 (computed with new function)
gap= [0.19814022 0.53499113] at T= 0.25854936569222287  (computed with new function)
 finished in 0.7482442696889241s
U= [[0.1733158  0.06932632]
 [0.06932632 0.347784  ]]
UN0= [[0.1657108  0.06628432]
 [0.0673676  0.33795783]]
gap= [0.3 0.7] at T=0 (computed with new function)
gap= [0.19814022 0.53499113] at T= 0.25854936569222287  (computed with new function)
 finished in 0.775757618745168s
U= [[0.1733158  0.06932632]
 [0.06932632 0.347784  ]]
UN0= [[0.1657108  0.06628432]
 [0.0673676  0.33795783]]
gap= [0.3 0.7] at T=0 (computed with new function)
gap= [0.19814022 0.53499113] at T= 0.25854936569222287  (computed with new function)
 finished in 0.7415788054466248s
U= [[0.1733158  0.06932632]
 [0.06932632 0.347784  ]]
UN0= [[0.1657108  0.06628432]
 [0.0673676  0.33795783]]
gap= [0.3 0.7] at T=0 (computed with new function)
gap= [0.19814022 0.53499113] at T= 0.25854936569222287  (computed with new function)
 finished in 0.7549269239107768s
U= [[0.29291515 0.00292915]
 [0.00292915 0.38464528]]
UN0= [[0.28006219 0.00280062]
 [0.00284639 0.37377763]]
gap= [0.3 0.7] at T=0 (computed with new function)
gap= [7.72706519e-16 2.54638847e-14] at T= 0.43091560948703805  (computed with new function)
 finished in 0.764978039264679s
U= [[0.29291515 0.00292915]
 [0.00292915 0.38464528]]
UN0= [[0.28006219 0.00280062]
 [0.00284639 0.37377763]]
gap= [0.3 0.7] at T=0 (computed with new function)
gap= [7.72706519e-16 2.54638847e-14] at T= 0.43091560948703805  (computed with new function)
 finished in 0.7651849587758383s
U= [[0.29291515 0.00292915]
 [0.00292915 0.38464528]]
UN0= [[0.28006219 0.00280062]
 [0.00284639 0.37377763]]
gap= [0.3 0.7] at T=0 (computed with new function)
gap= [7.72706519e-16 2.54638847e-14] at T= 0.43091560948703805  (computed with new function)
 finished in 0.7844157099723816s
U= [[0.29291515 0.00292915]
 [0.00292915 0.38464528]]
UN0= [[0.28006219 0.00280062]
 [0.00284639 0.37377763]]
gap= [0.3 0.7] at T=0 (computed with new function)
gap= [7.72706519e-16 2.54638847e-14] at T= 0.43091560948703805  (computed with new function)
 finished in 0.8003883918126424s
U= [[0.29291515 0.00292915]
 [0.00292915 0.38464528]]
UN0= [[0.28006219 0.00280062]
 [0.00284639 0.37377763]]
gap= [0.3 0.7] at T=0 (computed with new function)
gap= [7.72706519e-16 2.54638847e-14] at T= 0.43091560948703805  (computed with new function)
 finished in 0.7579107324282328s
U= [[0.29291515 0.00292915]
 [0.00292915 0.38464528]]
UN0= [[0.28006219 0.00280062]
 [0.00284639 0.37377763]]
gap= [0.3 0.7] at T=0 (computed with new function)
gap= [7.72706519e-16 2.54638847e-14] at T= 0.43091560948703805  (computed with new function)
 finished in 0.7731003483136495s
U= [[0.29291515 0.00292915]
 [0.00292915 0.38464528]]
UN0= [[0.28006219 0.00280062]
 [0.00284639 0.37377763]]
gap= [0.3 0.7] at T=0 (computed with new function)
gap= [7.72706519e-16 2.54638847e-14] at T= 0.43091560948703805  (computed with new function)
 finished in 0.7739813844362895s
U= [[0.29291515 0.00292915]
 [0.00292915 0.38464528]]
UN0= [[0.28006219 0.00280062]
 [0.00284639 0.37377763]]
gap= [0.3 0.7] at T=0 (computed with new function)
gap= [7.72706519e-16 2.54638847e-14] at T= 0.43091560948703805  (computed with new function)
 finished in 0.7656803170839945s
U= [[0.28782242 0.00575645]
 [0.00575645 0.38307567]]
UN0= [[0.27519293 0.00550386]
 [0.00559381 0.37225237]]
gap= [0.3 0.7] at T=0 (computed with new function)
gap= [1.28913471e-15 2.24409376e-14] at T= 0.43091560948703805  (computed with new function)
 finished in 0.7622074484825134s
U= [[0.28782242 0.00575645]
 [0.00575645 0.38307567]]
UN0= [[0.27519293 0.00550386]
 [0.00559381 0.37225237]]
gap= [0.3 0.7] at T=0 (computed with new function)
gap= [1.28913471e-15 2.24409376e-14] at T= 0.43091560948703805  (computed with new function)
 finished in 0.7699773947397868s
U= [[0.28782242 0.00575645]
 [0.00575645 0.38307567]]
UN0= [[0.27519293 0.00550386]
 [0.00559381 0.37225237]]
gap= [0.3 0.7] at T=0 (computed with new function)
gap= [1.28913471e-15 2.24409376e-14] at T= 0.43091560948703805  (computed with new function)
 finished in 0.7536446173985799s
U= [[0.28782242 0.00575645]
 [0.00575645 0.38307567]]
UN0= [[0.27519293 0.00550386]
 [0.00559381 0.37225237]]
gap= [0.3 0.7] at T=0 (computed with new function)
gap= [1.28913471e-15 2.24409376e-14] at T= 0.43091560948703805  (computed with new function)
 finished in 0.7597014745076497s
U= [[0.28782242 0.00575645]
 [0.00575645 0.38307567]]
UN0= [[0.27519293 0.00550386]
 [0.00559381 0.37225237]]
gap= [0.3 0.7] at T=0 (computed with new function)
gap= [1.28913471e-15 2.24409376e-14] at T= 0.43091560948703805  (computed with new function)
 finished in 0.7570275068283081s
U= [[0.28782242 0.00575645]
 [0.00575645 0.38307567]]
UN0= [[0.27519293 0.00550386]
 [0.00559381 0.37225237]]
gap= [0.3 0.7] at T=0 (computed with new function)
gap= [1.28913471e-15 2.24409376e-14] at T= 0.43091560948703805  (computed with new function)
 finished in 0.791450560092926s
U= [[0.28782242 0.00575645]
 [0.00575645 0.38307567]]
UN0= [[0.27519293 0.00550386]
 [0.00559381 0.37225237]]
gap= [0.3 0.7] at T=0 (computed with new function)
gap= [1.28913471e-15 2.24409376e-14] at T= 0.43091560948703805  (computed with new function)
 finished in 0.7456338167190552s
U= [[0.28782242 0.00575645]
 [0.00575645 0.38307567]]
UN0= [[0.27519293 0.00550386]
 [0.00559381 0.37225237]]
gap= [0.3 0.7] at T=0 (computed with new function)
gap= [1.28913471e-15 2.24409376e-14] at T= 0.43091560948703805  (computed with new function)
 finished in 0.7709624449412028s
U= [[0.27355409 0.0136777 ]
 [0.0136777  0.37867807]]
UN0= [[0.26155068 0.01307753]
 [0.01329126 0.36797903]]
gap= [0.3 0.7] at T=0 (computed with new function)
gap= [2.12870556e-15 1.73030568e-14] at T= 0.43091560948703805  (computed with new function)
 finished in 0.7712687849998474s
U= [[0.27355409 0.0136777 ]
 [0.0136777  0.37867807]]
UN0= [[0.26155068 0.01307753]
 [0.01329126 0.36797903]]
gap= [0.3 0.7] at T=0 (computed with new function)
gap= [2.12870556e-15 1.73030568e-14] at T= 0.43091560948703805  (computed with new function)
 finished in 0.7675329009691875s
U= [[0.27355409 0.0136777 ]
 [0.0136777  0.37867807]]
UN0= [[0.26155068 0.01307753]
 [0.01329126 0.36797903]]
gap= [0.3 0.7] at T=0 (computed with new function)
gap= [2.12870556e-15 1.73030568e-14] at T= 0.43091560948703805  (computed with new function)
 finished in 0.7573128620783488s
U= [[0.27355409 0.0136777 ]
 [0.0136777  0.37867807]]
UN0= [[0.26155068 0.01307753]
 [0.01329126 0.36797903]]
gap= [0.3 0.7] at T=0 (computed with new function)
gap= [2.12870556e-15 1.73030568e-14] at T= 0.43091560948703805  (computed with new function)
 finished in 0.7746545076370239s
U= [[0.27355409 0.0136777 ]
 [0.0136777  0.37867807]]
UN0= [[0.26155068 0.01307753]
 [0.01329126 0.36797903]]
gap= [0.3 0.7] at T=0 (computed with new function)
gap= [2.12870556e-15 1.73030568e-14] at T= 0.43091560948703805  (computed with new function)
 finished in 0.7612303892771403s
U= [[0.27355409 0.0136777 ]
 [0.0136777  0.37867807]]
UN0= [[0.26155068 0.01307753]
 [0.01329126 0.36797903]]
gap= [0.3 0.7] at T=0 (computed with new function)
gap= [2.12870556e-15 1.73030568e-14] at T= 0.43091560948703805  (computed with new function)
 finished in 0.7748451868693034s
U= [[0.27355409 0.0136777 ]
 [0.0136777  0.37867807]]
UN0= [[0.26155068 0.01307753]
 [0.01329126 0.36797903]]
gap= [0.3 0.7] at T=0 (computed with new function)
gap= [2.12870556e-15 1.73030568e-14] at T= 0.43091560948703805  (computed with new function)
 finished in 0.7691244999567668s
U= [[0.27355409 0.0136777 ]
 [0.0136777  0.37867807]]
UN0= [[0.26155068 0.01307753]
 [0.01329126 0.36797903]]
gap= [0.3 0.7] at T=0 (computed with new function)
gap= [2.12870556e-15 1.73030568e-14] at T= 0.43091560948703805  (computed with new function)
 finished in 0.7568339943885803s
U= [[0.2526773  0.02526773]
 [0.02526773 0.37224372]]
UN0= [[0.24158996 0.024159  ]
 [0.02455382 0.36172646]]
gap= [0.3 0.7] at T=0 (computed with new function)
gap= [2.70761111e-15 1.37715324e-14] at T= 0.43091560948703805  (computed with new function)
 finished in 0.7734718322753906s
U= [[0.2526773  0.02526773]
 [0.02526773 0.37224372]]
UN0= [[0.24158996 0.024159  ]
 [0.02455382 0.36172646]]
gap= [0.3 0.7] at T=0 (computed with new function)
gap= [2.70761111e-15 1.37715324e-14] at T= 0.43091560948703805  (computed with new function)
 finished in 0.7444233934084574s
U= [[0.2526773  0.02526773]
 [0.02526773 0.37224372]]
UN0= [[0.24158996 0.024159  ]
 [0.02455382 0.36172646]]
gap= [0.3 0.7] at T=0 (computed with new function)
gap= [2.70761111e-15 1.37715324e-14] at T= 0.43091560948703805  (computed with new function)
 finished in 0.7663275321324666s
U= [[0.2526773  0.02526773]
 [0.02526773 0.37224372]]
UN0= [[0.24158996 0.024159  ]
 [0.02455382 0.36172646]]
gap= [0.3 0.7] at T=0 (computed with new function)
gap= [2.70761111e-15 1.37715324e-14] at T= 0.43091560948703805  (computed with new function)
 finished in 0.759178344408671s
U= [[0.2526773  0.02526773]
 [0.02526773 0.37224372]]
UN0= [[0.24158996 0.024159  ]
 [0.02455382 0.36172646]]
gap= [0.3 0.7] at T=0 (computed with new function)
gap= [2.70761111e-15 1.37715324e-14] at T= 0.43091560948703805  (computed with new function)
 finished in 0.7470277706782024s
U= [[0.2526773  0.02526773]
 [0.02526773 0.37224372]]
UN0= [[0.24158996 0.024159  ]
 [0.02455382 0.36172646]]
gap= [0.3 0.7] at T=0 (computed with new function)
gap= [2.70761111e-15 1.37715324e-14] at T= 0.43091560948703805  (computed with new function)
 finished in 0.7707301417986552s
U= [[0.2526773  0.02526773]
 [0.02526773 0.37224372]]
UN0= [[0.24158996 0.024159  ]
 [0.02455382 0.36172646]]
gap= [0.3 0.7] at T=0 (computed with new function)
gap= [2.70761111e-15 1.37715324e-14] at T= 0.43091560948703805  (computed with new function)
 finished in 0.7449720581372579s
U= [[0.2526773  0.02526773]
 [0.02526773 0.37224372]]
UN0= [[0.24158996 0.024159  ]
 [0.02455382 0.36172646]]
gap= [0.3 0.7] at T=0 (computed with new function)
gap= [2.70761111e-15 1.37715324e-14] at T= 0.43091560948703805  (computed with new function)
 finished in 0.7487003366152446s
U= [[0.21921735 0.04384347]
 [0.04384347 0.36193115]]
UN0= [[0.20959821 0.04191964]
 [0.04260473 0.35170526]]
gap= [0.3 0.7] at T=0 (computed with new function)
gap= [3.05447920e-15 1.10210752e-14] at T= 0.43091560948703805  (computed with new function)
 finished in 0.7507854739824931s
U= [[0.21921735 0.04384347]
 [0.04384347 0.36193115]]
UN0= [[0.20959821 0.04191964]
 [0.04260473 0.35170526]]
gap= [0.3 0.7] at T=0 (computed with new function)
gap= [3.05447920e-15 1.10210752e-14] at T= 0.43091560948703805  (computed with new function)
 finished in 0.7663116375605266s
U= [[0.21921735 0.04384347]
 [0.04384347 0.36193115]]
UN0= [[0.20959821 0.04191964]
 [0.04260473 0.35170526]]
gap= [0.3 0.7] at T=0 (computed with new function)
gap= [3.05447920e-15 1.10210752e-14] at T= 0.43091560948703805  (computed with new function)
 finished in 0.7565803964932759s
U= [[0.21921735 0.04384347]
 [0.04384347 0.36193115]]
UN0= [[0.20959821 0.04191964]
 [0.04260473 0.35170526]]
gap= [0.3 0.7] at T=0 (computed with new function)
gap= [3.05447920e-15 1.10210752e-14] at T= 0.43091560948703805  (computed with new function)
 finished in 0.7742815335591634s
U= [[0.21921735 0.04384347]
 [0.04384347 0.36193115]]
UN0= [[0.20959821 0.04191964]
 [0.04260473 0.35170526]]
gap= [0.3 0.7] at T=0 (computed with new function)
gap= [3.05447920e-15 1.10210752e-14] at T= 0.43091560948703805  (computed with new function)
 finished in 0.7572816133499145s
U= [[0.21921735 0.04384347]
 [0.04384347 0.36193115]]
UN0= [[0.20959821 0.04191964]
 [0.04260473 0.35170526]]
gap= [0.3 0.7] at T=0 (computed with new function)
gap= [3.05447920e-15 1.10210752e-14] at T= 0.43091560948703805  (computed with new function)
 finished in 0.7629228711128235s
U= [[0.21921735 0.04384347]
 [0.04384347 0.36193115]]
UN0= [[0.20959821 0.04191964]
 [0.04260473 0.35170526]]
gap= [0.3 0.7] at T=0 (computed with new function)
gap= [3.05447920e-15 1.10210752e-14] at T= 0.43091560948703805  (computed with new function)
 finished in 0.7626592119534811s
U= [[0.21921735 0.04384347]
 [0.04384347 0.36193115]]
UN0= [[0.20959821 0.04191964]
 [0.04260473 0.35170526]]
gap= [0.3 0.7] at T=0 (computed with new function)
gap= [3.05447920e-15 1.10210752e-14] at T= 0.43091560948703805  (computed with new function)
 finished in 0.7858819882074992s
U= [[0.1733158  0.06932632]
 [0.06932632 0.347784  ]]
UN0= [[0.1657108  0.06628432]
 [0.0673676  0.33795783]]
gap= [0.3 0.7] at T=0 (computed with new function)
gap= [3.19587851e-15 9.25690703e-15] at T= 0.43091560948703805  (computed with new function)
 finished in 0.7809963504473368s
U= [[0.1733158  0.06932632]
 [0.06932632 0.347784  ]]
UN0= [[0.1657108  0.06628432]
 [0.0673676  0.33795783]]
gap= [0.3 0.7] at T=0 (computed with new function)
gap= [3.19587851e-15 9.25690703e-15] at T= 0.43091560948703805  (computed with new function)
 finished in 0.7778022448221843s
U= [[0.1733158  0.06932632]
 [0.06932632 0.347784  ]]
UN0= [[0.1657108  0.06628432]
 [0.0673676  0.33795783]]
gap= [0.3 0.7] at T=0 (computed with new function)
gap= [3.19587851e-15 9.25690703e-15] at T= 0.43091560948703805  (computed with new function)
 finished in 0.7858280022939046s
U= [[0.1733158  0.06932632]
 [0.06932632 0.347784  ]]
UN0= [[0.1657108  0.06628432]
 [0.0673676  0.33795783]]
gap= [0.3 0.7] at T=0 (computed with new function)
gap= [3.19587851e-15 9.25690703e-15] at T= 0.43091560948703805  (computed with new function)
 finished in 0.7529634157816569s
U= [[0.1733158  0.06932632]
 [0.06932632 0.347784  ]]
UN0= [[0.1657108  0.06628432]
 [0.0673676  0.33795783]]
gap= [0.3 0.7] at T=0 (computed with new function)
gap= [3.19587851e-15 9.25690703e-15] at T= 0.43091560948703805  (computed with new function)
 finished in 0.7454683979352316s
U= [[0.1733158  0.06932632]
 [0.06932632 0.347784  ]]
UN0= [[0.1657108  0.06628432]
 [0.0673676  0.33795783]]
gap= [0.3 0.7] at T=0 (computed with new function)
gap= [3.19587851e-15 9.25690703e-15] at T= 0.43091560948703805  (computed with new function)
 finished in 0.7528839786847432s
U= [[0.1733158  0.06932632]
 [0.06932632 0.347784  ]]
UN0= [[0.1657108  0.06628432]
 [0.0673676  0.33795783]]
gap= [0.3 0.7] at T=0 (computed with new function)
gap= [3.19587851e-15 9.25690703e-15] at T= 0.43091560948703805  (computed with new function)
 finished in 0.7476480404535929s
U= [[0.1733158  0.06932632]
 [0.06932632 0.347784  ]]
UN0= [[0.1657108  0.06628432]
 [0.0673676  0.33795783]]
gap= [0.3 0.7] at T=0 (computed with new function)
gap= [3.19587851e-15 9.25690703e-15] at T= 0.43091560948703805  (computed with new function)
 finished in 0.762417483329773s
